2017-05-03 19:40:49,158 [ 670488]   INFO - CPPImporter.plugin.ArrangeViews_Action - [LOG] Arrange Views
2017-05-03 19:41:45,426 [ 726756]   INFO - CPPImporter.plugin.Keep_Action - [LOG] Intention Keep for 1 nodes. 
2017-05-03 19:41:45,427 [ 726757]   INFO - CPPImporter.plugin.Keep_Action - [LOG] View of Keep Intention is default 
2017-05-03 19:41:45,427 [ 726757]   INFO - CPPImporter.plugin.Keep_Action - Update Preview 
2017-05-03 19:41:45,427 [ 726757]   INFO - CPPImporter.plugin.UpdatePreview - Initialize future model 
2017-05-03 19:41:45,427 [ 726757]   INFO - CPPImporter.plugin.UpdatePreview - Create node mapping 
2017-05-03 19:41:45,428 [ 726758]   INFO - CPPImporter.plugin.UpdatePreview - Node mapping done 
2017-05-03 19:41:45,428 [ 726758]   WARN - CPPImporter.plugin.UpdatePreview - Execute intention Keep 
2017-05-03 19:41:45,428 [ 726758]   WARN - CPPImporter.plugin.IntentionExecutor - MakeMandatory: node 0 is not in #if/#ifdef 
2017-05-03 19:41:45,428 [ 726758]   WARN - CPPImporter.plugin.IntentionExecutor - Action MakeMandatory only possible if all selected nodes are within an #if/#ifdef 
2017-05-03 19:41:45,428 [ 726758]  ERROR - CPPImporter.plugin.IntentionExecutor - Failed prerequiste check 
2017-05-03 19:41:45,431 [ 726761]   WARN - CPPLanguage.editor.IntentionContainer_Editor - Show 1 intentions. 
2017-05-03 19:42:23,401 [ 764731]   INFO - CPPImporter.plugin.Keep_Action - [LOG] Intention Keep for 1 nodes. 
2017-05-03 19:42:23,402 [ 764732]   INFO - CPPImporter.plugin.Keep_Action - [LOG] View of Keep Intention is default 
2017-05-03 19:42:23,402 [ 764732]   INFO - CPPImporter.plugin.Keep_Action - Update Preview 
2017-05-03 19:42:23,402 [ 764732]   INFO - CPPImporter.plugin.UpdatePreview - Initialize future model 
2017-05-03 19:42:23,403 [ 764733]   INFO - CPPImporter.plugin.UpdatePreview - Create node mapping 
2017-05-03 19:42:23,403 [ 764733]   INFO - CPPImporter.plugin.UpdatePreview - Node mapping done 
2017-05-03 19:42:23,403 [ 764733]   WARN - CPPImporter.plugin.UpdatePreview - Execute intention Keep 
2017-05-03 19:42:23,403 [ 764733]   WARN - CPPImporter.plugin.IntentionExecutor - MakeMandatory: node 0 is not in #if/#ifdef 
2017-05-03 19:42:23,403 [ 764733]   WARN - CPPImporter.plugin.IntentionExecutor - Action MakeMandatory only possible if all selected nodes are within an #if/#ifdef 
2017-05-03 19:42:23,403 [ 764733]  ERROR - CPPImporter.plugin.IntentionExecutor - Failed prerequiste check 
2017-05-03 19:42:23,408 [ 764738]   WARN - CPPLanguage.editor.IntentionContainer_Editor - Show 1 intentions. 
2017-05-03 19:43:02,669 [ 803999]   INFO - CPPImporter.plugin.Keep_Action - [LOG] Intention Keep for 1 nodes. 
2017-05-03 19:43:02,670 [ 804000]   INFO - CPPImporter.plugin.Keep_Action - [LOG] View of Keep Intention is default 
2017-05-03 19:43:02,670 [ 804000]   INFO - CPPImporter.plugin.Keep_Action - Propose anti Intention for else branch 
2017-05-03 19:43:14,443 [ 815773]   INFO - CPPImporter.plugin.Keep_Action - [LOG] Add anti intention 
2017-05-03 19:43:14,447 [ 815777]   INFO - CPPImporter.plugin.Keep_Action - [LOG] Add anti intention 
2017-05-03 19:43:14,447 [ 815777]   INFO - CPPImporter.plugin.Keep_Action - Update Preview 
2017-05-03 19:43:14,447 [ 815777]   INFO - CPPImporter.plugin.UpdatePreview - Initialize future model 
2017-05-03 19:43:14,447 [ 815777]   INFO - CPPImporter.plugin.UpdatePreview - Create node mapping 
2017-05-03 19:43:14,447 [ 815777]   INFO - CPPImporter.plugin.UpdatePreview - Node mapping done 
2017-05-03 19:43:14,448 [ 815778]   WARN - CPPImporter.plugin.UpdatePreview - Execute intention Keep 
2017-05-03 19:43:14,448 [ 815778]   WARN - CPPImporter.plugin.IntentionExecutor - indexOf node 0 
2017-05-03 19:43:14,449 [ 815779]   WARN - CPPImporter.plugin.UpdatePreview - Execute intention Remove 
2017-05-03 19:43:14,449 [ 815779]   WARN - CPPImporter.plugin.UpdatePreview - Execute intention Remove 
2017-05-03 19:43:14,453 [ 815783]   WARN - CPPLanguage.editor.IntentionContainer_Editor - Show 3 intentions. 
2017-05-03 19:43:43,905 [ 845235]   INFO - CPPImporter.plugin.Keep_Action - [LOG] Intention Keep for 1 nodes. 
2017-05-03 19:43:43,906 [ 845236]   INFO - CPPImporter.plugin.Keep_Action - [LOG] View of Keep Intention is default 
2017-05-03 19:43:43,906 [ 845236]   INFO - CPPImporter.plugin.Keep_Action - Propose anti Intention for else branch 
2017-05-03 19:43:45,636 [ 846966]   INFO - CPPImporter.plugin.Keep_Action - [LOG] No anti intention 
2017-05-03 19:43:45,637 [ 846967]   INFO - CPPImporter.plugin.Keep_Action - Update Preview 
2017-05-03 19:43:45,637 [ 846967]   INFO - CPPImporter.plugin.UpdatePreview - Initialize future model 
2017-05-03 19:43:45,637 [ 846967]   INFO - CPPImporter.plugin.UpdatePreview - Create node mapping 
2017-05-03 19:43:45,637 [ 846967]   INFO - CPPImporter.plugin.UpdatePreview - Node mapping done 
2017-05-03 19:43:45,637 [ 846967]   WARN - CPPImporter.plugin.UpdatePreview - Execute intention Keep 
2017-05-03 19:43:45,637 [ 846967]   WARN - CPPImporter.plugin.IntentionExecutor - indexOf node 0 
2017-05-03 19:43:45,653 [ 846983]   WARN - CPPLanguage.editor.IntentionContainer_Editor - Show 1 intentions. 
2017-05-03 19:45:04,601 [ 925931]   INFO - CPPImporter.plugin.Keep_Action - [LOG] Intention Keep for 1 nodes. 
2017-05-03 19:45:04,601 [ 925931]   INFO - CPPImporter.plugin.Keep_Action - [LOG] View of Keep Intention is default 
2017-05-03 19:45:04,602 [ 925932]   INFO - CPPImporter.plugin.Keep_Action - No automatic anti Intention, branch is not completly selected 
2017-05-03 19:45:04,602 [ 925932]   INFO - CPPImporter.plugin.Keep_Action - Update Preview 
2017-05-03 19:45:04,602 [ 925932]   INFO - CPPImporter.plugin.UpdatePreview - Initialize future model 
2017-05-03 19:45:04,602 [ 925932]   INFO - CPPImporter.plugin.UpdatePreview - Create node mapping 
2017-05-03 19:45:04,603 [ 925933]   INFO - CPPImporter.plugin.UpdatePreview - Node mapping done 
2017-05-03 19:45:04,603 [ 925933]   WARN - CPPImporter.plugin.UpdatePreview - Execute intention Keep 
2017-05-03 19:45:04,603 [ 925933]   WARN - CPPImporter.plugin.IntentionExecutor - indexOf node 0 
2017-05-03 19:45:04,603 [ 925933]   WARN - CPPImporter.plugin.UpdatePreview - Execute intention Keep 
2017-05-03 19:45:04,604 [ 925934]   WARN - CPPImporter.plugin.IntentionExecutor - indexOf node 0 
2017-05-03 19:45:04,607 [ 925937]   WARN - CPPLanguage.editor.IntentionContainer_Editor - Show 2 intentions. 
2017-05-03 19:45:51,561 [ 972891]   WARN - CPPLanguage.editor.IntentionContainer_Editor - Show 1 intentions. 
2017-05-03 19:45:58,535 [ 979865]   INFO - CPPImporter.plugin.Keep_Action - [LOG] Intention Keep for 1 nodes. 
2017-05-03 19:45:58,535 [ 979865]   INFO - CPPImporter.plugin.Keep_Action - [LOG] View of Keep Intention is default 
2017-05-03 19:45:58,536 [ 979866]   INFO - CPPImporter.plugin.Keep_Action - No automatic anti Intention, branch is not completly selected 
2017-05-03 19:45:58,536 [ 979866]   INFO - CPPImporter.plugin.Keep_Action - Update Preview 
2017-05-03 19:45:58,536 [ 979866]   INFO - CPPImporter.plugin.UpdatePreview - Initialize future model 
2017-05-03 19:45:58,536 [ 979866]   INFO - CPPImporter.plugin.UpdatePreview - Create node mapping 
2017-05-03 19:45:58,536 [ 979866]   INFO - CPPImporter.plugin.UpdatePreview - Node mapping done 
2017-05-03 19:45:58,537 [ 979867]   WARN - CPPImporter.plugin.UpdatePreview - Execute intention Keep 
2017-05-03 19:45:58,538 [ 979868]   WARN - CPPImporter.plugin.IntentionExecutor - indexOf node 0 
2017-05-03 19:45:58,541 [ 979871]   WARN - CPPImporter.plugin.UpdatePreview - Execute intention Keep 
2017-05-03 19:45:58,542 [ 979872]   WARN - CPPImporter.plugin.IntentionExecutor - indexOf node 0 
2017-05-03 19:45:58,548 [ 979878]   WARN - CPPLanguage.editor.IntentionContainer_Editor - Show 2 intentions. 
2017-05-03 19:46:30,568 [1011898]   INFO - CPPImporter.plugin.Keep_Action - [LOG] Intention Keep for 1 nodes. 
2017-05-03 19:46:30,568 [1011898]   INFO - CPPImporter.plugin.Keep_Action - [LOG] View of Keep Intention is default 
2017-05-03 19:46:30,569 [1011899]   INFO - CPPImporter.plugin.Keep_Action - No automatic anti Intention, branch is not completly selected 
2017-05-03 19:46:30,569 [1011899]   INFO - CPPImporter.plugin.Keep_Action - Update Preview 
2017-05-03 19:46:30,569 [1011899]   INFO - CPPImporter.plugin.UpdatePreview - Initialize future model 
2017-05-03 19:46:30,569 [1011899]   INFO - CPPImporter.plugin.UpdatePreview - Create node mapping 
2017-05-03 19:46:30,570 [1011900]   INFO - CPPImporter.plugin.UpdatePreview - Node mapping done 
2017-05-03 19:46:30,571 [1011901]   WARN - CPPImporter.plugin.UpdatePreview - Execute intention Keep 
2017-05-03 19:46:30,571 [1011901]   WARN - CPPImporter.plugin.IntentionExecutor - indexOf node 0 
2017-05-03 19:46:30,572 [1011902]   WARN - CPPImporter.plugin.UpdatePreview - Execute intention Keep 
2017-05-03 19:46:30,572 [1011902]   WARN - CPPImporter.plugin.IntentionExecutor - indexOf node 0 
2017-05-03 19:46:30,575 [1011905]   WARN - CPPImporter.plugin.UpdatePreview - Execute intention Keep 
2017-05-03 19:46:30,575 [1011905]   WARN - CPPImporter.plugin.IntentionExecutor - indexOf node 0 
2017-05-03 19:46:30,579 [1011909]   WARN - CPPLanguage.editor.IntentionContainer_Editor - Show 3 intentions. 
2017-05-03 19:47:49,488 [1090818]   INFO - CPPImporter.plugin.Keep_Action - [LOG] Intention Keep for 9 nodes. 
2017-05-03 19:47:49,488 [1090818]   INFO - CPPImporter.plugin.Keep_Action - [LOG] View of Keep Intention is default 
2017-05-03 19:47:49,490 [1090820]   INFO - CPPImporter.plugin.Keep_Action - Propose anti Intention for true branch 
2017-05-03 19:47:53,881 [1095211]   INFO - CPPImporter.plugin.Keep_Action - [LOG] Add anti intention 
2017-05-03 19:47:53,882 [1095212]   INFO - CPPImporter.plugin.Keep_Action - Update Preview 
2017-05-03 19:47:53,882 [1095212]   INFO - CPPImporter.plugin.UpdatePreview - Initialize future model 
2017-05-03 19:47:53,882 [1095212]   INFO - CPPImporter.plugin.UpdatePreview - Create node mapping 
2017-05-03 19:47:53,882 [1095212]   INFO - CPPImporter.plugin.UpdatePreview - Node mapping done 
2017-05-03 19:47:53,883 [1095213]   WARN - CPPImporter.plugin.UpdatePreview - Execute intention Keep 
2017-05-03 19:47:53,887 [1095217]   WARN - CPPImporter.plugin.IntentionExecutor - indexOf node 0 
2017-05-03 19:47:53,888 [1095218]   WARN - CPPImporter.plugin.UpdatePreview - Execute intention Keep 
2017-05-03 19:47:53,888 [1095218]   WARN - CPPImporter.plugin.IntentionExecutor - indexOf node 0 
2017-05-03 19:47:53,888 [1095218]   WARN - CPPImporter.plugin.UpdatePreview - Execute intention Keep 
2017-05-03 19:47:53,889 [1095219]   WARN - CPPImporter.plugin.IntentionExecutor - indexOf node 0 
2017-05-03 19:47:53,889 [1095219]   WARN - CPPImporter.plugin.UpdatePreview - Execute intention Keep 
2017-05-03 19:47:53,889 [1095219]   WARN - CPPImporter.plugin.IntentionExecutor - indexOf node 0 
2017-05-03 19:47:53,892 [1095222]   WARN - CPPImporter.plugin.UpdatePreview - Execute intention Remove 
2017-05-03 19:47:53,892 [1095222]   WARN - CPPImporter.plugin.UpdatePreview - Execute intention Keep 
2017-05-03 19:47:53,892 [1095222]   WARN - CPPImporter.plugin.IntentionExecutor - indexOf node 0 
2017-05-03 19:47:53,892 [1095222]   WARN - CPPImporter.plugin.UpdatePreview - Execute intention Keep 
2017-05-03 19:47:53,892 [1095222]   WARN - CPPImporter.plugin.IntentionExecutor - indexOf node 0 
2017-05-03 19:47:53,893 [1095223]   WARN - CPPImporter.plugin.UpdatePreview - Execute intention Keep 
2017-05-03 19:47:53,893 [1095223]   WARN - CPPImporter.plugin.IntentionExecutor - indexOf node 0 
2017-05-03 19:47:53,893 [1095223]   WARN - CPPImporter.plugin.UpdatePreview - Execute intention Keep 
2017-05-03 19:47:53,893 [1095223]   WARN - CPPImporter.plugin.IntentionExecutor - indexOf node 0 
2017-05-03 19:47:53,894 [1095224]   WARN - CPPImporter.plugin.UpdatePreview - Execute intention Keep 
2017-05-03 19:47:53,895 [1095225]   WARN - CPPImporter.plugin.IntentionExecutor - indexOf node 0 
2017-05-03 19:47:53,895 [1095225]   WARN - CPPImporter.plugin.UpdatePreview - Execute intention Keep 
2017-05-03 19:47:53,896 [1095226]   WARN - CPPImporter.plugin.IntentionExecutor - indexOf node 0 
2017-05-03 19:47:53,896 [1095226]   WARN - CPPImporter.plugin.UpdatePreview - Execute intention Keep 
2017-05-03 19:47:53,896 [1095226]   WARN - CPPImporter.plugin.IntentionExecutor - indexOf node 0 
2017-05-03 19:47:53,897 [1095227]   WARN - CPPImporter.plugin.UpdatePreview - Execute intention Keep 
2017-05-03 19:47:53,898 [1095228]   WARN - CPPImporter.plugin.IntentionExecutor - indexOf node 0 
2017-05-03 19:47:53,904 [1095234]   WARN - CPPLanguage.editor.IntentionContainer_Editor - Show 13 intentions. 
2017-05-03 19:49:13,720 [1175050]   INFO - CPPImporter.plugin.KeepAsFeature_Action - [LOG] Intention Keep As Feature for 7 nodes. 
2017-05-03 19:49:29,917 [1191247]   INFO - CPPImporter.plugin.KeepAsFeature_Action - [LOG] View of Keep Intention is Clone 
2017-05-03 19:49:29,919 [1191249]   INFO - CPPImporter.plugin.UpdatePreview - Initialize future model 
2017-05-03 19:49:29,919 [1191249]   INFO - CPPImporter.plugin.UpdatePreview - Create node mapping 
2017-05-03 19:49:29,919 [1191249]   INFO - CPPImporter.plugin.UpdatePreview - Node mapping done 
2017-05-03 19:49:29,925 [1191255]   WARN - CPPImporter.plugin.UpdatePreview - Execute intention Keep 
2017-05-03 19:49:29,925 [1191255]   WARN - CPPImporter.plugin.IntentionExecutor - indexOf node 0 
2017-05-03 19:49:29,925 [1191255]   WARN - CPPImporter.plugin.UpdatePreview - Execute intention Keep 
2017-05-03 19:49:29,925 [1191255]   WARN - CPPImporter.plugin.IntentionExecutor - indexOf node 0 
2017-05-03 19:49:29,925 [1191255]   WARN - CPPImporter.plugin.UpdatePreview - Execute intention Keep 
2017-05-03 19:49:29,925 [1191255]   WARN - CPPImporter.plugin.IntentionExecutor - indexOf node 0 
2017-05-03 19:49:29,926 [1191256]   WARN - CPPImporter.plugin.UpdatePreview - Execute intention Keep 
2017-05-03 19:49:29,926 [1191256]   WARN - CPPImporter.plugin.IntentionExecutor - indexOf node 0 
2017-05-03 19:49:29,931 [1191261]   WARN - CPPImporter.plugin.UpdatePreview - Execute intention Remove 
2017-05-03 19:49:29,931 [1191261]   WARN - CPPImporter.plugin.UpdatePreview - Execute intention Keep 
2017-05-03 19:49:29,931 [1191261]   WARN - CPPImporter.plugin.IntentionExecutor - indexOf node 0 
2017-05-03 19:49:29,934 [1191264]   WARN - CPPImporter.plugin.UpdatePreview - Execute intention Keep 
2017-05-03 19:49:29,934 [1191264]   WARN - CPPImporter.plugin.IntentionExecutor - indexOf node 0 
2017-05-03 19:49:29,936 [1191266]   WARN - CPPImporter.plugin.UpdatePreview - Execute intention KeepAsFeature 
2017-05-03 19:49:29,936 [1191266]   WARN - CPPImporter.plugin.IntentionExecutor - MakeMandatory: node 0 is not in #if/#ifdef 
2017-05-03 19:49:29,936 [1191266]   WARN - CPPImporter.plugin.IntentionExecutor - Action MakeMandatory only possible if all selected nodes are within an #if/#ifdef 
2017-05-03 19:49:29,936 [1191266]  ERROR - CPPImporter.plugin.IntentionExecutor - Failed prerequiste check 
2017-05-03 19:49:29,936 [1191266]   WARN - CPPImporter.plugin.UpdatePreview - Execute intention Keep 
2017-05-03 19:49:29,936 [1191266]   WARN - CPPImporter.plugin.IntentionExecutor - indexOf node 0 
2017-05-03 19:49:29,936 [1191266]   WARN - CPPImporter.plugin.UpdatePreview - Execute intention KeepAsFeature 
2017-05-03 19:49:29,936 [1191266]   WARN - CPPImporter.plugin.IntentionExecutor - MakeMandatory: node 0 is not in #if/#ifdef 
2017-05-03 19:49:29,937 [1191267]   WARN - CPPImporter.plugin.IntentionExecutor - Action MakeMandatory only possible if all selected nodes are within an #if/#ifdef 
2017-05-03 19:49:29,937 [1191267]  ERROR - CPPImporter.plugin.IntentionExecutor - Failed prerequiste check 
2017-05-03 19:49:29,937 [1191267]   WARN - CPPImporter.plugin.UpdatePreview - Execute intention Keep 
2017-05-03 19:49:29,937 [1191267]   WARN - CPPImporter.plugin.IntentionExecutor - indexOf node 0 
2017-05-03 19:49:29,937 [1191267]   WARN - CPPImporter.plugin.UpdatePreview - Execute intention KeepAsFeature 
2017-05-03 19:49:29,937 [1191267]   WARN - CPPImporter.plugin.IntentionExecutor - MakeMandatory: node 0 is not in #if/#ifdef 
2017-05-03 19:49:29,937 [1191267]   WARN - CPPImporter.plugin.IntentionExecutor - Action MakeMandatory only possible if all selected nodes are within an #if/#ifdef 
2017-05-03 19:49:29,937 [1191267]  ERROR - CPPImporter.plugin.IntentionExecutor - Failed prerequiste check 
2017-05-03 19:49:29,937 [1191267]   WARN - CPPImporter.plugin.UpdatePreview - Execute intention Keep 
2017-05-03 19:49:29,937 [1191267]   WARN - CPPImporter.plugin.IntentionExecutor - indexOf node 0 
2017-05-03 19:49:29,937 [1191267]   WARN - CPPImporter.plugin.UpdatePreview - Execute intention KeepAsFeature 
2017-05-03 19:49:29,937 [1191267]   WARN - CPPImporter.plugin.IntentionExecutor - MakeMandatory: node 0 is not in #if/#ifdef 
2017-05-03 19:49:29,937 [1191267]   WARN - CPPImporter.plugin.IntentionExecutor - Action MakeMandatory only possible if all selected nodes are within an #if/#ifdef 
2017-05-03 19:49:29,937 [1191267]  ERROR - CPPImporter.plugin.IntentionExecutor - Failed prerequiste check 
2017-05-03 19:49:29,937 [1191267]   WARN - CPPImporter.plugin.UpdatePreview - Execute intention Keep 
2017-05-03 19:49:29,937 [1191267]   WARN - CPPImporter.plugin.IntentionExecutor - indexOf node 0 
2017-05-03 19:49:29,938 [1191268]   WARN - CPPImporter.plugin.UpdatePreview - Execute intention KeepAsFeature 
2017-05-03 19:49:29,938 [1191268]   WARN - CPPImporter.plugin.IntentionExecutor - MakeMandatory: node 0 is not in #if/#ifdef 
2017-05-03 19:49:29,938 [1191268]   WARN - CPPImporter.plugin.IntentionExecutor - Action MakeMandatory only possible if all selected nodes are within an #if/#ifdef 
2017-05-03 19:49:29,938 [1191268]  ERROR - CPPImporter.plugin.IntentionExecutor - Failed prerequiste check 
2017-05-03 19:49:29,938 [1191268]   WARN - CPPImporter.plugin.UpdatePreview - Execute intention Keep 
2017-05-03 19:49:29,938 [1191268]   WARN - CPPImporter.plugin.IntentionExecutor - indexOf node 0 
2017-05-03 19:49:29,938 [1191268]   WARN - CPPImporter.plugin.UpdatePreview - Execute intention KeepAsFeature 
2017-05-03 19:49:29,938 [1191268]   WARN - CPPImporter.plugin.IntentionExecutor - MakeMandatory: node 0 is not in #if/#ifdef 
2017-05-03 19:49:29,938 [1191268]   WARN - CPPImporter.plugin.IntentionExecutor - Action MakeMandatory only possible if all selected nodes are within an #if/#ifdef 
2017-05-03 19:49:29,938 [1191268]  ERROR - CPPImporter.plugin.IntentionExecutor - Failed prerequiste check 
2017-05-03 19:49:29,938 [1191268]   WARN - CPPImporter.plugin.UpdatePreview - Execute intention Keep 
2017-05-03 19:49:29,938 [1191268]   WARN - CPPImporter.plugin.IntentionExecutor - indexOf node 0 
2017-05-03 19:49:29,938 [1191268]   WARN - CPPImporter.plugin.UpdatePreview - Execute intention KeepAsFeature 
2017-05-03 19:49:29,938 [1191268]   WARN - CPPImporter.plugin.IntentionExecutor - MakeMandatory: node 0 is not in #if/#ifdef 
2017-05-03 19:49:29,938 [1191268]   WARN - CPPImporter.plugin.IntentionExecutor - Action MakeMandatory only possible if all selected nodes are within an #if/#ifdef 
2017-05-03 19:49:29,938 [1191268]  ERROR - CPPImporter.plugin.IntentionExecutor - Failed prerequiste check 
2017-05-03 19:49:29,949 [1191279]   WARN - CPPLanguage.editor.IntentionContainer_Editor - Show 20 intentions. 
2017-05-03 19:50:21,943 [1243273]   INFO - CPPImporter.plugin.UndoIntention_Action - [LOG] Un-declare an intention 
2017-05-03 19:50:21,946 [1243276]   INFO - CPPImporter.plugin.UndoIntention_Action - [LOG] Undeclare Keep of view default 
2017-05-03 19:50:21,946 [1243276]   INFO - CPPImporter.plugin.UndoIntention_Action - [LOG] Undeclare Keep of view default 
2017-05-03 19:50:21,946 [1243276]   INFO - CPPImporter.plugin.UndoIntention_Action - [LOG] Undeclare Keep of view default 
2017-05-03 19:50:21,946 [1243276]   INFO - CPPImporter.plugin.UndoIntention_Action - [LOG] Undeclare Keep of view default 
2017-05-03 19:50:21,946 [1243276]   INFO - CPPImporter.plugin.UndoIntention_Action - [LOG] Undeclare Keep of view default 
2017-05-03 19:50:21,946 [1243276]   INFO - CPPImporter.plugin.UndoIntention_Action - [LOG] Undeclare Keep of view default 
2017-05-03 19:50:21,946 [1243276]   INFO - CPPImporter.plugin.UndoIntention_Action - [LOG] Undeclare Keep of view default 
2017-05-03 19:50:21,946 [1243276]   INFO - CPPImporter.plugin.UndoIntention_Action - [LOG] Undeclare KeepAsFeature of view Clone 
2017-05-03 19:50:21,946 [1243276]   INFO - CPPImporter.plugin.UndoIntention_Action - [LOG] Undeclare KeepAsFeature of view Clone 
2017-05-03 19:50:21,946 [1243276]   INFO - CPPImporter.plugin.UndoIntention_Action - [LOG] Undeclare KeepAsFeature of view Clone 
2017-05-03 19:50:21,946 [1243276]   INFO - CPPImporter.plugin.UndoIntention_Action - [LOG] Undeclare KeepAsFeature of view Clone 
2017-05-03 19:50:21,946 [1243276]   INFO - CPPImporter.plugin.UndoIntention_Action - [LOG] Undeclare KeepAsFeature of view Clone 
2017-05-03 19:50:21,946 [1243276]   INFO - CPPImporter.plugin.UndoIntention_Action - [LOG] Undeclare KeepAsFeature of view Clone 
2017-05-03 19:50:21,946 [1243276]   INFO - CPPImporter.plugin.UndoIntention_Action - [LOG] Undeclare KeepAsFeature of view Clone 
2017-05-03 19:50:21,951 [1243281]   INFO - CPPImporter.plugin.UpdatePreview - Initialize future model 
2017-05-03 19:50:21,951 [1243281]   INFO - CPPImporter.plugin.UpdatePreview - Create node mapping 
2017-05-03 19:50:21,951 [1243281]   INFO - CPPImporter.plugin.UpdatePreview - Node mapping done 
2017-05-03 19:50:21,951 [1243281]   WARN - CPPImporter.plugin.UpdatePreview - Execute intention Keep 
2017-05-03 19:50:21,951 [1243281]   WARN - CPPImporter.plugin.IntentionExecutor - indexOf node 0 
2017-05-03 19:50:21,952 [1243282]   WARN - CPPImporter.plugin.UpdatePreview - Execute intention Keep 
2017-05-03 19:50:21,952 [1243282]   WARN - CPPImporter.plugin.IntentionExecutor - indexOf node 0 
2017-05-03 19:50:21,952 [1243282]   WARN - CPPImporter.plugin.UpdatePreview - Execute intention Keep 
2017-05-03 19:50:21,952 [1243282]   WARN - CPPImporter.plugin.IntentionExecutor - indexOf node 0 
2017-05-03 19:50:21,952 [1243282]   WARN - CPPImporter.plugin.UpdatePreview - Execute intention Keep 
2017-05-03 19:50:21,952 [1243282]   WARN - CPPImporter.plugin.IntentionExecutor - indexOf node 0 
2017-05-03 19:50:21,953 [1243283]   WARN - CPPImporter.plugin.UpdatePreview - Execute intention Remove 
2017-05-03 19:50:21,954 [1243284]   WARN - CPPImporter.plugin.UpdatePreview - Execute intention Keep 
2017-05-03 19:50:21,954 [1243284]   WARN - CPPImporter.plugin.IntentionExecutor - indexOf node 0 
2017-05-03 19:50:21,959 [1243289]   WARN - CPPLanguage.editor.IntentionContainer_Editor - Show 6 intentions. 
2017-05-03 19:50:28,994 [1250324]   INFO - CPPImporter.plugin.KeepAsFeature_Action - [LOG] Intention Keep As Feature for 7 nodes. 
2017-05-03 19:50:43,532 [1264862]   INFO - CPPImporter.plugin.KeepAsFeature_Action - [LOG] View of Keep Intention is default 
2017-05-03 19:50:43,535 [1264865]   INFO - CPPImporter.plugin.UpdatePreview - Initialize future model 
2017-05-03 19:50:43,536 [1264866]   INFO - CPPImporter.plugin.UpdatePreview - Create node mapping 
2017-05-03 19:50:43,536 [1264866]   INFO - CPPImporter.plugin.UpdatePreview - Node mapping done 
2017-05-03 19:50:43,537 [1264867]   WARN - CPPImporter.plugin.UpdatePreview - Execute intention Keep 
2017-05-03 19:50:43,537 [1264867]   WARN - CPPImporter.plugin.IntentionExecutor - indexOf node 0 
2017-05-03 19:50:43,538 [1264868]   WARN - CPPImporter.plugin.UpdatePreview - Execute intention Keep 
2017-05-03 19:50:43,538 [1264868]   WARN - CPPImporter.plugin.IntentionExecutor - indexOf node 0 
2017-05-03 19:50:43,538 [1264868]   WARN - CPPImporter.plugin.UpdatePreview - Execute intention Keep 
2017-05-03 19:50:43,538 [1264868]   WARN - CPPImporter.plugin.IntentionExecutor - indexOf node 0 
2017-05-03 19:50:43,539 [1264869]   WARN - CPPImporter.plugin.UpdatePreview - Execute intention Keep 
2017-05-03 19:50:43,539 [1264869]   WARN - CPPImporter.plugin.IntentionExecutor - indexOf node 0 
2017-05-03 19:50:43,544 [1264874]   WARN - CPPImporter.plugin.UpdatePreview - Execute intention Remove 
2017-05-03 19:50:43,546 [1264876]   WARN - CPPImporter.plugin.UpdatePreview - Execute intention Keep 
2017-05-03 19:50:43,546 [1264876]   WARN - CPPImporter.plugin.IntentionExecutor - indexOf node 0 
2017-05-03 19:50:43,548 [1264878]   WARN - CPPImporter.plugin.UpdatePreview - Execute intention KeepAsFeature 
2017-05-03 19:50:43,549 [1264879]   WARN - CPPImporter.plugin.IntentionExecutor - indexOf node 0 
2017-05-03 19:50:43,550 [1264880]   WARN - CPPImporter.plugin.UpdatePreview - Execute intention KeepAsFeature 
2017-05-03 19:50:43,551 [1264881]   WARN - CPPImporter.plugin.IntentionExecutor - indexOf node 0 
2017-05-03 19:50:43,552 [1264882]   WARN - CPPImporter.plugin.UpdatePreview - Execute intention KeepAsFeature 
2017-05-03 19:50:43,552 [1264882]   WARN - CPPImporter.plugin.IntentionExecutor - indexOf node 0 
2017-05-03 19:50:43,553 [1264883]   WARN - CPPImporter.plugin.UpdatePreview - Execute intention KeepAsFeature 
2017-05-03 19:50:43,553 [1264883]   WARN - CPPImporter.plugin.IntentionExecutor - indexOf node 0 
2017-05-03 19:50:43,554 [1264884]   WARN - CPPImporter.plugin.UpdatePreview - Execute intention KeepAsFeature 
2017-05-03 19:50:43,554 [1264884]   WARN - CPPImporter.plugin.IntentionExecutor - indexOf node 0 
2017-05-03 19:50:43,555 [1264885]   WARN - CPPImporter.plugin.UpdatePreview - Execute intention KeepAsFeature 
2017-05-03 19:50:43,555 [1264885]   WARN - CPPImporter.plugin.IntentionExecutor - indexOf node 0 
2017-05-03 19:50:43,556 [1264886]   WARN - CPPImporter.plugin.UpdatePreview - Execute intention KeepAsFeature 
2017-05-03 19:50:43,556 [1264886]   WARN - CPPImporter.plugin.IntentionExecutor - indexOf node 0 
2017-05-03 19:50:43,560 [1264890]   WARN - CPPLanguage.editor.IntentionContainer_Editor - Show 13 intentions. 
2017-05-03 19:51:26,993 [1308323]   INFO - CPPImporter.plugin.Keep_Action - [LOG] Intention Keep for 1 nodes. 
2017-05-03 19:51:26,993 [1308323]   INFO - CPPImporter.plugin.Keep_Action - [LOG] View of Keep Intention is Clone 
2017-05-03 19:51:26,994 [1308324]   INFO - CPPImporter.plugin.Keep_Action - No automatic anti Intention, branch is not completly selected 
2017-05-03 19:51:26,994 [1308324]   INFO - CPPImporter.plugin.Keep_Action - Update Preview 
2017-05-03 19:51:26,994 [1308324]   INFO - CPPImporter.plugin.UpdatePreview - Initialize future model 
2017-05-03 19:51:26,994 [1308324]   INFO - CPPImporter.plugin.UpdatePreview - Create node mapping 
2017-05-03 19:51:26,995 [1308325]   INFO - CPPImporter.plugin.UpdatePreview - Node mapping done 
2017-05-03 19:51:26,995 [1308325]   WARN - CPPImporter.plugin.UpdatePreview - Execute intention Keep 
2017-05-03 19:51:26,995 [1308325]   WARN - CPPImporter.plugin.IntentionExecutor - indexOf node 0 
2017-05-03 19:51:26,996 [1308326]   WARN - CPPImporter.plugin.UpdatePreview - Execute intention Keep 
2017-05-03 19:51:26,996 [1308326]   WARN - CPPImporter.plugin.IntentionExecutor - indexOf node 0 
2017-05-03 19:51:26,996 [1308326]   WARN - CPPImporter.plugin.UpdatePreview - Execute intention Keep 
2017-05-03 19:51:26,996 [1308326]   WARN - CPPImporter.plugin.IntentionExecutor - indexOf node 0 
2017-05-03 19:51:26,996 [1308326]   WARN - CPPImporter.plugin.UpdatePreview - Execute intention Keep 
2017-05-03 19:51:26,997 [1308327]   WARN - CPPImporter.plugin.IntentionExecutor - indexOf node 0 
2017-05-03 19:51:26,997 [1308327]   WARN - CPPImporter.plugin.UpdatePreview - Execute intention Remove 
2017-05-03 19:51:26,997 [1308327]   WARN - CPPImporter.plugin.UpdatePreview - Execute intention Keep 
2017-05-03 19:51:26,998 [1308328]   WARN - CPPImporter.plugin.IntentionExecutor - indexOf node 0 
2017-05-03 19:51:27,000 [1308330]   WARN - CPPImporter.plugin.UpdatePreview - Execute intention KeepAsFeature 
2017-05-03 19:51:27,000 [1308330]   WARN - CPPImporter.plugin.IntentionExecutor - indexOf node 0 
2017-05-03 19:51:27,000 [1308330]   WARN - CPPImporter.plugin.UpdatePreview - Execute intention KeepAsFeature 
2017-05-03 19:51:27,001 [1308331]   WARN - CPPImporter.plugin.IntentionExecutor - indexOf node 0 
2017-05-03 19:51:27,002 [1308332]   WARN - CPPImporter.plugin.UpdatePreview - Execute intention KeepAsFeature 
2017-05-03 19:51:27,003 [1308333]   WARN - CPPImporter.plugin.IntentionExecutor - indexOf node 0 
2017-05-03 19:51:27,003 [1308333]   WARN - CPPImporter.plugin.UpdatePreview - Execute intention KeepAsFeature 
2017-05-03 19:51:27,004 [1308334]   WARN - CPPImporter.plugin.IntentionExecutor - indexOf node 0 
2017-05-03 19:51:27,004 [1308334]   WARN - CPPImporter.plugin.UpdatePreview - Execute intention KeepAsFeature 
2017-05-03 19:51:27,004 [1308334]   WARN - CPPImporter.plugin.IntentionExecutor - indexOf node 0 
2017-05-03 19:51:27,005 [1308335]   WARN - CPPImporter.plugin.UpdatePreview - Execute intention KeepAsFeature 
2017-05-03 19:51:27,005 [1308335]   WARN - CPPImporter.plugin.IntentionExecutor - indexOf node 0 
2017-05-03 19:51:27,006 [1308336]   WARN - CPPImporter.plugin.UpdatePreview - Execute intention KeepAsFeature 
2017-05-03 19:51:27,006 [1308336]   WARN - CPPImporter.plugin.IntentionExecutor - indexOf node 0 
2017-05-03 19:51:27,006 [1308336]   WARN - CPPImporter.plugin.UpdatePreview - Execute intention Keep 
2017-05-03 19:51:27,012 [1308342]   INFO - CPPImporter.plugin.IntentionExecutor - defined(FEAT_CMDL_COMPL)isComplexCondition false 
2017-05-03 19:51:27,012 [1308342]   WARN - CPPImporter.plugin.IntentionExecutor - indexOf node 0 
2017-05-03 19:51:27,016 [1308346]   WARN - CPPLanguage.editor.IntentionContainer_Editor - Show 14 intentions. 
2017-05-03 19:51:37,625 [1318955]   INFO - CPPImporter.plugin.Keep_Action - [LOG] Intention Keep for 1 nodes. 
2017-05-03 19:51:37,625 [1318955]   INFO - CPPImporter.plugin.Keep_Action - [LOG] View of Keep Intention is Clone 
2017-05-03 19:51:37,626 [1318956]   INFO - CPPImporter.plugin.Keep_Action - No automatic anti Intention, branch is not completly selected 
2017-05-03 19:51:37,626 [1318956]   INFO - CPPImporter.plugin.Keep_Action - Update Preview 
2017-05-03 19:51:37,626 [1318956]   INFO - CPPImporter.plugin.UpdatePreview - Initialize future model 
2017-05-03 19:51:37,636 [1318966]   INFO - CPPImporter.plugin.UpdatePreview - Create node mapping 
2017-05-03 19:51:37,636 [1318966]   INFO - CPPImporter.plugin.UpdatePreview - Node mapping done 
2017-05-03 19:51:37,637 [1318967]   WARN - CPPImporter.plugin.UpdatePreview - Execute intention Keep 
2017-05-03 19:51:37,637 [1318967]   WARN - CPPImporter.plugin.IntentionExecutor - indexOf node 0 
2017-05-03 19:51:37,638 [1318968]   WARN - CPPImporter.plugin.UpdatePreview - Execute intention Keep 
2017-05-03 19:51:37,640 [1318970]   WARN - CPPImporter.plugin.IntentionExecutor - indexOf node 0 
2017-05-03 19:51:37,641 [1318971]   WARN - CPPImporter.plugin.UpdatePreview - Execute intention Keep 
2017-05-03 19:51:37,641 [1318971]   WARN - CPPImporter.plugin.IntentionExecutor - indexOf node 0 
2017-05-03 19:51:37,641 [1318971]   WARN - CPPImporter.plugin.UpdatePreview - Execute intention Keep 
2017-05-03 19:51:37,641 [1318971]   WARN - CPPImporter.plugin.IntentionExecutor - indexOf node 0 
2017-05-03 19:51:37,642 [1318972]   WARN - CPPImporter.plugin.UpdatePreview - Execute intention Remove 
2017-05-03 19:51:37,642 [1318972]   WARN - CPPImporter.plugin.UpdatePreview - Execute intention Keep 
2017-05-03 19:51:37,642 [1318972]   WARN - CPPImporter.plugin.IntentionExecutor - indexOf node 0 
2017-05-03 19:51:37,643 [1318973]   WARN - CPPImporter.plugin.UpdatePreview - Execute intention KeepAsFeature 
2017-05-03 19:51:37,644 [1318974]   WARN - CPPImporter.plugin.IntentionExecutor - indexOf node 0 
2017-05-03 19:51:37,644 [1318974]   WARN - CPPImporter.plugin.UpdatePreview - Execute intention KeepAsFeature 
2017-05-03 19:51:37,645 [1318975]   WARN - CPPImporter.plugin.IntentionExecutor - indexOf node 0 
2017-05-03 19:51:37,646 [1318976]   WARN - CPPImporter.plugin.UpdatePreview - Execute intention KeepAsFeature 
2017-05-03 19:51:37,649 [1318979]   WARN - CPPImporter.plugin.IntentionExecutor - indexOf node 0 
2017-05-03 19:51:37,649 [1318979]   WARN - CPPImporter.plugin.UpdatePreview - Execute intention KeepAsFeature 
2017-05-03 19:51:37,650 [1318980]   WARN - CPPImporter.plugin.IntentionExecutor - indexOf node 0 
2017-05-03 19:51:37,651 [1318981]   WARN - CPPImporter.plugin.UpdatePreview - Execute intention KeepAsFeature 
2017-05-03 19:51:37,651 [1318981]   WARN - CPPImporter.plugin.IntentionExecutor - indexOf node 0 
2017-05-03 19:51:37,652 [1318982]   WARN - CPPImporter.plugin.UpdatePreview - Execute intention KeepAsFeature 
2017-05-03 19:51:37,652 [1318982]   WARN - CPPImporter.plugin.IntentionExecutor - indexOf node 0 
2017-05-03 19:51:37,656 [1318986]   WARN - CPPImporter.plugin.UpdatePreview - Execute intention KeepAsFeature 
2017-05-03 19:51:37,659 [1318989]   WARN - CPPImporter.plugin.IntentionExecutor - indexOf node 0 
2017-05-03 19:51:37,660 [1318990]   WARN - CPPImporter.plugin.UpdatePreview - Execute intention Keep 
2017-05-03 19:51:37,660 [1318990]   INFO - CPPImporter.plugin.IntentionExecutor - defined(FEAT_CMDL_COMPL)isComplexCondition false 
2017-05-03 19:51:37,660 [1318990]   WARN - CPPImporter.plugin.IntentionExecutor - indexOf node 0 
2017-05-03 19:51:37,661 [1318991]   WARN - CPPImporter.plugin.UpdatePreview - Execute intention Keep 
2017-05-03 19:51:37,661 [1318991]   INFO - CPPImporter.plugin.IntentionExecutor - defined(FEAT_CMDHIST)isComplexCondition false 
2017-05-03 19:51:37,661 [1318991]   WARN - CPPImporter.plugin.IntentionExecutor - indexOf node 0 
2017-05-03 19:51:37,673 [1319003]   WARN - CPPLanguage.editor.IntentionContainer_Editor - Show 15 intentions. 
2017-05-03 19:52:23,919 [1365249]   INFO - CPPImporter.plugin.Keep_Action - [LOG] Intention Keep for 1 nodes. 
2017-05-03 19:52:23,919 [1365249]   INFO - CPPImporter.plugin.Keep_Action - [LOG] View of Keep Intention is default 
2017-05-03 19:52:23,920 [1365250]   INFO - CPPImporter.plugin.Keep_Action - No automatic anti Intention, branch is not completly selected 
2017-05-03 19:52:23,920 [1365250]   INFO - CPPImporter.plugin.Keep_Action - Update Preview 
2017-05-03 19:52:23,920 [1365250]   INFO - CPPImporter.plugin.UpdatePreview - Initialize future model 
2017-05-03 19:52:23,920 [1365250]   INFO - CPPImporter.plugin.UpdatePreview - Create node mapping 
2017-05-03 19:52:23,920 [1365250]   INFO - CPPImporter.plugin.UpdatePreview - Node mapping done 
2017-05-03 19:52:23,922 [1365252]   WARN - CPPImporter.plugin.UpdatePreview - Execute intention Keep 
2017-05-03 19:52:23,922 [1365252]   WARN - CPPImporter.plugin.IntentionExecutor - indexOf node 0 
2017-05-03 19:52:23,923 [1365253]   WARN - CPPImporter.plugin.UpdatePreview - Execute intention Keep 
2017-05-03 19:52:23,923 [1365253]   WARN - CPPImporter.plugin.IntentionExecutor - indexOf node 0 
2017-05-03 19:52:23,923 [1365253]   WARN - CPPImporter.plugin.UpdatePreview - Execute intention Keep 
2017-05-03 19:52:23,924 [1365254]   WARN - CPPImporter.plugin.IntentionExecutor - indexOf node 0 
2017-05-03 19:52:23,925 [1365255]   WARN - CPPImporter.plugin.UpdatePreview - Execute intention Keep 
2017-05-03 19:52:23,926 [1365256]   WARN - CPPImporter.plugin.IntentionExecutor - indexOf node 0 
2017-05-03 19:52:23,927 [1365257]   WARN - CPPImporter.plugin.UpdatePreview - Execute intention Remove 
2017-05-03 19:52:23,927 [1365257]   WARN - CPPImporter.plugin.UpdatePreview - Execute intention Keep 
2017-05-03 19:52:23,927 [1365257]   WARN - CPPImporter.plugin.IntentionExecutor - indexOf node 0 
2017-05-03 19:52:23,928 [1365258]   WARN - CPPImporter.plugin.UpdatePreview - Execute intention KeepAsFeature 
2017-05-03 19:52:23,928 [1365258]   WARN - CPPImporter.plugin.IntentionExecutor - indexOf node 0 
2017-05-03 19:52:23,931 [1365261]   WARN - CPPImporter.plugin.UpdatePreview - Execute intention KeepAsFeature 
2017-05-03 19:52:23,931 [1365261]   WARN - CPPImporter.plugin.IntentionExecutor - indexOf node 0 
2017-05-03 19:52:23,932 [1365262]   WARN - CPPImporter.plugin.UpdatePreview - Execute intention KeepAsFeature 
2017-05-03 19:52:23,932 [1365262]   WARN - CPPImporter.plugin.IntentionExecutor - indexOf node 0 
2017-05-03 19:52:23,933 [1365263]   WARN - CPPImporter.plugin.UpdatePreview - Execute intention KeepAsFeature 
2017-05-03 19:52:23,933 [1365263]   WARN - CPPImporter.plugin.IntentionExecutor - indexOf node 0 
2017-05-03 19:52:23,935 [1365265]   WARN - CPPImporter.plugin.UpdatePreview - Execute intention KeepAsFeature 
2017-05-03 19:52:23,936 [1365266]   WARN - CPPImporter.plugin.IntentionExecutor - indexOf node 0 
2017-05-03 19:52:23,937 [1365267]   WARN - CPPImporter.plugin.UpdatePreview - Execute intention KeepAsFeature 
2017-05-03 19:52:23,937 [1365267]   WARN - CPPImporter.plugin.IntentionExecutor - indexOf node 0 
2017-05-03 19:52:23,937 [1365267]   WARN - CPPImporter.plugin.UpdatePreview - Execute intention KeepAsFeature 
2017-05-03 19:52:23,937 [1365267]   WARN - CPPImporter.plugin.IntentionExecutor - indexOf node 0 
2017-05-03 19:52:23,938 [1365268]   WARN - CPPImporter.plugin.UpdatePreview - Execute intention Keep 
2017-05-03 19:52:23,939 [1365269]   INFO - CPPImporter.plugin.IntentionExecutor - defined(FEAT_CMDL_COMPL)isComplexCondition false 
2017-05-03 19:52:23,939 [1365269]   WARN - CPPImporter.plugin.IntentionExecutor - indexOf node 0 
2017-05-03 19:52:23,941 [1365271]   WARN - CPPImporter.plugin.UpdatePreview - Execute intention Keep 
2017-05-03 19:52:23,941 [1365271]   INFO - CPPImporter.plugin.IntentionExecutor - defined(FEAT_CMDHIST)isComplexCondition false 
2017-05-03 19:52:23,941 [1365271]   WARN - CPPImporter.plugin.IntentionExecutor - indexOf node 0 
2017-05-03 19:52:23,942 [1365272]   WARN - CPPImporter.plugin.UpdatePreview - Execute intention Keep 
2017-05-03 19:52:23,942 [1365272]   WARN - CPPImporter.plugin.IntentionExecutor - indexOf node 0 
2017-05-03 19:52:23,947 [1365277]   WARN - CPPLanguage.editor.IntentionContainer_Editor - Show 16 intentions. 
2017-05-03 19:53:12,757 [1414087]   INFO - CPPImporter.plugin.Remove_Action - [LOG] Remove Intention for 1 nodes. 
2017-05-03 19:53:12,757 [1414087]   INFO - CPPImporter.plugin.Remove_Action - [LOG] View of Keep Intention is default 
2017-05-03 19:53:12,758 [1414088]   INFO - CPPImporter.plugin.UpdatePreview - Initialize future model 
2017-05-03 19:53:12,758 [1414088]   INFO - CPPImporter.plugin.UpdatePreview - Create node mapping 
2017-05-03 19:53:12,758 [1414088]   INFO - CPPImporter.plugin.UpdatePreview - Node mapping done 
2017-05-03 19:53:12,759 [1414089]   WARN - CPPImporter.plugin.UpdatePreview - Execute intention Keep 
2017-05-03 19:53:12,759 [1414089]   WARN - CPPImporter.plugin.IntentionExecutor - indexOf node 0 
2017-05-03 19:53:12,760 [1414090]   WARN - CPPImporter.plugin.UpdatePreview - Execute intention Keep 
2017-05-03 19:53:12,760 [1414090]   WARN - CPPImporter.plugin.IntentionExecutor - indexOf node 0 
2017-05-03 19:53:12,760 [1414090]   WARN - CPPImporter.plugin.UpdatePreview - Execute intention Keep 
2017-05-03 19:53:12,760 [1414090]   WARN - CPPImporter.plugin.IntentionExecutor - indexOf node 0 
2017-05-03 19:53:12,761 [1414091]   WARN - CPPImporter.plugin.UpdatePreview - Execute intention Keep 
2017-05-03 19:53:12,761 [1414091]   WARN - CPPImporter.plugin.IntentionExecutor - indexOf node 0 
2017-05-03 19:53:12,761 [1414091]   WARN - CPPImporter.plugin.UpdatePreview - Execute intention Remove 
2017-05-03 19:53:12,761 [1414091]   WARN - CPPImporter.plugin.UpdatePreview - Execute intention Keep 
2017-05-03 19:53:12,761 [1414091]   WARN - CPPImporter.plugin.IntentionExecutor - indexOf node 0 
2017-05-03 19:53:12,762 [1414092]   WARN - CPPImporter.plugin.UpdatePreview - Execute intention KeepAsFeature 
2017-05-03 19:53:12,762 [1414092]   WARN - CPPImporter.plugin.IntentionExecutor - indexOf node 0 
2017-05-03 19:53:12,763 [1414093]   WARN - CPPImporter.plugin.UpdatePreview - Execute intention KeepAsFeature 
2017-05-03 19:53:12,763 [1414093]   WARN - CPPImporter.plugin.IntentionExecutor - indexOf node 0 
2017-05-03 19:53:12,763 [1414093]   WARN - CPPImporter.plugin.UpdatePreview - Execute intention KeepAsFeature 
2017-05-03 19:53:12,763 [1414093]   WARN - CPPImporter.plugin.IntentionExecutor - indexOf node 0 
2017-05-03 19:53:12,763 [1414093]   WARN - CPPImporter.plugin.UpdatePreview - Execute intention KeepAsFeature 
2017-05-03 19:53:12,763 [1414093]   WARN - CPPImporter.plugin.IntentionExecutor - indexOf node 0 
2017-05-03 19:53:12,763 [1414093]   WARN - CPPImporter.plugin.UpdatePreview - Execute intention KeepAsFeature 
2017-05-03 19:53:12,763 [1414093]   WARN - CPPImporter.plugin.IntentionExecutor - indexOf node 0 
2017-05-03 19:53:12,764 [1414094]   WARN - CPPImporter.plugin.UpdatePreview - Execute intention KeepAsFeature 
2017-05-03 19:53:12,764 [1414094]   WARN - CPPImporter.plugin.IntentionExecutor - indexOf node 0 
2017-05-03 19:53:12,764 [1414094]   WARN - CPPImporter.plugin.UpdatePreview - Execute intention KeepAsFeature 
2017-05-03 19:53:12,764 [1414094]   WARN - CPPImporter.plugin.IntentionExecutor - indexOf node 0 
2017-05-03 19:53:12,764 [1414094]   WARN - CPPImporter.plugin.UpdatePreview - Execute intention Keep 
2017-05-03 19:53:12,764 [1414094]   INFO - CPPImporter.plugin.IntentionExecutor - defined(FEAT_CMDL_COMPL)isComplexCondition false 
2017-05-03 19:53:12,764 [1414094]   WARN - CPPImporter.plugin.IntentionExecutor - indexOf node 0 
2017-05-03 19:53:12,764 [1414094]   WARN - CPPImporter.plugin.UpdatePreview - Execute intention Keep 
2017-05-03 19:53:12,764 [1414094]   INFO - CPPImporter.plugin.IntentionExecutor - defined(FEAT_CMDHIST)isComplexCondition false 
2017-05-03 19:53:12,764 [1414094]   WARN - CPPImporter.plugin.IntentionExecutor - indexOf node 0 
2017-05-03 19:53:12,764 [1414094]   WARN - CPPImporter.plugin.UpdatePreview - Execute intention Keep 
2017-05-03 19:53:12,764 [1414094]   WARN - CPPImporter.plugin.IntentionExecutor - indexOf node 0 
2017-05-03 19:53:12,764 [1414094]   WARN - CPPImporter.plugin.UpdatePreview - Execute intention Remove 
2017-05-03 19:53:12,768 [1414098]   WARN - CPPLanguage.editor.IntentionContainer_Editor - Show 17 intentions. 
2017-05-03 19:53:46,055 [1447385]   INFO - CPPImporter.plugin.Keep_Action - [LOG] Intention Keep for 1 nodes. 
2017-05-03 19:53:46,056 [1447386]   INFO - CPPImporter.plugin.Keep_Action - [LOG] View of Keep Intention is Clone 
2017-05-03 19:53:46,057 [1447387]   INFO - CPPImporter.plugin.Keep_Action - No automatic anti Intention, branch is not completly selected 
2017-05-03 19:53:46,057 [1447387]   INFO - CPPImporter.plugin.Keep_Action - Update Preview 
2017-05-03 19:53:46,057 [1447387]   INFO - CPPImporter.plugin.UpdatePreview - Initialize future model 
2017-05-03 19:53:46,057 [1447387]   INFO - CPPImporter.plugin.UpdatePreview - Create node mapping 
2017-05-03 19:53:46,057 [1447387]   INFO - CPPImporter.plugin.UpdatePreview - Node mapping done 
2017-05-03 19:53:46,058 [1447388]   WARN - CPPImporter.plugin.UpdatePreview - Execute intention Keep 
2017-05-03 19:53:46,059 [1447389]   WARN - CPPImporter.plugin.IntentionExecutor - indexOf node 0 
2017-05-03 19:53:46,059 [1447389]   WARN - CPPImporter.plugin.UpdatePreview - Execute intention Keep 
2017-05-03 19:53:46,059 [1447389]   WARN - CPPImporter.plugin.IntentionExecutor - indexOf node 0 
2017-05-03 19:53:46,060 [1447390]   WARN - CPPImporter.plugin.UpdatePreview - Execute intention Keep 
2017-05-03 19:53:46,060 [1447390]   WARN - CPPImporter.plugin.IntentionExecutor - indexOf node 0 
2017-05-03 19:53:46,061 [1447391]   WARN - CPPImporter.plugin.UpdatePreview - Execute intention Keep 
2017-05-03 19:53:46,061 [1447391]   WARN - CPPImporter.plugin.IntentionExecutor - indexOf node 0 
2017-05-03 19:53:46,061 [1447391]   WARN - CPPImporter.plugin.UpdatePreview - Execute intention Remove 
2017-05-03 19:53:46,061 [1447391]   WARN - CPPImporter.plugin.UpdatePreview - Execute intention Keep 
2017-05-03 19:53:46,062 [1447392]   WARN - CPPImporter.plugin.IntentionExecutor - indexOf node 0 
2017-05-03 19:53:46,065 [1447395]   WARN - CPPImporter.plugin.UpdatePreview - Execute intention KeepAsFeature 
2017-05-03 19:53:46,065 [1447395]   WARN - CPPImporter.plugin.IntentionExecutor - indexOf node 0 
2017-05-03 19:53:46,067 [1447397]   WARN - CPPImporter.plugin.UpdatePreview - Execute intention KeepAsFeature 
2017-05-03 19:53:46,068 [1447398]   WARN - CPPImporter.plugin.IntentionExecutor - indexOf node 0 
2017-05-03 19:53:46,068 [1447398]   WARN - CPPImporter.plugin.UpdatePreview - Execute intention KeepAsFeature 
2017-05-03 19:53:46,069 [1447399]   WARN - CPPImporter.plugin.IntentionExecutor - indexOf node 0 
2017-05-03 19:53:46,070 [1447400]   WARN - CPPImporter.plugin.UpdatePreview - Execute intention KeepAsFeature 
2017-05-03 19:53:46,070 [1447400]   WARN - CPPImporter.plugin.IntentionExecutor - indexOf node 0 
2017-05-03 19:53:46,071 [1447401]   WARN - CPPImporter.plugin.UpdatePreview - Execute intention KeepAsFeature 
2017-05-03 19:53:46,071 [1447401]   WARN - CPPImporter.plugin.IntentionExecutor - indexOf node 0 
2017-05-03 19:53:46,072 [1447402]   WARN - CPPImporter.plugin.UpdatePreview - Execute intention KeepAsFeature 
2017-05-03 19:53:46,072 [1447402]   WARN - CPPImporter.plugin.IntentionExecutor - indexOf node 0 
2017-05-03 19:53:46,072 [1447402]   WARN - CPPImporter.plugin.UpdatePreview - Execute intention KeepAsFeature 
2017-05-03 19:53:46,072 [1447402]   WARN - CPPImporter.plugin.IntentionExecutor - indexOf node 0 
2017-05-03 19:53:46,073 [1447403]   WARN - CPPImporter.plugin.UpdatePreview - Execute intention Keep 
2017-05-03 19:53:46,073 [1447403]   INFO - CPPImporter.plugin.IntentionExecutor - defined(FEAT_CMDL_COMPL)isComplexCondition false 
2017-05-03 19:53:46,073 [1447403]   WARN - CPPImporter.plugin.IntentionExecutor - indexOf node 0 
2017-05-03 19:53:46,073 [1447403]   WARN - CPPImporter.plugin.UpdatePreview - Execute intention Keep 
2017-05-03 19:53:46,074 [1447404]   INFO - CPPImporter.plugin.IntentionExecutor - defined(FEAT_CMDHIST)isComplexCondition false 
2017-05-03 19:53:46,074 [1447404]   WARN - CPPImporter.plugin.IntentionExecutor - indexOf node 0 
2017-05-03 19:53:46,074 [1447404]   WARN - CPPImporter.plugin.UpdatePreview - Execute intention Keep 
2017-05-03 19:53:46,074 [1447404]   WARN - CPPImporter.plugin.IntentionExecutor - indexOf node 0 
2017-05-03 19:53:46,075 [1447405]   WARN - CPPImporter.plugin.UpdatePreview - Execute intention Remove 
2017-05-03 19:53:46,075 [1447405]   WARN - CPPImporter.plugin.UpdatePreview - Execute intention Keep 
2017-05-03 19:53:46,075 [1447405]   WARN - CPPImporter.plugin.IntentionExecutor - indexOf node 0 
2017-05-03 19:53:46,081 [1447411]   WARN - CPPLanguage.editor.IntentionContainer_Editor - Show 18 intentions. 
2017-05-03 19:54:05,461 [1466791]   INFO - CPPImporter.plugin.Keep_Action - [LOG] Intention Keep for 1 nodes. 
2017-05-03 19:54:05,461 [1466791]   INFO - CPPImporter.plugin.Keep_Action - [LOG] View of Keep Intention is default 
2017-05-03 19:54:05,462 [1466792]   INFO - CPPImporter.plugin.Keep_Action - No automatic anti Intention, branch is not completly selected 
2017-05-03 19:54:05,462 [1466792]   INFO - CPPImporter.plugin.Keep_Action - Update Preview 
2017-05-03 19:54:05,462 [1466792]   INFO - CPPImporter.plugin.UpdatePreview - Initialize future model 
2017-05-03 19:54:05,462 [1466792]   INFO - CPPImporter.plugin.UpdatePreview - Create node mapping 
2017-05-03 19:54:05,462 [1466792]   INFO - CPPImporter.plugin.UpdatePreview - Node mapping done 
2017-05-03 19:54:05,464 [1466794]   WARN - CPPImporter.plugin.UpdatePreview - Execute intention Keep 
2017-05-03 19:54:05,464 [1466794]   WARN - CPPImporter.plugin.IntentionExecutor - indexOf node 0 
2017-05-03 19:54:05,465 [1466795]   WARN - CPPImporter.plugin.UpdatePreview - Execute intention Keep 
2017-05-03 19:54:05,465 [1466795]   WARN - CPPImporter.plugin.IntentionExecutor - indexOf node 0 
2017-05-03 19:54:05,465 [1466795]   WARN - CPPImporter.plugin.UpdatePreview - Execute intention Keep 
2017-05-03 19:54:05,465 [1466795]   WARN - CPPImporter.plugin.IntentionExecutor - indexOf node 0 
2017-05-03 19:54:05,465 [1466795]   WARN - CPPImporter.plugin.UpdatePreview - Execute intention Keep 
2017-05-03 19:54:05,465 [1466795]   WARN - CPPImporter.plugin.IntentionExecutor - indexOf node 0 
2017-05-03 19:54:05,465 [1466795]   WARN - CPPImporter.plugin.UpdatePreview - Execute intention Remove 
2017-05-03 19:54:05,465 [1466795]   WARN - CPPImporter.plugin.UpdatePreview - Execute intention Keep 
2017-05-03 19:54:05,465 [1466795]   WARN - CPPImporter.plugin.IntentionExecutor - indexOf node 0 
2017-05-03 19:54:05,466 [1466796]   WARN - CPPImporter.plugin.UpdatePreview - Execute intention KeepAsFeature 
2017-05-03 19:54:05,466 [1466796]   WARN - CPPImporter.plugin.IntentionExecutor - indexOf node 0 
2017-05-03 19:54:05,467 [1466797]   WARN - CPPImporter.plugin.UpdatePreview - Execute intention KeepAsFeature 
2017-05-03 19:54:05,467 [1466797]   WARN - CPPImporter.plugin.IntentionExecutor - indexOf node 0 
2017-05-03 19:54:05,468 [1466798]   WARN - CPPImporter.plugin.UpdatePreview - Execute intention KeepAsFeature 
2017-05-03 19:54:05,468 [1466798]   WARN - CPPImporter.plugin.IntentionExecutor - indexOf node 0 
2017-05-03 19:54:05,468 [1466798]   WARN - CPPImporter.plugin.UpdatePreview - Execute intention KeepAsFeature 
2017-05-03 19:54:05,468 [1466798]   WARN - CPPImporter.plugin.IntentionExecutor - indexOf node 0 
2017-05-03 19:54:05,468 [1466798]   WARN - CPPImporter.plugin.UpdatePreview - Execute intention KeepAsFeature 
2017-05-03 19:54:05,468 [1466798]   WARN - CPPImporter.plugin.IntentionExecutor - indexOf node 0 
2017-05-03 19:54:05,469 [1466799]   WARN - CPPImporter.plugin.UpdatePreview - Execute intention KeepAsFeature 
2017-05-03 19:54:05,469 [1466799]   WARN - CPPImporter.plugin.IntentionExecutor - indexOf node 0 
2017-05-03 19:54:05,469 [1466799]   WARN - CPPImporter.plugin.UpdatePreview - Execute intention KeepAsFeature 
2017-05-03 19:54:05,469 [1466799]   WARN - CPPImporter.plugin.IntentionExecutor - indexOf node 0 
2017-05-03 19:54:05,470 [1466800]   WARN - CPPImporter.plugin.UpdatePreview - Execute intention Keep 
2017-05-03 19:54:05,472 [1466802]   INFO - CPPImporter.plugin.IntentionExecutor - defined(FEAT_CMDL_COMPL)isComplexCondition false 
2017-05-03 19:54:05,473 [1466803]   WARN - CPPImporter.plugin.IntentionExecutor - indexOf node 0 
2017-05-03 19:54:05,474 [1466804]   WARN - CPPImporter.plugin.UpdatePreview - Execute intention Keep 
2017-05-03 19:54:05,474 [1466804]   INFO - CPPImporter.plugin.IntentionExecutor - defined(FEAT_CMDHIST)isComplexCondition false 
2017-05-03 19:54:05,474 [1466804]   WARN - CPPImporter.plugin.IntentionExecutor - indexOf node 0 
2017-05-03 19:54:05,474 [1466804]   WARN - CPPImporter.plugin.UpdatePreview - Execute intention Keep 
2017-05-03 19:54:05,474 [1466804]   WARN - CPPImporter.plugin.IntentionExecutor - indexOf node 0 
2017-05-03 19:54:05,474 [1466804]   WARN - CPPImporter.plugin.UpdatePreview - Execute intention Remove 
2017-05-03 19:54:05,474 [1466804]   WARN - CPPImporter.plugin.UpdatePreview - Execute intention Keep 
2017-05-03 19:54:05,474 [1466804]   WARN - CPPImporter.plugin.IntentionExecutor - indexOf node 0 
2017-05-03 19:54:05,475 [1466805]   WARN - CPPImporter.plugin.UpdatePreview - Execute intention Keep 
2017-05-03 19:54:05,475 [1466805]   WARN - CPPImporter.plugin.IntentionExecutor - indexOf node 0 
2017-05-03 19:54:05,479 [1466809]   WARN - CPPLanguage.editor.IntentionContainer_Editor - Show 19 intentions. 
2017-05-03 19:54:10,765 [1472095]   INFO - CPPImporter.plugin.UndoIntention_Action - [LOG] Un-declare an intention 
2017-05-03 19:54:10,765 [1472095]   INFO - CPPImporter.plugin.UndoIntention_Action - [LOG] Undeclare Keep of view Clone 
2017-05-03 19:54:10,766 [1472096]   INFO - CPPImporter.plugin.UndoIntention_Action - [LOG] Undeclare Keep of view default 
2017-05-03 19:54:10,766 [1472096]   INFO - CPPImporter.plugin.UpdatePreview - Initialize future model 
2017-05-03 19:54:10,766 [1472096]   INFO - CPPImporter.plugin.UpdatePreview - Create node mapping 
2017-05-03 19:54:10,766 [1472096]   INFO - CPPImporter.plugin.UpdatePreview - Node mapping done 
2017-05-03 19:54:10,770 [1472100]   WARN - CPPImporter.plugin.UpdatePreview - Execute intention Keep 
2017-05-03 19:54:10,770 [1472100]   WARN - CPPImporter.plugin.IntentionExecutor - indexOf node 0 
2017-05-03 19:54:10,770 [1472100]   WARN - CPPImporter.plugin.UpdatePreview - Execute intention Keep 
2017-05-03 19:54:10,770 [1472100]   WARN - CPPImporter.plugin.IntentionExecutor - indexOf node 0 
2017-05-03 19:54:10,770 [1472100]   WARN - CPPImporter.plugin.UpdatePreview - Execute intention Keep 
2017-05-03 19:54:10,770 [1472100]   WARN - CPPImporter.plugin.IntentionExecutor - indexOf node 0 
2017-05-03 19:54:10,771 [1472101]   WARN - CPPImporter.plugin.UpdatePreview - Execute intention Keep 
2017-05-03 19:54:10,771 [1472101]   WARN - CPPImporter.plugin.IntentionExecutor - indexOf node 0 
2017-05-03 19:54:10,771 [1472101]   WARN - CPPImporter.plugin.UpdatePreview - Execute intention Remove 
2017-05-03 19:54:10,771 [1472101]   WARN - CPPImporter.plugin.UpdatePreview - Execute intention Keep 
2017-05-03 19:54:10,771 [1472101]   WARN - CPPImporter.plugin.IntentionExecutor - indexOf node 0 
2017-05-03 19:54:10,773 [1472103]   WARN - CPPImporter.plugin.UpdatePreview - Execute intention KeepAsFeature 
2017-05-03 19:54:10,773 [1472103]   WARN - CPPImporter.plugin.IntentionExecutor - indexOf node 0 
2017-05-03 19:54:10,774 [1472104]   WARN - CPPImporter.plugin.UpdatePreview - Execute intention KeepAsFeature 
2017-05-03 19:54:10,774 [1472104]   WARN - CPPImporter.plugin.IntentionExecutor - indexOf node 0 
2017-05-03 19:54:10,777 [1472107]   WARN - CPPImporter.plugin.UpdatePreview - Execute intention KeepAsFeature 
2017-05-03 19:54:10,778 [1472108]   WARN - CPPImporter.plugin.IntentionExecutor - indexOf node 0 
2017-05-03 19:54:10,779 [1472109]   WARN - CPPImporter.plugin.UpdatePreview - Execute intention KeepAsFeature 
2017-05-03 19:54:10,779 [1472109]   WARN - CPPImporter.plugin.IntentionExecutor - indexOf node 0 
2017-05-03 19:54:10,780 [1472110]   WARN - CPPImporter.plugin.UpdatePreview - Execute intention KeepAsFeature 
2017-05-03 19:54:10,780 [1472110]   WARN - CPPImporter.plugin.IntentionExecutor - indexOf node 0 
2017-05-03 19:54:10,780 [1472110]   WARN - CPPImporter.plugin.UpdatePreview - Execute intention KeepAsFeature 
2017-05-03 19:54:10,780 [1472110]   WARN - CPPImporter.plugin.IntentionExecutor - indexOf node 0 
2017-05-03 19:54:10,782 [1472112]   WARN - CPPImporter.plugin.UpdatePreview - Execute intention KeepAsFeature 
2017-05-03 19:54:10,782 [1472112]   WARN - CPPImporter.plugin.IntentionExecutor - indexOf node 0 
2017-05-03 19:54:10,787 [1472117]   WARN - CPPImporter.plugin.UpdatePreview - Execute intention Keep 
2017-05-03 19:54:10,787 [1472117]   INFO - CPPImporter.plugin.IntentionExecutor - defined(FEAT_CMDL_COMPL)isComplexCondition false 
2017-05-03 19:54:10,787 [1472117]   WARN - CPPImporter.plugin.IntentionExecutor - indexOf node 0 
2017-05-03 19:54:10,787 [1472117]   WARN - CPPImporter.plugin.UpdatePreview - Execute intention Keep 
2017-05-03 19:54:10,788 [1472118]   INFO - CPPImporter.plugin.IntentionExecutor - defined(FEAT_CMDHIST)isComplexCondition false 
2017-05-03 19:54:10,788 [1472118]   WARN - CPPImporter.plugin.IntentionExecutor - indexOf node 0 
2017-05-03 19:54:10,788 [1472118]   WARN - CPPImporter.plugin.UpdatePreview - Execute intention Keep 
2017-05-03 19:54:10,788 [1472118]   WARN - CPPImporter.plugin.IntentionExecutor - indexOf node 0 
2017-05-03 19:54:10,789 [1472119]   WARN - CPPImporter.plugin.UpdatePreview - Execute intention Remove 
2017-05-03 19:54:10,800 [1472130]   WARN - CPPLanguage.editor.IntentionContainer_Editor - Show 17 intentions. 
2017-05-03 19:54:22,012 [1483342]   INFO - CPPImporter.plugin.UndoIntention_Action - [LOG] Un-declare an intention 
2017-05-03 19:54:22,012 [1483342]   INFO - CPPImporter.plugin.UpdatePreview - Initialize future model 
2017-05-03 19:54:22,014 [1483344]   INFO - CPPImporter.plugin.UpdatePreview - Create node mapping 
2017-05-03 19:54:22,015 [1483345]   INFO - CPPImporter.plugin.UpdatePreview - Node mapping done 
2017-05-03 19:54:22,015 [1483345]   WARN - CPPImporter.plugin.UpdatePreview - Execute intention Keep 
2017-05-03 19:54:22,016 [1483346]   WARN - CPPImporter.plugin.IntentionExecutor - indexOf node 0 
2017-05-03 19:54:22,016 [1483346]   WARN - CPPImporter.plugin.UpdatePreview - Execute intention Keep 
2017-05-03 19:54:22,016 [1483346]   WARN - CPPImporter.plugin.IntentionExecutor - indexOf node 0 
2017-05-03 19:54:22,016 [1483346]   WARN - CPPImporter.plugin.UpdatePreview - Execute intention Keep 
2017-05-03 19:54:22,016 [1483346]   WARN - CPPImporter.plugin.IntentionExecutor - indexOf node 0 
2017-05-03 19:54:22,016 [1483346]   WARN - CPPImporter.plugin.UpdatePreview - Execute intention Keep 
2017-05-03 19:54:22,017 [1483347]   WARN - CPPImporter.plugin.IntentionExecutor - indexOf node 0 
2017-05-03 19:54:22,017 [1483347]   WARN - CPPImporter.plugin.UpdatePreview - Execute intention Remove 
2017-05-03 19:54:22,017 [1483347]   WARN - CPPImporter.plugin.UpdatePreview - Execute intention Keep 
2017-05-03 19:54:22,017 [1483347]   WARN - CPPImporter.plugin.IntentionExecutor - indexOf node 0 
2017-05-03 19:54:22,019 [1483349]   WARN - CPPImporter.plugin.UpdatePreview - Execute intention KeepAsFeature 
2017-05-03 19:54:22,019 [1483349]   WARN - CPPImporter.plugin.IntentionExecutor - indexOf node 0 
2017-05-03 19:54:22,020 [1483350]   WARN - CPPImporter.plugin.UpdatePreview - Execute intention KeepAsFeature 
2017-05-03 19:54:22,020 [1483350]   WARN - CPPImporter.plugin.IntentionExecutor - indexOf node 0 
2017-05-03 19:54:22,020 [1483350]   WARN - CPPImporter.plugin.UpdatePreview - Execute intention KeepAsFeature 
2017-05-03 19:54:22,020 [1483350]   WARN - CPPImporter.plugin.IntentionExecutor - indexOf node 0 
2017-05-03 19:54:22,020 [1483350]   WARN - CPPImporter.plugin.UpdatePreview - Execute intention KeepAsFeature 
2017-05-03 19:54:22,020 [1483350]   WARN - CPPImporter.plugin.IntentionExecutor - indexOf node 0 
2017-05-03 19:54:22,021 [1483351]   WARN - CPPImporter.plugin.UpdatePreview - Execute intention KeepAsFeature 
2017-05-03 19:54:22,021 [1483351]   WARN - CPPImporter.plugin.IntentionExecutor - indexOf node 0 
2017-05-03 19:54:22,021 [1483351]   WARN - CPPImporter.plugin.UpdatePreview - Execute intention KeepAsFeature 
2017-05-03 19:54:22,021 [1483351]   WARN - CPPImporter.plugin.IntentionExecutor - indexOf node 0 
2017-05-03 19:54:22,021 [1483351]   WARN - CPPImporter.plugin.UpdatePreview - Execute intention KeepAsFeature 
2017-05-03 19:54:22,021 [1483351]   WARN - CPPImporter.plugin.IntentionExecutor - indexOf node 0 
2017-05-03 19:54:22,021 [1483351]   WARN - CPPImporter.plugin.UpdatePreview - Execute intention Keep 
2017-05-03 19:54:22,021 [1483351]   INFO - CPPImporter.plugin.IntentionExecutor - defined(FEAT_CMDL_COMPL)isComplexCondition false 
2017-05-03 19:54:22,021 [1483351]   WARN - CPPImporter.plugin.IntentionExecutor - indexOf node 0 
2017-05-03 19:54:22,022 [1483352]   WARN - CPPImporter.plugin.UpdatePreview - Execute intention Keep 
2017-05-03 19:54:22,022 [1483352]   INFO - CPPImporter.plugin.IntentionExecutor - defined(FEAT_CMDHIST)isComplexCondition false 
2017-05-03 19:54:22,022 [1483352]   WARN - CPPImporter.plugin.IntentionExecutor - indexOf node 0 
2017-05-03 19:54:22,023 [1483353]   WARN - CPPImporter.plugin.UpdatePreview - Execute intention Keep 
2017-05-03 19:54:22,023 [1483353]   WARN - CPPImporter.plugin.IntentionExecutor - indexOf node 0 
2017-05-03 19:54:22,023 [1483353]   WARN - CPPImporter.plugin.UpdatePreview - Execute intention Remove 
2017-05-03 19:54:22,029 [1483359]   WARN - CPPLanguage.editor.IntentionContainer_Editor - Show 17 intentions. 
2017-05-03 19:54:42,100 [1503430]   INFO - CPPImporter.plugin.Keep_Action - [LOG] Intention Keep for 1 nodes. 
2017-05-03 19:54:42,100 [1503430]   INFO - CPPImporter.plugin.Keep_Action - [LOG] View of Keep Intention is Clone 
2017-05-03 19:54:42,101 [1503431]   INFO - CPPImporter.plugin.Keep_Action - No automatic anti Intention, branch is not completly selected 
2017-05-03 19:54:42,101 [1503431]   INFO - CPPImporter.plugin.Keep_Action - Update Preview 
2017-05-03 19:54:42,101 [1503431]   INFO - CPPImporter.plugin.UpdatePreview - Initialize future model 
2017-05-03 19:54:42,102 [1503432]   INFO - CPPImporter.plugin.UpdatePreview - Create node mapping 
2017-05-03 19:54:42,102 [1503432]   INFO - CPPImporter.plugin.UpdatePreview - Node mapping done 
2017-05-03 19:54:42,103 [1503433]   WARN - CPPImporter.plugin.UpdatePreview - Execute intention Keep 
2017-05-03 19:54:42,103 [1503433]   WARN - CPPImporter.plugin.IntentionExecutor - indexOf node 0 
2017-05-03 19:54:42,103 [1503433]   WARN - CPPImporter.plugin.UpdatePreview - Execute intention Keep 
2017-05-03 19:54:42,103 [1503433]   WARN - CPPImporter.plugin.IntentionExecutor - indexOf node 0 
2017-05-03 19:54:42,104 [1503434]   WARN - CPPImporter.plugin.UpdatePreview - Execute intention Keep 
2017-05-03 19:54:42,104 [1503434]   WARN - CPPImporter.plugin.IntentionExecutor - indexOf node 0 
2017-05-03 19:54:42,104 [1503434]   WARN - CPPImporter.plugin.UpdatePreview - Execute intention Keep 
2017-05-03 19:54:42,104 [1503434]   WARN - CPPImporter.plugin.IntentionExecutor - indexOf node 0 
2017-05-03 19:54:42,106 [1503436]   WARN - CPPImporter.plugin.UpdatePreview - Execute intention Remove 
2017-05-03 19:54:42,106 [1503436]   WARN - CPPImporter.plugin.UpdatePreview - Execute intention Keep 
2017-05-03 19:54:42,106 [1503436]   WARN - CPPImporter.plugin.IntentionExecutor - indexOf node 0 
2017-05-03 19:54:42,107 [1503437]   WARN - CPPImporter.plugin.UpdatePreview - Execute intention KeepAsFeature 
2017-05-03 19:54:42,107 [1503437]   WARN - CPPImporter.plugin.IntentionExecutor - indexOf node 0 
2017-05-03 19:54:42,107 [1503437]   WARN - CPPImporter.plugin.UpdatePreview - Execute intention KeepAsFeature 
2017-05-03 19:54:42,107 [1503437]   WARN - CPPImporter.plugin.IntentionExecutor - indexOf node 0 
2017-05-03 19:54:42,108 [1503438]   WARN - CPPImporter.plugin.UpdatePreview - Execute intention KeepAsFeature 
2017-05-03 19:54:42,108 [1503438]   WARN - CPPImporter.plugin.IntentionExecutor - indexOf node 0 
2017-05-03 19:54:42,111 [1503441]   WARN - CPPImporter.plugin.UpdatePreview - Execute intention KeepAsFeature 
2017-05-03 19:54:42,111 [1503441]   WARN - CPPImporter.plugin.IntentionExecutor - indexOf node 0 
2017-05-03 19:54:42,113 [1503443]   WARN - CPPImporter.plugin.UpdatePreview - Execute intention KeepAsFeature 
2017-05-03 19:54:42,113 [1503443]   WARN - CPPImporter.plugin.IntentionExecutor - indexOf node 0 
2017-05-03 19:54:42,113 [1503443]   WARN - CPPImporter.plugin.UpdatePreview - Execute intention KeepAsFeature 
2017-05-03 19:54:42,113 [1503443]   WARN - CPPImporter.plugin.IntentionExecutor - indexOf node 0 
2017-05-03 19:54:42,115 [1503445]   WARN - CPPImporter.plugin.UpdatePreview - Execute intention KeepAsFeature 
2017-05-03 19:54:42,115 [1503445]   WARN - CPPImporter.plugin.IntentionExecutor - indexOf node 0 
2017-05-03 19:54:42,116 [1503446]   WARN - CPPImporter.plugin.UpdatePreview - Execute intention Keep 
2017-05-03 19:54:42,116 [1503446]   INFO - CPPImporter.plugin.IntentionExecutor - defined(FEAT_CMDL_COMPL)isComplexCondition false 
2017-05-03 19:54:42,116 [1503446]   WARN - CPPImporter.plugin.IntentionExecutor - indexOf node 0 
2017-05-03 19:54:42,116 [1503446]   WARN - CPPImporter.plugin.UpdatePreview - Execute intention Keep 
2017-05-03 19:54:42,116 [1503446]   INFO - CPPImporter.plugin.IntentionExecutor - defined(FEAT_CMDHIST)isComplexCondition false 
2017-05-03 19:54:42,116 [1503446]   WARN - CPPImporter.plugin.IntentionExecutor - indexOf node 0 
2017-05-03 19:54:42,116 [1503446]   WARN - CPPImporter.plugin.UpdatePreview - Execute intention Keep 
2017-05-03 19:54:42,117 [1503447]   WARN - CPPImporter.plugin.IntentionExecutor - indexOf node 0 
2017-05-03 19:54:42,117 [1503447]   WARN - CPPImporter.plugin.UpdatePreview - Execute intention Remove 
2017-05-03 19:54:42,117 [1503447]   WARN - CPPImporter.plugin.UpdatePreview - Execute intention Keep 
2017-05-03 19:54:42,117 [1503447]   WARN - CPPImporter.plugin.IntentionExecutor - indexOf node 0 
2017-05-03 19:54:42,129 [1503459]   WARN - CPPLanguage.editor.IntentionContainer_Editor - Show 18 intentions. 
2017-05-03 19:56:36,999 [1618329]   WARN - CPPImporter.plugin.CommitIntentions_Action - Commit Intentions 
2017-05-03 19:56:36,999 [1618329]   INFO - CPPImporter.plugin.UpdatePreview - Initialize future model 
2017-05-03 19:56:37,000 [1618330]   INFO - CPPImporter.plugin.UpdatePreview - Create node mapping 
2017-05-03 19:56:37,000 [1618330]   INFO - CPPImporter.plugin.UpdatePreview - Node mapping done 
2017-05-03 19:56:37,000 [1618330]   WARN - CPPImporter.plugin.UpdatePreview - Execute intention Keep 
2017-05-03 19:56:37,000 [1618330]   WARN - CPPImporter.plugin.IntentionExecutor - indexOf node 0 
2017-05-03 19:56:37,001 [1618331]   WARN - CPPImporter.plugin.UpdatePreview - Execute intention Keep 
2017-05-03 19:56:37,001 [1618331]   WARN - CPPImporter.plugin.IntentionExecutor - indexOf node 0 
2017-05-03 19:56:37,001 [1618331]   WARN - CPPImporter.plugin.UpdatePreview - Execute intention Keep 
2017-05-03 19:56:37,001 [1618331]   WARN - CPPImporter.plugin.IntentionExecutor - indexOf node 0 
2017-05-03 19:56:37,001 [1618331]   WARN - CPPImporter.plugin.UpdatePreview - Execute intention Keep 
2017-05-03 19:56:37,001 [1618331]   WARN - CPPImporter.plugin.IntentionExecutor - indexOf node 0 
2017-05-03 19:56:37,002 [1618332]   WARN - CPPImporter.plugin.UpdatePreview - Execute intention Remove 
2017-05-03 19:56:37,002 [1618332]   WARN - CPPImporter.plugin.UpdatePreview - Execute intention Keep 
2017-05-03 19:56:37,002 [1618332]   WARN - CPPImporter.plugin.IntentionExecutor - indexOf node 0 
2017-05-03 19:56:37,004 [1618334]   WARN - CPPImporter.plugin.UpdatePreview - Execute intention KeepAsFeature 
2017-05-03 19:56:37,004 [1618334]   WARN - CPPImporter.plugin.IntentionExecutor - indexOf node 0 
2017-05-03 19:56:37,004 [1618334]   WARN - CPPImporter.plugin.UpdatePreview - Execute intention KeepAsFeature 
2017-05-03 19:56:37,004 [1618334]   WARN - CPPImporter.plugin.IntentionExecutor - indexOf node 0 
2017-05-03 19:56:37,004 [1618334]   WARN - CPPImporter.plugin.UpdatePreview - Execute intention KeepAsFeature 
2017-05-03 19:56:37,004 [1618334]   WARN - CPPImporter.plugin.IntentionExecutor - indexOf node 0 
2017-05-03 19:56:37,005 [1618335]   WARN - CPPImporter.plugin.UpdatePreview - Execute intention KeepAsFeature 
2017-05-03 19:56:37,005 [1618335]   WARN - CPPImporter.plugin.IntentionExecutor - indexOf node 0 
2017-05-03 19:56:37,005 [1618335]   WARN - CPPImporter.plugin.UpdatePreview - Execute intention KeepAsFeature 
2017-05-03 19:56:37,005 [1618335]   WARN - CPPImporter.plugin.IntentionExecutor - indexOf node 0 
2017-05-03 19:56:37,005 [1618335]   WARN - CPPImporter.plugin.UpdatePreview - Execute intention KeepAsFeature 
2017-05-03 19:56:37,005 [1618335]   WARN - CPPImporter.plugin.IntentionExecutor - indexOf node 0 
2017-05-03 19:56:37,005 [1618335]   WARN - CPPImporter.plugin.UpdatePreview - Execute intention KeepAsFeature 
2017-05-03 19:56:37,005 [1618335]   WARN - CPPImporter.plugin.IntentionExecutor - indexOf node 0 
2017-05-03 19:56:37,010 [1618340]   WARN - CPPImporter.plugin.UpdatePreview - Execute intention Keep 
2017-05-03 19:56:37,010 [1618340]   INFO - CPPImporter.plugin.IntentionExecutor - defined(FEAT_CMDL_COMPL)isComplexCondition false 
2017-05-03 19:56:37,010 [1618340]   WARN - CPPImporter.plugin.IntentionExecutor - indexOf node 0 
2017-05-03 19:56:37,010 [1618340]   WARN - CPPImporter.plugin.UpdatePreview - Execute intention Keep 
2017-05-03 19:56:37,011 [1618341]   INFO - CPPImporter.plugin.IntentionExecutor - defined(FEAT_CMDHIST)isComplexCondition false 
2017-05-03 19:56:37,011 [1618341]   WARN - CPPImporter.plugin.IntentionExecutor - indexOf node 0 
2017-05-03 19:56:37,011 [1618341]   WARN - CPPImporter.plugin.UpdatePreview - Execute intention Keep 
2017-05-03 19:56:37,011 [1618341]   WARN - CPPImporter.plugin.IntentionExecutor - indexOf node 0 
2017-05-03 19:56:37,011 [1618341]   WARN - CPPImporter.plugin.UpdatePreview - Execute intention Remove 
2017-05-03 19:56:37,011 [1618341]   WARN - CPPImporter.plugin.UpdatePreview - Execute intention Keep 
2017-05-03 19:56:37,011 [1618341]   WARN - CPPImporter.plugin.IntentionExecutor - indexOf node 0 
2017-05-03 19:56:37,019 [1618349]   WARN - CPPLanguage.editor.IntentionContainer_Editor - Show 0 intentions. 
2017-05-03 19:56:57,297 [1638627]   INFO - CPPImporter.plugin.Export_Action - [LOG] Export to /home/group2/MPS/incline.c 
2017-05-03 19:57:13,660 [1654990]   INFO - jetbrains.mps.extapi.model.EditableSModelBase - Saving model Examples.Imported2 
2017-05-03 19:57:13,690 [1655020]   INFO - jetbrains.mps.smodel.MPSModuleRepository - Saving of the repository took 0.033 s 
2017-05-03 19:57:13,820 [1655150]   INFO - jetbrains.mps.plugins.PluginLoaderRegistry - Running Update Task : loaders [toLoad: 0; toUnload:1]; contributors : [toLoad: 0; toUnload:0]; Thread[AWT-EventQueue-0 3.4.4#MPS-162.2317 MPS, eap:false, os:Linux 4.8.0-49-generic, java-version:Oracle Corporation 1.8.0_121-8u121-b13-0ubuntu1.16.04.2-b13,6,main] 
2017-05-03 19:57:13,836 [1655166]   INFO - jetbrains.mps.plugins.PluginLoaderRegistry - Unloading of 145 plugins took 0.015 s 
2017-05-03 19:57:13,836 [1655166]   INFO - jetbrains.mps.project.ProjectBase - Project 'CPPLanguage' is closing 
2017-05-03 19:57:13,906 [1655236]   INFO - jetbrains.mps.classloading.ModuleUpdater - Classloading refresh took 0.017 s 
2017-05-03 19:57:13,908 [1655238]   INFO - jetbrains.mps.classloading.ModulesWatcher - 0 modules are marked as invalid roots for class loading out of 297 modules [totally in the repository] 
2017-05-03 19:57:13,908 [1655238]   INFO - jetbrains.mps.classloading.ModulesWatcher - Totally 0 modules are marked invalid for class loading 
2017-05-03 19:57:13,979 [1655309]   INFO - jetbrains.mps.classloading.ModuleUpdater - Classloading refresh took 0.021 s 
2017-05-03 19:57:13,983 [1655313]   INFO - jetbrains.mps.classloading.ModulesWatcher - 0 modules are marked as invalid roots for class loading out of 296 modules [totally in the repository] 
2017-05-03 19:57:13,984 [1655314]   INFO - jetbrains.mps.classloading.ModulesWatcher - Totally 0 modules are marked invalid for class loading 
2017-05-03 19:57:14,020 [1655350]   INFO - jetbrains.mps.classloading.ModuleUpdater - Classloading refresh took 0.017 s 
2017-05-03 19:57:14,023 [1655353]   INFO - jetbrains.mps.classloading.ModulesWatcher - 0 modules are marked as invalid roots for class loading out of 295 modules [totally in the repository] 
2017-05-03 19:57:14,023 [1655353]   INFO - jetbrains.mps.classloading.ModulesWatcher - Totally 0 modules are marked invalid for class loading 
2017-05-03 19:57:14,042 [1655372]   INFO - jetbrains.mps.library.LibraryInitializer - Removing libraries from ProjectLibraryManager 
2017-05-03 19:57:14,080 [1655410]   INFO - #org.jetbrains.io.BuiltInServer - web server stopped 
2017-05-03 19:57:14,083 [1655413]   INFO - jetbrains.mps.library.LibraryInitializer - Removing libraries from AdditionalLibrariesManager 
2017-05-03 19:57:14,086 [1655416]   INFO - jetbrains.mps.library.LibraryInitializer - Removing libraries from PluginLibraryContributor 
2017-05-03 19:57:14,086 [1655416]   INFO - jetbrains.mps.library.LibraryInitializer - Removing libraries from BootstrapLibraryContributor 
2017-05-03 19:57:14,087 [1655417]   INFO - jetbrains.mps.library.LibraryInitializer - Unloading 112 libraries 
2017-05-03 19:57:14,236 [1655566]   INFO - jetbrains.mps.library.LibraryInitializer - Library update is finished 
2017-05-03 19:57:14,267 [1655597]   INFO - jetbrains.mps.classloading.ModuleUpdater - Classloading refresh took 0.005 s 
2017-05-03 19:57:14,267 [1655597]   INFO - jetbrains.mps.classloading.ModulesWatcher - 0 modules are marked as invalid roots for class loading out of 0 modules [totally in the repository] 
2017-05-03 19:57:14,267 [1655597]   INFO - jetbrains.mps.classloading.ModulesWatcher - Totally 0 modules are marked invalid for class loading 
2017-05-03 19:57:14,310 [1655640]   INFO - #org.jetbrains.io.BuiltInServer - web server stopped 
