2017-05-02 14:05:19,414 [1901921]   INFO - CPPImporter.plugin.ArrangeViews_Action - [LOG] Arrange Views
2017-05-02 14:06:11,820 [1954327]   INFO - CPPImporter.plugin.Keep_Action - [LOG] Intention Keep for 1 nodes.
2017-05-02 14:06:11,820 [1954327]   INFO - CPPImporter.plugin.Keep_Action - [LOG] View of Keep Intention is default
2017-05-02 14:06:11,821 [1954328]   INFO - CPPImporter.plugin.Keep_Action - Propose anti Intention for else branch
2017-05-02 14:06:13,407 [1955914]   INFO - CPPImporter.plugin.Keep_Action - [LOG] Add anti intention
2017-05-02 14:06:13,408 [1955915]   INFO - CPPImporter.plugin.Keep_Action - [LOG] Add anti intention
2017-05-02 14:06:13,408 [1955915]   INFO - CPPImporter.plugin.Keep_Action - Update Preview
2017-05-02 14:06:13,408 [1955915]   INFO - CPPImporter.plugin.UpdatePreview - Initialize future model
2017-05-02 14:06:13,408 [1955915]   INFO - CPPImporter.plugin.UpdatePreview - Create node mapping
2017-05-02 14:06:13,409 [1955916]   INFO - CPPImporter.plugin.UpdatePreview - Node mapping done
2017-05-02 14:06:13,415 [1955922]   WARN - CPPImporter.plugin.UpdatePreview - Execute intention Keep
2017-05-02 14:06:13,417 [1955924]   WARN - CPPImporter.plugin.IntentionExecutor - indexOf node 0
2017-05-02 14:06:13,423 [1955930]   WARN - CPPImporter.plugin.UpdatePreview - Execute intention Remove
2017-05-02 14:06:13,428 [1955935]   WARN - CPPImporter.plugin.UpdatePreview - Execute intention Remove
2017-05-02 14:06:13,451 [1955958]   WARN - CPPLanguage.editor.IntentionContainer_Editor - Show 3 intentions.
2017-05-02 14:06:52,003 [1994510]   INFO - CPPImporter.plugin.Keep_Action - [LOG] Intention Keep for 1 nodes.
2017-05-02 14:06:52,003 [1994510]   INFO - CPPImporter.plugin.Keep_Action - [LOG] View of Keep Intention is default
2017-05-02 14:06:52,003 [1994510]   INFO - CPPImporter.plugin.Keep_Action - Update Preview
2017-05-02 14:06:52,003 [1994510]   INFO - CPPImporter.plugin.UpdatePreview - Initialize future model
2017-05-02 14:06:52,004 [1994511]   INFO - CPPImporter.plugin.UpdatePreview - Create node mapping
2017-05-02 14:06:52,004 [1994511]   INFO - CPPImporter.plugin.UpdatePreview - Node mapping done
2017-05-02 14:06:52,019 [1994526]   WARN - CPPImporter.plugin.UpdatePreview - Execute intention Keep
2017-05-02 14:06:52,020 [1994527]   WARN - CPPImporter.plugin.IntentionExecutor - indexOf node 0
2017-05-02 14:06:52,021 [1994528]   WARN - CPPImporter.plugin.UpdatePreview - Execute intention Remove
2017-05-02 14:06:52,023 [1994530]   WARN - CPPImporter.plugin.UpdatePreview - Execute intention Remove
2017-05-02 14:06:52,024 [1994531]   WARN - CPPImporter.plugin.UpdatePreview - Execute intention Keep
2017-05-02 14:06:52,024 [1994531]   WARN - CPPImporter.plugin.IntentionExecutor - indexOf node 0
2017-05-02 14:06:52,060 [1994567]   WARN - CPPLanguage.editor.IntentionContainer_Editor - Show 4 intentions.
2017-05-02 14:07:17,456 [2019963]   INFO - CPPImporter.plugin.Keep_Action - [LOG] Intention Keep for 1 nodes.
2017-05-02 14:07:17,456 [2019963]   INFO - CPPImporter.plugin.Keep_Action - [LOG] View of Keep Intention is default
2017-05-02 14:07:17,466 [2019973]   INFO - CPPImporter.plugin.Keep_Action - No automatic anti Intention, branch is not completly selected
2017-05-02 14:07:17,466 [2019973]   INFO - CPPImporter.plugin.Keep_Action - Update Preview
2017-05-02 14:07:17,466 [2019973]   INFO - CPPImporter.plugin.UpdatePreview - Initialize future model
2017-05-02 14:07:17,467 [2019974]   INFO - CPPImporter.plugin.UpdatePreview - Create node mapping
2017-05-02 14:07:17,467 [2019974]   INFO - CPPImporter.plugin.UpdatePreview - Node mapping done
2017-05-02 14:07:17,467 [2019974]   WARN - CPPImporter.plugin.UpdatePreview - Execute intention Keep
2017-05-02 14:07:17,475 [2019982]   WARN - CPPImporter.plugin.IntentionExecutor - indexOf node 0
2017-05-02 14:07:17,476 [2019983]   WARN - CPPImporter.plugin.UpdatePreview - Execute intention Remove
2017-05-02 14:07:17,481 [2019988]   WARN - CPPImporter.plugin.UpdatePreview - Execute intention Keep
2017-05-02 14:07:17,482 [2019989]   WARN - CPPImporter.plugin.IntentionExecutor - MakeMandatory: node 0 is not in #if/#ifdef
2017-05-02 14:07:17,482 [2019989]   WARN - CPPImporter.plugin.IntentionExecutor - Action MakeMandatory only possible if all selected nodes are within an #if/#ifdef
2017-05-02 14:07:17,486 [2019993]  ERROR - CPPImporter.plugin.IntentionExecutor - Failed prerequiste check
2017-05-02 14:07:17,486 [2019993]   WARN - CPPImporter.plugin.UpdatePreview - Execute intention Remove
2017-05-02 14:07:17,489 [2019996]   WARN - CPPImporter.plugin.UpdatePreview - Execute intention Keep
2017-05-02 14:07:17,490 [2019997]   WARN - CPPImporter.plugin.IntentionExecutor - indexOf node 0
2017-05-02 14:07:17,534 [2020041]   WARN - CPPLanguage.editor.IntentionContainer_Editor - Show 5 intentions.
2017-05-02 14:07:43,765 [2046272]   INFO - CPPImporter.plugin.KeepAsFeature_Action - [LOG] Intention Keep As Feature for 1 nodes.
2017-05-02 14:08:11,004 [2073511]   INFO - CPPImporter.plugin.KeepAsFeature_Action - [LOG] View of Keep Intention is default
2017-05-02 14:08:11,004 [2073511]   INFO - CPPImporter.plugin.UpdatePreview - Initialize future model
2017-05-02 14:08:11,005 [2073512]   INFO - CPPImporter.plugin.UpdatePreview - Create node mapping
2017-05-02 14:08:11,005 [2073512]   INFO - CPPImporter.plugin.UpdatePreview - Node mapping done
2017-05-02 14:08:11,018 [2073525]   WARN - CPPImporter.plugin.UpdatePreview - Execute intention Keep
2017-05-02 14:08:11,024 [2073531]   WARN - CPPImporter.plugin.IntentionExecutor - indexOf node 0
2017-05-02 14:08:11,031 [2073538]   WARN - CPPImporter.plugin.UpdatePreview - Execute intention Remove
2017-05-02 14:08:11,032 [2073539]   WARN - CPPImporter.plugin.UpdatePreview - Execute intention Keep
2017-05-02 14:08:11,032 [2073539]   WARN - CPPImporter.plugin.IntentionExecutor - MakeMandatory: node 0 is not in #if/#ifdef
2017-05-02 14:08:11,034 [2073541]   WARN - CPPImporter.plugin.IntentionExecutor - Action MakeMandatory only possible if all selected nodes are within an #if/#ifdef
2017-05-02 14:08:11,035 [2073542]  ERROR - CPPImporter.plugin.IntentionExecutor - Failed prerequiste check
2017-05-02 14:08:11,035 [2073542]   WARN - CPPImporter.plugin.UpdatePreview - Execute intention KeepAsFeature
2017-05-02 14:08:11,040 [2073547]   WARN - CPPImporter.plugin.IntentionExecutor - MakeMandatory: node 0 is not in #if/#ifdef
2017-05-02 14:08:11,042 [2073549]   WARN - CPPImporter.plugin.IntentionExecutor - Action MakeMandatory only possible if all selected nodes are within an #if/#ifdef
2017-05-02 14:08:11,043 [2073550]  ERROR - CPPImporter.plugin.IntentionExecutor - Failed prerequiste check
2017-05-02 14:08:11,043 [2073550]   WARN - CPPImporter.plugin.UpdatePreview - Execute intention Remove
2017-05-02 14:08:11,044 [2073551]   WARN - CPPImporter.plugin.UpdatePreview - Execute intention Keep
2017-05-02 14:08:11,044 [2073551]   WARN - CPPImporter.plugin.IntentionExecutor - indexOf node 0
2017-05-02 14:08:11,061 [2073568]   WARN - CPPLanguage.editor.IntentionContainer_Editor - Show 6 intentions.
2017-05-02 14:09:39,379 [2161886]   INFO - CPPImporter.plugin.Keep_Action - [LOG] Intention Keep for 2 nodes.
2017-05-02 14:09:39,379 [2161886]   INFO - CPPImporter.plugin.Keep_Action - [LOG] View of Keep Intention is default
2017-05-02 14:09:39,386 [2161893]   INFO - CPPImporter.plugin.Keep_Action - Propose anti Intention for true branch
2017-05-02 14:09:40,714 [2163221]   INFO - CPPImporter.plugin.Keep_Action - [LOG] Add anti intention
2017-05-02 14:09:40,715 [2163222]   INFO - CPPImporter.plugin.Keep_Action - Update Preview
2017-05-02 14:09:40,715 [2163222]   INFO - CPPImporter.plugin.UpdatePreview - Initialize future model
2017-05-02 14:09:40,716 [2163223]   INFO - CPPImporter.plugin.UpdatePreview - Create node mapping
2017-05-02 14:09:40,716 [2163223]   INFO - CPPImporter.plugin.UpdatePreview - Node mapping done
2017-05-02 14:09:40,729 [2163236]   WARN - CPPImporter.plugin.UpdatePreview - Execute intention Keep
2017-05-02 14:09:40,731 [2163238]   WARN - CPPImporter.plugin.IntentionExecutor - indexOf node 0
2017-05-02 14:09:40,736 [2163243]   WARN - CPPImporter.plugin.UpdatePreview - Execute intention Remove
2017-05-02 14:09:40,736 [2163243]   WARN - CPPImporter.plugin.UpdatePreview - Execute intention Keep
2017-05-02 14:09:40,737 [2163244]   WARN - CPPImporter.plugin.IntentionExecutor - MakeMandatory: node 0 is not in #if/#ifdef
2017-05-02 14:09:40,737 [2163244]   WARN - CPPImporter.plugin.IntentionExecutor - Action MakeMandatory only possible if all selected nodes are within an #if/#ifdef
2017-05-02 14:09:40,737 [2163244]  ERROR - CPPImporter.plugin.IntentionExecutor - Failed prerequiste check
2017-05-02 14:09:40,739 [2163246]   WARN - CPPImporter.plugin.UpdatePreview - Execute intention KeepAsFeature
2017-05-02 14:09:40,739 [2163246]   WARN - CPPImporter.plugin.IntentionExecutor - MakeMandatory: node 0 is not in #if/#ifdef
2017-05-02 14:09:40,739 [2163246]   WARN - CPPImporter.plugin.IntentionExecutor - Action MakeMandatory only possible if all selected nodes are within an #if/#ifdef
2017-05-02 14:09:40,740 [2163247]  ERROR - CPPImporter.plugin.IntentionExecutor - Failed prerequiste check
2017-05-02 14:09:40,741 [2163248]   WARN - CPPImporter.plugin.UpdatePreview - Execute intention Keep
2017-05-02 14:09:40,743 [2163250]   WARN - CPPImporter.plugin.IntentionExecutor - MakeMandatory: node 0 is not in #if/#ifdef
2017-05-02 14:09:40,746 [2163253]   WARN - CPPImporter.plugin.IntentionExecutor - Action MakeMandatory only possible if all selected nodes are within an #if/#ifdef
2017-05-02 14:09:40,746 [2163253]  ERROR - CPPImporter.plugin.IntentionExecutor - Failed prerequiste check
2017-05-02 14:09:40,747 [2163254]   WARN - CPPImporter.plugin.UpdatePreview - Execute intention Remove
2017-05-02 14:09:40,747 [2163254]   WARN - CPPImporter.plugin.UpdatePreview - Execute intention Keep
2017-05-02 14:09:40,748 [2163255]   WARN - CPPImporter.plugin.IntentionExecutor - indexOf node 0
2017-05-02 14:09:40,752 [2163259]   WARN - CPPImporter.plugin.UpdatePreview - Execute intention Remove
2017-05-02 14:09:40,755 [2163262]   WARN - CPPImporter.plugin.UpdatePreview - Execute intention Keep
2017-05-02 14:09:40,755 [2163262]   WARN - CPPImporter.plugin.IntentionExecutor - MakeMandatory: node 0 is not in #if/#ifdef
2017-05-02 14:09:40,755 [2163262]   WARN - CPPImporter.plugin.IntentionExecutor - Action MakeMandatory only possible if all selected nodes are within an #if/#ifdef
2017-05-02 14:09:40,756 [2163263]  ERROR - CPPImporter.plugin.IntentionExecutor - Failed prerequiste check
2017-05-02 14:09:40,777 [2163284]   WARN - CPPLanguage.editor.IntentionContainer_Editor - Show 9 intentions.
2017-05-02 14:09:53,578 [2176085]   WARN - CPPLanguage.editor.IntentionContainer_Editor - Show 6 intentions.
2017-05-02 14:09:53,753 [2176260]   WARN - CPPLanguage.editor.IntentionContainer_Editor - Show 5 intentions.
2017-05-02 14:09:54,011 [2176518]   WARN - CPPLanguage.editor.IntentionContainer_Editor - Show 4 intentions.
2017-05-02 14:09:54,217 [2176724]   WARN - CPPLanguage.editor.IntentionContainer_Editor - Show 3 intentions.
2017-05-02 14:10:41,366 [2223873]   INFO - CPPImporter.plugin.Keep_Action - [LOG] Intention Keep for 1 nodes.
2017-05-02 14:10:41,374 [2223881]   INFO - CPPImporter.plugin.Keep_Action - [LOG] View of Keep Intention is default
2017-05-02 14:10:41,375 [2223882]   INFO - CPPImporter.plugin.Keep_Action - No automatic anti Intention, branch is not completly selected
2017-05-02 14:10:41,375 [2223882]   INFO - CPPImporter.plugin.Keep_Action - Update Preview
2017-05-02 14:10:41,375 [2223882]   INFO - CPPImporter.plugin.UpdatePreview - Initialize future model
2017-05-02 14:10:41,375 [2223882]   INFO - CPPImporter.plugin.UpdatePreview - Create node mapping
2017-05-02 14:10:41,375 [2223882]   INFO - CPPImporter.plugin.UpdatePreview - Node mapping done
2017-05-02 14:10:41,375 [2223882]   WARN - CPPImporter.plugin.UpdatePreview - Execute intention Keep
2017-05-02 14:10:41,379 [2223886]   WARN - CPPImporter.plugin.IntentionExecutor - indexOf node 0
2017-05-02 14:10:41,408 [2223915]   WARN - CPPLanguage.editor.IntentionContainer_Editor - Show 1 intentions.
2017-05-02 14:10:55,686 [2238193]   INFO - CPPImporter.plugin.Keep_Action - [LOG] Intention Keep for 1 nodes.
2017-05-02 14:10:55,687 [2238194]   INFO - CPPImporter.plugin.Keep_Action - [LOG] View of Keep Intention is default
2017-05-02 14:10:55,698 [2238205]   INFO - CPPImporter.plugin.Keep_Action - Propose anti Intention for else branch
2017-05-02 14:10:57,208 [2239715]   INFO - CPPImporter.plugin.Keep_Action - [LOG] Add anti intention
2017-05-02 14:10:57,208 [2239715]   INFO - CPPImporter.plugin.Keep_Action - [LOG] Add anti intention
2017-05-02 14:10:57,208 [2239715]   INFO - CPPImporter.plugin.Keep_Action - Update Preview
2017-05-02 14:10:57,209 [2239716]   INFO - CPPImporter.plugin.UpdatePreview - Initialize future model
2017-05-02 14:10:57,225 [2239732]   INFO - CPPImporter.plugin.UpdatePreview - Create node mapping
2017-05-02 14:10:57,225 [2239732]   INFO - CPPImporter.plugin.UpdatePreview - Node mapping done
2017-05-02 14:10:57,226 [2239733]   WARN - CPPImporter.plugin.UpdatePreview - Execute intention Keep
2017-05-02 14:10:57,229 [2239736]   WARN - CPPImporter.plugin.IntentionExecutor - indexOf node 0
2017-05-02 14:10:57,235 [2239742]   WARN - CPPImporter.plugin.UpdatePreview - Execute intention Keep
2017-05-02 14:10:57,237 [2239744]   WARN - CPPImporter.plugin.IntentionExecutor - indexOf node 0
2017-05-02 14:10:57,239 [2239746]   WARN - CPPImporter.plugin.UpdatePreview - Execute intention Remove
2017-05-02 14:10:57,243 [2239750]   WARN - CPPImporter.plugin.UpdatePreview - Execute intention Remove
2017-05-02 14:10:57,255 [2239762]   WARN - CPPLanguage.editor.IntentionContainer_Editor - Show 4 intentions.
2017-05-02 14:11:03,730 [2246237]   WARN - CPPLanguage.editor.IntentionContainer_Editor - Show 1 intentions.
2017-05-02 14:11:28,074 [2270581]   INFO - CPPImporter.plugin.Keep_Action - [LOG] Intention Keep for 1 nodes.
2017-05-02 14:11:28,075 [2270582]   INFO - CPPImporter.plugin.Keep_Action - [LOG] View of Keep Intention is default
2017-05-02 14:11:28,075 [2270582]   INFO - CPPImporter.plugin.Keep_Action - Propose anti Intention for else branch
2017-05-02 14:11:29,416 [2271923]   INFO - CPPImporter.plugin.Keep_Action - [LOG] Add anti intention
2017-05-02 14:11:29,416 [2271923]   INFO - CPPImporter.plugin.Keep_Action - [LOG] Add anti intention
2017-05-02 14:11:29,416 [2271923]   INFO - CPPImporter.plugin.Keep_Action - Update Preview
2017-05-02 14:11:29,416 [2271923]   INFO - CPPImporter.plugin.UpdatePreview - Initialize future model
2017-05-02 14:11:29,417 [2271924]   INFO - CPPImporter.plugin.UpdatePreview - Create node mapping
2017-05-02 14:11:29,417 [2271924]   INFO - CPPImporter.plugin.UpdatePreview - Node mapping done
2017-05-02 14:11:29,417 [2271924]   WARN - CPPImporter.plugin.UpdatePreview - Execute intention Keep
2017-05-02 14:11:29,428 [2271935]   WARN - CPPImporter.plugin.IntentionExecutor - indexOf node 0
2017-05-02 14:11:29,430 [2271937]   WARN - CPPImporter.plugin.UpdatePreview - Execute intention Remove
2017-05-02 14:11:29,431 [2271938]   WARN - CPPImporter.plugin.UpdatePreview - Execute intention Remove
2017-05-02 14:11:29,475 [2271982]   WARN - CPPLanguage.editor.IntentionContainer_Editor - Show 3 intentions.
2017-05-02 14:11:50,305 [2292812]   INFO - CPPImporter.plugin.Keep_Action - [LOG] Intention Keep for 1 nodes.
2017-05-02 14:11:50,305 [2292812]   INFO - CPPImporter.plugin.Keep_Action - [LOG] View of Keep Intention is default
2017-05-02 14:11:50,309 [2292816]   INFO - CPPImporter.plugin.Keep_Action - No automatic anti Intention, branch is not completly selected
2017-05-02 14:11:50,309 [2292816]   INFO - CPPImporter.plugin.Keep_Action - Update Preview
2017-05-02 14:11:50,309 [2292816]   INFO - CPPImporter.plugin.UpdatePreview - Initialize future model
2017-05-02 14:11:50,317 [2292824]   INFO - CPPImporter.plugin.UpdatePreview - Create node mapping
2017-05-02 14:11:50,317 [2292824]   INFO - CPPImporter.plugin.UpdatePreview - Node mapping done
2017-05-02 14:11:50,327 [2292834]   WARN - CPPImporter.plugin.UpdatePreview - Execute intention Keep
2017-05-02 14:11:50,328 [2292835]   WARN - CPPImporter.plugin.IntentionExecutor - indexOf node 0
2017-05-02 14:11:50,331 [2292838]   WARN - CPPImporter.plugin.UpdatePreview - Execute intention Remove
2017-05-02 14:11:50,332 [2292839]   WARN - CPPImporter.plugin.UpdatePreview - Execute intention Keep
2017-05-02 14:11:50,332 [2292839]   WARN - CPPImporter.plugin.IntentionExecutor - MakeMandatory: node 0 is not in #if/#ifdef
2017-05-02 14:11:50,333 [2292840]   WARN - CPPImporter.plugin.IntentionExecutor - Action MakeMandatory only possible if all selected nodes are within an #if/#ifdef
2017-05-02 14:11:50,333 [2292840]  ERROR - CPPImporter.plugin.IntentionExecutor - Failed prerequiste check
2017-05-02 14:11:50,333 [2292840]   WARN - CPPImporter.plugin.UpdatePreview - Execute intention Remove
2017-05-02 14:11:50,350 [2292857]   WARN - CPPLanguage.editor.IntentionContainer_Editor - Show 4 intentions.
2017-05-02 14:12:32,685 [2335192]   WARN - CPPLanguage.editor.IntentionContainer_Editor - Show 3 intentions.
2017-05-02 14:12:48,574 [2351081]   INFO - CPPImporter.plugin.Keep_Action - [LOG] Intention Keep for 1 nodes.
2017-05-02 14:12:48,583 [2351090]   INFO - CPPImporter.plugin.Keep_Action - [LOG] View of Keep Intention is default
2017-05-02 14:12:48,583 [2351090]   INFO - CPPImporter.plugin.Keep_Action - Propose anti Intention for else branch
2017-05-02 14:12:49,978 [2352485]   INFO - CPPImporter.plugin.Keep_Action - [LOG] Add anti intention
2017-05-02 14:12:49,979 [2352486]   INFO - CPPImporter.plugin.Keep_Action - [LOG] Add anti intention
2017-05-02 14:12:49,979 [2352486]   INFO - CPPImporter.plugin.Keep_Action - Update Preview
2017-05-02 14:12:49,979 [2352486]   INFO - CPPImporter.plugin.UpdatePreview - Initialize future model
2017-05-02 14:12:49,979 [2352486]   INFO - CPPImporter.plugin.UpdatePreview - Create node mapping
2017-05-02 14:12:49,979 [2352486]   INFO - CPPImporter.plugin.UpdatePreview - Node mapping done
2017-05-02 14:12:49,980 [2352487]   WARN - CPPImporter.plugin.UpdatePreview - Execute intention Keep
2017-05-02 14:12:49,985 [2352492]   WARN - CPPImporter.plugin.IntentionExecutor - indexOf node 0
2017-05-02 14:12:49,987 [2352494]   WARN - CPPImporter.plugin.UpdatePreview - Execute intention Remove
2017-05-02 14:12:49,997 [2352504]   WARN - CPPImporter.plugin.UpdatePreview - Execute intention Remove
2017-05-02 14:12:50,020 [2352527]   WARN - CPPLanguage.editor.IntentionContainer_Editor - Show 3 intentions.
2017-05-02 14:13:23,788 [2386295]   INFO - CPPImporter.plugin.Keep_Action - [LOG] Intention Keep for 1 nodes.
2017-05-02 14:13:23,789 [2386296]   INFO - CPPImporter.plugin.Keep_Action - [LOG] View of Keep Intention is default
2017-05-02 14:13:23,790 [2386297]   INFO - CPPImporter.plugin.Keep_Action - Propose anti Intention for else branch
2017-05-02 14:13:26,741 [2389248]   INFO - CPPImporter.plugin.Keep_Action - [LOG] No anti intention
2017-05-02 14:13:26,741 [2389248]   INFO - CPPImporter.plugin.Keep_Action - Update Preview
2017-05-02 14:13:26,741 [2389248]   INFO - CPPImporter.plugin.UpdatePreview - Initialize future model
2017-05-02 14:13:26,741 [2389248]   INFO - CPPImporter.plugin.UpdatePreview - Create node mapping
2017-05-02 14:13:26,742 [2389249]   INFO - CPPImporter.plugin.UpdatePreview - Node mapping done
2017-05-02 14:13:26,742 [2389249]   WARN - CPPImporter.plugin.UpdatePreview - Execute intention Keep
2017-05-02 14:13:26,747 [2389254]   WARN - CPPImporter.plugin.IntentionExecutor - indexOf node 0
2017-05-02 14:13:26,779 [2389286]   WARN - CPPLanguage.editor.IntentionContainer_Editor - Show 1 intentions.
2017-05-02 14:13:50,972 [2413479]   INFO - CPPImporter.plugin.Keep_Action - [LOG] Intention Keep for 1 nodes.
2017-05-02 14:13:50,972 [2413479]   INFO - CPPImporter.plugin.Keep_Action - [LOG] View of Keep Intention is default
2017-05-02 14:13:50,978 [2413485]   INFO - CPPImporter.plugin.Keep_Action - Update Preview
2017-05-02 14:13:50,978 [2413485]   INFO - CPPImporter.plugin.UpdatePreview - Initialize future model
2017-05-02 14:13:50,978 [2413485]   INFO - CPPImporter.plugin.UpdatePreview - Create node mapping
2017-05-02 14:13:50,978 [2413485]   INFO - CPPImporter.plugin.UpdatePreview - Node mapping done
2017-05-02 14:13:50,982 [2413489]   WARN - CPPImporter.plugin.UpdatePreview - Execute intention Keep
2017-05-02 14:13:50,985 [2413492]   WARN - CPPImporter.plugin.IntentionExecutor - indexOf node 0
2017-05-02 14:13:50,986 [2413493]   WARN - CPPImporter.plugin.UpdatePreview - Execute intention Keep
2017-05-02 14:13:50,991 [2413498]   WARN - CPPImporter.plugin.IntentionExecutor - indexOf node 0
2017-05-02 14:13:51,003 [2413510]   WARN - CPPLanguage.editor.IntentionContainer_Editor - Show 2 intentions.
2017-05-02 14:14:10,601 [2433108]   WARN - CPPLanguage.editor.IntentionContainer_Editor - Show 1 intentions.
2017-05-02 14:14:26,660 [2449167]   INFO - CPPImporter.plugin.Keep_Action - [LOG] Intention Keep for 1 nodes.
2017-05-02 14:14:26,660 [2449167]   INFO - CPPImporter.plugin.Keep_Action - [LOG] View of Keep Intention is default
2017-05-02 14:14:26,661 [2449168]   INFO - CPPImporter.plugin.Keep_Action - No automatic anti Intention, branch is not completly selected
2017-05-02 14:14:26,661 [2449168]   INFO - CPPImporter.plugin.Keep_Action - Update Preview
2017-05-02 14:14:26,661 [2449168]   INFO - CPPImporter.plugin.UpdatePreview - Initialize future model
2017-05-02 14:14:26,661 [2449168]   INFO - CPPImporter.plugin.UpdatePreview - Create node mapping
2017-05-02 14:14:26,662 [2449169]   INFO - CPPImporter.plugin.UpdatePreview - Node mapping done
2017-05-02 14:14:26,662 [2449169]   WARN - CPPImporter.plugin.UpdatePreview - Execute intention Keep
2017-05-02 14:14:26,665 [2449172]   WARN - CPPImporter.plugin.IntentionExecutor - indexOf node 0
2017-05-02 14:14:26,671 [2449178]   WARN - CPPImporter.plugin.UpdatePreview - Execute intention Keep
2017-05-02 14:14:26,672 [2449179]   WARN - CPPImporter.plugin.IntentionExecutor - indexOf node 0
2017-05-02 14:14:26,687 [2449194]   WARN - CPPLanguage.editor.IntentionContainer_Editor - Show 2 intentions.
2017-05-02 14:16:16,235 [2558742]   INFO - CPPImporter.plugin.Remove_Action - [LOG] Remove Intention for 1 nodes.
2017-05-02 14:16:16,249 [2558756]   INFO - CPPImporter.plugin.Remove_Action - [LOG] View of Keep Intention is default
2017-05-02 14:16:16,271 [2558778]   INFO - CPPImporter.plugin.Remove_Action - No automatic anti Intention, branch is not completly selected
2017-05-02 14:16:16,299 [2558806]   WARN - CPPLanguage.editor.IntentionContainer_Editor - Show 3 intentions.
2017-05-02 14:16:29,514 [2572021]   WARN - CPPLanguage.editor.IntentionContainer_Editor - Show 2 intentions.
2017-05-02 14:16:40,189 [2582696]   WARN - CPPLanguage.editor.IntentionContainer_Editor - Show 2 intentions.
2017-05-02 14:17:20,262 [2622769]   INFO - CPPImporter.plugin.Keep_Action - [LOG] Intention Keep for 2 nodes.
2017-05-02 14:17:20,263 [2622770]   INFO - CPPImporter.plugin.Keep_Action - [LOG] View of Keep Intention is default
2017-05-02 14:17:20,263 [2622770]   INFO - CPPImporter.plugin.Keep_Action - Update Preview
2017-05-02 14:17:20,263 [2622770]   INFO - CPPImporter.plugin.UpdatePreview - Initialize future model
2017-05-02 14:17:20,264 [2622771]   INFO - CPPImporter.plugin.UpdatePreview - Create node mapping
2017-05-02 14:17:20,264 [2622771]   INFO - CPPImporter.plugin.UpdatePreview - Node mapping done
2017-05-02 14:17:20,264 [2622771]   WARN - CPPImporter.plugin.UpdatePreview - Execute intention Keep
2017-05-02 14:17:20,267 [2622774]   WARN - CPPImporter.plugin.IntentionExecutor - indexOf node 0
2017-05-02 14:17:20,269 [2622776]   WARN - CPPImporter.plugin.UpdatePreview - Execute intention Keep
2017-05-02 14:17:20,275 [2622782]   WARN - CPPImporter.plugin.IntentionExecutor - indexOf node 0
2017-05-02 14:17:20,277 [2622784]   WARN - CPPImporter.plugin.UpdatePreview - Execute intention Keep
2017-05-02 14:17:20,279 [2622786]   WARN - CPPImporter.plugin.IntentionExecutor - MakeMandatory: node 0 is not in #if/#ifdef
2017-05-02 14:17:20,280 [2622787]   WARN - CPPImporter.plugin.IntentionExecutor - Action MakeMandatory only possible if all selected nodes are within an #if/#ifdef
2017-05-02 14:17:20,281 [2622788]  ERROR - CPPImporter.plugin.IntentionExecutor - Failed prerequiste check
2017-05-02 14:17:20,281 [2622788]   WARN - CPPImporter.plugin.UpdatePreview - Execute intention Keep
2017-05-02 14:17:20,281 [2622788]   WARN - CPPImporter.plugin.IntentionExecutor - MakeMandatory: node 0 is not in #if/#ifdef
2017-05-02 14:17:20,282 [2622789]   WARN - CPPImporter.plugin.IntentionExecutor - Action MakeMandatory only possible if all selected nodes are within an #if/#ifdef
2017-05-02 14:17:20,282 [2622789]  ERROR - CPPImporter.plugin.IntentionExecutor - Failed prerequiste check
2017-05-02 14:17:20,313 [2622820]   WARN - CPPLanguage.editor.IntentionContainer_Editor - Show 4 intentions.
2017-05-02 14:17:46,044 [2648551]   INFO - CPPImporter.plugin.KeepAsFeature_Action - [LOG] Intention Keep As Feature for 1 nodes.
2017-05-02 14:18:02,197 [2664704]   INFO - CPPImporter.plugin.KeepAsFeature_Action - [LOG] View of Keep Intention is default
2017-05-02 14:18:02,198 [2664705]   INFO - CPPImporter.plugin.UpdatePreview - Initialize future model
2017-05-02 14:18:02,199 [2664706]   INFO - CPPImporter.plugin.UpdatePreview - Create node mapping
2017-05-02 14:18:02,199 [2664706]   INFO - CPPImporter.plugin.UpdatePreview - Node mapping done
2017-05-02 14:18:02,207 [2664714]   WARN - CPPImporter.plugin.UpdatePreview - Execute intention Keep
2017-05-02 14:18:02,208 [2664715]   WARN - CPPImporter.plugin.IntentionExecutor - indexOf node 0
2017-05-02 14:18:02,210 [2664717]   WARN - CPPImporter.plugin.UpdatePreview - Execute intention Keep
2017-05-02 14:18:02,210 [2664717]   WARN - CPPImporter.plugin.IntentionExecutor - indexOf node 0
2017-05-02 14:18:02,211 [2664718]   WARN - CPPImporter.plugin.UpdatePreview - Execute intention Keep
2017-05-02 14:18:02,213 [2664720]   WARN - CPPImporter.plugin.IntentionExecutor - MakeMandatory: node 0 is not in #if/#ifdef
2017-05-02 14:18:02,214 [2664721]   WARN - CPPImporter.plugin.IntentionExecutor - Action MakeMandatory only possible if all selected nodes are within an #if/#ifdef
2017-05-02 14:18:02,214 [2664721]  ERROR - CPPImporter.plugin.IntentionExecutor - Failed prerequiste check
2017-05-02 14:18:02,214 [2664721]   WARN - CPPImporter.plugin.UpdatePreview - Execute intention Keep
2017-05-02 14:18:02,216 [2664723]   WARN - CPPImporter.plugin.IntentionExecutor - MakeMandatory: node 0 is not in #if/#ifdef
2017-05-02 14:18:02,219 [2664726]   WARN - CPPImporter.plugin.IntentionExecutor - Action MakeMandatory only possible if all selected nodes are within an #if/#ifdef
2017-05-02 14:18:02,219 [2664726]  ERROR - CPPImporter.plugin.IntentionExecutor - Failed prerequiste check
2017-05-02 14:18:02,220 [2664727]   WARN - CPPImporter.plugin.UpdatePreview - Execute intention KeepAsFeature
2017-05-02 14:18:02,220 [2664727]   WARN - CPPImporter.plugin.IntentionExecutor - MakeMandatory: node 0 is not in #if/#ifdef
2017-05-02 14:18:02,220 [2664727]   WARN - CPPImporter.plugin.IntentionExecutor - Action MakeMandatory only possible if all selected nodes are within an #if/#ifdef
2017-05-02 14:18:02,221 [2664728]  ERROR - CPPImporter.plugin.IntentionExecutor - Failed prerequiste check
2017-05-02 14:18:02,237 [2664744]   WARN - CPPLanguage.editor.IntentionContainer_Editor - Show 5 intentions.
2017-05-02 14:18:13,312 [2675819]   WARN - CPPLanguage.editor.IntentionContainer_Editor - Show 4 intentions.
2017-05-02 14:18:16,764 [2679271]   WARN - CPPLanguage.editor.IntentionContainer_Editor - Show 2 intentions.
2017-05-02 14:18:30,096 [2692603]   WARN - CPPLanguage.editor.IntentionContainer_Editor - Show 4 intentions.
2017-05-02 14:19:00,971 [2723478]   INFO - CPPImporter.plugin.KeepAsFeature_Action - [LOG] Intention Keep As Feature for 1 nodes.
2017-05-02 14:19:18,519 [2741026]   INFO - CPPImporter.plugin.KeepAsFeature_Action - [LOG] View of Keep Intention is default
2017-05-02 14:19:18,520 [2741027]   INFO - CPPImporter.plugin.UpdatePreview - Initialize future model
2017-05-02 14:19:18,520 [2741027]   INFO - CPPImporter.plugin.UpdatePreview - Create node mapping
2017-05-02 14:19:18,520 [2741027]   INFO - CPPImporter.plugin.UpdatePreview - Node mapping done
2017-05-02 14:19:18,527 [2741034]   WARN - CPPImporter.plugin.UpdatePreview - Execute intention Keep
2017-05-02 14:19:18,532 [2741039]   WARN - CPPImporter.plugin.IntentionExecutor - indexOf node 0
2017-05-02 14:19:18,533 [2741040]   WARN - CPPImporter.plugin.UpdatePreview - Execute intention Keep
2017-05-02 14:19:18,539 [2741046]   WARN - CPPImporter.plugin.IntentionExecutor - indexOf node 0
2017-05-02 14:19:18,540 [2741047]   WARN - CPPImporter.plugin.UpdatePreview - Execute intention Keep
2017-05-02 14:19:18,541 [2741048]   WARN - CPPImporter.plugin.IntentionExecutor - MakeMandatory: node 0 is not in #if/#ifdef
2017-05-02 14:19:18,543 [2741050]   WARN - CPPImporter.plugin.IntentionExecutor - Action MakeMandatory only possible if all selected nodes are within an #if/#ifdef
2017-05-02 14:19:18,543 [2741050]  ERROR - CPPImporter.plugin.IntentionExecutor - Failed prerequiste check
2017-05-02 14:19:18,543 [2741050]   WARN - CPPImporter.plugin.UpdatePreview - Execute intention Keep
2017-05-02 14:19:18,544 [2741051]   WARN - CPPImporter.plugin.IntentionExecutor - MakeMandatory: node 0 is not in #if/#ifdef
2017-05-02 14:19:18,545 [2741052]   WARN - CPPImporter.plugin.IntentionExecutor - Action MakeMandatory only possible if all selected nodes are within an #if/#ifdef
2017-05-02 14:19:18,545 [2741052]  ERROR - CPPImporter.plugin.IntentionExecutor - Failed prerequiste check
2017-05-02 14:19:18,545 [2741052]   WARN - CPPImporter.plugin.UpdatePreview - Execute intention KeepAsFeature
2017-05-02 14:19:18,547 [2741054]   WARN - CPPImporter.plugin.IntentionExecutor - MakeMandatory: node 0 is not in #if/#ifdef
2017-05-02 14:19:18,547 [2741054]   WARN - CPPImporter.plugin.IntentionExecutor - Action MakeMandatory only possible if all selected nodes are within an #if/#ifdef
2017-05-02 14:19:18,547 [2741054]  ERROR - CPPImporter.plugin.IntentionExecutor - Failed prerequiste check
2017-05-02 14:19:18,572 [2741079]   WARN - CPPLanguage.editor.IntentionContainer_Editor - Show 5 intentions.
2017-05-02 14:19:28,463 [2750970]   WARN - CPPLanguage.editor.IntentionContainer_Editor - Show 4 intentions.
2017-05-02 14:19:29,285 [2751792]   WARN - CPPLanguage.editor.IntentionContainer_Editor - Show 2 intentions.
2017-05-02 14:19:32,004 [2754511]   WARN - CPPLanguage.editor.IntentionContainer_Editor - Show 4 intentions.
2017-05-02 14:19:55,270 [2777777]   WARN - CPPImporter.plugin.ChangePC_Action - [LOG] Intention ChangePC View default
2017-05-02 14:19:55,283 [2777790]   INFO - CPPImporter.plugin.UpdatePreview - Initialize future model
2017-05-02 14:19:55,284 [2777791]   INFO - CPPImporter.plugin.UpdatePreview - Create node mapping
2017-05-02 14:19:55,284 [2777791]   INFO - CPPImporter.plugin.UpdatePreview - Node mapping done
2017-05-02 14:19:55,284 [2777791]   WARN - CPPImporter.plugin.UpdatePreview - Execute intention Keep
2017-05-02 14:19:55,290 [2777797]   WARN - CPPImporter.plugin.IntentionExecutor - indexOf node 0
2017-05-02 14:19:55,293 [2777800]   WARN - CPPImporter.plugin.UpdatePreview - Execute intention Keep
2017-05-02 14:19:55,294 [2777801]   WARN - CPPImporter.plugin.IntentionExecutor - indexOf node 0
2017-05-02 14:19:55,299 [2777806]   WARN - CPPImporter.plugin.UpdatePreview - Execute intention Keep
2017-05-02 14:19:55,299 [2777806]   WARN - CPPImporter.plugin.IntentionExecutor - MakeMandatory: node 0 is not in #if/#ifdef
2017-05-02 14:19:55,300 [2777807]   WARN - CPPImporter.plugin.IntentionExecutor - Action MakeMandatory only possible if all selected nodes are within an #if/#ifdef
2017-05-02 14:19:55,300 [2777807]  ERROR - CPPImporter.plugin.IntentionExecutor - Failed prerequiste check
2017-05-02 14:19:55,300 [2777807]   WARN - CPPImporter.plugin.UpdatePreview - Execute intention Keep
2017-05-02 14:19:55,301 [2777808]   WARN - CPPImporter.plugin.IntentionExecutor - MakeMandatory: node 0 is not in #if/#ifdef
2017-05-02 14:19:55,301 [2777808]   WARN - CPPImporter.plugin.IntentionExecutor - Action MakeMandatory only possible if all selected nodes are within an #if/#ifdef
2017-05-02 14:19:55,301 [2777808]  ERROR - CPPImporter.plugin.IntentionExecutor - Failed prerequiste check
2017-05-02 14:19:55,302 [2777809]   WARN - CPPImporter.plugin.UpdatePreview - Execute intention ChangePC
2017-05-02 14:19:55,329 [2777836]   WARN - CPPLanguage.editor.IntentionContainer_Editor - Show 5 intentions.
2017-05-02 14:20:15,012 [2797519]   INFO - CPPImporter.plugin.Remove_Action - [LOG] Remove Intention for 1 nodes.
2017-05-02 14:20:15,013 [2797520]   INFO - CPPImporter.plugin.Remove_Action - [LOG] View of Keep Intention is default
2017-05-02 14:20:15,013 [2797520]   INFO - CPPImporter.plugin.Remove_Action - No automatic anti Intention, branch is not completly selected
2017-05-02 14:20:15,039 [2797546]   WARN - CPPLanguage.editor.IntentionContainer_Editor - Show 6 intentions.
2017-05-02 14:20:43,633 [2826140]   WARN - CPPLanguage.editor.IntentionContainer_Editor - Show 5 intentions.
2017-05-02 14:21:00,488 [2842995]   INFO - CPPImporter.plugin.Remove_Action - [LOG] Remove Intention for 1 nodes.
2017-05-02 14:21:00,489 [2842996]   INFO - CPPImporter.plugin.Remove_Action - [LOG] View of Keep Intention is default
2017-05-02 14:21:00,496 [2843003]   INFO - CPPImporter.plugin.Remove_Action - No automatic anti Intention, branch is not completly selected
2017-05-02 14:21:00,503 [2843010]   WARN - CPPLanguage.editor.IntentionContainer_Editor - Show 6 intentions.
2017-05-02 14:21:22,005 [2864512]   WARN - CPPLanguage.editor.IntentionContainer_Editor - Show 5 intentions.
2017-05-02 14:21:22,239 [2864746]   WARN - CPPLanguage.editor.IntentionContainer_Editor - Show 4 intentions.
2017-05-02 14:21:22,546 [2865053]   WARN - CPPLanguage.editor.IntentionContainer_Editor - Show 2 intentions.
2017-05-02 14:21:22,972 [2865479]   WARN - CPPLanguage.editor.IntentionContainer_Editor - Show 2 intentions.
2017-05-02 14:21:23,173 [2865680]   WARN - CPPLanguage.editor.IntentionContainer_Editor - Show 1 intentions.
2017-05-02 14:22:05,265 [2907772]   INFO - CPPImporter.plugin.ArrangeViews_Action - [LOG] Arrange Views
2017-05-02 14:22:35,031 [2937538]   INFO - CPPImporter.plugin.Keep_Action - [LOG] Intention Keep for 1 nodes. 
2017-05-02 14:22:35,039 [2937546]   INFO - CPPImporter.plugin.Keep_Action - [LOG] View of Keep Intention is default 
2017-05-02 14:22:35,039 [2937546]   INFO - CPPImporter.plugin.Keep_Action - Update Preview 
2017-05-02 14:22:35,039 [2937546]   INFO - CPPImporter.plugin.UpdatePreview - Initialize future model 
2017-05-02 14:22:35,039 [2937546]   INFO - CPPImporter.plugin.UpdatePreview - Create node mapping 
2017-05-02 14:22:35,039 [2937546]   INFO - CPPImporter.plugin.UpdatePreview - Node mapping done 
2017-05-02 14:22:35,040 [2937547]   WARN - CPPImporter.plugin.UpdatePreview - Execute intention Keep 
2017-05-02 14:22:35,040 [2937547]   WARN - CPPImporter.plugin.IntentionExecutor - MakeMandatory: node 0 is not in #if/#ifdef 
2017-05-02 14:22:35,041 [2937548]   WARN - CPPImporter.plugin.IntentionExecutor - Action MakeMandatory only possible if all selected nodes are within an #if/#ifdef 
2017-05-02 14:22:35,041 [2937548]  ERROR - CPPImporter.plugin.IntentionExecutor - Failed prerequiste check 
2017-05-02 14:22:35,061 [2937568]   WARN - CPPLanguage.editor.IntentionContainer_Editor - Show 1 intentions. 
2017-05-02 14:22:56,443 [2958950]   INFO - CPPImporter.plugin.Keep_Action - [LOG] Intention Keep for 1 nodes. 
2017-05-02 14:22:56,443 [2958950]   INFO - CPPImporter.plugin.Keep_Action - [LOG] View of Keep Intention is default 
2017-05-02 14:22:56,444 [2958951]   INFO - CPPImporter.plugin.Keep_Action - Propose anti Intention for else branch 
2017-05-02 14:22:57,902 [2960409]   INFO - CPPImporter.plugin.Keep_Action - [LOG] No anti intention 
2017-05-02 14:22:57,902 [2960409]   INFO - CPPImporter.plugin.Keep_Action - Update Preview 
2017-05-02 14:22:57,902 [2960409]   INFO - CPPImporter.plugin.UpdatePreview - Initialize future model 
2017-05-02 14:22:57,903 [2960410]   INFO - CPPImporter.plugin.UpdatePreview - Create node mapping 
2017-05-02 14:22:57,903 [2960410]   INFO - CPPImporter.plugin.UpdatePreview - Node mapping done 
2017-05-02 14:22:57,903 [2960410]   WARN - CPPImporter.plugin.UpdatePreview - Execute intention Keep 
2017-05-02 14:22:57,907 [2960414]   WARN - CPPImporter.plugin.IntentionExecutor - MakeMandatory: node 0 is not in #if/#ifdef 
2017-05-02 14:22:57,908 [2960415]   WARN - CPPImporter.plugin.IntentionExecutor - Action MakeMandatory only possible if all selected nodes are within an #if/#ifdef 
2017-05-02 14:22:57,909 [2960416]  ERROR - CPPImporter.plugin.IntentionExecutor - Failed prerequiste check 
2017-05-02 14:22:57,909 [2960416]   WARN - CPPImporter.plugin.UpdatePreview - Execute intention Keep 
2017-05-02 14:22:57,910 [2960417]   WARN - CPPImporter.plugin.IntentionExecutor - indexOf node 0 
2017-05-02 14:22:57,926 [2960433]   WARN - CPPLanguage.editor.IntentionContainer_Editor - Show 2 intentions. 
2017-05-02 14:23:29,529 [2992036]   INFO - CPPImporter.plugin.Keep_Action - [LOG] Intention Keep for 1 nodes. 
2017-05-02 14:23:29,532 [2992039]   INFO - CPPImporter.plugin.Keep_Action - [LOG] View of Keep Intention is default 
2017-05-02 14:23:29,533 [2992040]   INFO - CPPImporter.plugin.Keep_Action - No automatic anti Intention, branch is not completly selected 
2017-05-02 14:23:29,533 [2992040]   INFO - CPPImporter.plugin.Keep_Action - Update Preview 
2017-05-02 14:23:29,533 [2992040]   INFO - CPPImporter.plugin.UpdatePreview - Initialize future model 
2017-05-02 14:23:29,543 [2992050]   INFO - CPPImporter.plugin.UpdatePreview - Create node mapping 
2017-05-02 14:23:29,543 [2992050]   INFO - CPPImporter.plugin.UpdatePreview - Node mapping done 
2017-05-02 14:23:29,543 [2992050]   WARN - CPPImporter.plugin.UpdatePreview - Execute intention Keep 
2017-05-02 14:23:29,548 [2992055]   WARN - CPPImporter.plugin.IntentionExecutor - MakeMandatory: node 0 is not in #if/#ifdef 
2017-05-02 14:23:29,549 [2992056]   WARN - CPPImporter.plugin.IntentionExecutor - Action MakeMandatory only possible if all selected nodes are within an #if/#ifdef 
2017-05-02 14:23:29,552 [2992059]  ERROR - CPPImporter.plugin.IntentionExecutor - Failed prerequiste check 
2017-05-02 14:23:29,553 [2992060]   WARN - CPPImporter.plugin.UpdatePreview - Execute intention Keep 
2017-05-02 14:23:29,553 [2992060]   WARN - CPPImporter.plugin.IntentionExecutor - indexOf node 0 
2017-05-02 14:23:29,554 [2992061]   WARN - CPPImporter.plugin.UpdatePreview - Execute intention Keep 
2017-05-02 14:23:29,554 [2992061]   WARN - CPPImporter.plugin.IntentionExecutor - indexOf node 0 
2017-05-02 14:23:29,577 [2992084]   WARN - CPPLanguage.editor.IntentionContainer_Editor - Show 3 intentions. 
2017-05-02 14:24:03,316 [3025823]   INFO - CPPImporter.plugin.Remove_Action - [LOG] Remove Intention for 1 nodes. 
2017-05-02 14:24:03,316 [3025823]   INFO - CPPImporter.plugin.Remove_Action - [LOG] View of Keep Intention is default 
2017-05-02 14:24:03,318 [3025825]   INFO - CPPImporter.plugin.Remove_Action - No automatic anti Intention, branch is not completly selected 
2017-05-02 14:24:03,328 [3025835]   WARN - CPPLanguage.editor.IntentionContainer_Editor - Show 4 intentions. 
2017-05-02 14:24:54,611 [3077118]   WARN - CPPImporter.plugin.ChangePC_Action - [LOG] Intention ChangePC View default 
2017-05-02 14:24:54,619 [3077126]   INFO - CPPImporter.plugin.UpdatePreview - Initialize future model 
2017-05-02 14:24:54,620 [3077127]   INFO - CPPImporter.plugin.UpdatePreview - Create node mapping 
2017-05-02 14:24:54,627 [3077134]   INFO - CPPImporter.plugin.UpdatePreview - Node mapping done 
2017-05-02 14:24:54,628 [3077135]   WARN - CPPImporter.plugin.UpdatePreview - Execute intention Keep 
2017-05-02 14:24:54,629 [3077136]   WARN - CPPImporter.plugin.IntentionExecutor - MakeMandatory: node 0 is not in #if/#ifdef 
2017-05-02 14:24:54,630 [3077137]   WARN - CPPImporter.plugin.IntentionExecutor - Action MakeMandatory only possible if all selected nodes are within an #if/#ifdef 
2017-05-02 14:24:54,630 [3077137]  ERROR - CPPImporter.plugin.IntentionExecutor - Failed prerequiste check 
2017-05-02 14:24:54,631 [3077138]   WARN - CPPImporter.plugin.UpdatePreview - Execute intention Keep 
2017-05-02 14:24:54,631 [3077138]   WARN - CPPImporter.plugin.IntentionExecutor - indexOf node 0 
2017-05-02 14:24:54,632 [3077139]   WARN - CPPImporter.plugin.UpdatePreview - Execute intention Keep 
2017-05-02 14:24:54,632 [3077139]   WARN - CPPImporter.plugin.IntentionExecutor - indexOf node 0 
2017-05-02 14:24:54,635 [3077142]   WARN - CPPImporter.plugin.UpdatePreview - Execute intention Remove 
2017-05-02 14:24:54,637 [3077144]   WARN - CPPImporter.plugin.UpdatePreview - Execute intention ChangePC 
2017-05-02 14:24:54,658 [3077165]   WARN - CPPLanguage.editor.IntentionContainer_Editor - Show 5 intentions. 
2017-05-02 14:25:10,445 [3092952]   INFO - CPPImporter.plugin.Remove_Action - [LOG] Remove Intention for 1 nodes. 
2017-05-02 14:25:10,445 [3092952]   INFO - CPPImporter.plugin.Remove_Action - [LOG] View of Keep Intention is default 
2017-05-02 14:25:10,446 [3092953]   INFO - CPPImporter.plugin.Remove_Action - No automatic anti Intention, branch is not completly selected 
2017-05-02 14:25:10,452 [3092959]   WARN - CPPLanguage.editor.IntentionContainer_Editor - Show 6 intentions. 
2017-05-02 14:26:35,804 [3178311]   WARN - CPPImporter.plugin.ChangePC_Action - [LOG] Intention ChangePC View default 
2017-05-02 14:26:35,805 [3178312]   INFO - CPPImporter.plugin.UpdatePreview - Initialize future model 
2017-05-02 14:26:35,805 [3178312]   INFO - CPPImporter.plugin.UpdatePreview - Create node mapping 
2017-05-02 14:26:35,805 [3178312]   INFO - CPPImporter.plugin.UpdatePreview - Node mapping done 
2017-05-02 14:26:35,806 [3178313]   WARN - CPPImporter.plugin.UpdatePreview - Execute intention Keep 
2017-05-02 14:26:35,812 [3178319]   WARN - CPPImporter.plugin.IntentionExecutor - MakeMandatory: node 0 is not in #if/#ifdef 
2017-05-02 14:26:35,812 [3178319]   WARN - CPPImporter.plugin.IntentionExecutor - Action MakeMandatory only possible if all selected nodes are within an #if/#ifdef 
2017-05-02 14:26:35,813 [3178320]  ERROR - CPPImporter.plugin.IntentionExecutor - Failed prerequiste check 
2017-05-02 14:26:35,813 [3178320]   WARN - CPPImporter.plugin.UpdatePreview - Execute intention Keep 
2017-05-02 14:26:35,813 [3178320]   WARN - CPPImporter.plugin.IntentionExecutor - indexOf node 0 
2017-05-02 14:26:35,814 [3178321]   WARN - CPPImporter.plugin.UpdatePreview - Execute intention Keep 
2017-05-02 14:26:35,814 [3178321]   WARN - CPPImporter.plugin.IntentionExecutor - indexOf node 0 
2017-05-02 14:26:35,817 [3178324]   WARN - CPPImporter.plugin.UpdatePreview - Execute intention Remove 
2017-05-02 14:26:35,821 [3178328]   WARN - CPPImporter.plugin.UpdatePreview - Execute intention ChangePC 
2017-05-02 14:26:35,821 [3178328]   WARN - CPPImporter.plugin.UpdatePreview - Execute intention Remove 
2017-05-02 14:26:35,822 [3178329]   WARN - CPPImporter.plugin.UpdatePreview - Execute intention ChangePC 
2017-05-02 14:26:35,835 [3178342]   WARN - CPPLanguage.editor.IntentionContainer_Editor - Show 7 intentions. 
2017-05-02 14:27:39,229 [3241736]   INFO - CPPImporter.plugin.Keep_Action - [LOG] Intention Keep for 1 nodes. 
2017-05-02 14:27:39,229 [3241736]   INFO - CPPImporter.plugin.Keep_Action - [LOG] View of Keep Intention is default 
2017-05-02 14:27:39,242 [3241749]   INFO - CPPImporter.plugin.Keep_Action - No automatic anti Intention, branch is not completly selected 
2017-05-02 14:27:39,242 [3241749]   INFO - CPPImporter.plugin.Keep_Action - Update Preview 
2017-05-02 14:27:39,242 [3241749]   INFO - CPPImporter.plugin.UpdatePreview - Initialize future model 
2017-05-02 14:27:39,242 [3241749]   INFO - CPPImporter.plugin.UpdatePreview - Create node mapping 
2017-05-02 14:27:39,242 [3241749]   INFO - CPPImporter.plugin.UpdatePreview - Node mapping done 
2017-05-02 14:27:39,251 [3241758]   WARN - CPPImporter.plugin.UpdatePreview - Execute intention Keep 
2017-05-02 14:27:39,252 [3241759]   WARN - CPPImporter.plugin.IntentionExecutor - MakeMandatory: node 0 is not in #if/#ifdef 
2017-05-02 14:27:39,252 [3241759]   WARN - CPPImporter.plugin.IntentionExecutor - Action MakeMandatory only possible if all selected nodes are within an #if/#ifdef 
2017-05-02 14:27:39,252 [3241759]  ERROR - CPPImporter.plugin.IntentionExecutor - Failed prerequiste check 
2017-05-02 14:27:39,253 [3241760]   WARN - CPPImporter.plugin.UpdatePreview - Execute intention Keep 
2017-05-02 14:27:39,253 [3241760]   WARN - CPPImporter.plugin.IntentionExecutor - indexOf node 0 
2017-05-02 14:27:39,254 [3241761]   WARN - CPPImporter.plugin.UpdatePreview - Execute intention Keep 
2017-05-02 14:27:39,254 [3241761]   WARN - CPPImporter.plugin.IntentionExecutor - indexOf node 0 
2017-05-02 14:27:39,255 [3241762]   WARN - CPPImporter.plugin.UpdatePreview - Execute intention Remove 
2017-05-02 14:27:39,255 [3241762]   WARN - CPPImporter.plugin.UpdatePreview - Execute intention ChangePC 
2017-05-02 14:27:39,256 [3241763]   WARN - CPPImporter.plugin.UpdatePreview - Execute intention Remove 
2017-05-02 14:27:39,256 [3241763]   WARN - CPPImporter.plugin.UpdatePreview - Execute intention ChangePC 
2017-05-02 14:27:39,258 [3241765]   WARN - CPPImporter.plugin.UpdatePreview - Execute intention Keep 
2017-05-02 14:27:39,258 [3241765]   WARN - CPPImporter.plugin.IntentionExecutor - indexOf node 2 
2017-05-02 14:27:39,274 [3241781]   WARN - CPPLanguage.editor.IntentionContainer_Editor - Show 8 intentions. 
2017-05-02 14:27:58,092 [3260599]   INFO - CPPImporter.plugin.Keep_Action - [LOG] Intention Keep for 1 nodes. 
2017-05-02 14:27:58,092 [3260599]   INFO - CPPImporter.plugin.Keep_Action - [LOG] View of Keep Intention is default 
2017-05-02 14:27:58,093 [3260600]   INFO - CPPImporter.plugin.Keep_Action - No automatic anti Intention, branch is not completly selected 
2017-05-02 14:27:58,093 [3260600]   INFO - CPPImporter.plugin.Keep_Action - Update Preview 
2017-05-02 14:27:58,093 [3260600]   INFO - CPPImporter.plugin.UpdatePreview - Initialize future model 
2017-05-02 14:27:58,093 [3260600]   INFO - CPPImporter.plugin.UpdatePreview - Create node mapping 
2017-05-02 14:27:58,093 [3260600]   INFO - CPPImporter.plugin.UpdatePreview - Node mapping done 
2017-05-02 14:27:58,094 [3260601]   WARN - CPPImporter.plugin.UpdatePreview - Execute intention Keep 
2017-05-02 14:27:58,099 [3260606]   WARN - CPPImporter.plugin.IntentionExecutor - MakeMandatory: node 0 is not in #if/#ifdef 
2017-05-02 14:27:58,099 [3260606]   WARN - CPPImporter.plugin.IntentionExecutor - Action MakeMandatory only possible if all selected nodes are within an #if/#ifdef 
2017-05-02 14:27:58,100 [3260607]  ERROR - CPPImporter.plugin.IntentionExecutor - Failed prerequiste check 
2017-05-02 14:27:58,100 [3260607]   WARN - CPPImporter.plugin.UpdatePreview - Execute intention Keep 
2017-05-02 14:27:58,100 [3260607]   WARN - CPPImporter.plugin.IntentionExecutor - indexOf node 0 
2017-05-02 14:27:58,101 [3260608]   WARN - CPPImporter.plugin.UpdatePreview - Execute intention Keep 
2017-05-02 14:27:58,115 [3260622]   WARN - CPPImporter.plugin.IntentionExecutor - indexOf node 0 
2017-05-02 14:27:58,117 [3260624]   WARN - CPPImporter.plugin.UpdatePreview - Execute intention Remove 
2017-05-02 14:27:58,117 [3260624]   WARN - CPPImporter.plugin.UpdatePreview - Execute intention ChangePC 
2017-05-02 14:27:58,118 [3260625]   WARN - CPPImporter.plugin.UpdatePreview - Execute intention Remove 
2017-05-02 14:27:58,118 [3260625]   WARN - CPPImporter.plugin.UpdatePreview - Execute intention ChangePC 
2017-05-02 14:27:58,118 [3260625]   WARN - CPPImporter.plugin.UpdatePreview - Execute intention Keep 
2017-05-02 14:27:58,119 [3260626]   WARN - CPPImporter.plugin.IntentionExecutor - indexOf node 1 
2017-05-02 14:27:58,120 [3260627]   WARN - CPPImporter.plugin.UpdatePreview - Execute intention Keep 
2017-05-02 14:27:58,121 [3260628]   WARN - CPPImporter.plugin.IntentionExecutor - indexOf node 0 
2017-05-02 14:27:58,141 [3260648]   WARN - CPPLanguage.editor.IntentionContainer_Editor - Show 9 intentions. 
2017-05-02 14:28:48,489 [3310996]   INFO - CPPImporter.plugin.Keep_Action - [LOG] Intention Keep for 1 nodes. 
2017-05-02 14:28:48,489 [3310996]   INFO - CPPImporter.plugin.Keep_Action - [LOG] View of Keep Intention is default 
2017-05-02 14:28:48,490 [3310997]   INFO - CPPImporter.plugin.Keep_Action - No automatic anti Intention, branch is not completly selected 
2017-05-02 14:28:48,490 [3310997]   INFO - CPPImporter.plugin.Keep_Action - Update Preview 
2017-05-02 14:28:48,490 [3310997]   INFO - CPPImporter.plugin.UpdatePreview - Initialize future model 
2017-05-02 14:28:48,490 [3310997]   INFO - CPPImporter.plugin.UpdatePreview - Create node mapping 
2017-05-02 14:28:48,490 [3310997]   INFO - CPPImporter.plugin.UpdatePreview - Node mapping done 
2017-05-02 14:28:48,492 [3310999]   WARN - CPPImporter.plugin.UpdatePreview - Execute intention Keep 
2017-05-02 14:28:48,493 [3311000]   WARN - CPPImporter.plugin.IntentionExecutor - MakeMandatory: node 0 is not in #if/#ifdef 
2017-05-02 14:28:48,494 [3311001]   WARN - CPPImporter.plugin.IntentionExecutor - Action MakeMandatory only possible if all selected nodes are within an #if/#ifdef 
2017-05-02 14:28:48,495 [3311002]  ERROR - CPPImporter.plugin.IntentionExecutor - Failed prerequiste check 
2017-05-02 14:28:48,502 [3311009]   WARN - CPPImporter.plugin.UpdatePreview - Execute intention Keep 
2017-05-02 14:28:48,503 [3311010]   WARN - CPPImporter.plugin.IntentionExecutor - indexOf node 0 
2017-05-02 14:28:48,504 [3311011]   WARN - CPPImporter.plugin.UpdatePreview - Execute intention Keep 
2017-05-02 14:28:48,504 [3311011]   WARN - CPPImporter.plugin.IntentionExecutor - indexOf node 0 
2017-05-02 14:28:48,505 [3311012]   WARN - CPPImporter.plugin.UpdatePreview - Execute intention Remove 
2017-05-02 14:28:48,506 [3311013]   WARN - CPPImporter.plugin.UpdatePreview - Execute intention ChangePC 
2017-05-02 14:28:48,506 [3311013]   WARN - CPPImporter.plugin.UpdatePreview - Execute intention Remove 
2017-05-02 14:28:48,507 [3311014]   WARN - CPPImporter.plugin.UpdatePreview - Execute intention ChangePC 
2017-05-02 14:28:48,513 [3311020]   WARN - CPPImporter.plugin.UpdatePreview - Execute intention Keep 
2017-05-02 14:28:48,516 [3311023]   WARN - CPPImporter.plugin.IntentionExecutor - indexOf node 0 
2017-05-02 14:28:48,519 [3311026]   WARN - CPPImporter.plugin.UpdatePreview - Execute intention Keep 
2017-05-02 14:28:48,521 [3311028]   WARN - CPPImporter.plugin.IntentionExecutor - indexOf node 0 
2017-05-02 14:28:48,521 [3311028]   WARN - CPPImporter.plugin.UpdatePreview - Execute intention Keep 
2017-05-02 14:28:48,525 [3311032]   WARN - CPPImporter.plugin.IntentionExecutor - indexOf node 0 
2017-05-02 14:28:48,556 [3311063]   WARN - CPPLanguage.editor.IntentionContainer_Editor - Show 10 intentions. 
2017-05-02 14:29:26,938 [3349445]   INFO - CPPImporter.plugin.Keep_Action - [LOG] Intention Keep for 1 nodes. 
2017-05-02 14:29:26,939 [3349446]   INFO - CPPImporter.plugin.Keep_Action - [LOG] View of Keep Intention is default 
2017-05-02 14:29:26,947 [3349454]   INFO - CPPImporter.plugin.Keep_Action - No automatic anti Intention, branch is not completly selected 
2017-05-02 14:29:26,947 [3349454]   INFO - CPPImporter.plugin.Keep_Action - Update Preview 
2017-05-02 14:29:26,947 [3349454]   INFO - CPPImporter.plugin.UpdatePreview - Initialize future model 
2017-05-02 14:29:26,948 [3349455]   INFO - CPPImporter.plugin.UpdatePreview - Create node mapping 
2017-05-02 14:29:26,948 [3349455]   INFO - CPPImporter.plugin.UpdatePreview - Node mapping done 
2017-05-02 14:29:26,955 [3349462]   WARN - CPPImporter.plugin.UpdatePreview - Execute intention Keep 
2017-05-02 14:29:26,955 [3349462]   WARN - CPPImporter.plugin.IntentionExecutor - MakeMandatory: node 0 is not in #if/#ifdef 
2017-05-02 14:29:26,956 [3349463]   WARN - CPPImporter.plugin.IntentionExecutor - Action MakeMandatory only possible if all selected nodes are within an #if/#ifdef 
2017-05-02 14:29:26,956 [3349463]  ERROR - CPPImporter.plugin.IntentionExecutor - Failed prerequiste check 
2017-05-02 14:29:26,957 [3349464]   WARN - CPPImporter.plugin.UpdatePreview - Execute intention Keep 
2017-05-02 14:29:26,957 [3349464]   WARN - CPPImporter.plugin.IntentionExecutor - indexOf node 0 
2017-05-02 14:29:26,958 [3349465]   WARN - CPPImporter.plugin.UpdatePreview - Execute intention Keep 
2017-05-02 14:29:26,964 [3349471]   WARN - CPPImporter.plugin.IntentionExecutor - indexOf node 0 
2017-05-02 14:29:26,965 [3349472]   WARN - CPPImporter.plugin.UpdatePreview - Execute intention Remove 
2017-05-02 14:29:26,966 [3349473]   WARN - CPPImporter.plugin.UpdatePreview - Execute intention ChangePC 
2017-05-02 14:29:26,966 [3349473]   WARN - CPPImporter.plugin.UpdatePreview - Execute intention Remove 
2017-05-02 14:29:26,967 [3349474]   WARN - CPPImporter.plugin.UpdatePreview - Execute intention ChangePC 
2017-05-02 14:29:26,967 [3349474]   WARN - CPPImporter.plugin.UpdatePreview - Execute intention Keep 
2017-05-02 14:29:26,968 [3349475]   WARN - CPPImporter.plugin.IntentionExecutor - indexOf node 0 
2017-05-02 14:29:26,969 [3349476]   WARN - CPPImporter.plugin.UpdatePreview - Execute intention Keep 
2017-05-02 14:29:26,970 [3349477]   WARN - CPPImporter.plugin.IntentionExecutor - indexOf node 0 
2017-05-02 14:29:26,971 [3349478]   WARN - CPPImporter.plugin.UpdatePreview - Execute intention Keep 
2017-05-02 14:29:26,975 [3349482]   WARN - CPPImporter.plugin.IntentionExecutor - indexOf node 0 
2017-05-02 14:29:26,977 [3349484]   WARN - CPPImporter.plugin.UpdatePreview - Execute intention Keep 
2017-05-02 14:29:26,977 [3349484]   WARN - CPPImporter.plugin.IntentionExecutor - indexOf node 0 
2017-05-02 14:29:26,993 [3349500]   WARN - CPPLanguage.editor.IntentionContainer_Editor - Show 11 intentions. 
2017-05-02 14:31:57,586 [3500093]   WARN - CPPImporter.plugin.CommitIntentions_Action - Commit Intentions 
2017-05-02 14:31:57,587 [3500094]   INFO - CPPImporter.plugin.UpdatePreview - Initialize future model 
2017-05-02 14:31:57,595 [3500102]   INFO - CPPImporter.plugin.UpdatePreview - Create node mapping 
2017-05-02 14:31:57,595 [3500102]   INFO - CPPImporter.plugin.UpdatePreview - Node mapping done 
2017-05-02 14:31:57,596 [3500103]   WARN - CPPImporter.plugin.UpdatePreview - Execute intention Keep 
2017-05-02 14:31:57,596 [3500103]   WARN - CPPImporter.plugin.IntentionExecutor - MakeMandatory: node 0 is not in #if/#ifdef 
2017-05-02 14:31:57,597 [3500104]   WARN - CPPImporter.plugin.IntentionExecutor - Action MakeMandatory only possible if all selected nodes are within an #if/#ifdef 
2017-05-02 14:31:57,597 [3500104]  ERROR - CPPImporter.plugin.IntentionExecutor - Failed prerequiste check 
2017-05-02 14:31:57,597 [3500104]   WARN - CPPImporter.plugin.UpdatePreview - Execute intention Keep 
2017-05-02 14:31:57,598 [3500105]   WARN - CPPImporter.plugin.IntentionExecutor - indexOf node 0 
2017-05-02 14:31:57,598 [3500105]   WARN - CPPImporter.plugin.UpdatePreview - Execute intention Keep 
2017-05-02 14:31:57,600 [3500107]   WARN - CPPImporter.plugin.IntentionExecutor - indexOf node 0 
2017-05-02 14:31:57,600 [3500107]   WARN - CPPImporter.plugin.UpdatePreview - Execute intention Remove 
2017-05-02 14:31:57,603 [3500110]   WARN - CPPImporter.plugin.UpdatePreview - Execute intention ChangePC 
2017-05-02 14:31:57,607 [3500114]   WARN - CPPImporter.plugin.UpdatePreview - Execute intention Remove 
2017-05-02 14:31:57,607 [3500114]   WARN - CPPImporter.plugin.UpdatePreview - Execute intention ChangePC 
2017-05-02 14:31:57,608 [3500115]   WARN - CPPImporter.plugin.UpdatePreview - Execute intention Keep 
2017-05-02 14:31:57,608 [3500115]   WARN - CPPImporter.plugin.IntentionExecutor - indexOf node 0 
2017-05-02 14:31:57,609 [3500116]   WARN - CPPImporter.plugin.UpdatePreview - Execute intention Keep 
2017-05-02 14:31:57,609 [3500116]   WARN - CPPImporter.plugin.IntentionExecutor - indexOf node 0 
2017-05-02 14:31:57,610 [3500117]   WARN - CPPImporter.plugin.UpdatePreview - Execute intention Keep 
2017-05-02 14:31:57,611 [3500118]   WARN - CPPImporter.plugin.IntentionExecutor - indexOf node 0 
2017-05-02 14:31:57,613 [3500120]   WARN - CPPImporter.plugin.UpdatePreview - Execute intention Keep 
2017-05-02 14:31:57,615 [3500122]   WARN - CPPImporter.plugin.IntentionExecutor - indexOf node 0 
2017-05-02 14:31:57,732 [3500239]   WARN - CPPLanguage.editor.IntentionContainer_Editor - Show 0 intentions. 
2017-05-02 14:32:30,629 [3533136]   INFO - CPPImporter.plugin.Export_Action - [LOG] Export to /home/group2/results/incline.c 
2017-05-02 14:33:05,876 [3568383]   INFO - jetbrains.mps.extapi.model.EditableSModelBase - Saving model Examples.Imported2 
2017-05-02 14:33:06,099 [3568606]   INFO - jetbrains.mps.smodel.MPSModuleRepository - Saving of the repository took 0.245 s 
2017-05-02 14:33:06,285 [3568792]   INFO - jetbrains.mps.plugins.PluginLoaderRegistry - Running Update Task : loaders [toLoad: 0; toUnload:1]; contributors : [toLoad: 0; toUnload:0]; Thread[AWT-EventQueue-0 3.4.4#MPS-162.2317 MPS, eap:false, os:Linux 4.8.0-49-generic, java-version:Oracle Corporation 1.8.0_121-8u121-b13-0ubuntu1.16.04.2-b13,6,main] 
2017-05-02 14:33:06,320 [3568827]   INFO - jetbrains.mps.plugins.PluginLoaderRegistry - Unloading of 145 plugins took 0.034 s 
2017-05-02 14:33:06,323 [3568830]   INFO - jetbrains.mps.project.ProjectBase - Project 'CPPLanguage' is closing 
2017-05-02 14:33:06,513 [3569020]   INFO - jetbrains.mps.classloading.ModuleUpdater - Classloading refresh took 0.062 s 
2017-05-02 14:33:06,523 [3569030]   INFO - jetbrains.mps.classloading.ModulesWatcher - 0 modules are marked as invalid roots for class loading out of 297 modules [totally in the repository] 
2017-05-02 14:33:06,527 [3569034]   INFO - jetbrains.mps.classloading.ModulesWatcher - Totally 0 modules are marked invalid for class loading 
2017-05-02 14:33:06,777 [3569284]   INFO - jetbrains.mps.classloading.ModuleUpdater - Classloading refresh took 0.064 s 
2017-05-02 14:33:06,782 [3569289]   INFO - jetbrains.mps.classloading.ModulesWatcher - 0 modules are marked as invalid roots for class loading out of 296 modules [totally in the repository] 
2017-05-02 14:33:06,787 [3569294]   INFO - jetbrains.mps.classloading.ModulesWatcher - Totally 0 modules are marked invalid for class loading 
2017-05-02 14:33:06,932 [3569439]   INFO - jetbrains.mps.classloading.ModuleUpdater - Classloading refresh took 0.073 s 
2017-05-02 14:33:06,935 [3569442]   INFO - jetbrains.mps.classloading.ModulesWatcher - 0 modules are marked as invalid roots for class loading out of 295 modules [totally in the repository] 
2017-05-02 14:33:06,938 [3569445]   INFO - jetbrains.mps.classloading.ModulesWatcher - Totally 0 modules are marked invalid for class loading 
2017-05-02 14:33:06,997 [3569504]   INFO - jetbrains.mps.library.LibraryInitializer - Removing libraries from ProjectLibraryManager 
2017-05-02 14:33:07,018 [3569525]   INFO - #org.jetbrains.io.BuiltInServer - web server stopped 
2017-05-02 14:33:07,038 [3569545]   INFO - jetbrains.mps.library.LibraryInitializer - Removing libraries from AdditionalLibrariesManager 
2017-05-02 14:33:07,056 [3569563]   INFO - jetbrains.mps.library.LibraryInitializer - Removing libraries from PluginLibraryContributor 
2017-05-02 14:33:07,064 [3569571]   INFO - jetbrains.mps.library.LibraryInitializer - Removing libraries from BootstrapLibraryContributor 
2017-05-02 14:33:07,066 [3569573]   INFO - jetbrains.mps.library.LibraryInitializer - Unloading 112 libraries 
2017-05-02 14:33:07,765 [3570272]   INFO - jetbrains.mps.library.LibraryInitializer - Library update is finished 
2017-05-02 14:33:07,825 [3570332]   INFO - jetbrains.mps.classloading.ModuleUpdater - Classloading refresh took 0.011 s 
2017-05-02 14:33:07,826 [3570333]   INFO - jetbrains.mps.classloading.ModulesWatcher - 0 modules are marked as invalid roots for class loading out of 0 modules [totally in the repository] 
2017-05-02 14:33:07,826 [3570333]   INFO - jetbrains.mps.classloading.ModulesWatcher - Totally 0 modules are marked invalid for class loading 
2017-05-02 14:33:07,904 [3570411]   INFO - #org.jetbrains.io.BuiltInServer - web server stopped 
