2017-05-09 10:46:31,171 [ 986488]   INFO - CPPImporter.plugin.ArrangeViews_Action - [LOG] Arrange Views
2017-05-09 10:47:08,718 [1024035]   INFO - CPPImporter.plugin.Keep_Action - [LOG] Intention Keep for 1 nodes. 
2017-05-09 10:47:08,730 [1024047]   INFO - CPPImporter.plugin.Keep_Action - [LOG] View of Keep Intention is default 
2017-05-09 10:47:08,730 [1024047]   INFO - CPPImporter.plugin.Keep_Action - Propose anti Intention for else branch 
2017-05-09 10:47:12,161 [1027478]   INFO - CPPImporter.plugin.Keep_Action - [LOG] No anti intention 
2017-05-09 10:47:12,161 [1027478]   INFO - CPPImporter.plugin.Keep_Action - Update Preview 
2017-05-09 10:47:12,161 [1027478]   INFO - CPPImporter.plugin.UpdatePreview - Initialize future model 
2017-05-09 10:47:12,162 [1027479]   INFO - CPPImporter.plugin.UpdatePreview - Create node mapping 
2017-05-09 10:47:12,162 [1027479]   INFO - CPPImporter.plugin.UpdatePreview - Node mapping done 
2017-05-09 10:47:12,163 [1027480]   WARN - CPPImporter.plugin.UpdatePreview - Execute intention Keep 
2017-05-09 10:47:12,164 [1027481]   WARN - CPPImporter.plugin.IntentionExecutor - indexOf node 0 
2017-05-09 10:47:12,179 [1027496]   WARN - CPPLanguage.editor.IntentionContainer_Editor - Show 1 intentions. 
2017-05-09 10:48:11,176 [1086493]   INFO - CPPImporter.plugin.Keep_Action - [LOG] Intention Keep for 1 nodes. 
2017-05-09 10:48:11,176 [1086493]   INFO - CPPImporter.plugin.Keep_Action - [LOG] View of Keep Intention is default 
2017-05-09 10:48:11,177 [1086494]   INFO - CPPImporter.plugin.Keep_Action - No automatic anti Intention, branch is not completly selected 
2017-05-09 10:48:11,177 [1086494]   INFO - CPPImporter.plugin.Keep_Action - Update Preview 
2017-05-09 10:48:11,177 [1086494]   INFO - CPPImporter.plugin.UpdatePreview - Initialize future model 
2017-05-09 10:48:11,191 [1086508]   INFO - CPPImporter.plugin.UpdatePreview - Create node mapping 
2017-05-09 10:48:11,191 [1086508]   INFO - CPPImporter.plugin.UpdatePreview - Node mapping done 
2017-05-09 10:48:11,191 [1086508]   WARN - CPPImporter.plugin.UpdatePreview - Execute intention Keep 
2017-05-09 10:48:11,193 [1086510]   WARN - CPPImporter.plugin.IntentionExecutor - indexOf node 0 
2017-05-09 10:48:11,193 [1086510]   WARN - CPPImporter.plugin.UpdatePreview - Execute intention Keep 
2017-05-09 10:48:11,193 [1086510]   WARN - CPPImporter.plugin.IntentionExecutor - indexOf node 0 
2017-05-09 10:48:11,215 [1086532]   WARN - CPPLanguage.editor.IntentionContainer_Editor - Show 2 intentions. 
2017-05-09 10:49:02,672 [1137989]   INFO - CPPImporter.plugin.Remove_Action - [LOG] Remove Intention for 1 nodes. 
2017-05-09 10:49:02,679 [1137996]   INFO - CPPImporter.plugin.Remove_Action - [LOG] View of Keep Intention is default 
2017-05-09 10:49:02,701 [1138018]   INFO - CPPImporter.plugin.Remove_Action - No automatic anti Intention, branch is not completly selected 
2017-05-09 10:49:02,701 [1138018]   INFO - CPPImporter.plugin.UpdatePreview - Initialize future model 
2017-05-09 10:49:02,701 [1138018]   INFO - CPPImporter.plugin.UpdatePreview - Create node mapping 
2017-05-09 10:49:02,701 [1138018]   INFO - CPPImporter.plugin.UpdatePreview - Node mapping done 
2017-05-09 10:49:02,702 [1138019]   WARN - CPPImporter.plugin.UpdatePreview - Execute intention Keep 
2017-05-09 10:49:02,702 [1138019]   WARN - CPPImporter.plugin.IntentionExecutor - indexOf node 0 
2017-05-09 10:49:02,711 [1138028]   WARN - CPPImporter.plugin.UpdatePreview - Execute intention Keep 
2017-05-09 10:49:02,712 [1138029]   WARN - CPPImporter.plugin.IntentionExecutor - indexOf node 0 
2017-05-09 10:49:02,714 [1138031]   WARN - CPPImporter.plugin.UpdatePreview - Execute intention Remove 
2017-05-09 10:49:02,728 [1138045]   WARN - CPPLanguage.editor.IntentionContainer_Editor - Show 3 intentions. 
2017-05-09 10:51:07,591 [1262908]   INFO - CPPImporter.plugin.Remove_Action - [LOG] Remove Intention for 1 nodes. 
2017-05-09 10:51:07,591 [1262908]   INFO - CPPImporter.plugin.Remove_Action - [LOG] View of Keep Intention is default 
2017-05-09 10:51:07,612 [1262929]   INFO - CPPImporter.plugin.Remove_Action - Propose anti Intention for else branch 
2017-05-09 10:51:11,734 [1267051]   INFO - CPPImporter.plugin.UpdatePreview - Initialize future model 
2017-05-09 10:51:11,743 [1267060]   INFO - CPPImporter.plugin.UpdatePreview - Create node mapping 
2017-05-09 10:51:11,743 [1267060]   INFO - CPPImporter.plugin.UpdatePreview - Node mapping done 
2017-05-09 10:51:11,773 [1267090]   WARN - CPPImporter.plugin.UpdatePreview - Execute intention Keep 
2017-05-09 10:51:11,782 [1267099]   WARN - CPPImporter.plugin.IntentionExecutor - indexOf node 0 
2017-05-09 10:51:11,783 [1267100]   WARN - CPPImporter.plugin.UpdatePreview - Execute intention Keep 
2017-05-09 10:51:11,783 [1267100]   WARN - CPPImporter.plugin.IntentionExecutor - indexOf node 0 
2017-05-09 10:51:11,784 [1267101]   WARN - CPPImporter.plugin.UpdatePreview - Execute intention Remove 
2017-05-09 10:51:11,784 [1267101]   WARN - CPPImporter.plugin.UpdatePreview - Execute intention Remove 
2017-05-09 10:51:11,784 [1267101]   WARN - CPPImporter.plugin.UpdatePreview - Execute intention Keep 
2017-05-09 10:51:11,784 [1267101]   WARN - CPPImporter.plugin.IntentionExecutor - indexOf node 0 
2017-05-09 10:51:11,786 [1267103]   WARN - CPPImporter.plugin.UpdatePreview - Execute intention Keep 
2017-05-09 10:51:11,786 [1267103]   WARN - CPPImporter.plugin.IntentionExecutor - indexOf node 0 
2017-05-09 10:51:11,786 [1267103]   WARN - CPPImporter.plugin.UpdatePreview - Execute intention Keep 
2017-05-09 10:51:11,787 [1267104]   WARN - CPPImporter.plugin.IntentionExecutor - indexOf node 0 
2017-05-09 10:51:11,787 [1267104]   WARN - CPPImporter.plugin.UpdatePreview - Execute intention Keep 
2017-05-09 10:51:11,787 [1267104]   WARN - CPPImporter.plugin.IntentionExecutor - indexOf node 0 
2017-05-09 10:51:11,788 [1267105]   WARN - CPPImporter.plugin.UpdatePreview - Execute intention Keep 
2017-05-09 10:51:11,788 [1267105]   WARN - CPPImporter.plugin.IntentionExecutor - indexOf node 0 
2017-05-09 10:51:11,789 [1267106]   WARN - CPPImporter.plugin.UpdatePreview - Execute intention Keep 
2017-05-09 10:51:11,789 [1267106]   WARN - CPPImporter.plugin.IntentionExecutor - indexOf node 0 
2017-05-09 10:51:11,790 [1267107]   WARN - CPPImporter.plugin.UpdatePreview - Execute intention Keep 
2017-05-09 10:51:11,790 [1267107]   WARN - CPPImporter.plugin.IntentionExecutor - indexOf node 0 
2017-05-09 10:51:11,790 [1267107]   WARN - CPPImporter.plugin.UpdatePreview - Execute intention Keep 
2017-05-09 10:51:11,790 [1267107]   WARN - CPPImporter.plugin.IntentionExecutor - indexOf node 0 
2017-05-09 10:51:11,791 [1267108]   WARN - CPPImporter.plugin.UpdatePreview - Execute intention Keep 
2017-05-09 10:51:11,791 [1267108]   WARN - CPPImporter.plugin.IntentionExecutor - indexOf node 0 
2017-05-09 10:51:11,836 [1267153]   WARN - CPPLanguage.editor.IntentionContainer_Editor - Show 13 intentions. 
2017-05-09 10:52:10,312 [1325629]   INFO - CPPImporter.plugin.KeepAsFeature_Action - [LOG] Intention Keep As Feature for 6 nodes. 
2017-05-09 10:52:23,854 [1339171]   INFO - CPPImporter.plugin.KeepAsFeature_Action - [LOG] View of Keep Intention is default 
2017-05-09 10:52:23,864 [1339181]   INFO - CPPImporter.plugin.UpdatePreview - Initialize future model 
2017-05-09 10:52:23,875 [1339192]   INFO - CPPImporter.plugin.UpdatePreview - Create node mapping 
2017-05-09 10:52:23,875 [1339192]   INFO - CPPImporter.plugin.UpdatePreview - Node mapping done 
2017-05-09 10:52:23,877 [1339194]   WARN - CPPImporter.plugin.UpdatePreview - Execute intention Keep 
2017-05-09 10:52:23,882 [1339199]   WARN - CPPImporter.plugin.IntentionExecutor - indexOf node 0 
2017-05-09 10:52:23,882 [1339199]   WARN - CPPImporter.plugin.UpdatePreview - Execute intention Keep 
2017-05-09 10:52:23,883 [1339200]   WARN - CPPImporter.plugin.IntentionExecutor - indexOf node 0 
2017-05-09 10:52:23,886 [1339203]   WARN - CPPImporter.plugin.UpdatePreview - Execute intention Remove 
2017-05-09 10:52:23,886 [1339203]   WARN - CPPImporter.plugin.UpdatePreview - Execute intention Remove 
2017-05-09 10:52:23,887 [1339204]   WARN - CPPImporter.plugin.UpdatePreview - Execute intention Keep 
2017-05-09 10:52:23,887 [1339204]   WARN - CPPImporter.plugin.IntentionExecutor - indexOf node 0 
2017-05-09 10:52:23,888 [1339205]   WARN - CPPImporter.plugin.UpdatePreview - Execute intention Keep 
2017-05-09 10:52:23,888 [1339205]   WARN - CPPImporter.plugin.IntentionExecutor - indexOf node 0 
2017-05-09 10:52:23,894 [1339211]   WARN - CPPImporter.plugin.UpdatePreview - Execute intention Keep 
2017-05-09 10:52:23,899 [1339216]   WARN - CPPImporter.plugin.IntentionExecutor - indexOf node 0 
2017-05-09 10:52:23,900 [1339217]   WARN - CPPImporter.plugin.UpdatePreview - Execute intention Keep 
2017-05-09 10:52:23,900 [1339217]   WARN - CPPImporter.plugin.IntentionExecutor - indexOf node 0 
2017-05-09 10:52:23,902 [1339219]   WARN - CPPImporter.plugin.UpdatePreview - Execute intention KeepAsFeature 
2017-05-09 10:52:23,907 [1339224]   WARN - CPPImporter.plugin.IntentionExecutor - MakeMandatory: node 0 is not in #if/#ifdef 
2017-05-09 10:52:23,909 [1339226]   WARN - CPPImporter.plugin.IntentionExecutor - Action MakeMandatory only possible if all selected nodes are within an #if/#ifdef 
2017-05-09 10:52:23,912 [1339229]  ERROR - CPPImporter.plugin.IntentionExecutor - Failed prerequiste check 
2017-05-09 10:52:23,912 [1339229]   WARN - CPPImporter.plugin.UpdatePreview - Execute intention Keep 
2017-05-09 10:52:23,912 [1339229]   WARN - CPPImporter.plugin.IntentionExecutor - indexOf node 0 
2017-05-09 10:52:23,921 [1339238]   WARN - CPPImporter.plugin.UpdatePreview - Execute intention KeepAsFeature 
2017-05-09 10:52:23,924 [1339241]   WARN - CPPImporter.plugin.IntentionExecutor - MakeMandatory: node 0 is not in #if/#ifdef 
2017-05-09 10:52:23,924 [1339241]   WARN - CPPImporter.plugin.IntentionExecutor - Action MakeMandatory only possible if all selected nodes are within an #if/#ifdef 
2017-05-09 10:52:23,926 [1339243]  ERROR - CPPImporter.plugin.IntentionExecutor - Failed prerequiste check 
2017-05-09 10:52:23,926 [1339243]   WARN - CPPImporter.plugin.UpdatePreview - Execute intention Keep 
2017-05-09 10:52:23,927 [1339244]   WARN - CPPImporter.plugin.IntentionExecutor - indexOf node 0 
2017-05-09 10:52:23,927 [1339244]   WARN - CPPImporter.plugin.UpdatePreview - Execute intention KeepAsFeature 
2017-05-09 10:52:23,927 [1339244]   WARN - CPPImporter.plugin.IntentionExecutor - MakeMandatory: node 0 is not in #if/#ifdef 
2017-05-09 10:52:23,928 [1339245]   WARN - CPPImporter.plugin.IntentionExecutor - Action MakeMandatory only possible if all selected nodes are within an #if/#ifdef 
2017-05-09 10:52:23,928 [1339245]  ERROR - CPPImporter.plugin.IntentionExecutor - Failed prerequiste check 
2017-05-09 10:52:23,928 [1339245]   WARN - CPPImporter.plugin.UpdatePreview - Execute intention Keep 
2017-05-09 10:52:23,929 [1339246]   WARN - CPPImporter.plugin.IntentionExecutor - indexOf node 0 
2017-05-09 10:52:23,930 [1339247]   WARN - CPPImporter.plugin.UpdatePreview - Execute intention KeepAsFeature 
2017-05-09 10:52:23,931 [1339248]   WARN - CPPImporter.plugin.IntentionExecutor - MakeMandatory: node 0 is not in #if/#ifdef 
2017-05-09 10:52:23,931 [1339248]   WARN - CPPImporter.plugin.IntentionExecutor - Action MakeMandatory only possible if all selected nodes are within an #if/#ifdef 
2017-05-09 10:52:23,931 [1339248]  ERROR - CPPImporter.plugin.IntentionExecutor - Failed prerequiste check 
2017-05-09 10:52:23,931 [1339248]   WARN - CPPImporter.plugin.UpdatePreview - Execute intention Keep 
2017-05-09 10:52:23,932 [1339249]   WARN - CPPImporter.plugin.IntentionExecutor - indexOf node 0 
2017-05-09 10:52:23,932 [1339249]   WARN - CPPImporter.plugin.UpdatePreview - Execute intention KeepAsFeature 
2017-05-09 10:52:23,932 [1339249]   WARN - CPPImporter.plugin.IntentionExecutor - MakeMandatory: node 0 is not in #if/#ifdef 
2017-05-09 10:52:23,933 [1339250]   WARN - CPPImporter.plugin.IntentionExecutor - Action MakeMandatory only possible if all selected nodes are within an #if/#ifdef 
2017-05-09 10:52:23,933 [1339250]  ERROR - CPPImporter.plugin.IntentionExecutor - Failed prerequiste check 
2017-05-09 10:52:23,933 [1339250]   WARN - CPPImporter.plugin.UpdatePreview - Execute intention Keep 
2017-05-09 10:52:23,933 [1339250]   WARN - CPPImporter.plugin.IntentionExecutor - indexOf node 0 
2017-05-09 10:52:23,933 [1339250]   WARN - CPPImporter.plugin.UpdatePreview - Execute intention KeepAsFeature 
2017-05-09 10:52:23,942 [1339259]   WARN - CPPImporter.plugin.IntentionExecutor - MakeMandatory: node 0 is not in #if/#ifdef 
2017-05-09 10:52:23,944 [1339261]   WARN - CPPImporter.plugin.IntentionExecutor - Action MakeMandatory only possible if all selected nodes are within an #if/#ifdef 
2017-05-09 10:52:23,944 [1339261]  ERROR - CPPImporter.plugin.IntentionExecutor - Failed prerequiste check 
2017-05-09 10:52:23,958 [1339275]   WARN - CPPLanguage.editor.IntentionContainer_Editor - Show 19 intentions. 
2017-05-09 10:53:03,775 [1379092]   INFO - CPPImporter.plugin.UndoIntention_Action - [LOG] Un-declare an intention 
2017-05-09 10:53:03,782 [1379099]   INFO - CPPImporter.plugin.UndoIntention_Action - [LOG] Undeclare Keep of view default 
2017-05-09 10:53:03,782 [1379099]   INFO - CPPImporter.plugin.UndoIntention_Action - [LOG] Undeclare Keep of view default 
2017-05-09 10:53:03,782 [1379099]   INFO - CPPImporter.plugin.UndoIntention_Action - [LOG] Undeclare Keep of view default 
2017-05-09 10:53:03,782 [1379099]   INFO - CPPImporter.plugin.UndoIntention_Action - [LOG] Undeclare Keep of view default 
2017-05-09 10:53:03,782 [1379099]   INFO - CPPImporter.plugin.UndoIntention_Action - [LOG] Undeclare Keep of view default 
2017-05-09 10:53:03,782 [1379099]   INFO - CPPImporter.plugin.UndoIntention_Action - [LOG] Undeclare Keep of view default 
2017-05-09 10:53:03,782 [1379099]   INFO - CPPImporter.plugin.UndoIntention_Action - [LOG] Undeclare KeepAsFeature of view default 
2017-05-09 10:53:03,782 [1379099]   INFO - CPPImporter.plugin.UndoIntention_Action - [LOG] Undeclare KeepAsFeature of view default 
2017-05-09 10:53:03,782 [1379099]   INFO - CPPImporter.plugin.UndoIntention_Action - [LOG] Undeclare KeepAsFeature of view default 
2017-05-09 10:53:03,782 [1379099]   INFO - CPPImporter.plugin.UndoIntention_Action - [LOG] Undeclare KeepAsFeature of view default 
2017-05-09 10:53:03,782 [1379099]   INFO - CPPImporter.plugin.UndoIntention_Action - [LOG] Undeclare KeepAsFeature of view default 
2017-05-09 10:53:03,782 [1379099]   INFO - CPPImporter.plugin.UndoIntention_Action - [LOG] Undeclare KeepAsFeature of view default 
2017-05-09 10:53:03,789 [1379106]   INFO - CPPImporter.plugin.UpdatePreview - Initialize future model 
2017-05-09 10:53:03,790 [1379107]   INFO - CPPImporter.plugin.UpdatePreview - Create node mapping 
2017-05-09 10:53:03,790 [1379107]   INFO - CPPImporter.plugin.UpdatePreview - Node mapping done 
2017-05-09 10:53:03,790 [1379107]   WARN - CPPImporter.plugin.UpdatePreview - Execute intention Keep 
2017-05-09 10:53:03,795 [1379112]   WARN - CPPImporter.plugin.IntentionExecutor - indexOf node 0 
2017-05-09 10:53:03,797 [1379114]   WARN - CPPImporter.plugin.UpdatePreview - Execute intention Keep 
2017-05-09 10:53:03,798 [1379115]   WARN - CPPImporter.plugin.IntentionExecutor - indexOf node 0 
2017-05-09 10:53:03,801 [1379118]   WARN - CPPImporter.plugin.UpdatePreview - Execute intention Remove 
2017-05-09 10:53:03,807 [1379124]   WARN - CPPImporter.plugin.UpdatePreview - Execute intention Remove 
2017-05-09 10:53:03,808 [1379125]   WARN - CPPImporter.plugin.UpdatePreview - Execute intention Keep 
2017-05-09 10:53:03,822 [1379139]   WARN - CPPImporter.plugin.IntentionExecutor - indexOf node 0 
2017-05-09 10:53:03,825 [1379142]   WARN - CPPImporter.plugin.UpdatePreview - Execute intention Keep 
2017-05-09 10:53:03,826 [1379143]   WARN - CPPImporter.plugin.IntentionExecutor - indexOf node 0 
2017-05-09 10:53:03,826 [1379143]   WARN - CPPImporter.plugin.UpdatePreview - Execute intention Keep 
2017-05-09 10:53:03,826 [1379143]   WARN - CPPImporter.plugin.IntentionExecutor - indexOf node 0 
2017-05-09 10:53:03,835 [1379152]   WARN - CPPLanguage.editor.IntentionContainer_Editor - Show 7 intentions. 
2017-05-09 10:53:21,051 [1396368]   INFO - CPPImporter.plugin.KeepAsFeature_Action - [LOG] Intention Keep As Feature for 6 nodes. 
2017-05-09 10:53:36,999 [1412316]   INFO - CPPImporter.plugin.KeepAsFeature_Action - [LOG] View of Keep Intention is default 
2017-05-09 10:53:37,000 [1412317]   INFO - CPPImporter.plugin.UpdatePreview - Initialize future model 
2017-05-09 10:53:37,000 [1412317]   INFO - CPPImporter.plugin.UpdatePreview - Create node mapping 
2017-05-09 10:53:37,001 [1412318]   INFO - CPPImporter.plugin.UpdatePreview - Node mapping done 
2017-05-09 10:53:37,002 [1412319]   WARN - CPPImporter.plugin.UpdatePreview - Execute intention Keep 
2017-05-09 10:53:37,011 [1412328]   WARN - CPPImporter.plugin.IntentionExecutor - indexOf node 0 
2017-05-09 10:53:37,012 [1412329]   WARN - CPPImporter.plugin.UpdatePreview - Execute intention Keep 
2017-05-09 10:53:37,013 [1412330]   WARN - CPPImporter.plugin.IntentionExecutor - indexOf node 0 
2017-05-09 10:53:37,014 [1412331]   WARN - CPPImporter.plugin.UpdatePreview - Execute intention Remove 
2017-05-09 10:53:37,014 [1412331]   WARN - CPPImporter.plugin.UpdatePreview - Execute intention Remove 
2017-05-09 10:53:37,014 [1412331]   WARN - CPPImporter.plugin.UpdatePreview - Execute intention Keep 
2017-05-09 10:53:37,015 [1412332]   WARN - CPPImporter.plugin.IntentionExecutor - indexOf node 0 
2017-05-09 10:53:37,017 [1412334]   WARN - CPPImporter.plugin.UpdatePreview - Execute intention Keep 
2017-05-09 10:53:37,017 [1412334]   WARN - CPPImporter.plugin.IntentionExecutor - indexOf node 0 
2017-05-09 10:53:37,018 [1412335]   WARN - CPPImporter.plugin.UpdatePreview - Execute intention Keep 
2017-05-09 10:53:37,018 [1412335]   WARN - CPPImporter.plugin.IntentionExecutor - indexOf node 0 
2017-05-09 10:53:37,018 [1412335]   WARN - CPPImporter.plugin.UpdatePreview - Execute intention KeepAsFeature 
2017-05-09 10:53:37,018 [1412335]   WARN - CPPImporter.plugin.IntentionExecutor - indexOf node 0 
2017-05-09 10:53:37,021 [1412338]   WARN - CPPImporter.plugin.UpdatePreview - Execute intention KeepAsFeature 
2017-05-09 10:53:37,027 [1412344]   WARN - CPPImporter.plugin.IntentionExecutor - indexOf node 0 
2017-05-09 10:53:37,032 [1412349]   WARN - CPPImporter.plugin.UpdatePreview - Execute intention KeepAsFeature 
2017-05-09 10:53:37,032 [1412349]   WARN - CPPImporter.plugin.IntentionExecutor - indexOf node 0 
2017-05-09 10:53:37,043 [1412360]   WARN - CPPImporter.plugin.UpdatePreview - Execute intention KeepAsFeature 
2017-05-09 10:53:37,044 [1412361]   WARN - CPPImporter.plugin.IntentionExecutor - indexOf node 0 
2017-05-09 10:53:37,047 [1412364]   WARN - CPPImporter.plugin.UpdatePreview - Execute intention KeepAsFeature 
2017-05-09 10:53:37,051 [1412368]   WARN - CPPImporter.plugin.IntentionExecutor - indexOf node 0 
2017-05-09 10:53:37,052 [1412369]   WARN - CPPImporter.plugin.UpdatePreview - Execute intention KeepAsFeature 
2017-05-09 10:53:37,053 [1412370]   WARN - CPPImporter.plugin.IntentionExecutor - indexOf node 0 
2017-05-09 10:53:37,084 [1412401]   WARN - CPPLanguage.editor.IntentionContainer_Editor - Show 13 intentions. 
2017-05-09 10:57:23,086 [1638403]   INFO - CPPImporter.plugin.Keep_Action - [LOG] Intention Keep for 3 nodes. 
2017-05-09 10:57:23,087 [1638404]   INFO - CPPImporter.plugin.Keep_Action - [LOG] View of Keep Intention is default 
2017-05-09 10:57:23,100 [1638417]   INFO - CPPImporter.plugin.Keep_Action - Update Preview 
2017-05-09 10:57:23,100 [1638417]   INFO - CPPImporter.plugin.UpdatePreview - Initialize future model 
2017-05-09 10:57:23,101 [1638418]   INFO - CPPImporter.plugin.UpdatePreview - Create node mapping 
2017-05-09 10:57:23,102 [1638419]   INFO - CPPImporter.plugin.UpdatePreview - Node mapping done 
2017-05-09 10:57:23,105 [1638422]   WARN - CPPImporter.plugin.UpdatePreview - Execute intention Keep 
2017-05-09 10:57:23,105 [1638422]   WARN - CPPImporter.plugin.IntentionExecutor - indexOf node 0 
2017-05-09 10:57:23,106 [1638423]   WARN - CPPImporter.plugin.UpdatePreview - Execute intention Keep 
2017-05-09 10:57:23,106 [1638423]   WARN - CPPImporter.plugin.IntentionExecutor - indexOf node 0 
2017-05-09 10:57:23,106 [1638423]   WARN - CPPImporter.plugin.UpdatePreview - Execute intention Remove 
2017-05-09 10:57:23,107 [1638424]   WARN - CPPImporter.plugin.UpdatePreview - Execute intention Remove 
2017-05-09 10:57:23,107 [1638424]   WARN - CPPImporter.plugin.UpdatePreview - Execute intention Keep 
2017-05-09 10:57:23,110 [1638427]   WARN - CPPImporter.plugin.IntentionExecutor - indexOf node 0 
2017-05-09 10:57:23,111 [1638428]   WARN - CPPImporter.plugin.UpdatePreview - Execute intention Keep 
2017-05-09 10:57:23,111 [1638428]   WARN - CPPImporter.plugin.IntentionExecutor - indexOf node 0 
2017-05-09 10:57:23,118 [1638435]   WARN - CPPImporter.plugin.UpdatePreview - Execute intention Keep 
2017-05-09 10:57:23,119 [1638436]   WARN - CPPImporter.plugin.IntentionExecutor - indexOf node 0 
2017-05-09 10:57:23,120 [1638437]   WARN - CPPImporter.plugin.UpdatePreview - Execute intention KeepAsFeature 
2017-05-09 10:57:23,127 [1638444]   WARN - CPPImporter.plugin.IntentionExecutor - indexOf node 0 
2017-05-09 10:57:23,132 [1638449]   WARN - CPPImporter.plugin.UpdatePreview - Execute intention KeepAsFeature 
2017-05-09 10:57:23,133 [1638450]   WARN - CPPImporter.plugin.IntentionExecutor - indexOf node 0 
2017-05-09 10:57:23,134 [1638451]   WARN - CPPImporter.plugin.UpdatePreview - Execute intention KeepAsFeature 
2017-05-09 10:57:23,134 [1638451]   WARN - CPPImporter.plugin.IntentionExecutor - indexOf node 0 
2017-05-09 10:57:23,135 [1638452]   WARN - CPPImporter.plugin.UpdatePreview - Execute intention KeepAsFeature 
2017-05-09 10:57:23,135 [1638452]   WARN - CPPImporter.plugin.IntentionExecutor - indexOf node 0 
2017-05-09 10:57:23,136 [1638453]   WARN - CPPImporter.plugin.UpdatePreview - Execute intention KeepAsFeature 
2017-05-09 10:57:23,137 [1638454]   WARN - CPPImporter.plugin.IntentionExecutor - indexOf node 0 
2017-05-09 10:57:23,137 [1638454]   WARN - CPPImporter.plugin.UpdatePreview - Execute intention KeepAsFeature 
2017-05-09 10:57:23,137 [1638454]   WARN - CPPImporter.plugin.IntentionExecutor - indexOf node 0 
2017-05-09 10:57:23,138 [1638455]   WARN - CPPImporter.plugin.UpdatePreview - Execute intention Keep 
2017-05-09 10:57:23,138 [1638455]   WARN - CPPImporter.plugin.IntentionExecutor - indexOf node 0 
2017-05-09 10:57:23,138 [1638455]   WARN - CPPImporter.plugin.UpdatePreview - Execute intention Keep 
2017-05-09 10:57:23,139 [1638456]   WARN - CPPImporter.plugin.IntentionExecutor - indexOf node 0 
2017-05-09 10:57:23,139 [1638456]   WARN - CPPImporter.plugin.UpdatePreview - Execute intention Keep 
2017-05-09 10:57:23,145 [1638462]   WARN - CPPImporter.plugin.IntentionExecutor - indexOf node 0 
2017-05-09 10:57:23,158 [1638475]   WARN - CPPLanguage.editor.IntentionContainer_Editor - Show 16 intentions. 
2017-05-09 10:57:52,692 [1668009]   INFO - CPPImporter.plugin.Keep_Action - [LOG] Intention Keep for 1 nodes. 
2017-05-09 10:57:52,693 [1668010]   INFO - CPPImporter.plugin.Keep_Action - [LOG] View of Keep Intention is default 
2017-05-09 10:57:52,696 [1668013]   INFO - CPPImporter.plugin.Keep_Action - No automatic anti Intention, branch is not completly selected 
2017-05-09 10:57:52,696 [1668013]   INFO - CPPImporter.plugin.Keep_Action - Update Preview 
2017-05-09 10:57:52,696 [1668013]   INFO - CPPImporter.plugin.UpdatePreview - Initialize future model 
2017-05-09 10:57:52,698 [1668015]   INFO - CPPImporter.plugin.UpdatePreview - Create node mapping 
2017-05-09 10:57:52,698 [1668015]   INFO - CPPImporter.plugin.UpdatePreview - Node mapping done 
2017-05-09 10:57:52,699 [1668016]   WARN - CPPImporter.plugin.UpdatePreview - Execute intention Keep 
2017-05-09 10:57:52,710 [1668027]   WARN - CPPImporter.plugin.IntentionExecutor - indexOf node 0 
2017-05-09 10:57:52,710 [1668027]   WARN - CPPImporter.plugin.UpdatePreview - Execute intention Keep 
2017-05-09 10:57:52,710 [1668027]   WARN - CPPImporter.plugin.IntentionExecutor - indexOf node 0 
2017-05-09 10:57:52,711 [1668028]   WARN - CPPImporter.plugin.UpdatePreview - Execute intention Remove 
2017-05-09 10:57:52,711 [1668028]   WARN - CPPImporter.plugin.UpdatePreview - Execute intention Remove 
2017-05-09 10:57:52,711 [1668028]   WARN - CPPImporter.plugin.UpdatePreview - Execute intention Keep 
2017-05-09 10:57:52,711 [1668028]   WARN - CPPImporter.plugin.IntentionExecutor - indexOf node 0 
2017-05-09 10:57:52,712 [1668029]   WARN - CPPImporter.plugin.UpdatePreview - Execute intention Keep 
2017-05-09 10:57:52,712 [1668029]   WARN - CPPImporter.plugin.IntentionExecutor - indexOf node 0 
2017-05-09 10:57:52,713 [1668030]   WARN - CPPImporter.plugin.UpdatePreview - Execute intention Keep 
2017-05-09 10:57:52,714 [1668031]   WARN - CPPImporter.plugin.IntentionExecutor - indexOf node 0 
2017-05-09 10:57:52,714 [1668031]   WARN - CPPImporter.plugin.UpdatePreview - Execute intention KeepAsFeature 
2017-05-09 10:57:52,714 [1668031]   WARN - CPPImporter.plugin.IntentionExecutor - indexOf node 0 
2017-05-09 10:57:52,715 [1668032]   WARN - CPPImporter.plugin.UpdatePreview - Execute intention KeepAsFeature 
2017-05-09 10:57:52,715 [1668032]   WARN - CPPImporter.plugin.IntentionExecutor - indexOf node 0 
2017-05-09 10:57:52,715 [1668032]   WARN - CPPImporter.plugin.UpdatePreview - Execute intention KeepAsFeature 
2017-05-09 10:57:52,716 [1668033]   WARN - CPPImporter.plugin.IntentionExecutor - indexOf node 0 
2017-05-09 10:57:52,716 [1668033]   WARN - CPPImporter.plugin.UpdatePreview - Execute intention KeepAsFeature 
2017-05-09 10:57:52,716 [1668033]   WARN - CPPImporter.plugin.IntentionExecutor - indexOf node 0 
2017-05-09 10:57:52,717 [1668034]   WARN - CPPImporter.plugin.UpdatePreview - Execute intention KeepAsFeature 
2017-05-09 10:57:52,718 [1668035]   WARN - CPPImporter.plugin.IntentionExecutor - indexOf node 0 
2017-05-09 10:57:52,719 [1668036]   WARN - CPPImporter.plugin.UpdatePreview - Execute intention KeepAsFeature 
2017-05-09 10:57:52,720 [1668037]   WARN - CPPImporter.plugin.IntentionExecutor - indexOf node 0 
2017-05-09 10:57:52,721 [1668038]   WARN - CPPImporter.plugin.UpdatePreview - Execute intention Keep 
2017-05-09 10:57:52,721 [1668038]   WARN - CPPImporter.plugin.IntentionExecutor - indexOf node 0 
2017-05-09 10:57:52,727 [1668044]   WARN - CPPImporter.plugin.UpdatePreview - Execute intention Keep 
2017-05-09 10:57:52,727 [1668044]   WARN - CPPImporter.plugin.IntentionExecutor - indexOf node 0 
2017-05-09 10:57:52,728 [1668045]   WARN - CPPImporter.plugin.UpdatePreview - Execute intention Keep 
2017-05-09 10:57:52,728 [1668045]   WARN - CPPImporter.plugin.IntentionExecutor - indexOf node 0 
2017-05-09 10:57:52,731 [1668048]   WARN - CPPImporter.plugin.UpdatePreview - Execute intention Keep 
2017-05-09 10:57:52,731 [1668048]   WARN - CPPImporter.plugin.IntentionExecutor - indexOf node 0 
2017-05-09 10:57:52,752 [1668069]   WARN - CPPLanguage.editor.IntentionContainer_Editor - Show 17 intentions. 
2017-05-09 10:58:30,495 [1705812]   INFO - CPPImporter.plugin.Remove_Action - [LOG] Remove Intention for 1 nodes. 
2017-05-09 10:58:30,495 [1705812]   INFO - CPPImporter.plugin.Remove_Action - [LOG] View of Keep Intention is default 
2017-05-09 10:58:30,496 [1705813]   INFO - CPPImporter.plugin.Remove_Action - No automatic anti Intention, branch is not completly selected 
2017-05-09 10:58:30,496 [1705813]   INFO - CPPImporter.plugin.UpdatePreview - Initialize future model 
2017-05-09 10:58:30,496 [1705813]   INFO - CPPImporter.plugin.UpdatePreview - Create node mapping 
2017-05-09 10:58:30,496 [1705813]   INFO - CPPImporter.plugin.UpdatePreview - Node mapping done 
2017-05-09 10:58:30,497 [1705814]   WARN - CPPImporter.plugin.UpdatePreview - Execute intention Keep 
2017-05-09 10:58:30,498 [1705815]   WARN - CPPImporter.plugin.IntentionExecutor - indexOf node 0 
2017-05-09 10:58:30,498 [1705815]   WARN - CPPImporter.plugin.UpdatePreview - Execute intention Keep 
2017-05-09 10:58:30,499 [1705816]   WARN - CPPImporter.plugin.IntentionExecutor - indexOf node 0 
2017-05-09 10:58:30,524 [1705841]   WARN - CPPImporter.plugin.UpdatePreview - Execute intention Remove 
2017-05-09 10:58:30,525 [1705842]   WARN - CPPImporter.plugin.UpdatePreview - Execute intention Remove 
2017-05-09 10:58:30,526 [1705843]   WARN - CPPImporter.plugin.UpdatePreview - Execute intention Keep 
2017-05-09 10:58:30,526 [1705843]   WARN - CPPImporter.plugin.IntentionExecutor - indexOf node 0 
2017-05-09 10:58:30,527 [1705844]   WARN - CPPImporter.plugin.UpdatePreview - Execute intention Keep 
2017-05-09 10:58:30,527 [1705844]   WARN - CPPImporter.plugin.IntentionExecutor - indexOf node 0 
2017-05-09 10:58:30,528 [1705845]   WARN - CPPImporter.plugin.UpdatePreview - Execute intention Keep 
2017-05-09 10:58:30,528 [1705845]   WARN - CPPImporter.plugin.IntentionExecutor - indexOf node 0 
2017-05-09 10:58:30,529 [1705846]   WARN - CPPImporter.plugin.UpdatePreview - Execute intention KeepAsFeature 
2017-05-09 10:58:30,529 [1705846]   WARN - CPPImporter.plugin.IntentionExecutor - indexOf node 0 
2017-05-09 10:58:30,529 [1705846]   WARN - CPPImporter.plugin.UpdatePreview - Execute intention KeepAsFeature 
2017-05-09 10:58:30,530 [1705847]   WARN - CPPImporter.plugin.IntentionExecutor - indexOf node 0 
2017-05-09 10:58:30,530 [1705847]   WARN - CPPImporter.plugin.UpdatePreview - Execute intention KeepAsFeature 
2017-05-09 10:58:30,531 [1705848]   WARN - CPPImporter.plugin.IntentionExecutor - indexOf node 0 
2017-05-09 10:58:30,536 [1705853]   WARN - CPPImporter.plugin.UpdatePreview - Execute intention KeepAsFeature 
2017-05-09 10:58:30,536 [1705853]   WARN - CPPImporter.plugin.IntentionExecutor - indexOf node 0 
2017-05-09 10:58:30,538 [1705855]   WARN - CPPImporter.plugin.UpdatePreview - Execute intention KeepAsFeature 
2017-05-09 10:58:30,538 [1705855]   WARN - CPPImporter.plugin.IntentionExecutor - indexOf node 0 
2017-05-09 10:58:30,539 [1705856]   WARN - CPPImporter.plugin.UpdatePreview - Execute intention KeepAsFeature 
2017-05-09 10:58:30,539 [1705856]   WARN - CPPImporter.plugin.IntentionExecutor - indexOf node 0 
2017-05-09 10:58:30,543 [1705860]   WARN - CPPImporter.plugin.UpdatePreview - Execute intention Keep 
2017-05-09 10:58:30,543 [1705860]   WARN - CPPImporter.plugin.IntentionExecutor - indexOf node 0 
2017-05-09 10:58:30,550 [1705867]   WARN - CPPImporter.plugin.UpdatePreview - Execute intention Keep 
2017-05-09 10:58:30,550 [1705867]   WARN - CPPImporter.plugin.IntentionExecutor - indexOf node 0 
2017-05-09 10:58:30,550 [1705867]   WARN - CPPImporter.plugin.UpdatePreview - Execute intention Keep 
2017-05-09 10:58:30,551 [1705868]   WARN - CPPImporter.plugin.IntentionExecutor - indexOf node 0 
2017-05-09 10:58:30,551 [1705868]   WARN - CPPImporter.plugin.UpdatePreview - Execute intention Keep 
2017-05-09 10:58:30,551 [1705868]   WARN - CPPImporter.plugin.IntentionExecutor - indexOf node 0 
2017-05-09 10:58:30,552 [1705869]   WARN - CPPImporter.plugin.UpdatePreview - Execute intention Remove 
2017-05-09 10:58:30,570 [1705887]   WARN - CPPLanguage.editor.IntentionContainer_Editor - Show 18 intentions. 
2017-05-09 10:59:05,479 [1740796]   WARN - CPPImporter.plugin.CommitIntentions_Action - Commit Intentions 
2017-05-09 10:59:05,480 [1740797]   INFO - CPPImporter.plugin.UpdatePreview - Initialize future model 
2017-05-09 10:59:05,486 [1740803]   INFO - CPPImporter.plugin.UpdatePreview - Create node mapping 
2017-05-09 10:59:05,486 [1740803]   INFO - CPPImporter.plugin.UpdatePreview - Node mapping done 
2017-05-09 10:59:05,486 [1740803]   WARN - CPPImporter.plugin.UpdatePreview - Execute intention Keep 
2017-05-09 10:59:05,487 [1740804]   WARN - CPPImporter.plugin.IntentionExecutor - indexOf node 0 
2017-05-09 10:59:05,487 [1740804]   WARN - CPPImporter.plugin.UpdatePreview - Execute intention Keep 
2017-05-09 10:59:05,487 [1740804]   WARN - CPPImporter.plugin.IntentionExecutor - indexOf node 0 
2017-05-09 10:59:05,487 [1740804]   WARN - CPPImporter.plugin.UpdatePreview - Execute intention Remove 
2017-05-09 10:59:05,488 [1740805]   WARN - CPPImporter.plugin.UpdatePreview - Execute intention Remove 
2017-05-09 10:59:05,488 [1740805]   WARN - CPPImporter.plugin.UpdatePreview - Execute intention Keep 
2017-05-09 10:59:05,488 [1740805]   WARN - CPPImporter.plugin.IntentionExecutor - indexOf node 0 
2017-05-09 10:59:05,502 [1740819]   WARN - CPPImporter.plugin.UpdatePreview - Execute intention Keep 
2017-05-09 10:59:05,503 [1740820]   WARN - CPPImporter.plugin.IntentionExecutor - indexOf node 0 
2017-05-09 10:59:05,503 [1740820]   WARN - CPPImporter.plugin.UpdatePreview - Execute intention Keep 
2017-05-09 10:59:05,504 [1740821]   WARN - CPPImporter.plugin.IntentionExecutor - indexOf node 0 
2017-05-09 10:59:05,504 [1740821]   WARN - CPPImporter.plugin.UpdatePreview - Execute intention KeepAsFeature 
2017-05-09 10:59:05,504 [1740821]   WARN - CPPImporter.plugin.IntentionExecutor - indexOf node 0 
2017-05-09 10:59:05,505 [1740822]   WARN - CPPImporter.plugin.UpdatePreview - Execute intention KeepAsFeature 
2017-05-09 10:59:05,506 [1740823]   WARN - CPPImporter.plugin.IntentionExecutor - indexOf node 0 
2017-05-09 10:59:05,506 [1740823]   WARN - CPPImporter.plugin.UpdatePreview - Execute intention KeepAsFeature 
2017-05-09 10:59:05,507 [1740824]   WARN - CPPImporter.plugin.IntentionExecutor - indexOf node 0 
2017-05-09 10:59:05,507 [1740824]   WARN - CPPImporter.plugin.UpdatePreview - Execute intention KeepAsFeature 
2017-05-09 10:59:05,507 [1740824]   WARN - CPPImporter.plugin.IntentionExecutor - indexOf node 0 
2017-05-09 10:59:05,508 [1740825]   WARN - CPPImporter.plugin.UpdatePreview - Execute intention KeepAsFeature 
2017-05-09 10:59:05,508 [1740825]   WARN - CPPImporter.plugin.IntentionExecutor - indexOf node 0 
2017-05-09 10:59:05,509 [1740826]   WARN - CPPImporter.plugin.UpdatePreview - Execute intention KeepAsFeature 
2017-05-09 10:59:05,509 [1740826]   WARN - CPPImporter.plugin.IntentionExecutor - indexOf node 0 
2017-05-09 10:59:05,510 [1740827]   WARN - CPPImporter.plugin.UpdatePreview - Execute intention Keep 
2017-05-09 10:59:05,510 [1740827]   WARN - CPPImporter.plugin.IntentionExecutor - indexOf node 0 
2017-05-09 10:59:05,511 [1740828]   WARN - CPPImporter.plugin.UpdatePreview - Execute intention Keep 
2017-05-09 10:59:05,511 [1740828]   WARN - CPPImporter.plugin.IntentionExecutor - indexOf node 0 
2017-05-09 10:59:05,513 [1740830]   WARN - CPPImporter.plugin.UpdatePreview - Execute intention Keep 
2017-05-09 10:59:05,518 [1740835]   WARN - CPPImporter.plugin.IntentionExecutor - indexOf node 0 
2017-05-09 10:59:05,519 [1740836]   WARN - CPPImporter.plugin.UpdatePreview - Execute intention Keep 
2017-05-09 10:59:05,519 [1740836]   WARN - CPPImporter.plugin.IntentionExecutor - indexOf node 0 
2017-05-09 10:59:05,520 [1740837]   WARN - CPPImporter.plugin.UpdatePreview - Execute intention Remove 
2017-05-09 10:59:05,555 [1740872]   WARN - CPPLanguage.editor.IntentionContainer_Editor - Show 0 intentions. 
2017-05-09 10:59:28,185 [1763502]   INFO - CPPImporter.plugin.Export_Action - [LOG] Export to /home/group2/results/incline.c 
2017-05-09 10:59:37,922 [1773239]   INFO - jetbrains.mps.extapi.model.EditableSModelBase - Saving model Examples.Imported2 
2017-05-09 10:59:38,090 [1773407]   INFO - jetbrains.mps.smodel.MPSModuleRepository - Saving of the repository took 0.169 s 
2017-05-09 10:59:38,221 [1773538]   INFO - jetbrains.mps.plugins.PluginLoaderRegistry - Running Update Task : loaders [toLoad: 0; toUnload:1]; contributors : [toLoad: 0; toUnload:0]; Thread[AWT-EventQueue-0 3.4.4#MPS-162.2317 MPS, eap:false, os:Linux 4.8.0-49-generic, java-version:Oracle Corporation 1.8.0_121-8u121-b13-0ubuntu1.16.04.2-b13,6,main] 
2017-05-09 10:59:38,272 [1773589]   INFO - jetbrains.mps.plugins.PluginLoaderRegistry - Unloading of 145 plugins took 0.050 s 
2017-05-09 10:59:38,289 [1773606]   INFO - jetbrains.mps.project.ProjectBase - Project 'CPPLanguage' is closing 
2017-05-09 10:59:38,377 [1773694]   INFO - jetbrains.mps.classloading.ModuleUpdater - Classloading refresh took 0.028 s 
2017-05-09 10:59:38,394 [1773711]   INFO - jetbrains.mps.classloading.ModulesWatcher - 0 modules are marked as invalid roots for class loading out of 297 modules [totally in the repository] 
2017-05-09 10:59:38,395 [1773712]   INFO - jetbrains.mps.classloading.ModulesWatcher - Totally 0 modules are marked invalid for class loading 
2017-05-09 10:59:38,574 [1773891]   INFO - jetbrains.mps.classloading.ModuleUpdater - Classloading refresh took 0.041 s 
2017-05-09 10:59:38,576 [1773893]   INFO - jetbrains.mps.classloading.ModulesWatcher - 0 modules are marked as invalid roots for class loading out of 296 modules [totally in the repository] 
2017-05-09 10:59:38,576 [1773893]   INFO - jetbrains.mps.classloading.ModulesWatcher - Totally 0 modules are marked invalid for class loading 
2017-05-09 10:59:38,642 [1773959]   INFO - jetbrains.mps.classloading.ModuleUpdater - Classloading refresh took 0.033 s 
2017-05-09 10:59:38,647 [1773964]   INFO - jetbrains.mps.classloading.ModulesWatcher - 0 modules are marked as invalid roots for class loading out of 295 modules [totally in the repository] 
2017-05-09 10:59:38,649 [1773966]   INFO - jetbrains.mps.classloading.ModulesWatcher - Totally 0 modules are marked invalid for class loading 
2017-05-09 10:59:38,690 [1774007]   INFO - jetbrains.mps.library.LibraryInitializer - Removing libraries from ProjectLibraryManager 
2017-05-09 10:59:38,700 [1774017]   INFO - #org.jetbrains.io.BuiltInServer - web server stopped 
2017-05-09 10:59:38,716 [1774033]   INFO - jetbrains.mps.library.LibraryInitializer - Removing libraries from AdditionalLibrariesManager 
2017-05-09 10:59:38,736 [1774053]   INFO - jetbrains.mps.library.LibraryInitializer - Removing libraries from PluginLibraryContributor 
2017-05-09 10:59:38,749 [1774066]   INFO - jetbrains.mps.library.LibraryInitializer - Removing libraries from BootstrapLibraryContributor 
2017-05-09 10:59:38,763 [1774080]   INFO - jetbrains.mps.library.LibraryInitializer - Unloading 112 libraries 
2017-05-09 10:59:39,099 [1774416]   INFO - jetbrains.mps.library.LibraryInitializer - Library update is finished 
2017-05-09 10:59:39,140 [1774457]   INFO - jetbrains.mps.classloading.ModuleUpdater - Classloading refresh took 0.013 s 
2017-05-09 10:59:39,140 [1774457]   INFO - jetbrains.mps.classloading.ModulesWatcher - 0 modules are marked as invalid roots for class loading out of 0 modules [totally in the repository] 
2017-05-09 10:59:39,141 [1774458]   INFO - jetbrains.mps.classloading.ModulesWatcher - Totally 0 modules are marked invalid for class loading 
2017-05-09 10:59:39,184 [1774501]   INFO - #org.jetbrains.io.BuiltInServer - web server stopped 
