2017-05-09 15:25:12,709 [ 628325]   INFO - CPPImporter.plugin.ArrangeViews_Action - [LOG] Arrange Views
2017-05-09 15:25:59,950 [ 675566]   INFO - CPPImporter.plugin.Keep_Action - [LOG] Intention Keep for 1 nodes. 
2017-05-09 15:25:59,951 [ 675567]   INFO - CPPImporter.plugin.Keep_Action - [LOG] View of Keep Intention is default 
2017-05-09 15:25:59,952 [ 675568]   INFO - CPPImporter.plugin.Keep_Action - Update Preview 
2017-05-09 15:25:59,952 [ 675568]   INFO - CPPImporter.plugin.UpdatePreview - Initialize future model 
2017-05-09 15:25:59,952 [ 675568]   INFO - CPPImporter.plugin.UpdatePreview - Create node mapping 
2017-05-09 15:25:59,952 [ 675568]   INFO - CPPImporter.plugin.UpdatePreview - Node mapping done 
2017-05-09 15:25:59,952 [ 675568]   WARN - CPPImporter.plugin.UpdatePreview - Execute intention Keep 
2017-05-09 15:25:59,955 [ 675571]   WARN - CPPImporter.plugin.IntentionExecutor - MakeMandatory: node 0 is not in #if/#ifdef 
2017-05-09 15:25:59,955 [ 675571]   WARN - CPPImporter.plugin.IntentionExecutor - Action MakeMandatory only possible if all selected nodes are within an #if/#ifdef 
2017-05-09 15:25:59,955 [ 675571]  ERROR - CPPImporter.plugin.IntentionExecutor - Failed prerequiste check 
2017-05-09 15:26:00,009 [ 675625]   WARN - CPPLanguage.editor.IntentionContainer_Editor - Show 1 intentions. 
2017-05-09 15:26:22,719 [ 698335]   INFO - CPPImporter.plugin.Remove_Action - [LOG] Remove Intention for 1 nodes. 
2017-05-09 15:26:22,721 [ 698337]   INFO - CPPImporter.plugin.Remove_Action - [LOG] View of Keep Intention is default 
2017-05-09 15:26:22,733 [ 698349]   INFO - CPPImporter.plugin.Remove_Action - No automatic anti Intention, branch is not completly selected 
2017-05-09 15:26:22,733 [ 698349]   INFO - CPPImporter.plugin.UpdatePreview - Initialize future model 
2017-05-09 15:26:22,743 [ 698359]   INFO - CPPImporter.plugin.UpdatePreview - Create node mapping 
2017-05-09 15:26:22,744 [ 698360]   INFO - CPPImporter.plugin.UpdatePreview - Node mapping done 
2017-05-09 15:26:22,751 [ 698367]   WARN - CPPImporter.plugin.UpdatePreview - Execute intention Keep 
2017-05-09 15:26:22,751 [ 698367]   WARN - CPPImporter.plugin.IntentionExecutor - MakeMandatory: node 0 is not in #if/#ifdef 
2017-05-09 15:26:22,753 [ 698369]   WARN - CPPImporter.plugin.IntentionExecutor - Action MakeMandatory only possible if all selected nodes are within an #if/#ifdef 
2017-05-09 15:26:22,754 [ 698370]  ERROR - CPPImporter.plugin.IntentionExecutor - Failed prerequiste check 
2017-05-09 15:26:22,754 [ 698370]   WARN - CPPImporter.plugin.UpdatePreview - Execute intention Remove 
2017-05-09 15:26:22,778 [ 698394]   WARN - CPPLanguage.editor.IntentionContainer_Editor - Show 2 intentions. 
2017-05-09 15:26:49,572 [ 725188]   WARN - CPPLanguage.editor.IntentionContainer_Editor - Show 1 intentions. 
2017-05-09 15:26:56,161 [ 731777]   INFO - CPPImporter.plugin.Keep_Action - [LOG] Intention Keep for 1 nodes. 
2017-05-09 15:26:56,166 [ 731782]   INFO - CPPImporter.plugin.Keep_Action - [LOG] View of Keep Intention is default 
2017-05-09 15:26:56,166 [ 731782]   INFO - CPPImporter.plugin.Keep_Action - Update Preview 
2017-05-09 15:26:56,166 [ 731782]   INFO - CPPImporter.plugin.UpdatePreview - Initialize future model 
2017-05-09 15:26:56,166 [ 731782]   INFO - CPPImporter.plugin.UpdatePreview - Create node mapping 
2017-05-09 15:26:56,166 [ 731782]   INFO - CPPImporter.plugin.UpdatePreview - Node mapping done 
2017-05-09 15:26:56,176 [ 731792]   WARN - CPPImporter.plugin.UpdatePreview - Execute intention Keep 
2017-05-09 15:26:56,176 [ 731792]   WARN - CPPImporter.plugin.IntentionExecutor - MakeMandatory: node 0 is not in #if/#ifdef 
2017-05-09 15:26:56,177 [ 731793]   WARN - CPPImporter.plugin.IntentionExecutor - Action MakeMandatory only possible if all selected nodes are within an #if/#ifdef 
2017-05-09 15:26:56,177 [ 731793]  ERROR - CPPImporter.plugin.IntentionExecutor - Failed prerequiste check 
2017-05-09 15:26:56,204 [ 731820]   WARN - CPPLanguage.editor.IntentionContainer_Editor - Show 1 intentions. 
2017-05-09 15:27:49,070 [ 784686]   INFO - CPPImporter.plugin.Keep_Action - [LOG] Intention Keep for 1 nodes. 
2017-05-09 15:27:49,070 [ 784686]   INFO - CPPImporter.plugin.Keep_Action - [LOG] View of Keep Intention is default 
2017-05-09 15:27:49,074 [ 784690]   INFO - CPPImporter.plugin.Keep_Action - No automatic anti Intention, branch is not completly selected 
2017-05-09 15:27:49,074 [ 784690]   INFO - CPPImporter.plugin.Keep_Action - Update Preview 
2017-05-09 15:27:49,074 [ 784690]   INFO - CPPImporter.plugin.UpdatePreview - Initialize future model 
2017-05-09 15:27:49,074 [ 784690]   INFO - CPPImporter.plugin.UpdatePreview - Create node mapping 
2017-05-09 15:27:49,074 [ 784690]   INFO - CPPImporter.plugin.UpdatePreview - Node mapping done 
2017-05-09 15:27:49,075 [ 784691]   WARN - CPPImporter.plugin.UpdatePreview - Execute intention Keep 
2017-05-09 15:27:49,078 [ 784694]   WARN - CPPImporter.plugin.IntentionExecutor - MakeMandatory: node 0 is not in #if/#ifdef 
2017-05-09 15:27:49,078 [ 784694]   WARN - CPPImporter.plugin.IntentionExecutor - Action MakeMandatory only possible if all selected nodes are within an #if/#ifdef 
2017-05-09 15:27:49,079 [ 784695]  ERROR - CPPImporter.plugin.IntentionExecutor - Failed prerequiste check 
2017-05-09 15:27:49,079 [ 784695]   WARN - CPPImporter.plugin.UpdatePreview - Execute intention Keep 
2017-05-09 15:27:49,079 [ 784695]   WARN - CPPImporter.plugin.IntentionExecutor - indexOf node 0 
2017-05-09 15:27:49,085 [ 784701]   WARN - CPPLanguage.editor.IntentionContainer_Editor - Show 2 intentions. 
2017-05-09 15:28:06,600 [ 802216]   INFO - CPPImporter.plugin.Keep_Action - [LOG] Intention Keep for 3 nodes. 
2017-05-09 15:28:06,600 [ 802216]   INFO - CPPImporter.plugin.Keep_Action - [LOG] View of Keep Intention is default 
2017-05-09 15:28:06,601 [ 802217]   INFO - CPPImporter.plugin.Keep_Action - No automatic anti Intention, branch is not completly selected 
2017-05-09 15:28:06,601 [ 802217]   INFO - CPPImporter.plugin.Keep_Action - Update Preview 
2017-05-09 15:28:06,601 [ 802217]   INFO - CPPImporter.plugin.UpdatePreview - Initialize future model 
2017-05-09 15:28:06,601 [ 802217]   INFO - CPPImporter.plugin.UpdatePreview - Create node mapping 
2017-05-09 15:28:06,601 [ 802217]   INFO - CPPImporter.plugin.UpdatePreview - Node mapping done 
2017-05-09 15:28:06,602 [ 802218]   WARN - CPPImporter.plugin.UpdatePreview - Execute intention Keep 
2017-05-09 15:28:06,604 [ 802220]   WARN - CPPImporter.plugin.IntentionExecutor - MakeMandatory: node 0 is not in #if/#ifdef 
2017-05-09 15:28:06,604 [ 802220]   WARN - CPPImporter.plugin.IntentionExecutor - Action MakeMandatory only possible if all selected nodes are within an #if/#ifdef 
2017-05-09 15:28:06,604 [ 802220]  ERROR - CPPImporter.plugin.IntentionExecutor - Failed prerequiste check 
2017-05-09 15:28:06,607 [ 802223]   WARN - CPPImporter.plugin.UpdatePreview - Execute intention Keep 
2017-05-09 15:28:06,607 [ 802223]   WARN - CPPImporter.plugin.IntentionExecutor - indexOf node 0 
2017-05-09 15:28:06,624 [ 802240]   WARN - CPPImporter.plugin.UpdatePreview - Execute intention Keep 
2017-05-09 15:28:06,627 [ 802243]   WARN - CPPImporter.plugin.IntentionExecutor - indexOf node 0 
2017-05-09 15:28:06,630 [ 802246]   WARN - CPPImporter.plugin.UpdatePreview - Execute intention Keep 
2017-05-09 15:28:06,630 [ 802246]   WARN - CPPImporter.plugin.IntentionExecutor - indexOf node 0 
2017-05-09 15:28:06,634 [ 802250]   WARN - CPPImporter.plugin.UpdatePreview - Execute intention Keep 
2017-05-09 15:28:06,634 [ 802250]   WARN - CPPImporter.plugin.IntentionExecutor - indexOf node 0 
2017-05-09 15:28:06,650 [ 802266]   WARN - CPPLanguage.editor.IntentionContainer_Editor - Show 5 intentions. 
2017-05-09 15:28:43,807 [ 839423]   INFO - CPPImporter.plugin.KeepAsFeature_Action - [LOG] Intention Keep As Feature for 3 nodes. 
2017-05-09 15:28:55,928 [ 851544]   INFO - CPPImporter.plugin.KeepAsFeature_Action - [LOG] View of Keep Intention is default 
2017-05-09 15:28:55,944 [ 851560]   INFO - CPPImporter.plugin.UpdatePreview - Initialize future model 
2017-05-09 15:28:55,944 [ 851560]   INFO - CPPImporter.plugin.UpdatePreview - Create node mapping 
2017-05-09 15:28:55,944 [ 851560]   INFO - CPPImporter.plugin.UpdatePreview - Node mapping done 
2017-05-09 15:28:55,971 [ 851587]   WARN - CPPImporter.plugin.UpdatePreview - Execute intention Keep 
2017-05-09 15:28:55,973 [ 851589]   WARN - CPPImporter.plugin.IntentionExecutor - MakeMandatory: node 0 is not in #if/#ifdef 
2017-05-09 15:28:55,973 [ 851589]   WARN - CPPImporter.plugin.IntentionExecutor - Action MakeMandatory only possible if all selected nodes are within an #if/#ifdef 
2017-05-09 15:28:55,974 [ 851590]  ERROR - CPPImporter.plugin.IntentionExecutor - Failed prerequiste check 
2017-05-09 15:28:55,974 [ 851590]   WARN - CPPImporter.plugin.UpdatePreview - Execute intention Keep 
2017-05-09 15:28:55,979 [ 851595]   WARN - CPPImporter.plugin.IntentionExecutor - indexOf node 0 
2017-05-09 15:28:55,982 [ 851598]   WARN - CPPImporter.plugin.UpdatePreview - Execute intention Keep 
2017-05-09 15:28:55,983 [ 851599]   WARN - CPPImporter.plugin.IntentionExecutor - indexOf node 0 
2017-05-09 15:28:55,984 [ 851600]   WARN - CPPImporter.plugin.UpdatePreview - Execute intention Keep 
2017-05-09 15:28:55,986 [ 851602]   WARN - CPPImporter.plugin.IntentionExecutor - indexOf node 0 
2017-05-09 15:28:55,988 [ 851604]   WARN - CPPImporter.plugin.UpdatePreview - Execute intention Keep 
2017-05-09 15:28:55,988 [ 851604]   WARN - CPPImporter.plugin.IntentionExecutor - indexOf node 0 
2017-05-09 15:28:55,988 [ 851604]   WARN - CPPImporter.plugin.UpdatePreview - Execute intention KeepAsFeature 
2017-05-09 15:28:55,989 [ 851605]   WARN - CPPImporter.plugin.IntentionExecutor - indexOf node 0 
2017-05-09 15:28:55,989 [ 851605]   WARN - CPPImporter.plugin.UpdatePreview - Execute intention KeepAsFeature 
2017-05-09 15:28:55,989 [ 851605]   WARN - CPPImporter.plugin.IntentionExecutor - indexOf node 0 
2017-05-09 15:28:55,991 [ 851607]   WARN - CPPImporter.plugin.UpdatePreview - Execute intention KeepAsFeature 
2017-05-09 15:28:55,995 [ 851611]   WARN - CPPImporter.plugin.IntentionExecutor - indexOf node 0 
2017-05-09 15:28:56,021 [ 851637]   WARN - CPPLanguage.editor.IntentionContainer_Editor - Show 8 intentions. 
2017-05-09 15:29:21,673 [ 877289]   INFO - CPPImporter.plugin.Remove_Action - [LOG] Remove Intention for 1 nodes. 
2017-05-09 15:29:21,673 [ 877289]   INFO - CPPImporter.plugin.Remove_Action - [LOG] View of Keep Intention is default 
2017-05-09 15:29:21,673 [ 877289]   INFO - CPPImporter.plugin.Remove_Action - No automatic anti Intention, branch is not completly selected 
2017-05-09 15:29:21,673 [ 877289]   INFO - CPPImporter.plugin.UpdatePreview - Initialize future model 
2017-05-09 15:29:21,673 [ 877289]   INFO - CPPImporter.plugin.UpdatePreview - Create node mapping 
2017-05-09 15:29:21,674 [ 877290]   INFO - CPPImporter.plugin.UpdatePreview - Node mapping done 
2017-05-09 15:29:21,674 [ 877290]   WARN - CPPImporter.plugin.UpdatePreview - Execute intention Remove 
2017-05-09 15:29:21,696 [ 877312]   WARN - CPPLanguage.editor.IntentionContainer_Editor - Show 1 intentions. 
2017-05-09 15:29:34,737 [ 890353]   INFO - CPPImporter.plugin.Remove_Action - [LOG] Remove Intention for 3 nodes. 
2017-05-09 15:29:34,737 [ 890353]   INFO - CPPImporter.plugin.Remove_Action - [LOG] View of Keep Intention is default 
2017-05-09 15:29:34,752 [ 890368]   INFO - CPPImporter.plugin.Remove_Action - No automatic anti Intention, branch is not completly selected 
2017-05-09 15:29:34,752 [ 890368]   INFO - CPPImporter.plugin.UpdatePreview - Initialize future model 
2017-05-09 15:29:34,752 [ 890368]   INFO - CPPImporter.plugin.UpdatePreview - Create node mapping 
2017-05-09 15:29:34,752 [ 890368]   INFO - CPPImporter.plugin.UpdatePreview - Node mapping done 
2017-05-09 15:29:34,753 [ 890369]   WARN - CPPImporter.plugin.UpdatePreview - Execute intention Keep 
2017-05-09 15:29:34,760 [ 890376]   WARN - CPPImporter.plugin.IntentionExecutor - MakeMandatory: node 0 is not in #if/#ifdef 
2017-05-09 15:29:34,760 [ 890376]   WARN - CPPImporter.plugin.IntentionExecutor - Action MakeMandatory only possible if all selected nodes are within an #if/#ifdef 
2017-05-09 15:29:34,760 [ 890376]  ERROR - CPPImporter.plugin.IntentionExecutor - Failed prerequiste check 
2017-05-09 15:29:34,760 [ 890376]   WARN - CPPImporter.plugin.UpdatePreview - Execute intention Keep 
2017-05-09 15:29:34,761 [ 890377]   WARN - CPPImporter.plugin.IntentionExecutor - indexOf node 0 
2017-05-09 15:29:34,761 [ 890377]   WARN - CPPImporter.plugin.UpdatePreview - Execute intention Keep 
2017-05-09 15:29:34,763 [ 890379]   WARN - CPPImporter.plugin.IntentionExecutor - indexOf node 0 
2017-05-09 15:29:34,764 [ 890380]   WARN - CPPImporter.plugin.UpdatePreview - Execute intention Keep 
2017-05-09 15:29:34,771 [ 890387]   WARN - CPPImporter.plugin.IntentionExecutor - indexOf node 0 
2017-05-09 15:29:34,795 [ 890411]   WARN - CPPImporter.plugin.UpdatePreview - Execute intention Keep 
2017-05-09 15:29:34,795 [ 890411]   WARN - CPPImporter.plugin.IntentionExecutor - indexOf node 0 
2017-05-09 15:29:34,796 [ 890412]   WARN - CPPImporter.plugin.UpdatePreview - Execute intention KeepAsFeature 
2017-05-09 15:29:34,796 [ 890412]   WARN - CPPImporter.plugin.IntentionExecutor - indexOf node 0 
2017-05-09 15:29:34,797 [ 890413]   WARN - CPPImporter.plugin.UpdatePreview - Execute intention KeepAsFeature 
2017-05-09 15:29:34,797 [ 890413]   WARN - CPPImporter.plugin.IntentionExecutor - indexOf node 0 
2017-05-09 15:29:34,797 [ 890413]   WARN - CPPImporter.plugin.UpdatePreview - Execute intention KeepAsFeature 
2017-05-09 15:29:34,798 [ 890414]   WARN - CPPImporter.plugin.IntentionExecutor - indexOf node 0 
2017-05-09 15:29:34,799 [ 890415]   WARN - CPPImporter.plugin.UpdatePreview - Execute intention Remove 
2017-05-09 15:29:34,801 [ 890417]   WARN - CPPImporter.plugin.UpdatePreview - Execute intention Remove 
2017-05-09 15:29:34,802 [ 890418]   WARN - CPPImporter.plugin.UpdatePreview - Execute intention Remove 
2017-05-09 15:29:34,826 [ 890442]   WARN - CPPLanguage.editor.IntentionContainer_Editor - Show 11 intentions. 
2017-05-09 15:30:15,738 [ 931354]   INFO - CPPImporter.plugin.KeepAsFeature_Action - [LOG] Intention Keep As Feature for 1 nodes. 
2017-05-09 15:30:24,151 [ 939767]   INFO - CPPImporter.plugin.KeepAsFeature_Action - [LOG] View of Keep Intention is default 
2017-05-09 15:30:24,152 [ 939768]   INFO - CPPImporter.plugin.UpdatePreview - Initialize future model 
2017-05-09 15:30:24,153 [ 939769]   INFO - CPPImporter.plugin.UpdatePreview - Create node mapping 
2017-05-09 15:30:24,153 [ 939769]   INFO - CPPImporter.plugin.UpdatePreview - Node mapping done 
2017-05-09 15:30:24,172 [ 939788]   WARN - CPPImporter.plugin.UpdatePreview - Execute intention Keep 
2017-05-09 15:30:24,173 [ 939789]   WARN - CPPImporter.plugin.IntentionExecutor - MakeMandatory: node 0 is not in #if/#ifdef 
2017-05-09 15:30:24,192 [ 939808]   WARN - CPPImporter.plugin.IntentionExecutor - Action MakeMandatory only possible if all selected nodes are within an #if/#ifdef 
2017-05-09 15:30:24,194 [ 939810]  ERROR - CPPImporter.plugin.IntentionExecutor - Failed prerequiste check 
2017-05-09 15:30:24,195 [ 939811]   WARN - CPPImporter.plugin.UpdatePreview - Execute intention Keep 
2017-05-09 15:30:24,195 [ 939811]   WARN - CPPImporter.plugin.IntentionExecutor - indexOf node 0 
2017-05-09 15:30:24,195 [ 939811]   WARN - CPPImporter.plugin.UpdatePreview - Execute intention Keep 
2017-05-09 15:30:24,196 [ 939812]   WARN - CPPImporter.plugin.IntentionExecutor - indexOf node 0 
2017-05-09 15:30:24,196 [ 939812]   WARN - CPPImporter.plugin.UpdatePreview - Execute intention Keep 
2017-05-09 15:30:24,197 [ 939813]   WARN - CPPImporter.plugin.IntentionExecutor - indexOf node 0 
2017-05-09 15:30:24,212 [ 939828]   WARN - CPPImporter.plugin.UpdatePreview - Execute intention Keep 
2017-05-09 15:30:24,212 [ 939828]   WARN - CPPImporter.plugin.IntentionExecutor - indexOf node 0 
2017-05-09 15:30:24,214 [ 939830]   WARN - CPPImporter.plugin.UpdatePreview - Execute intention KeepAsFeature 
2017-05-09 15:30:24,219 [ 939835]   WARN - CPPImporter.plugin.IntentionExecutor - indexOf node 0 
2017-05-09 15:30:24,221 [ 939837]   WARN - CPPImporter.plugin.UpdatePreview - Execute intention KeepAsFeature 
2017-05-09 15:30:24,223 [ 939839]   WARN - CPPImporter.plugin.IntentionExecutor - indexOf node 0 
2017-05-09 15:30:24,224 [ 939840]   WARN - CPPImporter.plugin.UpdatePreview - Execute intention KeepAsFeature 
2017-05-09 15:30:24,227 [ 939843]   WARN - CPPImporter.plugin.IntentionExecutor - indexOf node 0 
2017-05-09 15:30:24,228 [ 939844]   WARN - CPPImporter.plugin.UpdatePreview - Execute intention Remove 
2017-05-09 15:30:24,229 [ 939845]   WARN - CPPImporter.plugin.UpdatePreview - Execute intention Remove 
2017-05-09 15:30:24,240 [ 939856]   WARN - CPPImporter.plugin.UpdatePreview - Execute intention Remove 
2017-05-09 15:30:24,242 [ 939858]   WARN - CPPImporter.plugin.UpdatePreview - Execute intention KeepAsFeature 
2017-05-09 15:30:24,243 [ 939859]   WARN - CPPImporter.plugin.IntentionExecutor - indexOf node 2 
2017-05-09 15:30:24,271 [ 939887]   WARN - CPPLanguage.editor.IntentionContainer_Editor - Show 12 intentions. 
2017-05-09 15:30:30,751 [ 946367]   WARN - CPPLanguage.editor.IntentionContainer_Editor - Show 11 intentions. 
2017-05-09 15:30:53,619 [ 969235]   WARN - CPPImporter.plugin.ChangePC_Action - [LOG] Intention ChangePC View default 
2017-05-09 15:30:53,620 [ 969236]   INFO - CPPImporter.plugin.UpdatePreview - Initialize future model 
2017-05-09 15:30:53,620 [ 969236]   INFO - CPPImporter.plugin.UpdatePreview - Create node mapping 
2017-05-09 15:30:53,620 [ 969236]   INFO - CPPImporter.plugin.UpdatePreview - Node mapping done 
2017-05-09 15:30:53,621 [ 969237]   WARN - CPPImporter.plugin.UpdatePreview - Execute intention Keep 
2017-05-09 15:30:53,625 [ 969241]   WARN - CPPImporter.plugin.IntentionExecutor - MakeMandatory: node 0 is not in #if/#ifdef 
2017-05-09 15:30:53,629 [ 969245]   WARN - CPPImporter.plugin.IntentionExecutor - Action MakeMandatory only possible if all selected nodes are within an #if/#ifdef 
2017-05-09 15:30:53,630 [ 969246]  ERROR - CPPImporter.plugin.IntentionExecutor - Failed prerequiste check 
2017-05-09 15:30:53,631 [ 969247]   WARN - CPPImporter.plugin.UpdatePreview - Execute intention Keep 
2017-05-09 15:30:53,631 [ 969247]   WARN - CPPImporter.plugin.IntentionExecutor - indexOf node 0 
2017-05-09 15:30:53,637 [ 969253]   WARN - CPPImporter.plugin.UpdatePreview - Execute intention Keep 
2017-05-09 15:30:53,639 [ 969255]   WARN - CPPImporter.plugin.IntentionExecutor - indexOf node 0 
2017-05-09 15:30:53,640 [ 969256]   WARN - CPPImporter.plugin.UpdatePreview - Execute intention Keep 
2017-05-09 15:30:53,640 [ 969256]   WARN - CPPImporter.plugin.IntentionExecutor - indexOf node 0 
2017-05-09 15:30:53,644 [ 969260]   WARN - CPPImporter.plugin.UpdatePreview - Execute intention Keep 
2017-05-09 15:30:53,644 [ 969260]   WARN - CPPImporter.plugin.IntentionExecutor - indexOf node 0 
2017-05-09 15:30:53,646 [ 969262]   WARN - CPPImporter.plugin.UpdatePreview - Execute intention KeepAsFeature 
2017-05-09 15:30:53,647 [ 969263]   WARN - CPPImporter.plugin.IntentionExecutor - indexOf node 0 
2017-05-09 15:30:53,648 [ 969264]   WARN - CPPImporter.plugin.UpdatePreview - Execute intention KeepAsFeature 
2017-05-09 15:30:53,651 [ 969267]   WARN - CPPImporter.plugin.IntentionExecutor - indexOf node 0 
2017-05-09 15:30:53,653 [ 969269]   WARN - CPPImporter.plugin.UpdatePreview - Execute intention KeepAsFeature 
2017-05-09 15:30:53,655 [ 969271]   WARN - CPPImporter.plugin.IntentionExecutor - indexOf node 0 
2017-05-09 15:30:53,656 [ 969272]   WARN - CPPImporter.plugin.UpdatePreview - Execute intention Remove 
2017-05-09 15:30:53,656 [ 969272]   WARN - CPPImporter.plugin.UpdatePreview - Execute intention Remove 
2017-05-09 15:30:53,656 [ 969272]   WARN - CPPImporter.plugin.UpdatePreview - Execute intention Remove 
2017-05-09 15:30:53,664 [ 969280]   WARN - CPPImporter.plugin.UpdatePreview - Execute intention ChangePC 
2017-05-09 15:30:53,683 [ 969299]   WARN - CPPLanguage.editor.IntentionContainer_Editor - Show 12 intentions. 
2017-05-09 15:31:20,903 [ 996519]   INFO - CPPImporter.plugin.Keep_Action - [LOG] Intention Keep for 4 nodes. 
2017-05-09 15:31:20,903 [ 996519]   INFO - CPPImporter.plugin.Keep_Action - [LOG] View of Keep Intention is default 
2017-05-09 15:31:20,915 [ 996531]   INFO - CPPImporter.plugin.Keep_Action - Propose anti Intention for else branch 
2017-05-09 15:31:22,680 [ 998296]   INFO - CPPImporter.plugin.Keep_Action - [LOG] Add anti intention 
2017-05-09 15:31:22,680 [ 998296]   INFO - CPPImporter.plugin.Keep_Action - [LOG] Add anti intention 
2017-05-09 15:31:22,681 [ 998297]   INFO - CPPImporter.plugin.Keep_Action - [LOG] Add anti intention 
2017-05-09 15:31:22,681 [ 998297]   INFO - CPPImporter.plugin.Keep_Action - [LOG] Add anti intention 
2017-05-09 15:31:22,681 [ 998297]   INFO - CPPImporter.plugin.Keep_Action - Update Preview 
2017-05-09 15:31:22,681 [ 998297]   INFO - CPPImporter.plugin.UpdatePreview - Initialize future model 
2017-05-09 15:31:22,688 [ 998304]   INFO - CPPImporter.plugin.UpdatePreview - Create node mapping 
2017-05-09 15:31:22,688 [ 998304]   INFO - CPPImporter.plugin.UpdatePreview - Node mapping done 
2017-05-09 15:31:22,689 [ 998305]   WARN - CPPImporter.plugin.UpdatePreview - Execute intention Keep 
2017-05-09 15:31:22,695 [ 998311]   WARN - CPPImporter.plugin.IntentionExecutor - MakeMandatory: node 0 is not in #if/#ifdef 
2017-05-09 15:31:22,696 [ 998312]   WARN - CPPImporter.plugin.IntentionExecutor - Action MakeMandatory only possible if all selected nodes are within an #if/#ifdef 
2017-05-09 15:31:22,696 [ 998312]  ERROR - CPPImporter.plugin.IntentionExecutor - Failed prerequiste check 
2017-05-09 15:31:22,696 [ 998312]   WARN - CPPImporter.plugin.UpdatePreview - Execute intention Keep 
2017-05-09 15:31:22,697 [ 998313]   WARN - CPPImporter.plugin.IntentionExecutor - indexOf node 0 
2017-05-09 15:31:22,723 [ 998339]   WARN - CPPImporter.plugin.UpdatePreview - Execute intention Keep 
2017-05-09 15:31:22,724 [ 998340]   WARN - CPPImporter.plugin.IntentionExecutor - indexOf node 0 
2017-05-09 15:31:22,727 [ 998343]   WARN - CPPImporter.plugin.UpdatePreview - Execute intention Keep 
2017-05-09 15:31:22,727 [ 998343]   WARN - CPPImporter.plugin.IntentionExecutor - indexOf node 0 
2017-05-09 15:31:22,728 [ 998344]   WARN - CPPImporter.plugin.UpdatePreview - Execute intention Keep 
2017-05-09 15:31:22,728 [ 998344]   WARN - CPPImporter.plugin.IntentionExecutor - indexOf node 0 
2017-05-09 15:31:22,729 [ 998345]   WARN - CPPImporter.plugin.UpdatePreview - Execute intention KeepAsFeature 
2017-05-09 15:31:22,729 [ 998345]   WARN - CPPImporter.plugin.IntentionExecutor - indexOf node 0 
2017-05-09 15:31:22,739 [ 998355]   WARN - CPPImporter.plugin.UpdatePreview - Execute intention KeepAsFeature 
2017-05-09 15:31:22,741 [ 998357]   WARN - CPPImporter.plugin.IntentionExecutor - indexOf node 0 
2017-05-09 15:31:22,742 [ 998358]   WARN - CPPImporter.plugin.UpdatePreview - Execute intention KeepAsFeature 
2017-05-09 15:31:22,744 [ 998360]   WARN - CPPImporter.plugin.IntentionExecutor - indexOf node 0 
2017-05-09 15:31:22,744 [ 998360]   WARN - CPPImporter.plugin.UpdatePreview - Execute intention Remove 
2017-05-09 15:31:22,745 [ 998361]   WARN - CPPImporter.plugin.UpdatePreview - Execute intention Remove 
2017-05-09 15:31:22,745 [ 998361]   WARN - CPPImporter.plugin.UpdatePreview - Execute intention Remove 
2017-05-09 15:31:22,749 [ 998365]   WARN - CPPImporter.plugin.UpdatePreview - Execute intention ChangePC 
2017-05-09 15:31:22,750 [ 998366]   WARN - CPPImporter.plugin.UpdatePreview - Execute intention Keep 
2017-05-09 15:31:22,751 [ 998367]   WARN - CPPImporter.plugin.IntentionExecutor - indexOf node 0 
2017-05-09 15:31:22,751 [ 998367]   WARN - CPPImporter.plugin.UpdatePreview - Execute intention Remove 
2017-05-09 15:31:22,751 [ 998367]   WARN - CPPImporter.plugin.UpdatePreview - Execute intention Keep 
2017-05-09 15:31:22,754 [ 998370]   WARN - CPPImporter.plugin.IntentionExecutor - indexOf node 0 
2017-05-09 15:31:22,755 [ 998371]   WARN - CPPImporter.plugin.UpdatePreview - Execute intention Remove 
2017-05-09 15:31:22,755 [ 998371]   WARN - CPPImporter.plugin.UpdatePreview - Execute intention Keep 
2017-05-09 15:31:22,755 [ 998371]   WARN - CPPImporter.plugin.IntentionExecutor - indexOf node 0 
2017-05-09 15:31:22,756 [ 998372]   WARN - CPPImporter.plugin.UpdatePreview - Execute intention Remove 
2017-05-09 15:31:22,756 [ 998372]   WARN - CPPImporter.plugin.UpdatePreview - Execute intention Keep 
2017-05-09 15:31:22,756 [ 998372]   WARN - CPPImporter.plugin.IntentionExecutor - indexOf node 0 
2017-05-09 15:31:22,757 [ 998373]   WARN - CPPImporter.plugin.UpdatePreview - Execute intention Remove 
2017-05-09 15:31:22,773 [ 998389]   WARN - CPPLanguage.editor.IntentionContainer_Editor - Show 20 intentions. 
2017-05-09 15:32:12,534 [1048150]   INFO - CPPImporter.plugin.Keep_Action - [LOG] Intention Keep for 3 nodes. 
2017-05-09 15:32:12,534 [1048150]   INFO - CPPImporter.plugin.Keep_Action - [LOG] View of Keep Intention is default 
2017-05-09 15:32:12,535 [1048151]   INFO - CPPImporter.plugin.Keep_Action - Update Preview 
2017-05-09 15:32:12,535 [1048151]   INFO - CPPImporter.plugin.UpdatePreview - Initialize future model 
2017-05-09 15:32:12,550 [1048166]   INFO - CPPImporter.plugin.UpdatePreview - Create node mapping 
2017-05-09 15:32:12,551 [1048167]   INFO - CPPImporter.plugin.UpdatePreview - Node mapping done 
2017-05-09 15:32:12,551 [1048167]   WARN - CPPImporter.plugin.UpdatePreview - Execute intention Keep 
2017-05-09 15:32:12,552 [1048168]   WARN - CPPImporter.plugin.IntentionExecutor - MakeMandatory: node 0 is not in #if/#ifdef 
2017-05-09 15:32:12,552 [1048168]   WARN - CPPImporter.plugin.IntentionExecutor - Action MakeMandatory only possible if all selected nodes are within an #if/#ifdef 
2017-05-09 15:32:12,552 [1048168]  ERROR - CPPImporter.plugin.IntentionExecutor - Failed prerequiste check 
2017-05-09 15:32:12,552 [1048168]   WARN - CPPImporter.plugin.UpdatePreview - Execute intention Keep 
2017-05-09 15:32:12,552 [1048168]   WARN - CPPImporter.plugin.IntentionExecutor - indexOf node 0 
2017-05-09 15:32:12,567 [1048183]   WARN - CPPImporter.plugin.UpdatePreview - Execute intention Keep 
2017-05-09 15:32:12,574 [1048190]   WARN - CPPImporter.plugin.IntentionExecutor - indexOf node 0 
2017-05-09 15:32:12,575 [1048191]   WARN - CPPImporter.plugin.UpdatePreview - Execute intention Keep 
2017-05-09 15:32:12,575 [1048191]   WARN - CPPImporter.plugin.IntentionExecutor - indexOf node 0 
2017-05-09 15:32:12,578 [1048194]   WARN - CPPImporter.plugin.UpdatePreview - Execute intention Keep 
2017-05-09 15:32:12,581 [1048197]   WARN - CPPImporter.plugin.IntentionExecutor - indexOf node 0 
2017-05-09 15:32:12,582 [1048198]   WARN - CPPImporter.plugin.UpdatePreview - Execute intention KeepAsFeature 
2017-05-09 15:32:12,584 [1048200]   WARN - CPPImporter.plugin.IntentionExecutor - indexOf node 0 
2017-05-09 15:32:12,585 [1048201]   WARN - CPPImporter.plugin.UpdatePreview - Execute intention KeepAsFeature 
2017-05-09 15:32:12,586 [1048202]   WARN - CPPImporter.plugin.IntentionExecutor - indexOf node 0 
2017-05-09 15:32:12,590 [1048206]   WARN - CPPImporter.plugin.UpdatePreview - Execute intention KeepAsFeature 
2017-05-09 15:32:12,593 [1048209]   WARN - CPPImporter.plugin.IntentionExecutor - indexOf node 0 
2017-05-09 15:32:12,597 [1048213]   WARN - CPPImporter.plugin.UpdatePreview - Execute intention Remove 
2017-05-09 15:32:12,598 [1048214]   WARN - CPPImporter.plugin.UpdatePreview - Execute intention Remove 
2017-05-09 15:32:12,598 [1048214]   WARN - CPPImporter.plugin.UpdatePreview - Execute intention Remove 
2017-05-09 15:32:12,598 [1048214]   WARN - CPPImporter.plugin.UpdatePreview - Execute intention ChangePC 
2017-05-09 15:32:12,599 [1048215]   WARN - CPPImporter.plugin.UpdatePreview - Execute intention Keep 
2017-05-09 15:32:12,599 [1048215]   WARN - CPPImporter.plugin.IntentionExecutor - indexOf node 0 
2017-05-09 15:32:12,599 [1048215]   WARN - CPPImporter.plugin.UpdatePreview - Execute intention Remove 
2017-05-09 15:32:12,600 [1048216]   WARN - CPPImporter.plugin.UpdatePreview - Execute intention Keep 
2017-05-09 15:32:12,601 [1048217]   WARN - CPPImporter.plugin.IntentionExecutor - indexOf node 0 
2017-05-09 15:32:12,601 [1048217]   WARN - CPPImporter.plugin.UpdatePreview - Execute intention Remove 
2017-05-09 15:32:12,602 [1048218]   WARN - CPPImporter.plugin.UpdatePreview - Execute intention Keep 
2017-05-09 15:32:12,602 [1048218]   WARN - CPPImporter.plugin.IntentionExecutor - indexOf node 0 
2017-05-09 15:32:12,602 [1048218]   WARN - CPPImporter.plugin.UpdatePreview - Execute intention Remove 
2017-05-09 15:32:12,603 [1048219]   WARN - CPPImporter.plugin.UpdatePreview - Execute intention Keep 
2017-05-09 15:32:12,603 [1048219]   WARN - CPPImporter.plugin.IntentionExecutor - indexOf node 0 
2017-05-09 15:32:12,603 [1048219]   WARN - CPPImporter.plugin.UpdatePreview - Execute intention Remove 
2017-05-09 15:32:12,605 [1048221]   WARN - CPPImporter.plugin.UpdatePreview - Execute intention Keep 
2017-05-09 15:32:12,606 [1048222]   WARN - CPPImporter.plugin.IntentionExecutor - indexOf node 0 
2017-05-09 15:32:12,608 [1048224]   WARN - CPPImporter.plugin.UpdatePreview - Execute intention Keep 
2017-05-09 15:32:12,609 [1048225]   WARN - CPPImporter.plugin.IntentionExecutor - indexOf node 0 
2017-05-09 15:32:12,609 [1048225]   WARN - CPPImporter.plugin.UpdatePreview - Execute intention Keep 
2017-05-09 15:32:12,609 [1048225]   WARN - CPPImporter.plugin.IntentionExecutor - indexOf node 0 
2017-05-09 15:32:12,624 [1048240]   WARN - CPPLanguage.editor.IntentionContainer_Editor - Show 23 intentions. 
2017-05-09 15:32:40,961 [1076577]   WARN - CPPImporter.plugin.ChangePC_Action - [LOG] Intention ChangePC View default 
2017-05-09 15:32:40,962 [1076578]   INFO - CPPImporter.plugin.UpdatePreview - Initialize future model 
2017-05-09 15:32:40,962 [1076578]   INFO - CPPImporter.plugin.UpdatePreview - Create node mapping 
2017-05-09 15:32:40,962 [1076578]   INFO - CPPImporter.plugin.UpdatePreview - Node mapping done 
2017-05-09 15:32:40,963 [1076579]   WARN - CPPImporter.plugin.UpdatePreview - Execute intention Keep 
2017-05-09 15:32:40,965 [1076581]   WARN - CPPImporter.plugin.IntentionExecutor - MakeMandatory: node 0 is not in #if/#ifdef 
2017-05-09 15:32:40,965 [1076581]   WARN - CPPImporter.plugin.IntentionExecutor - Action MakeMandatory only possible if all selected nodes are within an #if/#ifdef 
2017-05-09 15:32:40,965 [1076581]  ERROR - CPPImporter.plugin.IntentionExecutor - Failed prerequiste check 
2017-05-09 15:32:40,975 [1076591]   WARN - CPPImporter.plugin.UpdatePreview - Execute intention Keep 
2017-05-09 15:32:40,977 [1076593]   WARN - CPPImporter.plugin.IntentionExecutor - indexOf node 0 
2017-05-09 15:32:40,987 [1076603]   WARN - CPPImporter.plugin.UpdatePreview - Execute intention Keep 
2017-05-09 15:32:40,988 [1076604]   WARN - CPPImporter.plugin.IntentionExecutor - indexOf node 0 
2017-05-09 15:32:40,988 [1076604]   WARN - CPPImporter.plugin.UpdatePreview - Execute intention Keep 
2017-05-09 15:32:40,988 [1076604]   WARN - CPPImporter.plugin.IntentionExecutor - indexOf node 0 
2017-05-09 15:32:40,995 [1076611]   WARN - CPPImporter.plugin.UpdatePreview - Execute intention Keep 
2017-05-09 15:32:40,996 [1076612]   WARN - CPPImporter.plugin.IntentionExecutor - indexOf node 0 
2017-05-09 15:32:40,996 [1076612]   WARN - CPPImporter.plugin.UpdatePreview - Execute intention KeepAsFeature 
2017-05-09 15:32:40,997 [1076613]   WARN - CPPImporter.plugin.IntentionExecutor - indexOf node 0 
2017-05-09 15:32:40,997 [1076613]   WARN - CPPImporter.plugin.UpdatePreview - Execute intention KeepAsFeature 
2017-05-09 15:32:40,997 [1076613]   WARN - CPPImporter.plugin.IntentionExecutor - indexOf node 0 
2017-05-09 15:32:40,998 [1076614]   WARN - CPPImporter.plugin.UpdatePreview - Execute intention KeepAsFeature 
2017-05-09 15:32:40,998 [1076614]   WARN - CPPImporter.plugin.IntentionExecutor - indexOf node 0 
2017-05-09 15:32:40,998 [1076614]   WARN - CPPImporter.plugin.UpdatePreview - Execute intention Remove 
2017-05-09 15:32:41,005 [1076621]   WARN - CPPImporter.plugin.UpdatePreview - Execute intention Remove 
2017-05-09 15:32:41,005 [1076621]   WARN - CPPImporter.plugin.UpdatePreview - Execute intention Remove 
2017-05-09 15:32:41,006 [1076622]   WARN - CPPImporter.plugin.UpdatePreview - Execute intention ChangePC 
2017-05-09 15:32:41,006 [1076622]   WARN - CPPImporter.plugin.UpdatePreview - Execute intention Keep 
2017-05-09 15:32:41,006 [1076622]   WARN - CPPImporter.plugin.IntentionExecutor - indexOf node 0 
2017-05-09 15:32:41,018 [1076634]   WARN - CPPImporter.plugin.UpdatePreview - Execute intention Remove 
2017-05-09 15:32:41,018 [1076634]   WARN - CPPImporter.plugin.UpdatePreview - Execute intention Keep 
2017-05-09 15:32:41,018 [1076634]   WARN - CPPImporter.plugin.IntentionExecutor - indexOf node 0 
2017-05-09 15:32:41,019 [1076635]   WARN - CPPImporter.plugin.UpdatePreview - Execute intention Remove 
2017-05-09 15:32:41,019 [1076635]   WARN - CPPImporter.plugin.UpdatePreview - Execute intention Keep 
2017-05-09 15:32:41,019 [1076635]   WARN - CPPImporter.plugin.IntentionExecutor - indexOf node 0 
2017-05-09 15:32:41,019 [1076635]   WARN - CPPImporter.plugin.UpdatePreview - Execute intention Remove 
2017-05-09 15:32:41,020 [1076636]   WARN - CPPImporter.plugin.UpdatePreview - Execute intention Keep 
2017-05-09 15:32:41,024 [1076640]   WARN - CPPImporter.plugin.IntentionExecutor - indexOf node 0 
2017-05-09 15:32:41,025 [1076641]   WARN - CPPImporter.plugin.UpdatePreview - Execute intention Remove 
2017-05-09 15:32:41,027 [1076643]   WARN - CPPImporter.plugin.UpdatePreview - Execute intention Keep 
2017-05-09 15:32:41,028 [1076644]   WARN - CPPImporter.plugin.IntentionExecutor - indexOf node 0 
2017-05-09 15:32:41,029 [1076645]   WARN - CPPImporter.plugin.UpdatePreview - Execute intention Keep 
2017-05-09 15:32:41,032 [1076648]   WARN - CPPImporter.plugin.IntentionExecutor - indexOf node 0 
2017-05-09 15:32:41,033 [1076649]   WARN - CPPImporter.plugin.UpdatePreview - Execute intention Keep 
2017-05-09 15:32:41,035 [1076651]   WARN - CPPImporter.plugin.IntentionExecutor - indexOf node 0 
2017-05-09 15:32:41,037 [1076653]   WARN - CPPImporter.plugin.UpdatePreview - Execute intention ChangePC 
2017-05-09 15:32:41,084 [1076700]   WARN - CPPLanguage.editor.IntentionContainer_Editor - Show 24 intentions. 
2017-05-09 15:33:11,099 [1106715]   INFO - CPPImporter.plugin.Keep_Action - [LOG] Intention Keep for 1 nodes. 
2017-05-09 15:33:11,099 [1106715]   INFO - CPPImporter.plugin.Keep_Action - [LOG] View of Keep Intention is default 
2017-05-09 15:33:11,100 [1106716]   INFO - CPPImporter.plugin.Keep_Action - Update Preview 
2017-05-09 15:33:11,100 [1106716]   INFO - CPPImporter.plugin.UpdatePreview - Initialize future model 
2017-05-09 15:33:11,101 [1106717]   INFO - CPPImporter.plugin.UpdatePreview - Create node mapping 
2017-05-09 15:33:11,101 [1106717]   INFO - CPPImporter.plugin.UpdatePreview - Node mapping done 
2017-05-09 15:33:11,108 [1106724]   WARN - CPPImporter.plugin.UpdatePreview - Execute intention Keep 
2017-05-09 15:33:11,109 [1106725]   WARN - CPPImporter.plugin.IntentionExecutor - MakeMandatory: node 0 is not in #if/#ifdef 
2017-05-09 15:33:11,109 [1106725]   WARN - CPPImporter.plugin.IntentionExecutor - Action MakeMandatory only possible if all selected nodes are within an #if/#ifdef 
2017-05-09 15:33:11,109 [1106725]  ERROR - CPPImporter.plugin.IntentionExecutor - Failed prerequiste check 
2017-05-09 15:33:11,109 [1106725]   WARN - CPPImporter.plugin.UpdatePreview - Execute intention Keep 
2017-05-09 15:33:11,110 [1106726]   WARN - CPPImporter.plugin.IntentionExecutor - indexOf node 0 
2017-05-09 15:33:11,110 [1106726]   WARN - CPPImporter.plugin.UpdatePreview - Execute intention Keep 
2017-05-09 15:33:11,110 [1106726]   WARN - CPPImporter.plugin.IntentionExecutor - indexOf node 0 
2017-05-09 15:33:11,111 [1106727]   WARN - CPPImporter.plugin.UpdatePreview - Execute intention Keep 
2017-05-09 15:33:11,111 [1106727]   WARN - CPPImporter.plugin.IntentionExecutor - indexOf node 0 
2017-05-09 15:33:11,113 [1106729]   WARN - CPPImporter.plugin.UpdatePreview - Execute intention Keep 
2017-05-09 15:33:11,113 [1106729]   WARN - CPPImporter.plugin.IntentionExecutor - indexOf node 0 
2017-05-09 15:33:11,114 [1106730]   WARN - CPPImporter.plugin.UpdatePreview - Execute intention KeepAsFeature 
2017-05-09 15:33:11,114 [1106730]   WARN - CPPImporter.plugin.IntentionExecutor - indexOf node 0 
2017-05-09 15:33:11,114 [1106730]   WARN - CPPImporter.plugin.UpdatePreview - Execute intention KeepAsFeature 
2017-05-09 15:33:11,115 [1106731]   WARN - CPPImporter.plugin.IntentionExecutor - indexOf node 0 
2017-05-09 15:33:11,115 [1106731]   WARN - CPPImporter.plugin.UpdatePreview - Execute intention KeepAsFeature 
2017-05-09 15:33:11,115 [1106731]   WARN - CPPImporter.plugin.IntentionExecutor - indexOf node 0 
2017-05-09 15:33:11,118 [1106734]   WARN - CPPImporter.plugin.UpdatePreview - Execute intention Remove 
2017-05-09 15:33:11,120 [1106736]   WARN - CPPImporter.plugin.UpdatePreview - Execute intention Remove 
2017-05-09 15:33:11,120 [1106736]   WARN - CPPImporter.plugin.UpdatePreview - Execute intention Remove 
2017-05-09 15:33:11,121 [1106737]   WARN - CPPImporter.plugin.UpdatePreview - Execute intention ChangePC 
2017-05-09 15:33:11,121 [1106737]   WARN - CPPImporter.plugin.UpdatePreview - Execute intention Keep 
2017-05-09 15:33:11,121 [1106737]   WARN - CPPImporter.plugin.IntentionExecutor - indexOf node 0 
2017-05-09 15:33:11,122 [1106738]   WARN - CPPImporter.plugin.UpdatePreview - Execute intention Remove 
2017-05-09 15:33:11,124 [1106740]   WARN - CPPImporter.plugin.UpdatePreview - Execute intention Keep 
2017-05-09 15:33:11,124 [1106740]   WARN - CPPImporter.plugin.IntentionExecutor - indexOf node 0 
2017-05-09 15:33:11,128 [1106744]   WARN - CPPImporter.plugin.UpdatePreview - Execute intention Remove 
2017-05-09 15:33:11,129 [1106745]   WARN - CPPImporter.plugin.UpdatePreview - Execute intention Keep 
2017-05-09 15:33:11,131 [1106747]   WARN - CPPImporter.plugin.IntentionExecutor - indexOf node 0 
2017-05-09 15:33:11,140 [1106756]   WARN - CPPImporter.plugin.UpdatePreview - Execute intention Remove 
2017-05-09 15:33:11,140 [1106756]   WARN - CPPImporter.plugin.UpdatePreview - Execute intention Keep 
2017-05-09 15:33:11,148 [1106764]   WARN - CPPImporter.plugin.IntentionExecutor - indexOf node 0 
2017-05-09 15:33:11,154 [1106770]   WARN - CPPImporter.plugin.UpdatePreview - Execute intention Remove 
2017-05-09 15:33:11,157 [1106773]   WARN - CPPImporter.plugin.UpdatePreview - Execute intention Keep 
2017-05-09 15:33:11,157 [1106773]   WARN - CPPImporter.plugin.IntentionExecutor - indexOf node 0 
2017-05-09 15:33:11,157 [1106773]   WARN - CPPImporter.plugin.UpdatePreview - Execute intention Keep 
2017-05-09 15:33:11,157 [1106773]   WARN - CPPImporter.plugin.IntentionExecutor - indexOf node 0 
2017-05-09 15:33:11,158 [1106774]   WARN - CPPImporter.plugin.UpdatePreview - Execute intention Keep 
2017-05-09 15:33:11,159 [1106775]   WARN - CPPImporter.plugin.IntentionExecutor - indexOf node 0 
2017-05-09 15:33:11,159 [1106775]   WARN - CPPImporter.plugin.UpdatePreview - Execute intention ChangePC 
2017-05-09 15:33:11,159 [1106775]   WARN - CPPImporter.plugin.UpdatePreview - Execute intention Keep 
2017-05-09 15:33:11,161 [1106777]   WARN - CPPImporter.plugin.IntentionExecutor - indexOf node 0 
2017-05-09 15:33:11,187 [1106803]   WARN - CPPLanguage.editor.IntentionContainer_Editor - Show 25 intentions. 
2017-05-09 15:33:41,432 [1137048]   WARN - CPPImporter.plugin.ChangePC_Action - [LOG] Intention ChangePC View default 
2017-05-09 15:33:41,433 [1137049]   INFO - CPPImporter.plugin.UpdatePreview - Initialize future model 
2017-05-09 15:33:41,433 [1137049]   INFO - CPPImporter.plugin.UpdatePreview - Create node mapping 
2017-05-09 15:33:41,433 [1137049]   INFO - CPPImporter.plugin.UpdatePreview - Node mapping done 
2017-05-09 15:33:41,434 [1137050]   WARN - CPPImporter.plugin.UpdatePreview - Execute intention Keep 
2017-05-09 15:33:41,435 [1137051]   WARN - CPPImporter.plugin.IntentionExecutor - MakeMandatory: node 0 is not in #if/#ifdef 
2017-05-09 15:33:41,435 [1137051]   WARN - CPPImporter.plugin.IntentionExecutor - Action MakeMandatory only possible if all selected nodes are within an #if/#ifdef 
2017-05-09 15:33:41,435 [1137051]  ERROR - CPPImporter.plugin.IntentionExecutor - Failed prerequiste check 
2017-05-09 15:33:41,435 [1137051]   WARN - CPPImporter.plugin.UpdatePreview - Execute intention Keep 
2017-05-09 15:33:41,435 [1137051]   WARN - CPPImporter.plugin.IntentionExecutor - indexOf node 0 
2017-05-09 15:33:41,448 [1137064]   WARN - CPPImporter.plugin.UpdatePreview - Execute intention Keep 
2017-05-09 15:33:41,449 [1137065]   WARN - CPPImporter.plugin.IntentionExecutor - indexOf node 0 
2017-05-09 15:33:41,450 [1137066]   WARN - CPPImporter.plugin.UpdatePreview - Execute intention Keep 
2017-05-09 15:33:41,453 [1137069]   WARN - CPPImporter.plugin.IntentionExecutor - indexOf node 0 
2017-05-09 15:33:41,459 [1137075]   WARN - CPPImporter.plugin.UpdatePreview - Execute intention Keep 
2017-05-09 15:33:41,459 [1137075]   WARN - CPPImporter.plugin.IntentionExecutor - indexOf node 0 
2017-05-09 15:33:41,464 [1137080]   WARN - CPPImporter.plugin.UpdatePreview - Execute intention KeepAsFeature 
2017-05-09 15:33:41,464 [1137080]   WARN - CPPImporter.plugin.IntentionExecutor - indexOf node 0 
2017-05-09 15:33:41,465 [1137081]   WARN - CPPImporter.plugin.UpdatePreview - Execute intention KeepAsFeature 
2017-05-09 15:33:41,471 [1137087]   WARN - CPPImporter.plugin.IntentionExecutor - indexOf node 0 
2017-05-09 15:33:41,472 [1137088]   WARN - CPPImporter.plugin.UpdatePreview - Execute intention KeepAsFeature 
2017-05-09 15:33:41,473 [1137089]   WARN - CPPImporter.plugin.IntentionExecutor - indexOf node 0 
2017-05-09 15:33:41,477 [1137093]   WARN - CPPImporter.plugin.UpdatePreview - Execute intention Remove 
2017-05-09 15:33:41,479 [1137095]   WARN - CPPImporter.plugin.UpdatePreview - Execute intention Remove 
2017-05-09 15:33:41,479 [1137095]   WARN - CPPImporter.plugin.UpdatePreview - Execute intention Remove 
2017-05-09 15:33:41,479 [1137095]   WARN - CPPImporter.plugin.UpdatePreview - Execute intention ChangePC 
2017-05-09 15:33:41,483 [1137099]   WARN - CPPImporter.plugin.UpdatePreview - Execute intention Keep 
2017-05-09 15:33:41,483 [1137099]   WARN - CPPImporter.plugin.IntentionExecutor - indexOf node 0 
2017-05-09 15:33:41,483 [1137099]   WARN - CPPImporter.plugin.UpdatePreview - Execute intention Remove 
2017-05-09 15:33:41,484 [1137100]   WARN - CPPImporter.plugin.UpdatePreview - Execute intention Keep 
2017-05-09 15:33:41,484 [1137100]   WARN - CPPImporter.plugin.IntentionExecutor - indexOf node 0 
2017-05-09 15:33:41,485 [1137101]   WARN - CPPImporter.plugin.UpdatePreview - Execute intention Remove 
2017-05-09 15:33:41,485 [1137101]   WARN - CPPImporter.plugin.UpdatePreview - Execute intention Keep 
2017-05-09 15:33:41,485 [1137101]   WARN - CPPImporter.plugin.IntentionExecutor - indexOf node 0 
2017-05-09 15:33:41,486 [1137102]   WARN - CPPImporter.plugin.UpdatePreview - Execute intention Remove 
2017-05-09 15:33:41,486 [1137102]   WARN - CPPImporter.plugin.UpdatePreview - Execute intention Keep 
2017-05-09 15:33:41,486 [1137102]   WARN - CPPImporter.plugin.IntentionExecutor - indexOf node 0 
2017-05-09 15:33:41,487 [1137103]   WARN - CPPImporter.plugin.UpdatePreview - Execute intention Remove 
2017-05-09 15:33:41,487 [1137103]   WARN - CPPImporter.plugin.UpdatePreview - Execute intention Keep 
2017-05-09 15:33:41,490 [1137106]   WARN - CPPImporter.plugin.IntentionExecutor - indexOf node 0 
2017-05-09 15:33:41,492 [1137108]   WARN - CPPImporter.plugin.UpdatePreview - Execute intention Keep 
2017-05-09 15:33:41,495 [1137111]   WARN - CPPImporter.plugin.IntentionExecutor - indexOf node 0 
2017-05-09 15:33:41,495 [1137111]   WARN - CPPImporter.plugin.UpdatePreview - Execute intention Keep 
2017-05-09 15:33:41,496 [1137112]   WARN - CPPImporter.plugin.IntentionExecutor - indexOf node 0 
2017-05-09 15:33:41,503 [1137119]   WARN - CPPImporter.plugin.UpdatePreview - Execute intention ChangePC 
2017-05-09 15:33:41,503 [1137119]   WARN - CPPImporter.plugin.UpdatePreview - Execute intention Keep 
2017-05-09 15:33:41,503 [1137119]   WARN - CPPImporter.plugin.IntentionExecutor - indexOf node 0 
2017-05-09 15:33:41,504 [1137120]   WARN - CPPImporter.plugin.UpdatePreview - Execute intention ChangePC 
2017-05-09 15:33:41,518 [1137134]   WARN - CPPLanguage.editor.IntentionContainer_Editor - Show 26 intentions. 
2017-05-09 15:34:09,247 [1164863]   INFO - CPPImporter.plugin.Remove_Action - [LOG] Remove Intention for 1 nodes. 
2017-05-09 15:34:09,248 [1164864]   INFO - CPPImporter.plugin.Remove_Action - [LOG] View of Keep Intention is default 
2017-05-09 15:34:09,248 [1164864]   INFO - CPPImporter.plugin.UpdatePreview - Initialize future model 
2017-05-09 15:34:09,249 [1164865]   INFO - CPPImporter.plugin.UpdatePreview - Create node mapping 
2017-05-09 15:34:09,249 [1164865]   INFO - CPPImporter.plugin.UpdatePreview - Node mapping done 
2017-05-09 15:34:09,261 [1164877]   WARN - CPPImporter.plugin.UpdatePreview - Execute intention Keep 
2017-05-09 15:34:09,265 [1164881]   WARN - CPPImporter.plugin.IntentionExecutor - MakeMandatory: node 0 is not in #if/#ifdef 
2017-05-09 15:34:09,269 [1164885]   WARN - CPPImporter.plugin.IntentionExecutor - Action MakeMandatory only possible if all selected nodes are within an #if/#ifdef 
2017-05-09 15:34:09,269 [1164885]  ERROR - CPPImporter.plugin.IntentionExecutor - Failed prerequiste check 
2017-05-09 15:34:09,270 [1164886]   WARN - CPPImporter.plugin.UpdatePreview - Execute intention Keep 
2017-05-09 15:34:09,271 [1164887]   WARN - CPPImporter.plugin.IntentionExecutor - indexOf node 0 
2017-05-09 15:34:09,273 [1164889]   WARN - CPPImporter.plugin.UpdatePreview - Execute intention Keep 
2017-05-09 15:34:09,277 [1164893]   WARN - CPPImporter.plugin.IntentionExecutor - indexOf node 0 
2017-05-09 15:34:09,280 [1164896]   WARN - CPPImporter.plugin.UpdatePreview - Execute intention Keep 
2017-05-09 15:34:09,282 [1164898]   WARN - CPPImporter.plugin.IntentionExecutor - indexOf node 0 
2017-05-09 15:34:09,293 [1164909]   WARN - CPPImporter.plugin.UpdatePreview - Execute intention Keep 
2017-05-09 15:34:09,293 [1164909]   WARN - CPPImporter.plugin.IntentionExecutor - indexOf node 0 
2017-05-09 15:34:09,294 [1164910]   WARN - CPPImporter.plugin.UpdatePreview - Execute intention KeepAsFeature 
2017-05-09 15:34:09,295 [1164911]   WARN - CPPImporter.plugin.IntentionExecutor - indexOf node 0 
2017-05-09 15:34:09,295 [1164911]   WARN - CPPImporter.plugin.UpdatePreview - Execute intention KeepAsFeature 
2017-05-09 15:34:09,296 [1164912]   WARN - CPPImporter.plugin.IntentionExecutor - indexOf node 0 
2017-05-09 15:34:09,296 [1164912]   WARN - CPPImporter.plugin.UpdatePreview - Execute intention KeepAsFeature 
2017-05-09 15:34:09,299 [1164915]   WARN - CPPImporter.plugin.IntentionExecutor - indexOf node 0 
2017-05-09 15:34:09,299 [1164915]   WARN - CPPImporter.plugin.UpdatePreview - Execute intention Remove 
2017-05-09 15:34:09,300 [1164916]   WARN - CPPImporter.plugin.UpdatePreview - Execute intention Remove 
2017-05-09 15:34:09,300 [1164916]   WARN - CPPImporter.plugin.UpdatePreview - Execute intention Remove 
2017-05-09 15:34:09,300 [1164916]   WARN - CPPImporter.plugin.UpdatePreview - Execute intention ChangePC 
2017-05-09 15:34:09,300 [1164916]   WARN - CPPImporter.plugin.UpdatePreview - Execute intention Keep 
2017-05-09 15:34:09,301 [1164917]   WARN - CPPImporter.plugin.IntentionExecutor - indexOf node 0 
2017-05-09 15:34:09,302 [1164918]   WARN - CPPImporter.plugin.UpdatePreview - Execute intention Remove 
2017-05-09 15:34:09,308 [1164924]   WARN - CPPImporter.plugin.UpdatePreview - Execute intention Keep 
2017-05-09 15:34:09,310 [1164926]   WARN - CPPImporter.plugin.IntentionExecutor - indexOf node 0 
2017-05-09 15:34:09,310 [1164926]   WARN - CPPImporter.plugin.UpdatePreview - Execute intention Remove 
2017-05-09 15:34:09,310 [1164926]   WARN - CPPImporter.plugin.UpdatePreview - Execute intention Keep 
2017-05-09 15:34:09,311 [1164927]   WARN - CPPImporter.plugin.IntentionExecutor - indexOf node 0 
2017-05-09 15:34:09,311 [1164927]   WARN - CPPImporter.plugin.UpdatePreview - Execute intention Remove 
2017-05-09 15:34:09,311 [1164927]   WARN - CPPImporter.plugin.UpdatePreview - Execute intention Keep 
2017-05-09 15:34:09,312 [1164928]   WARN - CPPImporter.plugin.IntentionExecutor - indexOf node 0 
2017-05-09 15:34:09,315 [1164931]   WARN - CPPImporter.plugin.UpdatePreview - Execute intention Remove 
2017-05-09 15:34:09,315 [1164931]   WARN - CPPImporter.plugin.UpdatePreview - Execute intention Keep 
2017-05-09 15:34:09,315 [1164931]   WARN - CPPImporter.plugin.IntentionExecutor - indexOf node 0 
2017-05-09 15:34:09,316 [1164932]   WARN - CPPImporter.plugin.UpdatePreview - Execute intention Keep 
2017-05-09 15:34:09,318 [1164934]   WARN - CPPImporter.plugin.IntentionExecutor - indexOf node 0 
2017-05-09 15:34:09,319 [1164935]   WARN - CPPImporter.plugin.UpdatePreview - Execute intention Keep 
2017-05-09 15:34:09,322 [1164938]   WARN - CPPImporter.plugin.IntentionExecutor - indexOf node 0 
2017-05-09 15:34:09,325 [1164941]   WARN - CPPImporter.plugin.UpdatePreview - Execute intention ChangePC 
2017-05-09 15:34:09,325 [1164941]   WARN - CPPImporter.plugin.UpdatePreview - Execute intention Keep 
2017-05-09 15:34:09,325 [1164941]   WARN - CPPImporter.plugin.IntentionExecutor - indexOf node 0 
2017-05-09 15:34:09,326 [1164942]   WARN - CPPImporter.plugin.UpdatePreview - Execute intention ChangePC 
2017-05-09 15:34:09,326 [1164942]   WARN - CPPImporter.plugin.UpdatePreview - Execute intention Remove 
2017-05-09 15:34:09,339 [1164955]   WARN - CPPLanguage.editor.IntentionContainer_Editor - Show 27 intentions. 
2017-05-09 15:34:25,698 [1181314]   WARN - CPPImporter.plugin.CommitIntentions_Action - Commit Intentions 
2017-05-09 15:34:25,698 [1181314]   INFO - CPPImporter.plugin.UpdatePreview - Initialize future model 
2017-05-09 15:34:25,699 [1181315]   INFO - CPPImporter.plugin.UpdatePreview - Create node mapping 
2017-05-09 15:34:25,699 [1181315]   INFO - CPPImporter.plugin.UpdatePreview - Node mapping done 
2017-05-09 15:34:25,705 [1181321]   WARN - CPPImporter.plugin.UpdatePreview - Execute intention Keep 
2017-05-09 15:34:25,733 [1181349]   WARN - CPPImporter.plugin.IntentionExecutor - MakeMandatory: node 0 is not in #if/#ifdef 
2017-05-09 15:34:25,733 [1181349]   WARN - CPPImporter.plugin.IntentionExecutor - Action MakeMandatory only possible if all selected nodes are within an #if/#ifdef 
2017-05-09 15:34:25,734 [1181350]  ERROR - CPPImporter.plugin.IntentionExecutor - Failed prerequiste check 
2017-05-09 15:34:25,734 [1181350]   WARN - CPPImporter.plugin.UpdatePreview - Execute intention Keep 
2017-05-09 15:34:25,734 [1181350]   WARN - CPPImporter.plugin.IntentionExecutor - indexOf node 0 
2017-05-09 15:34:25,743 [1181359]   WARN - CPPImporter.plugin.UpdatePreview - Execute intention Keep 
2017-05-09 15:34:25,743 [1181359]   WARN - CPPImporter.plugin.IntentionExecutor - indexOf node 0 
2017-05-09 15:34:25,744 [1181360]   WARN - CPPImporter.plugin.UpdatePreview - Execute intention Keep 
2017-05-09 15:34:25,745 [1181361]   WARN - CPPImporter.plugin.IntentionExecutor - indexOf node 0 
2017-05-09 15:34:25,751 [1181367]   WARN - CPPImporter.plugin.UpdatePreview - Execute intention Keep 
2017-05-09 15:34:25,751 [1181367]   WARN - CPPImporter.plugin.IntentionExecutor - indexOf node 0 
2017-05-09 15:34:25,752 [1181368]   WARN - CPPImporter.plugin.UpdatePreview - Execute intention KeepAsFeature 
2017-05-09 15:34:25,752 [1181368]   WARN - CPPImporter.plugin.IntentionExecutor - indexOf node 0 
2017-05-09 15:34:25,753 [1181369]   WARN - CPPImporter.plugin.UpdatePreview - Execute intention KeepAsFeature 
2017-05-09 15:34:25,753 [1181369]   WARN - CPPImporter.plugin.IntentionExecutor - indexOf node 0 
2017-05-09 15:34:25,753 [1181369]   WARN - CPPImporter.plugin.UpdatePreview - Execute intention KeepAsFeature 
2017-05-09 15:34:25,753 [1181369]   WARN - CPPImporter.plugin.IntentionExecutor - indexOf node 0 
2017-05-09 15:34:25,757 [1181373]   WARN - CPPImporter.plugin.UpdatePreview - Execute intention Remove 
2017-05-09 15:34:25,759 [1181375]   WARN - CPPImporter.plugin.UpdatePreview - Execute intention Remove 
2017-05-09 15:34:25,760 [1181376]   WARN - CPPImporter.plugin.UpdatePreview - Execute intention Remove 
2017-05-09 15:34:25,762 [1181378]   WARN - CPPImporter.plugin.UpdatePreview - Execute intention ChangePC 
2017-05-09 15:34:25,763 [1181379]   WARN - CPPImporter.plugin.UpdatePreview - Execute intention Keep 
2017-05-09 15:34:25,763 [1181379]   WARN - CPPImporter.plugin.IntentionExecutor - indexOf node 0 
2017-05-09 15:34:25,763 [1181379]   WARN - CPPImporter.plugin.UpdatePreview - Execute intention Remove 
2017-05-09 15:34:25,763 [1181379]   WARN - CPPImporter.plugin.UpdatePreview - Execute intention Keep 
2017-05-09 15:34:25,764 [1181380]   WARN - CPPImporter.plugin.IntentionExecutor - indexOf node 0 
2017-05-09 15:34:25,764 [1181380]   WARN - CPPImporter.plugin.UpdatePreview - Execute intention Remove 
2017-05-09 15:34:25,764 [1181380]   WARN - CPPImporter.plugin.UpdatePreview - Execute intention Keep 
2017-05-09 15:34:25,764 [1181380]   WARN - CPPImporter.plugin.IntentionExecutor - indexOf node 0 
2017-05-09 15:34:25,765 [1181381]   WARN - CPPImporter.plugin.UpdatePreview - Execute intention Remove 
2017-05-09 15:34:25,765 [1181381]   WARN - CPPImporter.plugin.UpdatePreview - Execute intention Keep 
2017-05-09 15:34:25,765 [1181381]   WARN - CPPImporter.plugin.IntentionExecutor - indexOf node 0 
2017-05-09 15:34:25,765 [1181381]   WARN - CPPImporter.plugin.UpdatePreview - Execute intention Remove 
2017-05-09 15:34:25,765 [1181381]   WARN - CPPImporter.plugin.UpdatePreview - Execute intention Keep 
2017-05-09 15:34:25,766 [1181382]   WARN - CPPImporter.plugin.IntentionExecutor - indexOf node 0 
2017-05-09 15:34:25,766 [1181382]   WARN - CPPImporter.plugin.UpdatePreview - Execute intention Keep 
2017-05-09 15:34:25,766 [1181382]   WARN - CPPImporter.plugin.IntentionExecutor - indexOf node 0 
2017-05-09 15:34:25,766 [1181382]   WARN - CPPImporter.plugin.UpdatePreview - Execute intention Keep 
2017-05-09 15:34:25,773 [1181389]   WARN - CPPImporter.plugin.IntentionExecutor - indexOf node 0 
2017-05-09 15:34:25,775 [1181391]   WARN - CPPImporter.plugin.UpdatePreview - Execute intention ChangePC 
2017-05-09 15:34:25,777 [1181393]   WARN - CPPImporter.plugin.UpdatePreview - Execute intention Keep 
2017-05-09 15:34:25,779 [1181395]   WARN - CPPImporter.plugin.IntentionExecutor - indexOf node 0 
2017-05-09 15:34:25,779 [1181395]   WARN - CPPImporter.plugin.UpdatePreview - Execute intention ChangePC 
2017-05-09 15:34:25,779 [1181395]   WARN - CPPImporter.plugin.UpdatePreview - Execute intention Remove 
2017-05-09 15:34:26,144 [1181760]   WARN - CPPLanguage.editor.IntentionContainer_Editor - Show 0 intentions. 
2017-05-09 15:34:44,218 [1199834]   INFO - CPPImporter.plugin.Export_Action - [LOG] Export to /home/group1/results/incline.c 
2017-05-09 15:34:58,003 [1213619]   INFO - jetbrains.mps.extapi.model.EditableSModelBase - Saving model Examples.Imported2 
2017-05-09 15:34:58,108 [1213724]   INFO - jetbrains.mps.smodel.MPSModuleRepository - Saving of the repository took 0.111 s 
2017-05-09 15:34:58,440 [1214056]   INFO - jetbrains.mps.plugins.PluginLoaderRegistry - Running Update Task : loaders [toLoad: 0; toUnload:1]; contributors : [toLoad: 0; toUnload:0]; Thread[AWT-EventQueue-0 3.4.4#MPS-162.2317 MPS, eap:false, os:Linux 4.8.0-49-generic, java-version:Oracle Corporation 1.8.0_121-8u121-b13-0ubuntu1.16.04.2-b13,6,main] 
2017-05-09 15:34:58,459 [1214075]   INFO - jetbrains.mps.plugins.PluginLoaderRegistry - Unloading of 145 plugins took 0.019 s 
2017-05-09 15:34:58,460 [1214076]   INFO - jetbrains.mps.project.ProjectBase - Project 'CPPLanguage' is closing 
2017-05-09 15:34:58,564 [1214180]   INFO - jetbrains.mps.classloading.ModuleUpdater - Classloading refresh took 0.029 s 
2017-05-09 15:34:58,568 [1214184]   INFO - jetbrains.mps.classloading.ModulesWatcher - 0 modules are marked as invalid roots for class loading out of 297 modules [totally in the repository] 
2017-05-09 15:34:58,573 [1214189]   INFO - jetbrains.mps.classloading.ModulesWatcher - Totally 0 modules are marked invalid for class loading 
2017-05-09 15:34:58,740 [1214356]   INFO - jetbrains.mps.classloading.ModuleUpdater - Classloading refresh took 0.051 s 
2017-05-09 15:34:58,742 [1214358]   INFO - jetbrains.mps.classloading.ModulesWatcher - 0 modules are marked as invalid roots for class loading out of 296 modules [totally in the repository] 
2017-05-09 15:34:58,743 [1214359]   INFO - jetbrains.mps.classloading.ModulesWatcher - Totally 0 modules are marked invalid for class loading 
2017-05-09 15:34:58,813 [1214429]   INFO - jetbrains.mps.classloading.ModuleUpdater - Classloading refresh took 0.034 s 
2017-05-09 15:34:58,816 [1214432]   INFO - jetbrains.mps.classloading.ModulesWatcher - 0 modules are marked as invalid roots for class loading out of 295 modules [totally in the repository] 
2017-05-09 15:34:58,819 [1214435]   INFO - jetbrains.mps.classloading.ModulesWatcher - Totally 0 modules are marked invalid for class loading 
2017-05-09 15:34:58,850 [1214466]   INFO - jetbrains.mps.library.LibraryInitializer - Removing libraries from ProjectLibraryManager 
2017-05-09 15:34:58,862 [1214478]   INFO - #org.jetbrains.io.BuiltInServer - web server stopped 
2017-05-09 15:34:58,891 [1214507]   INFO - jetbrains.mps.library.LibraryInitializer - Removing libraries from AdditionalLibrariesManager 
2017-05-09 15:34:58,894 [1214510]   INFO - jetbrains.mps.library.LibraryInitializer - Removing libraries from PluginLibraryContributor 
2017-05-09 15:34:58,894 [1214510]   INFO - jetbrains.mps.library.LibraryInitializer - Removing libraries from BootstrapLibraryContributor 
2017-05-09 15:34:58,894 [1214510]   INFO - jetbrains.mps.library.LibraryInitializer - Unloading 112 libraries 
2017-05-09 15:34:59,349 [1214965]   INFO - jetbrains.mps.library.LibraryInitializer - Library update is finished 
2017-05-09 15:34:59,393 [1215009]   INFO - jetbrains.mps.classloading.ModuleUpdater - Classloading refresh took 0.009 s 
2017-05-09 15:34:59,393 [1215009]   INFO - jetbrains.mps.classloading.ModulesWatcher - 0 modules are marked as invalid roots for class loading out of 0 modules [totally in the repository] 
2017-05-09 15:34:59,393 [1215009]   INFO - jetbrains.mps.classloading.ModulesWatcher - Totally 0 modules are marked invalid for class loading 
2017-05-09 15:34:59,457 [1215073]   INFO - #org.jetbrains.io.BuiltInServer - web server stopped 
