
2017-05-02 19:44:16,745 [      0]   INFO - #org.jetbrains.ide.BuiltInServerManager - built-in server started, port 63342 
2017-05-02 19:44:16,998 [    253]   INFO - jetbrains.mps.library.LibraryInitializer - Adding libraries from BootstrapLibraryContributor 
2017-05-02 19:44:16,998 [    253]   INFO - jetbrains.mps.library.LibraryInitializer - Adding libraries from PluginLibraryContributor 
2017-05-02 19:44:17,061 [    316]   INFO - jetbrains.mps.library.LibraryInitializer - Loading 112 libraries 
2017-05-02 19:44:17,071 [    326]   INFO -  jetbrains.mps.vfs.FileRefresh - Refreshing 112 file(s) 
2017-05-02 19:44:17,078 [    333]   INFO -  jetbrains.mps.vfs.FileRefresh - Refreshing is done 
2017-05-02 19:44:19,922 [   3177]   INFO - jetbrains.mps.library.LibraryInitializer - Library update is finished 
2017-05-02 19:44:21,419 [   4674]   INFO - jetbrains.mps.classloading.ModuleUpdater - Classloading refresh took 1.480 s 
2017-05-02 19:44:21,423 [   4678]   INFO - jetbrains.mps.classloading.ModulesWatcher - 0 modules are marked as invalid roots for class loading out of 295 modules [totally in the repository] 
2017-05-02 19:44:21,424 [   4679]   INFO - jetbrains.mps.classloading.ModulesWatcher - Totally 0 modules are marked invalid for class loading 
2017-05-02 19:44:22,115 [   5370]   INFO - jetbrains.mps.plugins.PluginLoaderRegistry - Running Update Task : loaders [toLoad: 1; toUnload:0]; contributors : [toLoad: 133; toUnload:0]; Thread[AWT-EventQueue-0 3.4.4#MPS-162.2317 MPS, eap:false, os:Linux 4.8.0-49-generic, java-version:Oracle Corporation 1.8.0_121-8u121-b13-0ubuntu1.16.04.2-b13,6,main] 
2017-05-02 19:44:22,184 [   5439]   WARN - tbrains.mps.plugins.applicationplugins.BaseApplicationPlugin - Destination group was not found id: Internal. Trying to insert jetbrains.mps.ide.actions.ToolsInternal_ActionGroup 
2017-05-02 19:44:22,283 [   5538]   INFO - jetbrains.mps.plugins.PluginLoaderRegistry - Loading of 1 plugins took 0.166 s 
2017-05-02 19:44:22,396 [   5651]   INFO - jetbrains.mps.plugins.PluginLoaderRegistry - Loading of 133 plugins took 0.112 s 
2017-05-02 19:44:24,472 [   7727]   INFO - jetbrains.mps.library.LibraryInitializer - Adding libraries from ProjectLibraryManager 
2017-05-02 19:44:24,493 [   7748]   INFO - jetbrains.mps.project.StandaloneMPSProject - Loading the project 'CPPLanguage' from disk 
2017-05-02 19:44:24,513 [   7768]   INFO - jetbrains.mps.project.StandaloneMPSProject - Updating MPS Project [MPS:3 modules] 
2017-05-02 19:44:24,514 [   7769]   INFO - jetbrains.mps.project.ModuleLoader - Loading modules... 
2017-05-02 19:44:24,751 [   8006]   WARN - jetbrains.mps.project.structure.project.ProjectDescriptor - Not adding module path with an empty virtual folder; already have one 
2017-05-02 19:44:24,771 [   8026]   WARN - jetbrains.mps.project.structure.project.ProjectDescriptor - Not adding module path with an empty virtual folder; already have one 
2017-05-02 19:44:25,413 [   8668]   WARN - jetbrains.mps.project.structure.project.ProjectDescriptor - Not adding module path with an empty virtual folder; already have one 
2017-05-02 19:44:25,414 [   8669]   INFO - jetbrains.mps.project.ModuleLoader - Modules are loaded: 3 new; 0 removed 
2017-05-02 19:44:25,419 [   8674]   INFO - jetbrains.mps.project.StandaloneMPSProject - Updating MPS Project [MPS:3 modules] took 0.905 s 
2017-05-02 19:44:25,460 [   8715]   INFO - jetbrains.mps.ide.make.StartupModuleMakerImpl - Building modules on startup 
2017-05-02 19:44:25,470 [   8725]   WARN - jetbrains.mps.classloading.BatchEventsProcessor - Events have not been flushed 
2017-05-02 19:44:25,480 [   8735]  ERROR - jetbrains.mps.smodel.persistence.def.v9.ImportsHelper - Can't register import 498d89d2-c2e9-11e2-ad49-6cf049e62fe5/java:com.intellij.openapi.ui(MPS.IDEA/) in model r:87ad25c8-6567-4dff-99e1-1dedfd4141eb(CPPImporter.plugin). Index jkm4 is already in use for model 498d89d2-c2e9-11e2-ad49-6cf049e62fe5/java:com.intellij.openapi.ui(MPS.IDEA/) 
2017-05-02 19:44:25,500 [   8755]  ERROR - jetbrains.mps.smodel.persistence.def.v9.ImportsHelper - Can't register import 498d89d2-c2e9-11e2-ad49-6cf049e62fe5/java:com.intellij.openapi.ui(MPS.IDEA/) in model r:87ad25c8-6567-4dff-99e1-1dedfd4141eb(CPPImporter.plugin). Index jkm4 is already in use for model 498d89d2-c2e9-11e2-ad49-6cf049e62fe5/java:com.intellij.openapi.ui(MPS.IDEA/) 
2017-05-02 19:44:25,500 [   8755]  ERROR - jetbrains.mps.smodel.persistence.def.v9.ImportsHelper - Can't register import 498d89d2-c2e9-11e2-ad49-6cf049e62fe5/java:com.intellij.openapi.ui(MPS.IDEA/) in model r:87ad25c8-6567-4dff-99e1-1dedfd4141eb(CPPImporter.plugin). Index jkm4 is already in use for model 498d89d2-c2e9-11e2-ad49-6cf049e62fe5/java:com.intellij.openapi.ui(MPS.IDEA/) 
2017-05-02 19:44:25,500 [   8755]  ERROR - jetbrains.mps.smodel.persistence.def.v9.ImportsHelper - Can't register import 498d89d2-c2e9-11e2-ad49-6cf049e62fe5/java:com.intellij.openapi.ui(MPS.IDEA/) in model r:87ad25c8-6567-4dff-99e1-1dedfd4141eb(CPPImporter.plugin). Index jkm4 is already in use for model 498d89d2-c2e9-11e2-ad49-6cf049e62fe5/java:com.intellij.openapi.ui(MPS.IDEA/) 
2017-05-02 19:44:25,504 [   8759]  ERROR - jetbrains.mps.smodel.persistence.def.v9.ImportsHelper - Can't register import 1ed103c3-3aa6-49b7-9c21-6765ee11f224/java:jetbrains.mps.openapi.editor(MPS.Editor/) in model r:87ad25c8-6567-4dff-99e1-1dedfd4141eb(CPPImporter.plugin). Index cj4x is already in use for model 1ed103c3-3aa6-49b7-9c21-6765ee11f224/java:jetbrains.mps.openapi.editor(MPS.Editor/) 
2017-05-02 19:44:25,504 [   8759]  ERROR - jetbrains.mps.smodel.persistence.def.v9.ImportsHelper - Can't register import 498d89d2-c2e9-11e2-ad49-6cf049e62fe5/java:com.intellij.openapi.ui(MPS.IDEA/) in model r:87ad25c8-6567-4dff-99e1-1dedfd4141eb(CPPImporter.plugin). Index jkm4 is already in use for model 498d89d2-c2e9-11e2-ad49-6cf049e62fe5/java:com.intellij.openapi.ui(MPS.IDEA/) 
2017-05-02 19:44:25,505 [   8760]  ERROR - jetbrains.mps.smodel.persistence.def.v9.ImportsHelper - Can't register import 498d89d2-c2e9-11e2-ad49-6cf049e62fe5/java:com.intellij.openapi.actionSystem(MPS.IDEA/) in model r:87ad25c8-6567-4dff-99e1-1dedfd4141eb(CPPImporter.plugin). Index qkt is already in use for model 498d89d2-c2e9-11e2-ad49-6cf049e62fe5/java:com.intellij.openapi.actionSystem(MPS.IDEA/) 
2017-05-02 19:44:25,505 [   8760]  ERROR - jetbrains.mps.smodel.persistence.def.v9.ImportsHelper - Can't register import r:00000000-0000-4000-0000-011c8959029e(jetbrains.mps.lang.editor.structure) in model r:87ad25c8-6567-4dff-99e1-1dedfd4141eb(CPPImporter.plugin). Index tpc2 is already in use for model r:00000000-0000-4000-0000-011c8959029e(jetbrains.mps.lang.editor.structure) 
2017-05-02 19:44:25,694 [   8949]  ERROR - jetbrains.mps.smodel.persistence.def.v9.ImportsHelper - Can't register import 6354ebe7-c22a-4a0f-ac54-50b52ab9b065/java:javax.swing(JDK/) in model r:c67970af-4844-47d5-9471-54e2bda5945e(CPPLanguage.structure). Index dxuu is already in use for model 6354ebe7-c22a-4a0f-ac54-50b52ab9b065/java:javax.swing(JDK/) 
2017-05-02 19:44:26,082 [   9337]   INFO - jetbrains.mps.classloading.ModuleUpdater - Classloading refresh took 0.058 s 
2017-05-02 19:44:26,092 [   9347]   INFO - jetbrains.mps.classloading.ModulesWatcher - 0 modules are marked as invalid roots for class loading out of 299 modules [totally in the repository] 
2017-05-02 19:44:26,096 [   9351]   INFO - jetbrains.mps.classloading.ModulesWatcher - Totally 0 modules are marked invalid for class loading 
2017-05-02 19:44:26,797 [  10052]   INFO - jetbrains.mps.classloading.ModuleUpdater - Classloading refresh took 0.047 s 
2017-05-02 19:44:27,115 [  10370]   INFO - jetbrains.mps.classloading.ClassLoaderManager - Reloaded 4 module(s) in 0.365 s 
2017-05-02 19:44:27,122 [  10377]   INFO - jetbrains.mps.ide.make.StartupModuleMakerImpl - Building on startup is finished 
2017-05-02 19:44:27,215 [  10470]   INFO - jetbrains.mps.classloading.ModuleUpdater - Classloading refresh took 0.045 s 
2017-05-02 19:44:27,220 [  10475]   INFO - jetbrains.mps.classloading.ModulesWatcher - 0 modules are marked as invalid roots for class loading out of 300 modules [totally in the repository] 
2017-05-02 19:44:27,221 [  10476]   INFO - jetbrains.mps.classloading.ModulesWatcher - Totally 0 modules are marked invalid for class loading 
2017-05-02 19:44:27,529 [  10784]   INFO - jetbrains.mps.project.ProjectBase - Project 'CPPLanguage' is opened 
2017-05-02 19:44:27,600 [  10855]   INFO - jetbrains.mps.plugin.MPSPlugin - Wasn't able to connect to IDEA 
2017-05-02 19:44:28,222 [  11477]   INFO - jetbrains.mps.library.LibraryInitializer - Adding libraries from AdditionalLibrariesManager 
2017-05-02 19:44:28,313 [  11568]   INFO - jetbrains.mps.plugins.PluginLoaderRegistry - Running Update Task : loaders [toLoad: 1; toUnload:0]; contributors : [toLoad: 2; toUnload:0]; Thread[ApplicationImpl pooled thread 2,4,main] 
2017-05-02 19:44:29,223 [  12478]   INFO - jetbrains.mps.plugins.PluginLoaderRegistry - Loading of 134 plugins took 0.339 s 
2017-05-02 19:44:29,313 [  12568]   INFO - jetbrains.mps.plugins.PluginLoaderRegistry - Loading of 9 plugins took 0.088 s 
2017-05-02 19:44:29,504 [  12759]  ERROR - CPPImporter.plugin.Merge_Tool_Tool - Could not find icon at /usr/local/incline-ws/cpponmps/resources/ic_chevron_right_black_18dp.png 
2017-05-02 19:44:29,507 [  12762]  ERROR - CPPImporter.plugin.Merge_Tool_Tool - Could not find icon at /usr/local/incline-ws/cpponmps/resources/ic_chevron_left_black_18dp.png 
2017-05-02 19:44:29,512 [  12767]  ERROR - CPPImporter.plugin.Merge_Tool_Tool - Could not find icon at /usr/local/incline-ws/cpponmps/resources/ic_help_black_18dp.png 
2017-05-02 19:44:29,520 [  12775]  ERROR - CPPImporter.plugin.Merge_Tool_Tool - Could not find icon at /usr/local/incline-ws/cpponmps/resources/ic_call_merge_black_18dp.png 
2017-05-02 19:44:29,521 [  12776]  ERROR - CPPImporter.plugin.Merge_Tool_Tool - Could not find icon at /usr/local/incline-ws/cpponmps/resources/ic_call_missed_black_18dp.png 
2017-05-02 19:44:29,522 [  12777]  ERROR - CPPImporter.plugin.Merge_Tool_Tool - Could not find icon at /usr/local/incline-ws/cpponmps/resources/ic_call_missed_outgoing_black_18dp.png 
2017-05-02 19:44:29,524 [  12779]  ERROR - CPPImporter.plugin.Merge_Tool_Tool - Could not find icon at /usr/local/incline-ws/cpponmps/resources/ic_help_black_18dp_small.png 
2017-05-02 19:44:29,525 [  12780]  ERROR - CPPImporter.plugin.Merge_Tool_Tool - Could not find icon at /usr/local/incline-ws/cpponmps/resources/ic_done_black_18dp.png 
2017-05-02 19:44:29,525 [  12780]  ERROR - CPPImporter.plugin.Merge_Tool_Tool - Could not find icon at /usr/local/incline-ws/cpponmps/resources/ic_list_black_18dp.png 
2017-05-02 19:44:29,556 [  12811]   INFO - jetbrains.mps.plugins.PluginLoaderRegistry - Loading of 2 plugins took 0.243 s 
2017-05-02 19:44:31,199 [  14454]   INFO - jetbrains.mps.smodel.MPSModuleRepository - Saving of the repository took 0.001 s 
2017-05-02 19:44:31,254 [  14509]   INFO - jetbrains.mps.ide.platform.watching.ReloadSession - File system reload finished in 0.011 s 
2017-05-02 19:44:32,118 [  15373]   INFO - jetbrains.mps.classloading.ModuleUpdater - Classloading refresh took 0.042 s 
2017-05-02 19:44:32,121 [  15376]   INFO - jetbrains.mps.classloading.ModulesWatcher - 0 modules are marked as invalid roots for class loading out of 301 modules [totally in the repository] 
2017-05-02 19:44:32,121 [  15376]   INFO - jetbrains.mps.classloading.ModulesWatcher - Totally 0 modules are marked invalid for class loading 
2017-05-02 19:44:32,226 [  15481]   INFO - jetbrains.mps.classloading.ModuleUpdater - Classloading refresh took 0.011 s 
2017-05-02 19:44:37,668 [  20923]   INFO - jetbrains.mps.smodel.MPSModuleRepository - Saving of the repository took 0.001 s 
2017-05-02 19:44:37,790 [  21045]   INFO - jetbrains.mps.plugins.PluginLoaderRegistry - Running Update Task : loaders [toLoad: 0; toUnload:1]; contributors : [toLoad: 0; toUnload:0]; Thread[AWT-EventQueue-0 3.4.4#MPS-162.2317 MPS, eap:false, os:Linux 4.8.0-49-generic, java-version:Oracle Corporation 1.8.0_121-8u121-b13-0ubuntu1.16.04.2-b13,6,main] 
2017-05-02 19:44:37,820 [  21075]   INFO - jetbrains.mps.plugins.PluginLoaderRegistry - Unloading of 145 plugins took 0.030 s 
2017-05-02 19:44:37,822 [  21077]   INFO - jetbrains.mps.project.ProjectBase - Project 'CPPLanguage' is closing 
2017-05-02 19:44:37,896 [  21151]   INFO - jetbrains.mps.classloading.ModuleUpdater - Classloading refresh took 0.017 s 
2017-05-02 19:44:37,908 [  21163]   INFO - jetbrains.mps.classloading.ModulesWatcher - 0 modules are marked as invalid roots for class loading out of 297 modules [totally in the repository] 
2017-05-02 19:44:37,908 [  21163]   INFO - jetbrains.mps.classloading.ModulesWatcher - Totally 0 modules are marked invalid for class loading 
2017-05-02 19:44:38,021 [  21276]   INFO - jetbrains.mps.classloading.ModuleUpdater - Classloading refresh took 0.047 s 
2017-05-02 19:44:38,024 [  21279]   INFO - jetbrains.mps.classloading.ModulesWatcher - 0 modules are marked as invalid roots for class loading out of 296 modules [totally in the repository] 
2017-05-02 19:44:38,024 [  21279]   INFO - jetbrains.mps.classloading.ModulesWatcher - Totally 0 modules are marked invalid for class loading 
2017-05-02 19:44:38,097 [  21352]   INFO - jetbrains.mps.classloading.ModuleUpdater - Classloading refresh took 0.026 s 
2017-05-02 19:44:38,099 [  21354]   INFO - jetbrains.mps.classloading.ModulesWatcher - 0 modules are marked as invalid roots for class loading out of 295 modules [totally in the repository] 
2017-05-02 19:44:38,100 [  21355]   INFO - jetbrains.mps.classloading.ModulesWatcher - Totally 0 modules are marked invalid for class loading 
2017-05-02 19:44:38,124 [  21379]   INFO - jetbrains.mps.library.LibraryInitializer - Removing libraries from ProjectLibraryManager 
2017-05-02 19:44:38,175 [  21430]   INFO - #org.jetbrains.io.BuiltInServer - web server stopped 
2017-05-02 19:44:38,177 [  21432]   INFO - jetbrains.mps.library.LibraryInitializer - Removing libraries from AdditionalLibrariesManager 
2017-05-02 19:44:38,190 [  21445]   INFO - jetbrains.mps.library.LibraryInitializer - Removing libraries from PluginLibraryContributor 
2017-05-02 19:44:38,195 [  21450]   INFO - jetbrains.mps.library.LibraryInitializer - Removing libraries from BootstrapLibraryContributor 
2017-05-02 19:44:38,195 [  21450]   INFO - jetbrains.mps.library.LibraryInitializer - Unloading 112 libraries 
2017-05-02 19:44:38,459 [  21714]   INFO - jetbrains.mps.library.LibraryInitializer - Library update is finished 
2017-05-02 19:44:38,632 [  21887]   INFO - jetbrains.mps.classloading.ModuleUpdater - Classloading refresh took 0.005 s 
2017-05-02 19:44:38,632 [  21887]   INFO - jetbrains.mps.classloading.ModulesWatcher - 0 modules are marked as invalid roots for class loading out of 0 modules [totally in the repository] 
2017-05-02 19:44:38,633 [  21888]   INFO - jetbrains.mps.classloading.ModulesWatcher - Totally 0 modules are marked invalid for class loading 
2017-05-02 19:44:38,688 [  21943]   INFO - #org.jetbrains.io.BuiltInServer - web server stopped 
2017-05-16 17:31:54,516 [      0]   INFO - #org.jetbrains.ide.BuiltInServerManager - built-in server started, port 63342
2017-05-16 17:31:55,038 [    522]   INFO - jetbrains.mps.library.LibraryInitializer - Adding libraries from BootstrapLibraryContributor 
2017-05-16 17:31:55,046 [    530]   INFO - jetbrains.mps.library.LibraryInitializer - Adding libraries from PluginLibraryContributor 
2017-05-16 17:31:55,202 [    686]   INFO - jetbrains.mps.library.LibraryInitializer - Loading 112 libraries 
2017-05-16 17:31:55,225 [    709]   INFO -  jetbrains.mps.vfs.FileRefresh - Refreshing 112 file(s) 
2017-05-16 17:31:55,228 [    712]   INFO -  jetbrains.mps.vfs.FileRefresh - Refreshing is done 
2017-05-16 17:32:02,286 [   7770]   INFO - jetbrains.mps.library.LibraryInitializer - Library update is finished 
2017-05-16 17:32:06,937 [  12421]   INFO - jetbrains.mps.classloading.ModuleUpdater - Classloading refresh took 4.610 s 
2017-05-16 17:32:06,957 [  12441]   INFO - jetbrains.mps.classloading.ModulesWatcher - 0 modules are marked as invalid roots for class loading out of 295 modules [totally in the repository] 
2017-05-16 17:32:06,957 [  12441]   INFO - jetbrains.mps.classloading.ModulesWatcher - Totally 0 modules are marked invalid for class loading 
2017-05-16 17:32:09,030 [  14514]   INFO - jetbrains.mps.plugins.PluginLoaderRegistry - Running Update Task : loaders [toLoad: 1; toUnload:0]; contributors : [toLoad: 133; toUnload:0]; Thread[AWT-EventQueue-0 3.4.4#MPS-162.2317 MPS, eap:false, os:Linux 4.8.0-49-generic, java-version:Oracle Corporation 1.8.0_131-8u131-b11-0ubuntu1.16.04.2-b11,6,main] 
2017-05-16 17:32:09,269 [  14753]   WARN - tbrains.mps.plugins.applicationplugins.BaseApplicationPlugin - Destination group was not found id: Internal. Trying to insert jetbrains.mps.ide.actions.ToolsInternal_ActionGroup 
2017-05-16 17:32:09,311 [  14795]   INFO - jetbrains.mps.plugins.PluginLoaderRegistry - Loading of 1 plugins took 0.272 s 
2017-05-16 17:32:09,757 [  15241]   INFO - jetbrains.mps.plugins.PluginLoaderRegistry - Loading of 133 plugins took 0.437 s 
2017-05-16 17:32:15,213 [  20697]   INFO - jetbrains.mps.library.LibraryInitializer - Adding libraries from ProjectLibraryManager 
2017-05-16 17:32:15,279 [  20763]   INFO - jetbrains.mps.project.StandaloneMPSProject - Loading the project 'CPPLanguage' from disk 
2017-05-16 17:32:15,324 [  20808]   INFO - jetbrains.mps.project.StandaloneMPSProject - Updating MPS Project [MPS:3 modules] 
2017-05-16 17:32:15,337 [  20821]   INFO - jetbrains.mps.project.ModuleLoader - Loading modules... 
2017-05-16 17:32:15,602 [  21086]   WARN - jetbrains.mps.project.structure.project.ProjectDescriptor - Not adding module path with an empty virtual folder; already have one 
2017-05-16 17:32:15,616 [  21100]   WARN - jetbrains.mps.project.structure.project.ProjectDescriptor - Not adding module path with an empty virtual folder; already have one 
2017-05-16 17:32:16,179 [  21663]   WARN - jetbrains.mps.project.structure.project.ProjectDescriptor - Not adding module path with an empty virtual folder; already have one 
2017-05-16 17:32:16,180 [  21664]   INFO - jetbrains.mps.project.ModuleLoader - Modules are loaded: 3 new; 0 removed 
2017-05-16 17:32:16,189 [  21673]   INFO - jetbrains.mps.project.StandaloneMPSProject - Updating MPS Project [MPS:3 modules] took 0.865 s 
2017-05-16 17:32:16,349 [  21833]   INFO - jetbrains.mps.ide.make.StartupModuleMakerImpl - Building modules on startup 
2017-05-16 17:32:16,351 [  21835]   WARN - jetbrains.mps.classloading.BatchEventsProcessor - Events have not been flushed 
2017-05-16 17:32:16,560 [  22044]  ERROR - jetbrains.mps.smodel.persistence.def.v9.ImportsHelper - Can't register import 6354ebe7-c22a-4a0f-ac54-50b52ab9b065/java:javax.swing(JDK/) in model r:c67970af-4844-47d5-9471-54e2bda5945e(CPPLanguage.structure). Index dxuu is already in use for model 6354ebe7-c22a-4a0f-ac54-50b52ab9b065/java:javax.swing(JDK/) 
2017-05-16 17:32:16,649 [  22133]  ERROR - jetbrains.mps.smodel.persistence.def.v9.ImportsHelper - Can't register import 498d89d2-c2e9-11e2-ad49-6cf049e62fe5/java:com.intellij.openapi.ui(MPS.IDEA/) in model r:87ad25c8-6567-4dff-99e1-1dedfd4141eb(CPPImporter.plugin). Index jkm4 is already in use for model 498d89d2-c2e9-11e2-ad49-6cf049e62fe5/java:com.intellij.openapi.ui(MPS.IDEA/) 
2017-05-16 17:32:16,654 [  22138]  ERROR - jetbrains.mps.smodel.persistence.def.v9.ImportsHelper - Can't register import 498d89d2-c2e9-11e2-ad49-6cf049e62fe5/java:com.intellij.openapi.ui(MPS.IDEA/) in model r:87ad25c8-6567-4dff-99e1-1dedfd4141eb(CPPImporter.plugin). Index jkm4 is already in use for model 498d89d2-c2e9-11e2-ad49-6cf049e62fe5/java:com.intellij.openapi.ui(MPS.IDEA/) 
2017-05-16 17:32:16,656 [  22140]  ERROR - jetbrains.mps.smodel.persistence.def.v9.ImportsHelper - Can't register import 498d89d2-c2e9-11e2-ad49-6cf049e62fe5/java:com.intellij.openapi.ui(MPS.IDEA/) in model r:87ad25c8-6567-4dff-99e1-1dedfd4141eb(CPPImporter.plugin). Index jkm4 is already in use for model 498d89d2-c2e9-11e2-ad49-6cf049e62fe5/java:com.intellij.openapi.ui(MPS.IDEA/) 
2017-05-16 17:32:16,661 [  22145]  ERROR - jetbrains.mps.smodel.persistence.def.v9.ImportsHelper - Can't register import 498d89d2-c2e9-11e2-ad49-6cf049e62fe5/java:com.intellij.openapi.ui(MPS.IDEA/) in model r:87ad25c8-6567-4dff-99e1-1dedfd4141eb(CPPImporter.plugin). Index jkm4 is already in use for model 498d89d2-c2e9-11e2-ad49-6cf049e62fe5/java:com.intellij.openapi.ui(MPS.IDEA/) 
2017-05-16 17:32:16,662 [  22146]  ERROR - jetbrains.mps.smodel.persistence.def.v9.ImportsHelper - Can't register import 1ed103c3-3aa6-49b7-9c21-6765ee11f224/java:jetbrains.mps.openapi.editor(MPS.Editor/) in model r:87ad25c8-6567-4dff-99e1-1dedfd4141eb(CPPImporter.plugin). Index cj4x is already in use for model 1ed103c3-3aa6-49b7-9c21-6765ee11f224/java:jetbrains.mps.openapi.editor(MPS.Editor/) 
2017-05-16 17:32:16,662 [  22146]  ERROR - jetbrains.mps.smodel.persistence.def.v9.ImportsHelper - Can't register import 498d89d2-c2e9-11e2-ad49-6cf049e62fe5/java:com.intellij.openapi.ui(MPS.IDEA/) in model r:87ad25c8-6567-4dff-99e1-1dedfd4141eb(CPPImporter.plugin). Index jkm4 is already in use for model 498d89d2-c2e9-11e2-ad49-6cf049e62fe5/java:com.intellij.openapi.ui(MPS.IDEA/) 
2017-05-16 17:32:16,662 [  22146]  ERROR - jetbrains.mps.smodel.persistence.def.v9.ImportsHelper - Can't register import 498d89d2-c2e9-11e2-ad49-6cf049e62fe5/java:com.intellij.openapi.actionSystem(MPS.IDEA/) in model r:87ad25c8-6567-4dff-99e1-1dedfd4141eb(CPPImporter.plugin). Index qkt is already in use for model 498d89d2-c2e9-11e2-ad49-6cf049e62fe5/java:com.intellij.openapi.actionSystem(MPS.IDEA/) 
2017-05-16 17:32:16,663 [  22147]  ERROR - jetbrains.mps.smodel.persistence.def.v9.ImportsHelper - Can't register import r:00000000-0000-4000-0000-011c8959029e(jetbrains.mps.lang.editor.structure) in model r:87ad25c8-6567-4dff-99e1-1dedfd4141eb(CPPImporter.plugin). Index tpc2 is already in use for model r:00000000-0000-4000-0000-011c8959029e(jetbrains.mps.lang.editor.structure) 
2017-05-16 17:32:17,194 [  22678]   INFO - jetbrains.mps.classloading.ModuleUpdater - Classloading refresh took 0.067 s 
2017-05-16 17:32:17,219 [  22703]   INFO - jetbrains.mps.classloading.ModulesWatcher - 0 modules are marked as invalid roots for class loading out of 299 modules [totally in the repository] 
2017-05-16 17:32:17,220 [  22704]   INFO - jetbrains.mps.classloading.ModulesWatcher - Totally 0 modules are marked invalid for class loading 
2017-05-16 17:32:18,030 [  23514]   INFO - jetbrains.mps.classloading.ModuleUpdater - Classloading refresh took 0.060 s 
2017-05-16 17:32:18,556 [  24040]   INFO - jetbrains.mps.classloading.ClassLoaderManager - Reloaded 4 module(s) in 0.595 s 
2017-05-16 17:32:18,559 [  24043]   INFO - jetbrains.mps.ide.make.StartupModuleMakerImpl - Building on startup is finished 
2017-05-16 17:32:18,781 [  24265]   INFO - jetbrains.mps.classloading.ModuleUpdater - Classloading refresh took 0.060 s 
2017-05-16 17:32:18,802 [  24286]   INFO - jetbrains.mps.classloading.ModulesWatcher - 0 modules are marked as invalid roots for class loading out of 300 modules [totally in the repository] 
2017-05-16 17:32:18,805 [  24289]   INFO - jetbrains.mps.classloading.ModulesWatcher - Totally 0 modules are marked invalid for class loading 
2017-05-16 17:32:19,379 [  24863]   INFO - jetbrains.mps.project.ProjectBase - Project 'CPPLanguage' is opened 
2017-05-16 17:32:19,487 [  24971]   INFO - jetbrains.mps.plugin.MPSPlugin - Wasn't able to connect to IDEA 
2017-05-16 17:32:20,617 [  26101]   INFO - jetbrains.mps.library.LibraryInitializer - Adding libraries from AdditionalLibrariesManager 
2017-05-16 17:32:20,886 [  26370]   INFO - jetbrains.mps.plugins.PluginLoaderRegistry - Running Update Task : loaders [toLoad: 1; toUnload:0]; contributors : [toLoad: 2; toUnload:0]; Thread[ApplicationImpl pooled thread 2,4,main] 
2017-05-16 17:32:21,819 [  27303]   INFO - jetbrains.mps.plugins.PluginLoaderRegistry - Loading of 134 plugins took 0.312 s 
2017-05-16 17:32:21,983 [  27467]   INFO - jetbrains.mps.plugins.PluginLoaderRegistry - Loading of 9 plugins took 0.163 s 
2017-05-16 17:32:22,326 [  27810]  ERROR - CPPImporter.plugin.Merge_Tool_Tool - Could not find icon at /usr/local/incline-ws/cpponmps/resources/ic_chevron_right_black_18dp.png 
2017-05-16 17:32:22,331 [  27815]  ERROR - CPPImporter.plugin.Merge_Tool_Tool - Could not find icon at /usr/local/incline-ws/cpponmps/resources/ic_chevron_left_black_18dp.png 
2017-05-16 17:32:22,351 [  27835]  ERROR - CPPImporter.plugin.Merge_Tool_Tool - Could not find icon at /usr/local/incline-ws/cpponmps/resources/ic_help_black_18dp.png 
2017-05-16 17:32:22,352 [  27836]  ERROR - CPPImporter.plugin.Merge_Tool_Tool - Could not find icon at /usr/local/incline-ws/cpponmps/resources/ic_call_merge_black_18dp.png 
2017-05-16 17:32:22,354 [  27838]  ERROR - CPPImporter.plugin.Merge_Tool_Tool - Could not find icon at /usr/local/incline-ws/cpponmps/resources/ic_call_missed_black_18dp.png 
2017-05-16 17:32:22,355 [  27839]  ERROR - CPPImporter.plugin.Merge_Tool_Tool - Could not find icon at /usr/local/incline-ws/cpponmps/resources/ic_call_missed_outgoing_black_18dp.png 
2017-05-16 17:32:22,369 [  27853]  ERROR - CPPImporter.plugin.Merge_Tool_Tool - Could not find icon at /usr/local/incline-ws/cpponmps/resources/ic_help_black_18dp_small.png 
2017-05-16 17:32:22,370 [  27854]  ERROR - CPPImporter.plugin.Merge_Tool_Tool - Could not find icon at /usr/local/incline-ws/cpponmps/resources/ic_done_black_18dp.png 
2017-05-16 17:32:22,372 [  27856]  ERROR - CPPImporter.plugin.Merge_Tool_Tool - Could not find icon at /usr/local/incline-ws/cpponmps/resources/ic_list_black_18dp.png 
2017-05-16 17:32:22,402 [  27886]   INFO - jetbrains.mps.plugins.PluginLoaderRegistry - Loading of 2 plugins took 0.419 s 
2017-05-16 17:32:24,988 [  30472]   INFO - jetbrains.mps.classloading.ModuleUpdater - Classloading refresh took 0.040 s 
2017-05-16 17:32:25,002 [  30486]   INFO - jetbrains.mps.classloading.ModulesWatcher - 0 modules are marked as invalid roots for class loading out of 301 modules [totally in the repository] 
2017-05-16 17:32:25,002 [  30486]   INFO - jetbrains.mps.classloading.ModulesWatcher - Totally 0 modules are marked invalid for class loading 
2017-05-16 17:32:25,128 [  30612]   INFO - jetbrains.mps.classloading.ModuleUpdater - Classloading refresh took 0.026 s 
2017-05-16 17:32:34,878 [  40362]   INFO - jetbrains.mps.smodel.MPSModuleRepository - Saving of the repository took 0.002 s 
2017-05-16 17:32:55,657 [  61141]   INFO - CPPImporter.plugin.importCPP_Action - [LOG] Import File /home/group1/marlin-example-integrated.cpp 
2017-05-16 17:32:57,558 [  63042]   WARN - CPPImporter.plugin.importCPP_Action - done adding new nodes 
2017-05-16 17:38:37,834 [ 403318]   INFO - jetbrains.mps.extapi.model.EditableSModelBase - Saving model Examples.Imported2 
2017-05-16 17:38:37,903 [ 403387]   INFO - jetbrains.mps.smodel.MPSModuleRepository - Saving of the repository took 0.070 s 
2017-05-16 17:44:25,835 [ 751319]   INFO - jetbrains.mps.smodel.MPSModuleRepository - Saving of the repository took 0.001 s 
2017-05-16 17:51:53,907 [1199391]   INFO - CPPImporter.plugin.ArrangeViews_Action - [LOG] Arrange Views 
2017-05-16 17:52:24,600 [1230084]   INFO - CPPImporter.plugin.Keep_Action - [LOG] Intention Keep for 2 nodes. 
2017-05-16 17:52:24,621 [1230105]   INFO - CPPImporter.plugin.Keep_Action - [LOG] View of Keep Intention is Mainline 
2017-05-16 17:52:24,635 [1230119]   INFO - CPPImporter.plugin.Keep_Action - Propose anti Intention for else branch 
2017-05-16 17:52:29,710 [1235194]   INFO - CPPImporter.plugin.Keep_Action - [LOG] Add anti intention 
2017-05-16 17:52:29,715 [1235199]   INFO - CPPImporter.plugin.Keep_Action - [LOG] Add anti intention 
2017-05-16 17:52:29,717 [1235201]   INFO - CPPImporter.plugin.Keep_Action - Update Preview 
2017-05-16 17:52:29,727 [1235211]   INFO - CPPImporter.plugin.UpdatePreview - Initialize future model 
2017-05-16 17:52:29,747 [1235231]   INFO - CPPImporter.plugin.UpdatePreview - Create node mapping 
2017-05-16 17:52:29,750 [1235234]   INFO - CPPImporter.plugin.UpdatePreview - Node mapping done 
2017-05-16 17:52:29,784 [1235268]   WARN - CPPImporter.plugin.UpdatePreview - Execute intention Keep 
2017-05-16 17:52:29,806 [1235290]   WARN - CPPImporter.plugin.IntentionExecutor - indexOf node 0 
2017-05-16 17:52:29,807 [1235291]   WARN - CPPImporter.plugin.UpdatePreview - Execute intention Remove 
2017-05-16 17:52:29,814 [1235298]   WARN - CPPImporter.plugin.UpdatePreview - Execute intention Keep 
2017-05-16 17:52:29,814 [1235298]   WARN - CPPImporter.plugin.IntentionExecutor - indexOf node 0 
2017-05-16 17:52:29,816 [1235300]   WARN - CPPImporter.plugin.UpdatePreview - Execute intention Remove 
2017-05-16 17:52:29,919 [1235403]   WARN - CPPLanguage.editor.IntentionContainer_Editor - Show 4 intentions. 
2017-05-16 17:53:36,941 [1302425]   INFO - CPPImporter.plugin.Keep_Action - [LOG] Intention Keep for 1 nodes. 
2017-05-16 17:53:36,941 [1302425]   INFO - CPPImporter.plugin.Keep_Action - [LOG] View of Keep Intention is Mainline 
2017-05-16 17:53:36,949 [1302433]   INFO - CPPImporter.plugin.Keep_Action - Update Preview 
2017-05-16 17:53:36,949 [1302433]   INFO - CPPImporter.plugin.UpdatePreview - Initialize future model 
2017-05-16 17:53:36,963 [1302447]   INFO - CPPImporter.plugin.UpdatePreview - Create node mapping 
2017-05-16 17:53:36,963 [1302447]   INFO - CPPImporter.plugin.UpdatePreview - Node mapping done 
2017-05-16 17:53:36,964 [1302448]   WARN - CPPImporter.plugin.UpdatePreview - Execute intention Keep 
2017-05-16 17:53:36,966 [1302450]   WARN - CPPImporter.plugin.IntentionExecutor - indexOf node 0 
2017-05-16 17:53:36,974 [1302458]   WARN - CPPImporter.plugin.UpdatePreview - Execute intention Remove 
2017-05-16 17:53:36,974 [1302458]   WARN - CPPImporter.plugin.UpdatePreview - Execute intention Keep 
2017-05-16 17:53:36,974 [1302458]   WARN - CPPImporter.plugin.IntentionExecutor - indexOf node 0 
2017-05-16 17:53:36,975 [1302459]   WARN - CPPImporter.plugin.UpdatePreview - Execute intention Remove 
2017-05-16 17:53:36,975 [1302459]   WARN - CPPImporter.plugin.UpdatePreview - Execute intention Keep 
2017-05-16 17:53:36,981 [1302465]   INFO - CPPImporter.plugin.IntentionExecutor - defined(BARICUDA)isComplexCondition false 
2017-05-16 17:53:36,981 [1302465]   WARN - CPPImporter.plugin.IntentionExecutor - indexOf node 0 
2017-05-16 17:53:37,013 [1302497]   WARN - CPPLanguage.editor.IntentionContainer_Editor - Show 5 intentions. 
2017-05-16 17:54:30,154 [1355638]   INFO - CPPImporter.plugin.KeepAsFeature_Action - [LOG] Intention Keep As Feature for 1 nodes. 
2017-05-16 17:54:34,588 [1360072]   WARN - CPPLanguage.editor.IntentionContainer_Editor - Show 5 intentions. 
2017-05-16 17:54:39,732 [1365216]   WARN - CPPLanguage.editor.IntentionContainer_Editor - Show 5 intentions. 
2017-05-16 17:54:41,688 [1367172]   WARN - CPPLanguage.editor.IntentionContainer_Editor - Show 4 intentions. 
2017-05-16 17:54:43,386 [1368870]   WARN - CPPLanguage.editor.IntentionContainer_Editor - Show 4 intentions. 
2017-05-16 17:54:45,520 [1371004]   WARN - CPPLanguage.editor.IntentionContainer_Editor - Show 5 intentions. 
2017-05-16 17:54:55,726 [1381210]   INFO - CPPImporter.plugin.KeepAsFeature_Action - [LOG] Intention Keep As Feature for 1 nodes. 
2017-05-16 17:55:08,662 [1394146]   INFO - CPPImporter.plugin.KeepAsFeature_Action - [LOG] View of Keep Intention is Clone 
2017-05-16 17:55:08,663 [1394147]   INFO - CPPImporter.plugin.UpdatePreview - Initialize future model 
2017-05-16 17:55:08,663 [1394147]   INFO - CPPImporter.plugin.UpdatePreview - Create node mapping 
2017-05-16 17:55:08,664 [1394148]   INFO - CPPImporter.plugin.UpdatePreview - Node mapping done 
2017-05-16 17:55:08,666 [1394150]   WARN - CPPImporter.plugin.UpdatePreview - Execute intention Keep 
2017-05-16 17:55:08,671 [1394155]   WARN - CPPImporter.plugin.IntentionExecutor - indexOf node 0 
2017-05-16 17:55:08,672 [1394156]   WARN - CPPImporter.plugin.UpdatePreview - Execute intention Remove 
2017-05-16 17:55:08,672 [1394156]   WARN - CPPImporter.plugin.UpdatePreview - Execute intention Keep 
2017-05-16 17:55:08,672 [1394156]   WARN - CPPImporter.plugin.IntentionExecutor - indexOf node 0 
2017-05-16 17:55:08,675 [1394159]   WARN - CPPImporter.plugin.UpdatePreview - Execute intention Remove 
2017-05-16 17:55:08,683 [1394167]   WARN - CPPImporter.plugin.UpdatePreview - Execute intention Keep 
2017-05-16 17:55:08,683 [1394167]   INFO - CPPImporter.plugin.IntentionExecutor - defined(BARICUDA)isComplexCondition false 
2017-05-16 17:55:08,683 [1394167]   WARN - CPPImporter.plugin.IntentionExecutor - indexOf node 0 
2017-05-16 17:55:08,685 [1394169]   WARN - CPPImporter.plugin.UpdatePreview - Execute intention KeepAsFeature 
2017-05-16 17:55:08,685 [1394169]   WARN - CPPImporter.plugin.IntentionExecutor - indexOf node 0 
2017-05-16 17:55:08,699 [1394183]   WARN - CPPLanguage.editor.IntentionContainer_Editor - Show 6 intentions. 
2017-05-16 17:56:42,745 [1488229]   WARN - CPPImporter.plugin.ChangePC_Action - [LOG] Intention ChangePC View default 
2017-05-16 17:56:42,749 [1488233]   INFO - CPPImporter.plugin.UpdatePreview - Initialize future model 
2017-05-16 17:56:42,749 [1488233]   INFO - CPPImporter.plugin.UpdatePreview - Create node mapping 
2017-05-16 17:56:42,750 [1488234]   INFO - CPPImporter.plugin.UpdatePreview - Node mapping done 
2017-05-16 17:56:42,750 [1488234]   WARN - CPPImporter.plugin.UpdatePreview - Execute intention Keep 
2017-05-16 17:56:42,750 [1488234]   WARN - CPPImporter.plugin.IntentionExecutor - indexOf node 0 
2017-05-16 17:56:42,752 [1488236]   WARN - CPPImporter.plugin.UpdatePreview - Execute intention Remove 
2017-05-16 17:56:42,752 [1488236]   WARN - CPPImporter.plugin.UpdatePreview - Execute intention Keep 
2017-05-16 17:56:42,753 [1488237]   WARN - CPPImporter.plugin.IntentionExecutor - indexOf node 0 
2017-05-16 17:56:42,758 [1488242]   WARN - CPPImporter.plugin.UpdatePreview - Execute intention Remove 
2017-05-16 17:56:42,760 [1488244]   WARN - CPPImporter.plugin.UpdatePreview - Execute intention Keep 
2017-05-16 17:56:42,761 [1488245]   INFO - CPPImporter.plugin.IntentionExecutor - defined(BARICUDA)isComplexCondition false 
2017-05-16 17:56:42,761 [1488245]   WARN - CPPImporter.plugin.IntentionExecutor - indexOf node 0 
2017-05-16 17:56:42,761 [1488245]   WARN - CPPImporter.plugin.UpdatePreview - Execute intention KeepAsFeature 
2017-05-16 17:56:42,762 [1488246]   WARN - CPPImporter.plugin.IntentionExecutor - indexOf node 0 
2017-05-16 17:56:42,768 [1488252]   WARN - CPPImporter.plugin.UpdatePreview - Execute intention ChangePC 
2017-05-16 17:56:42,794 [1488278]   WARN - CPPLanguage.editor.IntentionContainer_Editor - Show 7 intentions. 
2017-05-16 17:57:09,174 [1514658]   INFO - CPPImporter.plugin.KeepAsFeature_Action - [LOG] Intention Keep As Feature for 15 nodes. 
2017-05-16 17:57:21,247 [1526731]   INFO - CPPImporter.plugin.KeepAsFeature_Action - [LOG] View of Keep Intention is Clone 
2017-05-16 17:57:21,268 [1526752]   INFO - CPPImporter.plugin.UpdatePreview - Initialize future model 
2017-05-16 17:57:21,269 [1526753]   INFO - CPPImporter.plugin.UpdatePreview - Create node mapping 
2017-05-16 17:57:21,269 [1526753]   INFO - CPPImporter.plugin.UpdatePreview - Node mapping done 
2017-05-16 17:57:21,269 [1526753]   WARN - CPPImporter.plugin.UpdatePreview - Execute intention Keep 
2017-05-16 17:57:21,281 [1526765]   WARN - CPPImporter.plugin.IntentionExecutor - indexOf node 0 
2017-05-16 17:57:21,282 [1526766]   WARN - CPPImporter.plugin.UpdatePreview - Execute intention Remove 
2017-05-16 17:57:21,282 [1526766]   WARN - CPPImporter.plugin.UpdatePreview - Execute intention Keep 
2017-05-16 17:57:21,282 [1526766]   WARN - CPPImporter.plugin.IntentionExecutor - indexOf node 0 
2017-05-16 17:57:21,283 [1526767]   WARN - CPPImporter.plugin.UpdatePreview - Execute intention Remove 
2017-05-16 17:57:21,283 [1526767]   WARN - CPPImporter.plugin.UpdatePreview - Execute intention Keep 
2017-05-16 17:57:21,283 [1526767]   INFO - CPPImporter.plugin.IntentionExecutor - defined(BARICUDA)isComplexCondition false 
2017-05-16 17:57:21,283 [1526767]   WARN - CPPImporter.plugin.IntentionExecutor - indexOf node 0 
2017-05-16 17:57:21,293 [1526777]   WARN - CPPImporter.plugin.UpdatePreview - Execute intention KeepAsFeature 
2017-05-16 17:57:21,300 [1526784]   WARN - CPPImporter.plugin.IntentionExecutor - indexOf node 0 
2017-05-16 17:57:21,303 [1526787]   WARN - CPPImporter.plugin.UpdatePreview - Execute intention ChangePC 
2017-05-16 17:57:21,316 [1526800]   WARN - CPPImporter.plugin.UpdatePreview - Execute intention KeepAsFeature 
2017-05-16 17:57:21,316 [1526800]   WARN - CPPImporter.plugin.IntentionExecutor - indexOf node 0 
2017-05-16 17:57:21,319 [1526803]   WARN - CPPImporter.plugin.UpdatePreview - Execute intention KeepAsFeature 
2017-05-16 17:57:21,323 [1526807]   WARN - CPPImporter.plugin.IntentionExecutor - indexOf node 0 
2017-05-16 17:57:21,324 [1526808]   WARN - CPPImporter.plugin.UpdatePreview - Execute intention KeepAsFeature 
2017-05-16 17:57:21,324 [1526808]   WARN - CPPImporter.plugin.IntentionExecutor - indexOf node 0 
2017-05-16 17:57:21,325 [1526809]   WARN - CPPImporter.plugin.UpdatePreview - Execute intention KeepAsFeature 
2017-05-16 17:57:21,325 [1526809]   WARN - CPPImporter.plugin.IntentionExecutor - indexOf node 0 
2017-05-16 17:57:21,327 [1526811]   WARN - CPPImporter.plugin.UpdatePreview - Execute intention KeepAsFeature 
2017-05-16 17:57:21,346 [1526830]   WARN - CPPImporter.plugin.IntentionExecutor - indexOf node 0 
2017-05-16 17:57:21,347 [1526831]   WARN - CPPImporter.plugin.UpdatePreview - Execute intention KeepAsFeature 
2017-05-16 17:57:21,348 [1526832]   WARN - CPPImporter.plugin.IntentionExecutor - indexOf node 0 
2017-05-16 17:57:21,348 [1526832]   WARN - CPPImporter.plugin.UpdatePreview - Execute intention KeepAsFeature 
2017-05-16 17:57:21,349 [1526833]   WARN - CPPImporter.plugin.IntentionExecutor - indexOf node 0 
2017-05-16 17:57:21,353 [1526837]   WARN - CPPImporter.plugin.UpdatePreview - Execute intention KeepAsFeature 
2017-05-16 17:57:21,374 [1526858]   WARN - CPPImporter.plugin.IntentionExecutor - indexOf node 0 
2017-05-16 17:57:21,375 [1526859]   WARN - CPPImporter.plugin.UpdatePreview - Execute intention KeepAsFeature 
2017-05-16 17:57:21,376 [1526860]   WARN - CPPImporter.plugin.IntentionExecutor - indexOf node 0 
2017-05-16 17:57:21,386 [1526870]   WARN - CPPImporter.plugin.UpdatePreview - Execute intention KeepAsFeature 
2017-05-16 17:57:21,389 [1526873]   WARN - CPPImporter.plugin.IntentionExecutor - indexOf node 0 
2017-05-16 17:57:21,391 [1526875]   WARN - CPPImporter.plugin.UpdatePreview - Execute intention KeepAsFeature 
2017-05-16 17:57:21,391 [1526875]   WARN - CPPImporter.plugin.IntentionExecutor - indexOf node 0 
2017-05-16 17:57:21,392 [1526876]   WARN - CPPImporter.plugin.UpdatePreview - Execute intention KeepAsFeature 
2017-05-16 17:57:21,392 [1526876]   WARN - CPPImporter.plugin.IntentionExecutor - indexOf node 0 
2017-05-16 17:57:21,392 [1526876]   WARN - CPPImporter.plugin.UpdatePreview - Execute intention KeepAsFeature 
2017-05-16 17:57:21,393 [1526877]   WARN - CPPImporter.plugin.IntentionExecutor - indexOf node 0 
2017-05-16 17:57:21,396 [1526880]   WARN - CPPImporter.plugin.UpdatePreview - Execute intention KeepAsFeature 
2017-05-16 17:57:21,414 [1526898]   WARN - CPPImporter.plugin.IntentionExecutor - indexOf node 0 
2017-05-16 17:57:21,437 [1526921]   WARN - CPPImporter.plugin.UpdatePreview - Execute intention KeepAsFeature 
2017-05-16 17:57:21,437 [1526921]   WARN - CPPImporter.plugin.IntentionExecutor - indexOf node 0 
2017-05-16 17:57:21,466 [1526950]   WARN - CPPLanguage.editor.IntentionContainer_Editor - Show 22 intentions. 
2017-05-16 17:57:58,730 [1564214]   WARN - CPPLanguage.editor.IntentionContainer_Editor - Show 7 intentions. 
2017-05-16 17:58:42,671 [1608155]   WARN - CPPImporter.plugin.ChangePC_Action - [LOG] Intention ChangePC View default 
2017-05-16 17:58:42,674 [1608158]   INFO - CPPImporter.plugin.UpdatePreview - Initialize future model 
2017-05-16 17:58:42,674 [1608158]   INFO - CPPImporter.plugin.UpdatePreview - Create node mapping 
2017-05-16 17:58:42,674 [1608158]   INFO - CPPImporter.plugin.UpdatePreview - Node mapping done 
2017-05-16 17:58:42,675 [1608159]   WARN - CPPImporter.plugin.UpdatePreview - Execute intention Keep 
2017-05-16 17:58:42,677 [1608161]   WARN - CPPImporter.plugin.IntentionExecutor - indexOf node 0 
2017-05-16 17:58:42,680 [1608164]   WARN - CPPImporter.plugin.UpdatePreview - Execute intention Remove 
2017-05-16 17:58:42,682 [1608166]   WARN - CPPImporter.plugin.UpdatePreview - Execute intention Keep 
2017-05-16 17:58:42,685 [1608169]   WARN - CPPImporter.plugin.IntentionExecutor - indexOf node 0 
2017-05-16 17:58:42,686 [1608170]   WARN - CPPImporter.plugin.UpdatePreview - Execute intention Remove 
2017-05-16 17:58:42,692 [1608176]   WARN - CPPImporter.plugin.UpdatePreview - Execute intention Keep 
2017-05-16 17:58:42,693 [1608177]   INFO - CPPImporter.plugin.IntentionExecutor - defined(BARICUDA)isComplexCondition false 
2017-05-16 17:58:42,693 [1608177]   WARN - CPPImporter.plugin.IntentionExecutor - indexOf node 0 
2017-05-16 17:58:42,693 [1608177]   WARN - CPPImporter.plugin.UpdatePreview - Execute intention KeepAsFeature 
2017-05-16 17:58:42,693 [1608177]   WARN - CPPImporter.plugin.IntentionExecutor - indexOf node 0 
2017-05-16 17:58:42,707 [1608191]   WARN - CPPImporter.plugin.UpdatePreview - Execute intention ChangePC 
2017-05-16 17:58:42,708 [1608192]   WARN - CPPImporter.plugin.UpdatePreview - Execute intention ChangePC 
2017-05-16 17:58:42,746 [1608230]   WARN - CPPLanguage.editor.IntentionContainer_Editor - Show 8 intentions. 
2017-05-16 17:59:33,494 [1658978]   INFO - CPPImporter.plugin.ArrangeViews_Action - [LOG] Arrange Views 
2017-05-16 18:00:51,090 [1736574]   INFO - CPPImporter.plugin.Keep_Action - [LOG] Intention Keep for 4 nodes. 
2017-05-16 18:00:51,090 [1736574]   INFO - CPPImporter.plugin.Keep_Action - [LOG] View of Keep Intention is default 
2017-05-16 18:00:51,100 [1736584]   INFO - CPPImporter.plugin.Keep_Action - No automatic anti Intention, branch is not completly selected 
2017-05-16 18:00:51,100 [1736584]   INFO - CPPImporter.plugin.Keep_Action - Update Preview 
2017-05-16 18:00:51,109 [1736593]   INFO - CPPImporter.plugin.UpdatePreview - Initialize future model 
2017-05-16 18:00:51,109 [1736593]   INFO - CPPImporter.plugin.UpdatePreview - Create node mapping 
2017-05-16 18:00:51,109 [1736593]   INFO - CPPImporter.plugin.UpdatePreview - Node mapping done 
2017-05-16 18:00:51,110 [1736594]   WARN - CPPImporter.plugin.UpdatePreview - Execute intention Keep 
2017-05-16 18:00:51,123 [1736607]   WARN - CPPImporter.plugin.IntentionExecutor - indexOf node 0 
2017-05-16 18:00:51,124 [1736608]   WARN - CPPImporter.plugin.UpdatePreview - Execute intention Keep 
2017-05-16 18:00:51,125 [1736609]   WARN - CPPImporter.plugin.IntentionExecutor - indexOf node 0 
2017-05-16 18:00:51,125 [1736609]   WARN - CPPImporter.plugin.UpdatePreview - Execute intention Keep 
2017-05-16 18:00:51,125 [1736609]   WARN - CPPImporter.plugin.IntentionExecutor - indexOf node 0 
2017-05-16 18:00:51,139 [1736623]   WARN - CPPImporter.plugin.UpdatePreview - Execute intention Keep 
2017-05-16 18:00:51,140 [1736624]   WARN - CPPImporter.plugin.IntentionExecutor - indexOf node 0 
2017-05-16 18:00:51,152 [1736636]   WARN - CPPLanguage.editor.IntentionContainer_Editor - Show 4 intentions. 
2017-05-16 18:01:53,028 [1798512]   INFO - CPPImporter.plugin.KeepAsFeature_Action - [LOG] Intention Keep As Feature for 3 nodes. 
2017-05-16 18:02:09,066 [1814550]   INFO - CPPImporter.plugin.KeepAsFeature_Action - [LOG] View of Keep Intention is default 
2017-05-16 18:02:09,067 [1814551]   INFO - CPPImporter.plugin.UpdatePreview - Initialize future model 
2017-05-16 18:02:09,076 [1814560]   INFO - CPPImporter.plugin.UpdatePreview - Create node mapping 
2017-05-16 18:02:09,076 [1814560]   INFO - CPPImporter.plugin.UpdatePreview - Node mapping done 
2017-05-16 18:02:09,076 [1814560]   WARN - CPPImporter.plugin.UpdatePreview - Execute intention Keep 
2017-05-16 18:02:09,079 [1814563]   WARN - CPPImporter.plugin.IntentionExecutor - indexOf node 0 
2017-05-16 18:02:09,080 [1814564]   WARN - CPPImporter.plugin.UpdatePreview - Execute intention Keep 
2017-05-16 18:02:09,082 [1814566]   WARN - CPPImporter.plugin.IntentionExecutor - indexOf node 0 
2017-05-16 18:02:09,082 [1814566]   WARN - CPPImporter.plugin.UpdatePreview - Execute intention Keep 
2017-05-16 18:02:09,084 [1814568]   WARN - CPPImporter.plugin.IntentionExecutor - indexOf node 0 
2017-05-16 18:02:09,089 [1814573]   WARN - CPPImporter.plugin.UpdatePreview - Execute intention Keep 
2017-05-16 18:02:09,089 [1814573]   WARN - CPPImporter.plugin.IntentionExecutor - indexOf node 0 
2017-05-16 18:02:09,091 [1814575]   WARN - CPPImporter.plugin.UpdatePreview - Execute intention KeepAsFeature 
2017-05-16 18:02:09,091 [1814575]   WARN - CPPImporter.plugin.IntentionExecutor - indexOf node 0 
2017-05-16 18:02:09,100 [1814584]   WARN - CPPImporter.plugin.UpdatePreview - Execute intention KeepAsFeature 
2017-05-16 18:02:09,101 [1814585]   WARN - CPPImporter.plugin.IntentionExecutor - indexOf node 0 
2017-05-16 18:02:09,102 [1814586]   WARN - CPPImporter.plugin.UpdatePreview - Execute intention KeepAsFeature 
2017-05-16 18:02:09,109 [1814593]   WARN - CPPImporter.plugin.IntentionExecutor - indexOf node 0 
2017-05-16 18:02:09,153 [1814637]   WARN - CPPLanguage.editor.IntentionContainer_Editor - Show 7 intentions. 
2017-05-16 18:02:18,951 [1824435]   INFO - CPPImporter.plugin.Remove_Action - [LOG] Remove Intention for 3 nodes. 
2017-05-16 18:02:18,954 [1824438]   INFO - CPPImporter.plugin.Remove_Action - [LOG] View of Keep Intention is default 
2017-05-16 18:02:18,974 [1824458]   INFO - CPPImporter.plugin.Remove_Action - No automatic anti Intention, branch is not completly selected 
2017-05-16 18:02:18,974 [1824458]   INFO - CPPImporter.plugin.UpdatePreview - Initialize future model 
2017-05-16 18:02:18,974 [1824458]   INFO - CPPImporter.plugin.UpdatePreview - Create node mapping 
2017-05-16 18:02:18,975 [1824459]   INFO - CPPImporter.plugin.UpdatePreview - Node mapping done 
2017-05-16 18:02:18,976 [1824460]   WARN - CPPImporter.plugin.UpdatePreview - Execute intention Keep 
2017-05-16 18:02:18,976 [1824460]   WARN - CPPImporter.plugin.IntentionExecutor - indexOf node 0 
2017-05-16 18:02:18,983 [1824467]   WARN - CPPImporter.plugin.UpdatePreview - Execute intention Keep 
2017-05-16 18:02:18,985 [1824469]   WARN - CPPImporter.plugin.IntentionExecutor - indexOf node 0 
2017-05-16 18:02:18,991 [1824475]   WARN - CPPImporter.plugin.UpdatePreview - Execute intention Keep 
2017-05-16 18:02:18,992 [1824476]   WARN - CPPImporter.plugin.IntentionExecutor - indexOf node 0 
2017-05-16 18:02:18,993 [1824477]   WARN - CPPImporter.plugin.UpdatePreview - Execute intention Keep 
2017-05-16 18:02:18,995 [1824479]   WARN - CPPImporter.plugin.IntentionExecutor - indexOf node 0 
2017-05-16 18:02:18,996 [1824480]   WARN - CPPImporter.plugin.UpdatePreview - Execute intention KeepAsFeature 
2017-05-16 18:02:18,997 [1824481]   WARN - CPPImporter.plugin.IntentionExecutor - indexOf node 0 
2017-05-16 18:02:18,998 [1824482]   WARN - CPPImporter.plugin.UpdatePreview - Execute intention KeepAsFeature 
2017-05-16 18:02:19,000 [1824484]   WARN - CPPImporter.plugin.IntentionExecutor - indexOf node 0 
2017-05-16 18:02:19,001 [1824485]   WARN - CPPImporter.plugin.UpdatePreview - Execute intention KeepAsFeature 
2017-05-16 18:02:19,001 [1824485]   WARN - CPPImporter.plugin.IntentionExecutor - indexOf node 0 
2017-05-16 18:02:19,002 [1824486]   WARN - CPPImporter.plugin.UpdatePreview - Execute intention Remove 
2017-05-16 18:02:19,002 [1824486]   WARN - CPPImporter.plugin.UpdatePreview - Execute intention Remove 
2017-05-16 18:02:19,003 [1824487]   WARN - CPPImporter.plugin.UpdatePreview - Execute intention Remove 
2017-05-16 18:02:19,013 [1824497]   WARN - CPPLanguage.editor.IntentionContainer_Editor - Show 10 intentions. 
2017-05-16 18:03:06,941 [1872425]   WARN - CPPImporter.plugin.ChangePC_Action - [LOG] Intention ChangePC View default 
2017-05-16 18:03:06,942 [1872426]   INFO - CPPImporter.plugin.UpdatePreview - Initialize future model 
2017-05-16 18:03:06,943 [1872427]   INFO - CPPImporter.plugin.UpdatePreview - Create node mapping 
2017-05-16 18:03:06,943 [1872427]   INFO - CPPImporter.plugin.UpdatePreview - Node mapping done 
2017-05-16 18:03:06,943 [1872427]   WARN - CPPImporter.plugin.UpdatePreview - Execute intention Keep 
2017-05-16 18:03:06,945 [1872429]   WARN - CPPImporter.plugin.IntentionExecutor - indexOf node 0 
2017-05-16 18:03:06,946 [1872430]   WARN - CPPImporter.plugin.UpdatePreview - Execute intention Keep 
2017-05-16 18:03:06,946 [1872430]   WARN - CPPImporter.plugin.IntentionExecutor - indexOf node 0 
2017-05-16 18:03:06,946 [1872430]   WARN - CPPImporter.plugin.UpdatePreview - Execute intention Keep 
2017-05-16 18:03:06,958 [1872442]   WARN - CPPImporter.plugin.IntentionExecutor - indexOf node 0 
2017-05-16 18:03:06,959 [1872443]   WARN - CPPImporter.plugin.UpdatePreview - Execute intention Keep 
2017-05-16 18:03:06,959 [1872443]   WARN - CPPImporter.plugin.IntentionExecutor - indexOf node 0 
2017-05-16 18:03:06,960 [1872444]   WARN - CPPImporter.plugin.UpdatePreview - Execute intention KeepAsFeature 
2017-05-16 18:03:06,960 [1872444]   WARN - CPPImporter.plugin.IntentionExecutor - indexOf node 0 
2017-05-16 18:03:06,960 [1872444]   WARN - CPPImporter.plugin.UpdatePreview - Execute intention KeepAsFeature 
2017-05-16 18:03:06,960 [1872444]   WARN - CPPImporter.plugin.IntentionExecutor - indexOf node 0 
2017-05-16 18:03:06,965 [1872449]   WARN - CPPImporter.plugin.UpdatePreview - Execute intention KeepAsFeature 
2017-05-16 18:03:06,965 [1872449]   WARN - CPPImporter.plugin.IntentionExecutor - indexOf node 0 
2017-05-16 18:03:06,965 [1872449]   WARN - CPPImporter.plugin.UpdatePreview - Execute intention Remove 
2017-05-16 18:03:06,966 [1872450]   WARN - CPPImporter.plugin.UpdatePreview - Execute intention Remove 
2017-05-16 18:03:06,966 [1872450]   WARN - CPPImporter.plugin.UpdatePreview - Execute intention Remove 
2017-05-16 18:03:06,966 [1872450]   WARN - CPPImporter.plugin.UpdatePreview - Execute intention ChangePC 
2017-05-16 18:03:06,988 [1872472]   WARN - CPPLanguage.editor.IntentionContainer_Editor - Show 11 intentions. 
2017-05-16 18:04:13,467 [1938951]   INFO - CPPImporter.plugin.Keep_Action - [LOG] Intention Keep for 4 nodes. 
2017-05-16 18:04:13,467 [1938951]   INFO - CPPImporter.plugin.Keep_Action - [LOG] View of Keep Intention is default 
2017-05-16 18:04:13,473 [1938957]   INFO - CPPImporter.plugin.Keep_Action - Propose anti Intention for true branch 
2017-05-16 18:04:15,428 [1940912]   INFO - CPPImporter.plugin.Keep_Action - [LOG] Add anti intention 
2017-05-16 18:04:15,428 [1940912]   INFO - CPPImporter.plugin.Keep_Action - Update Preview 
2017-05-16 18:04:15,428 [1940912]   INFO - CPPImporter.plugin.UpdatePreview - Initialize future model 
2017-05-16 18:04:15,433 [1940917]   INFO - CPPImporter.plugin.UpdatePreview - Create node mapping 
2017-05-16 18:04:15,434 [1940918]   INFO - CPPImporter.plugin.UpdatePreview - Node mapping done 
2017-05-16 18:04:15,434 [1940918]   WARN - CPPImporter.plugin.UpdatePreview - Execute intention Keep 
2017-05-16 18:04:15,434 [1940918]   WARN - CPPImporter.plugin.IntentionExecutor - indexOf node 0 
2017-05-16 18:04:15,435 [1940919]   WARN - CPPImporter.plugin.UpdatePreview - Execute intention Keep 
2017-05-16 18:04:15,435 [1940919]   WARN - CPPImporter.plugin.IntentionExecutor - indexOf node 0 
2017-05-16 18:04:15,438 [1940922]   WARN - CPPImporter.plugin.UpdatePreview - Execute intention Keep 
2017-05-16 18:04:15,439 [1940923]   WARN - CPPImporter.plugin.IntentionExecutor - indexOf node 0 
2017-05-16 18:04:15,439 [1940923]   WARN - CPPImporter.plugin.UpdatePreview - Execute intention Keep 
2017-05-16 18:04:15,439 [1940923]   WARN - CPPImporter.plugin.IntentionExecutor - indexOf node 0 
2017-05-16 18:04:15,440 [1940924]   WARN - CPPImporter.plugin.UpdatePreview - Execute intention KeepAsFeature 
2017-05-16 18:04:15,440 [1940924]   WARN - CPPImporter.plugin.IntentionExecutor - indexOf node 0 
2017-05-16 18:04:15,440 [1940924]   WARN - CPPImporter.plugin.UpdatePreview - Execute intention KeepAsFeature 
2017-05-16 18:04:15,441 [1940925]   WARN - CPPImporter.plugin.IntentionExecutor - indexOf node 0 
2017-05-16 18:04:15,441 [1940925]   WARN - CPPImporter.plugin.UpdatePreview - Execute intention KeepAsFeature 
2017-05-16 18:04:15,444 [1940928]   WARN - CPPImporter.plugin.IntentionExecutor - indexOf node 0 
2017-05-16 18:04:15,458 [1940942]   WARN - CPPImporter.plugin.UpdatePreview - Execute intention Remove 
2017-05-16 18:04:15,462 [1940946]   WARN - CPPImporter.plugin.UpdatePreview - Execute intention Remove 
2017-05-16 18:04:15,463 [1940947]   WARN - CPPImporter.plugin.UpdatePreview - Execute intention Remove 
2017-05-16 18:04:15,464 [1940948]   WARN - CPPImporter.plugin.UpdatePreview - Execute intention ChangePC 
2017-05-16 18:04:15,464 [1940948]   WARN - CPPImporter.plugin.UpdatePreview - Execute intention Keep 
2017-05-16 18:04:15,465 [1940949]   WARN - CPPImporter.plugin.IntentionExecutor - indexOf node 0 
2017-05-16 18:04:15,465 [1940949]   WARN - CPPImporter.plugin.UpdatePreview - Execute intention Remove 
2017-05-16 18:04:15,466 [1940950]   WARN - CPPImporter.plugin.UpdatePreview - Execute intention Keep 
2017-05-16 18:04:15,466 [1940950]   WARN - CPPImporter.plugin.IntentionExecutor - indexOf node 0 
2017-05-16 18:04:15,483 [1940967]   WARN - CPPImporter.plugin.UpdatePreview - Execute intention Remove 
2017-05-16 18:04:15,483 [1940967]   WARN - CPPImporter.plugin.UpdatePreview - Execute intention Keep 
2017-05-16 18:04:15,484 [1940968]   WARN - CPPImporter.plugin.IntentionExecutor - indexOf node 0 
2017-05-16 18:04:15,484 [1940968]   WARN - CPPImporter.plugin.UpdatePreview - Execute intention Remove 
2017-05-16 18:04:15,484 [1940968]   WARN - CPPImporter.plugin.UpdatePreview - Execute intention Keep 
2017-05-16 18:04:15,484 [1940968]   WARN - CPPImporter.plugin.IntentionExecutor - indexOf node 0 
2017-05-16 18:04:15,485 [1940969]   WARN - CPPImporter.plugin.UpdatePreview - Execute intention Remove 
2017-05-16 18:04:15,529 [1941013]   WARN - CPPLanguage.editor.IntentionContainer_Editor - Show 19 intentions. 
2017-05-16 18:05:03,610 [1989094]   INFO - CPPImporter.plugin.Keep_Action - [LOG] Intention Keep for 3 nodes. 
2017-05-16 18:05:03,610 [1989094]   INFO - CPPImporter.plugin.Keep_Action - [LOG] View of Keep Intention is default 
2017-05-16 18:05:03,612 [1989096]   INFO - CPPImporter.plugin.Keep_Action - Update Preview 
2017-05-16 18:05:03,612 [1989096]   INFO - CPPImporter.plugin.UpdatePreview - Initialize future model 
2017-05-16 18:05:03,612 [1989096]   INFO - CPPImporter.plugin.UpdatePreview - Create node mapping 
2017-05-16 18:05:03,613 [1989097]   INFO - CPPImporter.plugin.UpdatePreview - Node mapping done 
2017-05-16 18:05:03,613 [1989097]   WARN - CPPImporter.plugin.UpdatePreview - Execute intention Keep 
2017-05-16 18:05:03,613 [1989097]   WARN - CPPImporter.plugin.IntentionExecutor - indexOf node 0 
2017-05-16 18:05:03,614 [1989098]   WARN - CPPImporter.plugin.UpdatePreview - Execute intention Keep 
2017-05-16 18:05:03,614 [1989098]   WARN - CPPImporter.plugin.IntentionExecutor - indexOf node 0 
2017-05-16 18:05:03,615 [1989099]   WARN - CPPImporter.plugin.UpdatePreview - Execute intention Keep 
2017-05-16 18:05:03,615 [1989099]   WARN - CPPImporter.plugin.IntentionExecutor - indexOf node 0 
2017-05-16 18:05:03,628 [1989112]   WARN - CPPImporter.plugin.UpdatePreview - Execute intention Keep 
2017-05-16 18:05:03,631 [1989115]   WARN - CPPImporter.plugin.IntentionExecutor - indexOf node 0 
2017-05-16 18:05:03,632 [1989116]   WARN - CPPImporter.plugin.UpdatePreview - Execute intention KeepAsFeature 
2017-05-16 18:05:03,632 [1989116]   WARN - CPPImporter.plugin.IntentionExecutor - indexOf node 0 
2017-05-16 18:05:03,633 [1989117]   WARN - CPPImporter.plugin.UpdatePreview - Execute intention KeepAsFeature 
2017-05-16 18:05:03,633 [1989117]   WARN - CPPImporter.plugin.IntentionExecutor - indexOf node 0 
2017-05-16 18:05:03,633 [1989117]   WARN - CPPImporter.plugin.UpdatePreview - Execute intention KeepAsFeature 
2017-05-16 18:05:03,634 [1989118]   WARN - CPPImporter.plugin.IntentionExecutor - indexOf node 0 
2017-05-16 18:05:03,634 [1989118]   WARN - CPPImporter.plugin.UpdatePreview - Execute intention Remove 
2017-05-16 18:05:03,634 [1989118]   WARN - CPPImporter.plugin.UpdatePreview - Execute intention Remove 
2017-05-16 18:05:03,636 [1989120]   WARN - CPPImporter.plugin.UpdatePreview - Execute intention Remove 
2017-05-16 18:05:03,636 [1989120]   WARN - CPPImporter.plugin.UpdatePreview - Execute intention ChangePC 
2017-05-16 18:05:03,637 [1989121]   WARN - CPPImporter.plugin.UpdatePreview - Execute intention Keep 
2017-05-16 18:05:03,637 [1989121]   WARN - CPPImporter.plugin.IntentionExecutor - indexOf node 0 
2017-05-16 18:05:03,637 [1989121]   WARN - CPPImporter.plugin.UpdatePreview - Execute intention Remove 
2017-05-16 18:05:03,652 [1989136]   WARN - CPPImporter.plugin.UpdatePreview - Execute intention Keep 
2017-05-16 18:05:03,652 [1989136]   WARN - CPPImporter.plugin.IntentionExecutor - indexOf node 0 
2017-05-16 18:05:03,652 [1989136]   WARN - CPPImporter.plugin.UpdatePreview - Execute intention Remove 
2017-05-16 18:05:03,653 [1989137]   WARN - CPPImporter.plugin.UpdatePreview - Execute intention Keep 
2017-05-16 18:05:03,653 [1989137]   WARN - CPPImporter.plugin.IntentionExecutor - indexOf node 0 
2017-05-16 18:05:03,653 [1989137]   WARN - CPPImporter.plugin.UpdatePreview - Execute intention Remove 
2017-05-16 18:05:03,654 [1989138]   WARN - CPPImporter.plugin.UpdatePreview - Execute intention Keep 
2017-05-16 18:05:03,654 [1989138]   WARN - CPPImporter.plugin.IntentionExecutor - indexOf node 0 
2017-05-16 18:05:03,654 [1989138]   WARN - CPPImporter.plugin.UpdatePreview - Execute intention Remove 
2017-05-16 18:05:03,656 [1989140]   WARN - CPPImporter.plugin.UpdatePreview - Execute intention Keep 
2017-05-16 18:05:03,656 [1989140]   WARN - CPPImporter.plugin.IntentionExecutor - indexOf node 0 
2017-05-16 18:05:03,660 [1989144]   WARN - CPPImporter.plugin.UpdatePreview - Execute intention Keep 
2017-05-16 18:05:03,660 [1989144]   WARN - CPPImporter.plugin.IntentionExecutor - indexOf node 0 
2017-05-16 18:05:03,661 [1989145]   WARN - CPPImporter.plugin.UpdatePreview - Execute intention Keep 
2017-05-16 18:05:03,661 [1989145]   WARN - CPPImporter.plugin.IntentionExecutor - indexOf node 0 
2017-05-16 18:05:03,669 [1989153]   WARN - CPPLanguage.editor.IntentionContainer_Editor - Show 22 intentions. 
2017-05-16 18:06:12,311 [2057795]   WARN - CPPImporter.plugin.ChangePC_Action - [LOG] Intention ChangePC View default 
2017-05-16 18:06:12,327 [2057811]   INFO - CPPImporter.plugin.UpdatePreview - Initialize future model 
2017-05-16 18:06:12,327 [2057811]   INFO - CPPImporter.plugin.UpdatePreview - Create node mapping 
2017-05-16 18:06:12,331 [2057815]   INFO - CPPImporter.plugin.UpdatePreview - Node mapping done 
2017-05-16 18:06:12,333 [2057817]   WARN - CPPImporter.plugin.UpdatePreview - Execute intention Keep 
2017-05-16 18:06:12,339 [2057823]   WARN - CPPImporter.plugin.IntentionExecutor - indexOf node 0 
2017-05-16 18:06:12,340 [2057824]   WARN - CPPImporter.plugin.UpdatePreview - Execute intention Keep 
2017-05-16 18:06:12,340 [2057824]   WARN - CPPImporter.plugin.IntentionExecutor - indexOf node 0 
2017-05-16 18:06:12,340 [2057824]   WARN - CPPImporter.plugin.UpdatePreview - Execute intention Keep 
2017-05-16 18:06:12,341 [2057825]   WARN - CPPImporter.plugin.IntentionExecutor - indexOf node 0 
2017-05-16 18:06:12,341 [2057825]   WARN - CPPImporter.plugin.UpdatePreview - Execute intention Keep 
2017-05-16 18:06:12,342 [2057826]   WARN - CPPImporter.plugin.IntentionExecutor - indexOf node 0 
2017-05-16 18:06:12,342 [2057826]   WARN - CPPImporter.plugin.UpdatePreview - Execute intention KeepAsFeature 
2017-05-16 18:06:12,342 [2057826]   WARN - CPPImporter.plugin.IntentionExecutor - indexOf node 0 
2017-05-16 18:06:12,346 [2057830]   WARN - CPPImporter.plugin.UpdatePreview - Execute intention KeepAsFeature 
2017-05-16 18:06:12,350 [2057834]   WARN - CPPImporter.plugin.IntentionExecutor - indexOf node 0 
2017-05-16 18:06:12,351 [2057835]   WARN - CPPImporter.plugin.UpdatePreview - Execute intention KeepAsFeature 
2017-05-16 18:06:12,363 [2057847]   WARN - CPPImporter.plugin.IntentionExecutor - indexOf node 0 
2017-05-16 18:06:12,364 [2057848]   WARN - CPPImporter.plugin.UpdatePreview - Execute intention Remove 
2017-05-16 18:06:12,364 [2057848]   WARN - CPPImporter.plugin.UpdatePreview - Execute intention Remove 
2017-05-16 18:06:12,365 [2057849]   WARN - CPPImporter.plugin.UpdatePreview - Execute intention Remove 
2017-05-16 18:06:12,365 [2057849]   WARN - CPPImporter.plugin.UpdatePreview - Execute intention ChangePC 
2017-05-16 18:06:12,365 [2057849]   WARN - CPPImporter.plugin.UpdatePreview - Execute intention Keep 
2017-05-16 18:06:12,365 [2057849]   WARN - CPPImporter.plugin.IntentionExecutor - indexOf node 0 
2017-05-16 18:06:12,366 [2057850]   WARN - CPPImporter.plugin.UpdatePreview - Execute intention Remove 
2017-05-16 18:06:12,371 [2057855]   WARN - CPPImporter.plugin.UpdatePreview - Execute intention Keep 
2017-05-16 18:06:12,371 [2057855]   WARN - CPPImporter.plugin.IntentionExecutor - indexOf node 0 
2017-05-16 18:06:12,371 [2057855]   WARN - CPPImporter.plugin.UpdatePreview - Execute intention Remove 
2017-05-16 18:06:12,372 [2057856]   WARN - CPPImporter.plugin.UpdatePreview - Execute intention Keep 
2017-05-16 18:06:12,372 [2057856]   WARN - CPPImporter.plugin.IntentionExecutor - indexOf node 0 
2017-05-16 18:06:12,373 [2057857]   WARN - CPPImporter.plugin.UpdatePreview - Execute intention Remove 
2017-05-16 18:06:12,374 [2057858]   WARN - CPPImporter.plugin.UpdatePreview - Execute intention Keep 
2017-05-16 18:06:12,374 [2057858]   WARN - CPPImporter.plugin.IntentionExecutor - indexOf node 0 
2017-05-16 18:06:12,375 [2057859]   WARN - CPPImporter.plugin.UpdatePreview - Execute intention Remove 
2017-05-16 18:06:12,375 [2057859]   WARN - CPPImporter.plugin.UpdatePreview - Execute intention Keep 
2017-05-16 18:06:12,376 [2057860]   WARN - CPPImporter.plugin.IntentionExecutor - indexOf node 0 
2017-05-16 18:06:12,391 [2057875]   WARN - CPPImporter.plugin.UpdatePreview - Execute intention Keep 
2017-05-16 18:06:12,391 [2057875]   WARN - CPPImporter.plugin.IntentionExecutor - indexOf node 0 
2017-05-16 18:06:12,391 [2057875]   WARN - CPPImporter.plugin.UpdatePreview - Execute intention Keep 
2017-05-16 18:06:12,392 [2057876]   WARN - CPPImporter.plugin.IntentionExecutor - indexOf node 0 
2017-05-16 18:06:12,392 [2057876]   WARN - CPPImporter.plugin.UpdatePreview - Execute intention ChangePC 
2017-05-16 18:06:12,411 [2057895]   WARN - CPPLanguage.editor.IntentionContainer_Editor - Show 23 intentions. 
2017-05-16 18:06:59,214 [2104698]   INFO - CPPImporter.plugin.Keep_Action - [LOG] Intention Keep for 1 nodes. 
2017-05-16 18:06:59,214 [2104698]   INFO - CPPImporter.plugin.Keep_Action - [LOG] View of Keep Intention is default 
2017-05-16 18:06:59,215 [2104699]   INFO - CPPImporter.plugin.Keep_Action - Update Preview 
2017-05-16 18:06:59,216 [2104700]   INFO - CPPImporter.plugin.UpdatePreview - Initialize future model 
2017-05-16 18:06:59,221 [2104705]   INFO - CPPImporter.plugin.UpdatePreview - Create node mapping 
2017-05-16 18:06:59,221 [2104705]   INFO - CPPImporter.plugin.UpdatePreview - Node mapping done 
2017-05-16 18:06:59,222 [2104706]   WARN - CPPImporter.plugin.UpdatePreview - Execute intention Keep 
2017-05-16 18:06:59,233 [2104717]   WARN - CPPImporter.plugin.IntentionExecutor - indexOf node 0 
2017-05-16 18:06:59,233 [2104717]   WARN - CPPImporter.plugin.UpdatePreview - Execute intention Keep 
2017-05-16 18:06:59,234 [2104718]   WARN - CPPImporter.plugin.IntentionExecutor - indexOf node 0 
2017-05-16 18:06:59,234 [2104718]   WARN - CPPImporter.plugin.UpdatePreview - Execute intention Keep 
2017-05-16 18:06:59,234 [2104718]   WARN - CPPImporter.plugin.IntentionExecutor - indexOf node 0 
2017-05-16 18:06:59,235 [2104719]   WARN - CPPImporter.plugin.UpdatePreview - Execute intention Keep 
2017-05-16 18:06:59,235 [2104719]   WARN - CPPImporter.plugin.IntentionExecutor - indexOf node 0 
2017-05-16 18:06:59,236 [2104720]   WARN - CPPImporter.plugin.UpdatePreview - Execute intention KeepAsFeature 
2017-05-16 18:06:59,236 [2104720]   WARN - CPPImporter.plugin.IntentionExecutor - indexOf node 0 
2017-05-16 18:06:59,236 [2104720]   WARN - CPPImporter.plugin.UpdatePreview - Execute intention KeepAsFeature 
2017-05-16 18:06:59,237 [2104721]   WARN - CPPImporter.plugin.IntentionExecutor - indexOf node 0 
2017-05-16 18:06:59,237 [2104721]   WARN - CPPImporter.plugin.UpdatePreview - Execute intention KeepAsFeature 
2017-05-16 18:06:59,237 [2104721]   WARN - CPPImporter.plugin.IntentionExecutor - indexOf node 0 
2017-05-16 18:06:59,238 [2104722]   WARN - CPPImporter.plugin.UpdatePreview - Execute intention Remove 
2017-05-16 18:06:59,238 [2104722]   WARN - CPPImporter.plugin.UpdatePreview - Execute intention Remove 
2017-05-16 18:06:59,238 [2104722]   WARN - CPPImporter.plugin.UpdatePreview - Execute intention Remove 
2017-05-16 18:06:59,238 [2104722]   WARN - CPPImporter.plugin.UpdatePreview - Execute intention ChangePC 
2017-05-16 18:06:59,239 [2104723]   WARN - CPPImporter.plugin.UpdatePreview - Execute intention Keep 
2017-05-16 18:06:59,239 [2104723]   WARN - CPPImporter.plugin.IntentionExecutor - indexOf node 0 
2017-05-16 18:06:59,239 [2104723]   WARN - CPPImporter.plugin.UpdatePreview - Execute intention Remove 
2017-05-16 18:06:59,240 [2104724]   WARN - CPPImporter.plugin.UpdatePreview - Execute intention Keep 
2017-05-16 18:06:59,240 [2104724]   WARN - CPPImporter.plugin.IntentionExecutor - indexOf node 0 
2017-05-16 18:06:59,241 [2104725]   WARN - CPPImporter.plugin.UpdatePreview - Execute intention Remove 
2017-05-16 18:06:59,242 [2104726]   WARN - CPPImporter.plugin.UpdatePreview - Execute intention Keep 
2017-05-16 18:06:59,242 [2104726]   WARN - CPPImporter.plugin.IntentionExecutor - indexOf node 0 
2017-05-16 18:06:59,243 [2104727]   WARN - CPPImporter.plugin.UpdatePreview - Execute intention Remove 
2017-05-16 18:06:59,243 [2104727]   WARN - CPPImporter.plugin.UpdatePreview - Execute intention Keep 
2017-05-16 18:06:59,243 [2104727]   WARN - CPPImporter.plugin.IntentionExecutor - indexOf node 0 
2017-05-16 18:06:59,247 [2104731]   WARN - CPPImporter.plugin.UpdatePreview - Execute intention Remove 
2017-05-16 18:06:59,248 [2104732]   WARN - CPPImporter.plugin.UpdatePreview - Execute intention Keep 
2017-05-16 18:06:59,248 [2104732]   WARN - CPPImporter.plugin.IntentionExecutor - indexOf node 0 
2017-05-16 18:06:59,249 [2104733]   WARN - CPPImporter.plugin.UpdatePreview - Execute intention Keep 
2017-05-16 18:06:59,249 [2104733]   WARN - CPPImporter.plugin.IntentionExecutor - indexOf node 0 
2017-05-16 18:06:59,249 [2104733]   WARN - CPPImporter.plugin.UpdatePreview - Execute intention Keep 
2017-05-16 18:06:59,249 [2104733]   WARN - CPPImporter.plugin.IntentionExecutor - indexOf node 0 
2017-05-16 18:06:59,250 [2104734]   WARN - CPPImporter.plugin.UpdatePreview - Execute intention ChangePC 
2017-05-16 18:06:59,250 [2104734]   WARN - CPPImporter.plugin.UpdatePreview - Execute intention Keep 
2017-05-16 18:06:59,250 [2104734]   WARN - CPPImporter.plugin.IntentionExecutor - indexOf node 0 
2017-05-16 18:06:59,275 [2104759]   WARN - CPPLanguage.editor.IntentionContainer_Editor - Show 24 intentions. 
2017-05-16 18:07:36,367 [2141851]   WARN - CPPImporter.plugin.ChangePC_Action - [LOG] Intention ChangePC View default 
2017-05-16 18:07:36,368 [2141852]   INFO - CPPImporter.plugin.UpdatePreview - Initialize future model 
2017-05-16 18:07:36,369 [2141853]   INFO - CPPImporter.plugin.UpdatePreview - Create node mapping 
2017-05-16 18:07:36,369 [2141853]   INFO - CPPImporter.plugin.UpdatePreview - Node mapping done 
2017-05-16 18:07:36,374 [2141858]   WARN - CPPImporter.plugin.UpdatePreview - Execute intention Keep 
2017-05-16 18:07:36,376 [2141860]   WARN - CPPImporter.plugin.IntentionExecutor - indexOf node 0 
2017-05-16 18:07:36,377 [2141861]   WARN - CPPImporter.plugin.UpdatePreview - Execute intention Keep 
2017-05-16 18:07:36,384 [2141868]   WARN - CPPImporter.plugin.IntentionExecutor - indexOf node 0 
2017-05-16 18:07:36,384 [2141868]   WARN - CPPImporter.plugin.UpdatePreview - Execute intention Keep 
2017-05-16 18:07:36,385 [2141869]   WARN - CPPImporter.plugin.IntentionExecutor - indexOf node 0 
2017-05-16 18:07:36,386 [2141870]   WARN - CPPImporter.plugin.UpdatePreview - Execute intention Keep 
2017-05-16 18:07:36,386 [2141870]   WARN - CPPImporter.plugin.IntentionExecutor - indexOf node 0 
2017-05-16 18:07:36,387 [2141871]   WARN - CPPImporter.plugin.UpdatePreview - Execute intention KeepAsFeature 
2017-05-16 18:07:36,387 [2141871]   WARN - CPPImporter.plugin.IntentionExecutor - indexOf node 0 
2017-05-16 18:07:36,387 [2141871]   WARN - CPPImporter.plugin.UpdatePreview - Execute intention KeepAsFeature 
2017-05-16 18:07:36,388 [2141872]   WARN - CPPImporter.plugin.IntentionExecutor - indexOf node 0 
2017-05-16 18:07:36,396 [2141880]   WARN - CPPImporter.plugin.UpdatePreview - Execute intention KeepAsFeature 
2017-05-16 18:07:36,397 [2141881]   WARN - CPPImporter.plugin.IntentionExecutor - indexOf node 0 
2017-05-16 18:07:36,398 [2141882]   WARN - CPPImporter.plugin.UpdatePreview - Execute intention Remove 
2017-05-16 18:07:36,401 [2141885]   WARN - CPPImporter.plugin.UpdatePreview - Execute intention Remove 
2017-05-16 18:07:36,403 [2141887]   WARN - CPPImporter.plugin.UpdatePreview - Execute intention Remove 
2017-05-16 18:07:36,424 [2141908]   WARN - CPPImporter.plugin.UpdatePreview - Execute intention ChangePC 
2017-05-16 18:07:36,425 [2141909]   WARN - CPPImporter.plugin.UpdatePreview - Execute intention Keep 
2017-05-16 18:07:36,426 [2141910]   WARN - CPPImporter.plugin.IntentionExecutor - indexOf node 0 
2017-05-16 18:07:36,433 [2141917]   WARN - CPPImporter.plugin.UpdatePreview - Execute intention Remove 
2017-05-16 18:07:36,437 [2141921]   WARN - CPPImporter.plugin.UpdatePreview - Execute intention Keep 
2017-05-16 18:07:36,442 [2141926]   WARN - CPPImporter.plugin.IntentionExecutor - indexOf node 0 
2017-05-16 18:07:36,443 [2141927]   WARN - CPPImporter.plugin.UpdatePreview - Execute intention Remove 
2017-05-16 18:07:36,443 [2141927]   WARN - CPPImporter.plugin.UpdatePreview - Execute intention Keep 
2017-05-16 18:07:36,443 [2141927]   WARN - CPPImporter.plugin.IntentionExecutor - indexOf node 0 
2017-05-16 18:07:36,444 [2141928]   WARN - CPPImporter.plugin.UpdatePreview - Execute intention Remove 
2017-05-16 18:07:36,444 [2141928]   WARN - CPPImporter.plugin.UpdatePreview - Execute intention Keep 
2017-05-16 18:07:36,444 [2141928]   WARN - CPPImporter.plugin.IntentionExecutor - indexOf node 0 
2017-05-16 18:07:36,445 [2141929]   WARN - CPPImporter.plugin.UpdatePreview - Execute intention Remove 
2017-05-16 18:07:36,463 [2141947]   WARN - CPPImporter.plugin.UpdatePreview - Execute intention Keep 
2017-05-16 18:07:36,463 [2141947]   WARN - CPPImporter.plugin.IntentionExecutor - indexOf node 0 
2017-05-16 18:07:36,463 [2141947]   WARN - CPPImporter.plugin.UpdatePreview - Execute intention Keep 
2017-05-16 18:07:36,464 [2141948]   WARN - CPPImporter.plugin.IntentionExecutor - indexOf node 0 
2017-05-16 18:07:36,465 [2141949]   WARN - CPPImporter.plugin.UpdatePreview - Execute intention Keep 
2017-05-16 18:07:36,465 [2141949]   WARN - CPPImporter.plugin.IntentionExecutor - indexOf node 0 
2017-05-16 18:07:36,466 [2141950]   WARN - CPPImporter.plugin.UpdatePreview - Execute intention ChangePC 
2017-05-16 18:07:36,466 [2141950]   WARN - CPPImporter.plugin.UpdatePreview - Execute intention Keep 
2017-05-16 18:07:36,466 [2141950]   WARN - CPPImporter.plugin.IntentionExecutor - indexOf node 0 
2017-05-16 18:07:36,467 [2141951]   WARN - CPPImporter.plugin.UpdatePreview - Execute intention ChangePC 
2017-05-16 18:07:36,474 [2141958]   WARN - CPPLanguage.editor.IntentionContainer_Editor - Show 25 intentions. 
2017-05-16 18:07:52,902 [2158386]   INFO - CPPImporter.plugin.Remove_Action - [LOG] Remove Intention for 4 nodes. 
2017-05-16 18:07:52,902 [2158386]   INFO - CPPImporter.plugin.Remove_Action - [LOG] View of Keep Intention is default 
2017-05-16 18:07:52,902 [2158386]   INFO - CPPImporter.plugin.UpdatePreview - Initialize future model 
2017-05-16 18:07:52,903 [2158387]   INFO - CPPImporter.plugin.UpdatePreview - Create node mapping 
2017-05-16 18:07:52,903 [2158387]   INFO - CPPImporter.plugin.UpdatePreview - Node mapping done 
2017-05-16 18:07:52,903 [2158387]   WARN - CPPImporter.plugin.UpdatePreview - Execute intention Keep 
2017-05-16 18:07:52,915 [2158399]   WARN - CPPImporter.plugin.IntentionExecutor - indexOf node 0 
2017-05-16 18:07:52,915 [2158399]   WARN - CPPImporter.plugin.UpdatePreview - Execute intention Keep 
2017-05-16 18:07:52,921 [2158405]   WARN - CPPImporter.plugin.IntentionExecutor - indexOf node 0 
2017-05-16 18:07:52,922 [2158406]   WARN - CPPImporter.plugin.UpdatePreview - Execute intention Keep 
2017-05-16 18:07:52,922 [2158406]   WARN - CPPImporter.plugin.IntentionExecutor - indexOf node 0 
2017-05-16 18:07:52,924 [2158408]   WARN - CPPImporter.plugin.UpdatePreview - Execute intention Keep 
2017-05-16 18:07:52,926 [2158410]   WARN - CPPImporter.plugin.IntentionExecutor - indexOf node 0 
2017-05-16 18:07:52,927 [2158411]   WARN - CPPImporter.plugin.UpdatePreview - Execute intention KeepAsFeature 
2017-05-16 18:07:52,927 [2158411]   WARN - CPPImporter.plugin.IntentionExecutor - indexOf node 0 
2017-05-16 18:07:52,928 [2158412]   WARN - CPPImporter.plugin.UpdatePreview - Execute intention KeepAsFeature 
2017-05-16 18:07:52,930 [2158414]   WARN - CPPImporter.plugin.IntentionExecutor - indexOf node 0 
2017-05-16 18:07:52,931 [2158415]   WARN - CPPImporter.plugin.UpdatePreview - Execute intention KeepAsFeature 
2017-05-16 18:07:52,932 [2158416]   WARN - CPPImporter.plugin.IntentionExecutor - indexOf node 0 
2017-05-16 18:07:52,937 [2158421]   WARN - CPPImporter.plugin.UpdatePreview - Execute intention Remove 
2017-05-16 18:07:52,939 [2158423]   WARN - CPPImporter.plugin.UpdatePreview - Execute intention Remove 
2017-05-16 18:07:52,940 [2158424]   WARN - CPPImporter.plugin.UpdatePreview - Execute intention Remove 
2017-05-16 18:07:52,940 [2158424]   WARN - CPPImporter.plugin.UpdatePreview - Execute intention ChangePC 
2017-05-16 18:07:52,941 [2158425]   WARN - CPPImporter.plugin.UpdatePreview - Execute intention Keep 
2017-05-16 18:07:52,941 [2158425]   WARN - CPPImporter.plugin.IntentionExecutor - indexOf node 0 
2017-05-16 18:07:52,943 [2158427]   WARN - CPPImporter.plugin.UpdatePreview - Execute intention Remove 
2017-05-16 18:07:52,943 [2158427]   WARN - CPPImporter.plugin.UpdatePreview - Execute intention Keep 
2017-05-16 18:07:52,943 [2158427]   WARN - CPPImporter.plugin.IntentionExecutor - indexOf node 0 
2017-05-16 18:07:52,951 [2158435]   WARN - CPPImporter.plugin.UpdatePreview - Execute intention Remove 
2017-05-16 18:07:52,951 [2158435]   WARN - CPPImporter.plugin.UpdatePreview - Execute intention Keep 
2017-05-16 18:07:52,951 [2158435]   WARN - CPPImporter.plugin.IntentionExecutor - indexOf node 0 
2017-05-16 18:07:52,952 [2158436]   WARN - CPPImporter.plugin.UpdatePreview - Execute intention Remove 
2017-05-16 18:07:52,952 [2158436]   WARN - CPPImporter.plugin.UpdatePreview - Execute intention Keep 
2017-05-16 18:07:52,952 [2158436]   WARN - CPPImporter.plugin.IntentionExecutor - indexOf node 0 
2017-05-16 18:07:52,953 [2158437]   WARN - CPPImporter.plugin.UpdatePreview - Execute intention Remove 
2017-05-16 18:07:52,955 [2158439]   WARN - CPPImporter.plugin.UpdatePreview - Execute intention Keep 
2017-05-16 18:07:52,955 [2158439]   WARN - CPPImporter.plugin.IntentionExecutor - indexOf node 0 
2017-05-16 18:07:52,956 [2158440]   WARN - CPPImporter.plugin.UpdatePreview - Execute intention Keep 
2017-05-16 18:07:52,956 [2158440]   WARN - CPPImporter.plugin.IntentionExecutor - indexOf node 0 
2017-05-16 18:07:52,956 [2158440]   WARN - CPPImporter.plugin.UpdatePreview - Execute intention Keep 
2017-05-16 18:07:52,956 [2158440]   WARN - CPPImporter.plugin.IntentionExecutor - indexOf node 0 
2017-05-16 18:07:52,957 [2158441]   WARN - CPPImporter.plugin.UpdatePreview - Execute intention ChangePC 
2017-05-16 18:07:52,957 [2158441]   WARN - CPPImporter.plugin.UpdatePreview - Execute intention Keep 
2017-05-16 18:07:52,957 [2158441]   WARN - CPPImporter.plugin.IntentionExecutor - indexOf node 0 
2017-05-16 18:07:52,957 [2158441]   WARN - CPPImporter.plugin.UpdatePreview - Execute intention ChangePC 
2017-05-16 18:07:52,957 [2158441]   WARN - CPPImporter.plugin.UpdatePreview - Execute intention Remove 
2017-05-16 18:07:52,958 [2158442]   WARN - CPPImporter.plugin.UpdatePreview - Execute intention Remove 
2017-05-16 18:07:52,958 [2158442]   WARN - CPPImporter.plugin.UpdatePreview - Execute intention Remove 
2017-05-16 18:07:52,958 [2158442]   WARN - CPPImporter.plugin.UpdatePreview - Execute intention Remove 
2017-05-16 18:07:52,981 [2158465]   WARN - CPPLanguage.editor.IntentionContainer_Editor - Show 29 intentions. 
2017-05-16 18:08:04,457 [2169941]   WARN - CPPImporter.plugin.CommitIntentions_Action - Commit Intentions 
2017-05-16 18:08:04,458 [2169942]   INFO - CPPImporter.plugin.UpdatePreview - Initialize future model 
2017-05-16 18:08:04,459 [2169943]   INFO - CPPImporter.plugin.UpdatePreview - Create node mapping 
2017-05-16 18:08:04,459 [2169943]   INFO - CPPImporter.plugin.UpdatePreview - Node mapping done 
2017-05-16 18:08:04,487 [2169971]   WARN - CPPImporter.plugin.UpdatePreview - Execute intention Keep 
2017-05-16 18:08:04,490 [2169974]   WARN - CPPImporter.plugin.IntentionExecutor - indexOf node 0 
2017-05-16 18:08:04,491 [2169975]   WARN - CPPImporter.plugin.UpdatePreview - Execute intention Keep 
2017-05-16 18:08:04,491 [2169975]   WARN - CPPImporter.plugin.IntentionExecutor - indexOf node 0 
2017-05-16 18:08:04,492 [2169976]   WARN - CPPImporter.plugin.UpdatePreview - Execute intention Keep 
2017-05-16 18:08:04,498 [2169982]   WARN - CPPImporter.plugin.IntentionExecutor - indexOf node 0 
2017-05-16 18:08:04,501 [2169985]   WARN - CPPImporter.plugin.UpdatePreview - Execute intention Keep 
2017-05-16 18:08:04,501 [2169985]   WARN - CPPImporter.plugin.IntentionExecutor - indexOf node 0 
2017-05-16 18:08:04,502 [2169986]   WARN - CPPImporter.plugin.UpdatePreview - Execute intention KeepAsFeature 
2017-05-16 18:08:04,502 [2169986]   WARN - CPPImporter.plugin.IntentionExecutor - indexOf node 0 
2017-05-16 18:08:04,503 [2169987]   WARN - CPPImporter.plugin.UpdatePreview - Execute intention KeepAsFeature 
2017-05-16 18:08:04,503 [2169987]   WARN - CPPImporter.plugin.IntentionExecutor - indexOf node 0 
2017-05-16 18:08:04,503 [2169987]   WARN - CPPImporter.plugin.UpdatePreview - Execute intention KeepAsFeature 
2017-05-16 18:08:04,504 [2169988]   WARN - CPPImporter.plugin.IntentionExecutor - indexOf node 0 
2017-05-16 18:08:04,504 [2169988]   WARN - CPPImporter.plugin.UpdatePreview - Execute intention Remove 
2017-05-16 18:08:04,505 [2169989]   WARN - CPPImporter.plugin.UpdatePreview - Execute intention Remove 
2017-05-16 18:08:04,505 [2169989]   WARN - CPPImporter.plugin.UpdatePreview - Execute intention Remove 
2017-05-16 18:08:04,505 [2169989]   WARN - CPPImporter.plugin.UpdatePreview - Execute intention ChangePC 
2017-05-16 18:08:04,505 [2169989]   WARN - CPPImporter.plugin.UpdatePreview - Execute intention Keep 
2017-05-16 18:08:04,506 [2169990]   WARN - CPPImporter.plugin.IntentionExecutor - indexOf node 0 
2017-05-16 18:08:04,506 [2169990]   WARN - CPPImporter.plugin.UpdatePreview - Execute intention Remove 
2017-05-16 18:08:04,506 [2169990]   WARN - CPPImporter.plugin.UpdatePreview - Execute intention Keep 
2017-05-16 18:08:04,506 [2169990]   WARN - CPPImporter.plugin.IntentionExecutor - indexOf node 0 
2017-05-16 18:08:04,507 [2169991]   WARN - CPPImporter.plugin.UpdatePreview - Execute intention Remove 
2017-05-16 18:08:04,507 [2169991]   WARN - CPPImporter.plugin.UpdatePreview - Execute intention Keep 
2017-05-16 18:08:04,507 [2169991]   WARN - CPPImporter.plugin.IntentionExecutor - indexOf node 0 
2017-05-16 18:08:04,507 [2169991]   WARN - CPPImporter.plugin.UpdatePreview - Execute intention Remove 
2017-05-16 18:08:04,508 [2169992]   WARN - CPPImporter.plugin.UpdatePreview - Execute intention Keep 
2017-05-16 18:08:04,508 [2169992]   WARN - CPPImporter.plugin.IntentionExecutor - indexOf node 0 
2017-05-16 18:08:04,508 [2169992]   WARN - CPPImporter.plugin.UpdatePreview - Execute intention Remove 
2017-05-16 18:08:04,508 [2169992]   WARN - CPPImporter.plugin.UpdatePreview - Execute intention Keep 
2017-05-16 18:08:04,508 [2169992]   WARN - CPPImporter.plugin.IntentionExecutor - indexOf node 0 
2017-05-16 18:08:04,509 [2169993]   WARN - CPPImporter.plugin.UpdatePreview - Execute intention Keep 
2017-05-16 18:08:04,509 [2169993]   WARN - CPPImporter.plugin.IntentionExecutor - indexOf node 0 
2017-05-16 18:08:04,509 [2169993]   WARN - CPPImporter.plugin.UpdatePreview - Execute intention Keep 
2017-05-16 18:08:04,509 [2169993]   WARN - CPPImporter.plugin.IntentionExecutor - indexOf node 0 
2017-05-16 18:08:04,510 [2169994]   WARN - CPPImporter.plugin.UpdatePreview - Execute intention ChangePC 
2017-05-16 18:08:04,510 [2169994]   WARN - CPPImporter.plugin.UpdatePreview - Execute intention Keep 
2017-05-16 18:08:04,510 [2169994]   WARN - CPPImporter.plugin.IntentionExecutor - indexOf node 0 
2017-05-16 18:08:04,510 [2169994]   WARN - CPPImporter.plugin.UpdatePreview - Execute intention ChangePC 
2017-05-16 18:08:04,511 [2169995]   WARN - CPPImporter.plugin.UpdatePreview - Execute intention Remove 
2017-05-16 18:08:04,511 [2169995]   WARN - CPPImporter.plugin.UpdatePreview - Execute intention Remove 
2017-05-16 18:08:04,512 [2169996]   WARN - CPPImporter.plugin.UpdatePreview - Execute intention Remove 
2017-05-16 18:08:04,512 [2169996]   WARN - CPPImporter.plugin.UpdatePreview - Execute intention Remove 
2017-05-16 18:08:04,544 [2170028]   WARN - CPPLanguage.editor.IntentionContainer_Editor - Show 0 intentions. 
2017-05-16 18:08:17,578 [2183062]   INFO - CPPImporter.plugin.Export_Action - [LOG] Export to /home/group1/results/incline.c 
2017-05-16 18:08:23,249 [2188733]   INFO - jetbrains.mps.extapi.model.EditableSModelBase - Saving model Examples.Imported2 
2017-05-16 18:08:23,431 [2188915]   INFO - jetbrains.mps.smodel.MPSModuleRepository - Saving of the repository took 0.184 s 
2017-05-16 18:08:47,230 [2212714]   INFO - jetbrains.mps.smodel.MPSModuleRepository - Saving of the repository took 0.001 s 
2017-05-16 18:08:47,499 [2212983]   INFO - jetbrains.mps.plugins.PluginLoaderRegistry - Running Update Task : loaders [toLoad: 0; toUnload:1]; contributors : [toLoad: 0; toUnload:0]; Thread[AWT-EventQueue-0 3.4.4#MPS-162.2317 MPS, eap:false, os:Linux 4.8.0-49-generic, java-version:Oracle Corporation 1.8.0_131-8u131-b11-0ubuntu1.16.04.2-b11,6,main] 
2017-05-16 18:08:47,536 [2213020]   INFO - jetbrains.mps.plugins.PluginLoaderRegistry - Unloading of 145 plugins took 0.037 s 
2017-05-16 18:08:47,539 [2213023]   INFO - jetbrains.mps.project.ProjectBase - Project 'CPPLanguage' is closing 
2017-05-16 18:08:47,643 [2213127]   INFO - jetbrains.mps.classloading.ModuleUpdater - Classloading refresh took 0.038 s 
2017-05-16 18:08:47,645 [2213129]   INFO - jetbrains.mps.classloading.ModulesWatcher - 0 modules are marked as invalid roots for class loading out of 297 modules [totally in the repository] 
2017-05-16 18:08:47,645 [2213129]   INFO - jetbrains.mps.classloading.ModulesWatcher - Totally 0 modules are marked invalid for class loading 
2017-05-16 18:08:47,795 [2213279]   INFO - jetbrains.mps.classloading.ModuleUpdater - Classloading refresh took 0.051 s 
2017-05-16 18:08:47,799 [2213283]   INFO - jetbrains.mps.classloading.ModulesWatcher - 0 modules are marked as invalid roots for class loading out of 296 modules [totally in the repository] 
2017-05-16 18:08:47,808 [2213292]   INFO - jetbrains.mps.classloading.ModulesWatcher - Totally 0 modules are marked invalid for class loading 
2017-05-16 18:08:47,864 [2213348]   INFO - jetbrains.mps.classloading.ModuleUpdater - Classloading refresh took 0.028 s 
2017-05-16 18:08:47,880 [2213364]   INFO - jetbrains.mps.classloading.ModulesWatcher - 0 modules are marked as invalid roots for class loading out of 295 modules [totally in the repository] 
2017-05-16 18:08:47,880 [2213364]   INFO - jetbrains.mps.classloading.ModulesWatcher - Totally 0 modules are marked invalid for class loading 
2017-05-16 18:08:47,907 [2213391]   INFO - jetbrains.mps.library.LibraryInitializer - Removing libraries from ProjectLibraryManager 
2017-05-16 18:08:47,922 [2213406]   INFO - #org.jetbrains.io.BuiltInServer - web server stopped 
2017-05-16 18:08:47,934 [2213418]   INFO - jetbrains.mps.library.LibraryInitializer - Removing libraries from AdditionalLibrariesManager 
2017-05-16 18:08:47,984 [2213468]   INFO - jetbrains.mps.library.LibraryInitializer - Removing libraries from PluginLibraryContributor 
2017-05-16 18:08:47,994 [2213478]   INFO - jetbrains.mps.library.LibraryInitializer - Removing libraries from BootstrapLibraryContributor 
2017-05-16 18:08:47,995 [2213479]   INFO - jetbrains.mps.library.LibraryInitializer - Unloading 112 libraries 
2017-05-16 18:08:48,273 [2213757]   INFO - jetbrains.mps.library.LibraryInitializer - Library update is finished 
2017-05-16 18:08:48,313 [2213797]   INFO - jetbrains.mps.classloading.ModuleUpdater - Classloading refresh took 0.003 s 
2017-05-16 18:08:48,313 [2213797]   INFO - jetbrains.mps.classloading.ModulesWatcher - 0 modules are marked as invalid roots for class loading out of 0 modules [totally in the repository] 
2017-05-16 18:08:48,313 [2213797]   INFO - jetbrains.mps.classloading.ModulesWatcher - Totally 0 modules are marked invalid for class loading 
2017-05-16 18:08:48,372 [2213856]   INFO - #org.jetbrains.io.BuiltInServer - web server stopped 
