2017-05-09 13:35:26,973 [ 547832]   INFO - CPPImporter.plugin.ArrangeViews_Action - [LOG] Arrange Views
2017-05-09 13:37:08,597 [ 649456]   INFO - CPPImporter.plugin.UndoIntention_Action - [LOG] Un-declare an intention 
2017-05-09 13:37:08,631 [ 649490]   INFO - CPPImporter.plugin.UpdatePreview - Initialize future model 
2017-05-09 13:37:08,634 [ 649493]   INFO - CPPImporter.plugin.UpdatePreview - Create node mapping 
2017-05-09 13:37:08,634 [ 649493]   INFO - CPPImporter.plugin.UpdatePreview - Node mapping done 
2017-05-09 13:37:21,544 [ 662403]   INFO - CPPImporter.plugin.Remove_Action - [LOG] Remove Intention for 4 nodes. 
2017-05-09 13:37:21,601 [ 662460]   INFO - CPPImporter.plugin.Remove_Action - [LOG] View of Keep Intention is default 
2017-05-09 13:37:21,615 [ 662474]   INFO - CPPImporter.plugin.Remove_Action - No automatic anti Intention, branch is not completly selected 
2017-05-09 13:37:21,615 [ 662474]   INFO - CPPImporter.plugin.UpdatePreview - Initialize future model 
2017-05-09 13:37:21,616 [ 662475]   INFO - CPPImporter.plugin.UpdatePreview - Create node mapping 
2017-05-09 13:37:21,616 [ 662475]   INFO - CPPImporter.plugin.UpdatePreview - Node mapping done 
2017-05-09 13:37:21,616 [ 662475]   WARN - CPPImporter.plugin.UpdatePreview - Execute intention Remove 
2017-05-09 13:37:21,617 [ 662476]   WARN - CPPImporter.plugin.UpdatePreview - Execute intention Remove 
2017-05-09 13:37:21,618 [ 662477]   WARN - CPPImporter.plugin.UpdatePreview - Execute intention Remove 
2017-05-09 13:37:21,619 [ 662478]   WARN - CPPImporter.plugin.UpdatePreview - Execute intention Remove 
2017-05-09 13:37:21,633 [ 662492]   WARN - CPPLanguage.editor.IntentionContainer_Editor - Show 4 intentions. 
2017-05-09 13:37:52,572 [ 693431]   INFO - CPPImporter.plugin.UndoIntention_Action - [LOG] Un-declare an intention 
2017-05-09 13:37:52,573 [ 693432]   INFO - CPPImporter.plugin.UndoIntention_Action - [LOG] Undeclare Remove of view default 
2017-05-09 13:37:52,573 [ 693432]   INFO - CPPImporter.plugin.UndoIntention_Action - [LOG] Undeclare Remove of view default 
2017-05-09 13:37:52,573 [ 693432]   INFO - CPPImporter.plugin.UndoIntention_Action - [LOG] Undeclare Remove of view default 
2017-05-09 13:37:52,573 [ 693432]   INFO - CPPImporter.plugin.UndoIntention_Action - [LOG] Undeclare Remove of view default 
2017-05-09 13:37:52,583 [ 693442]   INFO - CPPImporter.plugin.UpdatePreview - Initialize future model 
2017-05-09 13:37:52,592 [ 693451]   INFO - CPPImporter.plugin.UpdatePreview - Create node mapping 
2017-05-09 13:37:52,592 [ 693451]   INFO - CPPImporter.plugin.UpdatePreview - Node mapping done 
2017-05-09 13:37:52,611 [ 693470]   WARN - CPPLanguage.editor.IntentionContainer_Editor - Show 0 intentions. 
2017-05-09 13:38:22,412 [ 723271]   INFO - CPPImporter.plugin.Keep_Action - [LOG] Intention Keep for 4 nodes. 
2017-05-09 13:38:22,412 [ 723271]   INFO - CPPImporter.plugin.Keep_Action - [LOG] View of Keep Intention is default 
2017-05-09 13:38:22,419 [ 723278]   INFO - CPPImporter.plugin.Keep_Action - No automatic anti Intention, branch is not completly selected 
2017-05-09 13:38:22,426 [ 723285]   INFO - CPPImporter.plugin.Keep_Action - Update Preview 
2017-05-09 13:38:22,426 [ 723285]   INFO - CPPImporter.plugin.UpdatePreview - Initialize future model 
2017-05-09 13:38:22,427 [ 723286]   INFO - CPPImporter.plugin.UpdatePreview - Create node mapping 
2017-05-09 13:38:22,427 [ 723286]   INFO - CPPImporter.plugin.UpdatePreview - Node mapping done 
2017-05-09 13:38:22,435 [ 723294]   WARN - CPPImporter.plugin.UpdatePreview - Execute intention Keep 
2017-05-09 13:38:22,436 [ 723295]   WARN - CPPImporter.plugin.IntentionExecutor - indexOf node 0 
2017-05-09 13:38:22,438 [ 723297]   WARN - CPPImporter.plugin.UpdatePreview - Execute intention Keep 
2017-05-09 13:38:22,444 [ 723303]   WARN - CPPImporter.plugin.IntentionExecutor - indexOf node 0 
2017-05-09 13:38:22,458 [ 723317]   WARN - CPPImporter.plugin.UpdatePreview - Execute intention Keep 
2017-05-09 13:38:22,459 [ 723318]   WARN - CPPImporter.plugin.IntentionExecutor - indexOf node 0 
2017-05-09 13:38:22,472 [ 723331]   WARN - CPPImporter.plugin.UpdatePreview - Execute intention Keep 
2017-05-09 13:38:22,477 [ 723336]   WARN - CPPImporter.plugin.IntentionExecutor - indexOf node 0 
2017-05-09 13:38:22,491 [ 723350]   WARN - CPPLanguage.editor.IntentionContainer_Editor - Show 4 intentions. 
2017-05-09 13:39:01,340 [ 762199]   INFO - CPPImporter.plugin.KeepAsFeature_Action - [LOG] Intention Keep As Feature for 3 nodes. 
2017-05-09 13:39:21,340 [ 782199]   INFO - CPPImporter.plugin.KeepAsFeature_Action - [LOG] View of Keep Intention is default 
2017-05-09 13:39:21,341 [ 782200]   INFO - CPPImporter.plugin.UpdatePreview - Initialize future model 
2017-05-09 13:39:21,389 [ 782248]   INFO - CPPImporter.plugin.UpdatePreview - Create node mapping 
2017-05-09 13:39:21,390 [ 782249]   INFO - CPPImporter.plugin.UpdatePreview - Node mapping done 
2017-05-09 13:39:21,390 [ 782249]   WARN - CPPImporter.plugin.UpdatePreview - Execute intention Keep 
2017-05-09 13:39:21,404 [ 782263]   WARN - CPPImporter.plugin.IntentionExecutor - indexOf node 0 
2017-05-09 13:39:21,408 [ 782267]   WARN - CPPImporter.plugin.UpdatePreview - Execute intention Keep 
2017-05-09 13:39:21,410 [ 782269]   WARN - CPPImporter.plugin.IntentionExecutor - indexOf node 0 
2017-05-09 13:39:21,411 [ 782270]   WARN - CPPImporter.plugin.UpdatePreview - Execute intention Keep 
2017-05-09 13:39:21,412 [ 782271]   WARN - CPPImporter.plugin.IntentionExecutor - indexOf node 0 
2017-05-09 13:39:21,418 [ 782277]   WARN - CPPImporter.plugin.UpdatePreview - Execute intention Keep 
2017-05-09 13:39:21,419 [ 782278]   WARN - CPPImporter.plugin.IntentionExecutor - indexOf node 0 
2017-05-09 13:39:21,420 [ 782279]   WARN - CPPImporter.plugin.UpdatePreview - Execute intention KeepAsFeature 
2017-05-09 13:39:21,422 [ 782281]   WARN - CPPImporter.plugin.IntentionExecutor - indexOf node 0 
2017-05-09 13:39:21,432 [ 782291]   WARN - CPPImporter.plugin.UpdatePreview - Execute intention KeepAsFeature 
2017-05-09 13:39:21,432 [ 782291]   WARN - CPPImporter.plugin.IntentionExecutor - indexOf node 0 
2017-05-09 13:39:21,440 [ 782299]   WARN - CPPImporter.plugin.UpdatePreview - Execute intention KeepAsFeature 
2017-05-09 13:39:21,440 [ 782299]   WARN - CPPImporter.plugin.IntentionExecutor - indexOf node 0 
2017-05-09 13:39:21,467 [ 782326]   WARN - CPPLanguage.editor.IntentionContainer_Editor - Show 7 intentions. 
2017-05-09 13:40:04,633 [ 825492]   INFO - CPPImporter.plugin.Remove_Action - [LOG] Remove Intention for 3 nodes. 
2017-05-09 13:40:04,633 [ 825492]   INFO - CPPImporter.plugin.Remove_Action - [LOG] View of Keep Intention is default 
2017-05-09 13:40:04,640 [ 825499]   INFO - CPPImporter.plugin.Remove_Action - No automatic anti Intention, branch is not completly selected 
2017-05-09 13:40:04,640 [ 825499]   INFO - CPPImporter.plugin.UpdatePreview - Initialize future model 
2017-05-09 13:40:04,643 [ 825502]   INFO - CPPImporter.plugin.UpdatePreview - Create node mapping 
2017-05-09 13:40:04,644 [ 825503]   INFO - CPPImporter.plugin.UpdatePreview - Node mapping done 
2017-05-09 13:40:04,644 [ 825503]   WARN - CPPImporter.plugin.UpdatePreview - Execute intention Keep 
2017-05-09 13:40:04,645 [ 825504]   WARN - CPPImporter.plugin.IntentionExecutor - indexOf node 0 
2017-05-09 13:40:04,647 [ 825506]   WARN - CPPImporter.plugin.UpdatePreview - Execute intention Keep 
2017-05-09 13:40:04,651 [ 825510]   WARN - CPPImporter.plugin.IntentionExecutor - indexOf node 0 
2017-05-09 13:40:04,652 [ 825511]   WARN - CPPImporter.plugin.UpdatePreview - Execute intention Keep 
2017-05-09 13:40:04,652 [ 825511]   WARN - CPPImporter.plugin.IntentionExecutor - indexOf node 0 
2017-05-09 13:40:04,665 [ 825524]   WARN - CPPImporter.plugin.UpdatePreview - Execute intention Keep 
2017-05-09 13:40:04,665 [ 825524]   WARN - CPPImporter.plugin.IntentionExecutor - indexOf node 0 
2017-05-09 13:40:04,669 [ 825528]   WARN - CPPImporter.plugin.UpdatePreview - Execute intention KeepAsFeature 
2017-05-09 13:40:04,669 [ 825528]   WARN - CPPImporter.plugin.IntentionExecutor - indexOf node 0 
2017-05-09 13:40:04,680 [ 825539]   WARN - CPPImporter.plugin.UpdatePreview - Execute intention KeepAsFeature 
2017-05-09 13:40:04,687 [ 825546]   WARN - CPPImporter.plugin.IntentionExecutor - indexOf node 0 
2017-05-09 13:40:04,689 [ 825548]   WARN - CPPImporter.plugin.UpdatePreview - Execute intention KeepAsFeature 
2017-05-09 13:40:04,689 [ 825548]   WARN - CPPImporter.plugin.IntentionExecutor - indexOf node 0 
2017-05-09 13:40:04,690 [ 825549]   WARN - CPPImporter.plugin.UpdatePreview - Execute intention Remove 
2017-05-09 13:40:04,691 [ 825550]   WARN - CPPImporter.plugin.UpdatePreview - Execute intention Remove 
2017-05-09 13:40:04,696 [ 825555]   WARN - CPPImporter.plugin.UpdatePreview - Execute intention Remove 
2017-05-09 13:40:04,721 [ 825580]   WARN - CPPLanguage.editor.IntentionContainer_Editor - Show 10 intentions. 
2017-05-09 13:41:12,735 [ 893594]   WARN - CPPImporter.plugin.ChangePC_Action - [LOG] Intention ChangePC View default 
2017-05-09 13:41:12,770 [ 893629]   INFO - CPPImporter.plugin.UpdatePreview - Initialize future model 
2017-05-09 13:41:12,771 [ 893630]   INFO - CPPImporter.plugin.UpdatePreview - Create node mapping 
2017-05-09 13:41:12,771 [ 893630]   INFO - CPPImporter.plugin.UpdatePreview - Node mapping done 
2017-05-09 13:41:12,790 [ 893649]   WARN - CPPImporter.plugin.UpdatePreview - Execute intention Keep 
2017-05-09 13:41:12,790 [ 893649]   WARN - CPPImporter.plugin.IntentionExecutor - indexOf node 0 
2017-05-09 13:41:12,794 [ 893653]   WARN - CPPImporter.plugin.UpdatePreview - Execute intention Keep 
2017-05-09 13:41:12,798 [ 893657]   WARN - CPPImporter.plugin.IntentionExecutor - indexOf node 0 
2017-05-09 13:41:12,801 [ 893660]   WARN - CPPImporter.plugin.UpdatePreview - Execute intention Keep 
2017-05-09 13:41:12,806 [ 893665]   WARN - CPPImporter.plugin.IntentionExecutor - indexOf node 0 
2017-05-09 13:41:12,815 [ 893674]   WARN - CPPImporter.plugin.UpdatePreview - Execute intention Keep 
2017-05-09 13:41:12,816 [ 893675]   WARN - CPPImporter.plugin.IntentionExecutor - indexOf node 0 
2017-05-09 13:41:12,817 [ 893676]   WARN - CPPImporter.plugin.UpdatePreview - Execute intention KeepAsFeature 
2017-05-09 13:41:12,818 [ 893677]   WARN - CPPImporter.plugin.IntentionExecutor - indexOf node 0 
2017-05-09 13:41:12,819 [ 893678]   WARN - CPPImporter.plugin.UpdatePreview - Execute intention KeepAsFeature 
2017-05-09 13:41:12,820 [ 893679]   WARN - CPPImporter.plugin.IntentionExecutor - indexOf node 0 
2017-05-09 13:41:12,825 [ 893684]   WARN - CPPImporter.plugin.UpdatePreview - Execute intention KeepAsFeature 
2017-05-09 13:41:12,842 [ 893701]   WARN - CPPImporter.plugin.IntentionExecutor - indexOf node 0 
2017-05-09 13:41:12,844 [ 893703]   WARN - CPPImporter.plugin.UpdatePreview - Execute intention Remove 
2017-05-09 13:41:12,844 [ 893703]   WARN - CPPImporter.plugin.UpdatePreview - Execute intention Remove 
2017-05-09 13:41:12,845 [ 893704]   WARN - CPPImporter.plugin.UpdatePreview - Execute intention Remove 
2017-05-09 13:41:12,845 [ 893704]   WARN - CPPImporter.plugin.UpdatePreview - Execute intention ChangePC 
2017-05-09 13:41:12,861 [ 893720]   WARN - CPPLanguage.editor.IntentionContainer_Editor - Show 11 intentions. 
2017-05-09 13:43:25,672 [1026531]   INFO - CPPImporter.plugin.Keep_Action - [LOG] Intention Keep for 4 nodes. 
2017-05-09 13:43:25,675 [1026534]   INFO - CPPImporter.plugin.Keep_Action - [LOG] View of Keep Intention is default 
2017-05-09 13:43:25,685 [1026544]   INFO - CPPImporter.plugin.Keep_Action - Propose anti Intention for true branch 
2017-05-09 13:43:28,464 [1029323]   INFO - CPPImporter.plugin.Keep_Action - [LOG] Add anti intention 
2017-05-09 13:43:28,465 [1029324]   INFO - CPPImporter.plugin.Keep_Action - Update Preview 
2017-05-09 13:43:28,465 [1029324]   INFO - CPPImporter.plugin.UpdatePreview - Initialize future model 
2017-05-09 13:43:28,466 [1029325]   INFO - CPPImporter.plugin.UpdatePreview - Create node mapping 
2017-05-09 13:43:28,466 [1029325]   INFO - CPPImporter.plugin.UpdatePreview - Node mapping done 
2017-05-09 13:43:28,486 [1029345]   WARN - CPPImporter.plugin.UpdatePreview - Execute intention Keep 
2017-05-09 13:43:28,492 [1029351]   WARN - CPPImporter.plugin.IntentionExecutor - indexOf node 0 
2017-05-09 13:43:28,496 [1029355]   WARN - CPPImporter.plugin.UpdatePreview - Execute intention Keep 
2017-05-09 13:43:28,510 [1029369]   WARN - CPPImporter.plugin.IntentionExecutor - indexOf node 0 
2017-05-09 13:43:28,534 [1029393]   WARN - CPPImporter.plugin.UpdatePreview - Execute intention Keep 
2017-05-09 13:43:28,538 [1029397]   WARN - CPPImporter.plugin.IntentionExecutor - indexOf node 0 
2017-05-09 13:43:28,539 [1029398]   WARN - CPPImporter.plugin.UpdatePreview - Execute intention Keep 
2017-05-09 13:43:28,539 [1029398]   WARN - CPPImporter.plugin.IntentionExecutor - indexOf node 0 
2017-05-09 13:43:28,540 [1029399]   WARN - CPPImporter.plugin.UpdatePreview - Execute intention KeepAsFeature 
2017-05-09 13:43:28,540 [1029399]   WARN - CPPImporter.plugin.IntentionExecutor - indexOf node 0 
2017-05-09 13:43:28,541 [1029400]   WARN - CPPImporter.plugin.UpdatePreview - Execute intention KeepAsFeature 
2017-05-09 13:43:28,542 [1029401]   WARN - CPPImporter.plugin.IntentionExecutor - indexOf node 0 
2017-05-09 13:43:28,557 [1029416]   WARN - CPPImporter.plugin.UpdatePreview - Execute intention KeepAsFeature 
2017-05-09 13:43:28,558 [1029417]   WARN - CPPImporter.plugin.IntentionExecutor - indexOf node 0 
2017-05-09 13:43:28,559 [1029418]   WARN - CPPImporter.plugin.UpdatePreview - Execute intention Remove 
2017-05-09 13:43:28,559 [1029418]   WARN - CPPImporter.plugin.UpdatePreview - Execute intention Remove 
2017-05-09 13:43:28,563 [1029422]   WARN - CPPImporter.plugin.UpdatePreview - Execute intention Remove 
2017-05-09 13:43:28,565 [1029424]   WARN - CPPImporter.plugin.UpdatePreview - Execute intention ChangePC 
2017-05-09 13:43:28,567 [1029426]   WARN - CPPImporter.plugin.UpdatePreview - Execute intention Keep 
2017-05-09 13:43:28,570 [1029429]   WARN - CPPImporter.plugin.IntentionExecutor - indexOf node 0 
2017-05-09 13:43:28,580 [1029439]   WARN - CPPImporter.plugin.UpdatePreview - Execute intention Remove 
2017-05-09 13:43:28,581 [1029440]   WARN - CPPImporter.plugin.UpdatePreview - Execute intention Keep 
2017-05-09 13:43:28,582 [1029441]   WARN - CPPImporter.plugin.IntentionExecutor - indexOf node 0 
2017-05-09 13:43:28,583 [1029442]   WARN - CPPImporter.plugin.UpdatePreview - Execute intention Remove 
2017-05-09 13:43:28,584 [1029443]   WARN - CPPImporter.plugin.UpdatePreview - Execute intention Keep 
2017-05-09 13:43:28,585 [1029444]   WARN - CPPImporter.plugin.IntentionExecutor - indexOf node 0 
2017-05-09 13:43:28,587 [1029446]   WARN - CPPImporter.plugin.UpdatePreview - Execute intention Remove 
2017-05-09 13:43:28,588 [1029447]   WARN - CPPImporter.plugin.UpdatePreview - Execute intention Keep 
2017-05-09 13:43:28,589 [1029448]   WARN - CPPImporter.plugin.IntentionExecutor - indexOf node 0 
2017-05-09 13:43:28,603 [1029462]   WARN - CPPImporter.plugin.UpdatePreview - Execute intention Remove 
2017-05-09 13:43:28,659 [1029518]   WARN - CPPLanguage.editor.IntentionContainer_Editor - Show 19 intentions. 
2017-05-09 13:44:19,964 [1080823]   INFO - CPPImporter.plugin.Keep_Action - [LOG] Intention Keep for 3 nodes. 
2017-05-09 13:44:19,971 [1080830]   INFO - CPPImporter.plugin.Keep_Action - [LOG] View of Keep Intention is default 
2017-05-09 13:44:19,981 [1080840]   INFO - CPPImporter.plugin.Keep_Action - Update Preview 
2017-05-09 13:44:19,981 [1080840]   INFO - CPPImporter.plugin.UpdatePreview - Initialize future model 
2017-05-09 13:44:19,991 [1080850]   INFO - CPPImporter.plugin.UpdatePreview - Create node mapping 
2017-05-09 13:44:19,991 [1080850]   INFO - CPPImporter.plugin.UpdatePreview - Node mapping done 
2017-05-09 13:44:19,994 [1080853]   WARN - CPPImporter.plugin.UpdatePreview - Execute intention Keep 
2017-05-09 13:44:19,995 [1080854]   WARN - CPPImporter.plugin.IntentionExecutor - indexOf node 0 
2017-05-09 13:44:19,998 [1080857]   WARN - CPPImporter.plugin.UpdatePreview - Execute intention Keep 
2017-05-09 13:44:19,998 [1080857]   WARN - CPPImporter.plugin.IntentionExecutor - indexOf node 0 
2017-05-09 13:44:19,999 [1080858]   WARN - CPPImporter.plugin.UpdatePreview - Execute intention Keep 
2017-05-09 13:44:20,002 [1080861]   WARN - CPPImporter.plugin.IntentionExecutor - indexOf node 0 
2017-05-09 13:44:20,008 [1080867]   WARN - CPPImporter.plugin.UpdatePreview - Execute intention Keep 
2017-05-09 13:44:20,009 [1080868]   WARN - CPPImporter.plugin.IntentionExecutor - indexOf node 0 
2017-05-09 13:44:20,013 [1080872]   WARN - CPPImporter.plugin.UpdatePreview - Execute intention KeepAsFeature 
2017-05-09 13:44:20,013 [1080872]   WARN - CPPImporter.plugin.IntentionExecutor - indexOf node 0 
2017-05-09 13:44:20,015 [1080874]   WARN - CPPImporter.plugin.UpdatePreview - Execute intention KeepAsFeature 
2017-05-09 13:44:20,016 [1080875]   WARN - CPPImporter.plugin.IntentionExecutor - indexOf node 0 
2017-05-09 13:44:20,017 [1080876]   WARN - CPPImporter.plugin.UpdatePreview - Execute intention KeepAsFeature 
2017-05-09 13:44:20,017 [1080876]   WARN - CPPImporter.plugin.IntentionExecutor - indexOf node 0 
2017-05-09 13:44:20,018 [1080877]   WARN - CPPImporter.plugin.UpdatePreview - Execute intention Remove 
2017-05-09 13:44:20,019 [1080878]   WARN - CPPImporter.plugin.UpdatePreview - Execute intention Remove 
2017-05-09 13:44:20,019 [1080878]   WARN - CPPImporter.plugin.UpdatePreview - Execute intention Remove 
2017-05-09 13:44:20,019 [1080878]   WARN - CPPImporter.plugin.UpdatePreview - Execute intention ChangePC 
2017-05-09 13:44:20,019 [1080878]   WARN - CPPImporter.plugin.UpdatePreview - Execute intention Keep 
2017-05-09 13:44:20,020 [1080879]   WARN - CPPImporter.plugin.IntentionExecutor - indexOf node 0 
2017-05-09 13:44:20,025 [1080884]   WARN - CPPImporter.plugin.UpdatePreview - Execute intention Remove 
2017-05-09 13:44:20,026 [1080885]   WARN - CPPImporter.plugin.UpdatePreview - Execute intention Keep 
2017-05-09 13:44:20,027 [1080886]   WARN - CPPImporter.plugin.IntentionExecutor - indexOf node 0 
2017-05-09 13:44:20,029 [1080888]   WARN - CPPImporter.plugin.UpdatePreview - Execute intention Remove 
2017-05-09 13:44:20,032 [1080891]   WARN - CPPImporter.plugin.UpdatePreview - Execute intention Keep 
2017-05-09 13:44:20,032 [1080891]   WARN - CPPImporter.plugin.IntentionExecutor - indexOf node 0 
2017-05-09 13:44:20,033 [1080892]   WARN - CPPImporter.plugin.UpdatePreview - Execute intention Remove 
2017-05-09 13:44:20,033 [1080892]   WARN - CPPImporter.plugin.UpdatePreview - Execute intention Keep 
2017-05-09 13:44:20,034 [1080893]   WARN - CPPImporter.plugin.IntentionExecutor - indexOf node 0 
2017-05-09 13:44:20,034 [1080893]   WARN - CPPImporter.plugin.UpdatePreview - Execute intention Remove 
2017-05-09 13:44:20,034 [1080893]   WARN - CPPImporter.plugin.UpdatePreview - Execute intention Keep 
2017-05-09 13:44:20,035 [1080894]   WARN - CPPImporter.plugin.IntentionExecutor - indexOf node 0 
2017-05-09 13:44:20,035 [1080894]   WARN - CPPImporter.plugin.UpdatePreview - Execute intention Keep 
2017-05-09 13:44:20,035 [1080894]   WARN - CPPImporter.plugin.IntentionExecutor - indexOf node 0 
2017-05-09 13:44:20,036 [1080895]   WARN - CPPImporter.plugin.UpdatePreview - Execute intention Keep 
2017-05-09 13:44:20,036 [1080895]   WARN - CPPImporter.plugin.IntentionExecutor - indexOf node 0 
2017-05-09 13:44:20,053 [1080912]   WARN - CPPLanguage.editor.IntentionContainer_Editor - Show 22 intentions. 
2017-05-09 13:44:53,883 [1114742]   WARN - CPPImporter.plugin.ChangePC_Action - [LOG] Intention ChangePC View default 
2017-05-09 13:44:53,886 [1114745]   INFO - CPPImporter.plugin.UpdatePreview - Initialize future model 
2017-05-09 13:44:53,913 [1114772]   INFO - CPPImporter.plugin.UpdatePreview - Create node mapping 
2017-05-09 13:44:53,922 [1114781]   INFO - CPPImporter.plugin.UpdatePreview - Node mapping done 
2017-05-09 13:44:53,951 [1114810]   WARN - CPPImporter.plugin.UpdatePreview - Execute intention Keep 
2017-05-09 13:44:53,958 [1114817]   WARN - CPPImporter.plugin.IntentionExecutor - indexOf node 0 
2017-05-09 13:44:53,959 [1114818]   WARN - CPPImporter.plugin.UpdatePreview - Execute intention Keep 
2017-05-09 13:44:53,962 [1114821]   WARN - CPPImporter.plugin.IntentionExecutor - indexOf node 0 
2017-05-09 13:44:53,963 [1114822]   WARN - CPPImporter.plugin.UpdatePreview - Execute intention Keep 
2017-05-09 13:44:53,963 [1114822]   WARN - CPPImporter.plugin.IntentionExecutor - indexOf node 0 
2017-05-09 13:44:53,974 [1114833]   WARN - CPPImporter.plugin.UpdatePreview - Execute intention Keep 
2017-05-09 13:44:53,974 [1114833]   WARN - CPPImporter.plugin.IntentionExecutor - indexOf node 0 
2017-05-09 13:44:53,975 [1114834]   WARN - CPPImporter.plugin.UpdatePreview - Execute intention KeepAsFeature 
2017-05-09 13:44:53,975 [1114834]   WARN - CPPImporter.plugin.IntentionExecutor - indexOf node 0 
2017-05-09 13:44:53,976 [1114835]   WARN - CPPImporter.plugin.UpdatePreview - Execute intention KeepAsFeature 
2017-05-09 13:44:53,976 [1114835]   WARN - CPPImporter.plugin.IntentionExecutor - indexOf node 0 
2017-05-09 13:44:53,977 [1114836]   WARN - CPPImporter.plugin.UpdatePreview - Execute intention KeepAsFeature 
2017-05-09 13:44:53,981 [1114840]   WARN - CPPImporter.plugin.IntentionExecutor - indexOf node 0 
2017-05-09 13:44:53,998 [1114857]   WARN - CPPImporter.plugin.UpdatePreview - Execute intention Remove 
2017-05-09 13:44:54,000 [1114859]   WARN - CPPImporter.plugin.UpdatePreview - Execute intention Remove 
2017-05-09 13:44:54,001 [1114860]   WARN - CPPImporter.plugin.UpdatePreview - Execute intention Remove 
2017-05-09 13:44:54,001 [1114860]   WARN - CPPImporter.plugin.UpdatePreview - Execute intention ChangePC 
2017-05-09 13:44:54,002 [1114861]   WARN - CPPImporter.plugin.UpdatePreview - Execute intention Keep 
2017-05-09 13:44:54,002 [1114861]   WARN - CPPImporter.plugin.IntentionExecutor - indexOf node 0 
2017-05-09 13:44:54,003 [1114862]   WARN - CPPImporter.plugin.UpdatePreview - Execute intention Remove 
2017-05-09 13:44:54,006 [1114865]   WARN - CPPImporter.plugin.UpdatePreview - Execute intention Keep 
2017-05-09 13:44:54,008 [1114867]   WARN - CPPImporter.plugin.IntentionExecutor - indexOf node 0 
2017-05-09 13:44:54,009 [1114868]   WARN - CPPImporter.plugin.UpdatePreview - Execute intention Remove 
2017-05-09 13:44:54,022 [1114881]   WARN - CPPImporter.plugin.UpdatePreview - Execute intention Keep 
2017-05-09 13:44:54,024 [1114883]   WARN - CPPImporter.plugin.IntentionExecutor - indexOf node 0 
2017-05-09 13:44:54,025 [1114884]   WARN - CPPImporter.plugin.UpdatePreview - Execute intention Remove 
2017-05-09 13:44:54,027 [1114886]   WARN - CPPImporter.plugin.UpdatePreview - Execute intention Keep 
2017-05-09 13:44:54,028 [1114887]   WARN - CPPImporter.plugin.IntentionExecutor - indexOf node 0 
2017-05-09 13:44:54,029 [1114888]   WARN - CPPImporter.plugin.UpdatePreview - Execute intention Remove 
2017-05-09 13:44:54,033 [1114892]   WARN - CPPImporter.plugin.UpdatePreview - Execute intention Keep 
2017-05-09 13:44:54,034 [1114893]   WARN - CPPImporter.plugin.IntentionExecutor - indexOf node 0 
2017-05-09 13:44:54,034 [1114893]   WARN - CPPImporter.plugin.UpdatePreview - Execute intention Keep 
2017-05-09 13:44:54,042 [1114901]   WARN - CPPImporter.plugin.IntentionExecutor - indexOf node 0 
2017-05-09 13:44:54,043 [1114902]   WARN - CPPImporter.plugin.UpdatePreview - Execute intention Keep 
2017-05-09 13:44:54,043 [1114902]   WARN - CPPImporter.plugin.IntentionExecutor - indexOf node 0 
2017-05-09 13:44:54,044 [1114903]   WARN - CPPImporter.plugin.UpdatePreview - Execute intention ChangePC 
2017-05-09 13:44:54,113 [1114972]   WARN - CPPLanguage.editor.IntentionContainer_Editor - Show 23 intentions. 
2017-05-09 13:45:37,511 [1158370]   INFO - CPPImporter.plugin.Keep_Action - [LOG] Intention Keep for 1 nodes. 
2017-05-09 13:45:37,517 [1158376]   INFO - CPPImporter.plugin.Keep_Action - [LOG] View of Keep Intention is default 
2017-05-09 13:45:37,518 [1158377]   INFO - CPPImporter.plugin.Keep_Action - Update Preview 
2017-05-09 13:45:37,518 [1158377]   INFO - CPPImporter.plugin.UpdatePreview - Initialize future model 
2017-05-09 13:45:37,519 [1158378]   INFO - CPPImporter.plugin.UpdatePreview - Create node mapping 
2017-05-09 13:45:37,519 [1158378]   INFO - CPPImporter.plugin.UpdatePreview - Node mapping done 
2017-05-09 13:45:37,523 [1158382]   WARN - CPPImporter.plugin.UpdatePreview - Execute intention Keep 
2017-05-09 13:45:37,524 [1158383]   WARN - CPPImporter.plugin.IntentionExecutor - indexOf node 0 
2017-05-09 13:45:37,535 [1158394]   WARN - CPPImporter.plugin.UpdatePreview - Execute intention Keep 
2017-05-09 13:45:37,540 [1158399]   WARN - CPPImporter.plugin.IntentionExecutor - indexOf node 0 
2017-05-09 13:45:37,548 [1158407]   WARN - CPPImporter.plugin.UpdatePreview - Execute intention Keep 
2017-05-09 13:45:37,552 [1158411]   WARN - CPPImporter.plugin.IntentionExecutor - indexOf node 0 
2017-05-09 13:45:37,554 [1158413]   WARN - CPPImporter.plugin.UpdatePreview - Execute intention Keep 
2017-05-09 13:45:37,554 [1158413]   WARN - CPPImporter.plugin.IntentionExecutor - indexOf node 0 
2017-05-09 13:45:37,557 [1158416]   WARN - CPPImporter.plugin.UpdatePreview - Execute intention KeepAsFeature 
2017-05-09 13:45:37,568 [1158427]   WARN - CPPImporter.plugin.IntentionExecutor - indexOf node 0 
2017-05-09 13:45:37,570 [1158429]   WARN - CPPImporter.plugin.UpdatePreview - Execute intention KeepAsFeature 
2017-05-09 13:45:37,570 [1158429]   WARN - CPPImporter.plugin.IntentionExecutor - indexOf node 0 
2017-05-09 13:45:37,571 [1158430]   WARN - CPPImporter.plugin.UpdatePreview - Execute intention KeepAsFeature 
2017-05-09 13:45:37,572 [1158431]   WARN - CPPImporter.plugin.IntentionExecutor - indexOf node 0 
2017-05-09 13:45:37,573 [1158432]   WARN - CPPImporter.plugin.UpdatePreview - Execute intention Remove 
2017-05-09 13:45:37,582 [1158441]   WARN - CPPImporter.plugin.UpdatePreview - Execute intention Remove 
2017-05-09 13:45:37,582 [1158441]   WARN - CPPImporter.plugin.UpdatePreview - Execute intention Remove 
2017-05-09 13:45:37,583 [1158442]   WARN - CPPImporter.plugin.UpdatePreview - Execute intention ChangePC 
2017-05-09 13:45:37,583 [1158442]   WARN - CPPImporter.plugin.UpdatePreview - Execute intention Keep 
2017-05-09 13:45:37,583 [1158442]   WARN - CPPImporter.plugin.IntentionExecutor - indexOf node 0 
2017-05-09 13:45:37,584 [1158443]   WARN - CPPImporter.plugin.UpdatePreview - Execute intention Remove 
2017-05-09 13:45:37,584 [1158443]   WARN - CPPImporter.plugin.UpdatePreview - Execute intention Keep 
2017-05-09 13:45:37,585 [1158444]   WARN - CPPImporter.plugin.IntentionExecutor - indexOf node 0 
2017-05-09 13:45:37,586 [1158445]   WARN - CPPImporter.plugin.UpdatePreview - Execute intention Remove 
2017-05-09 13:45:37,589 [1158448]   WARN - CPPImporter.plugin.UpdatePreview - Execute intention Keep 
2017-05-09 13:45:37,590 [1158449]   WARN - CPPImporter.plugin.IntentionExecutor - indexOf node 0 
2017-05-09 13:45:37,590 [1158449]   WARN - CPPImporter.plugin.UpdatePreview - Execute intention Remove 
2017-05-09 13:45:37,591 [1158450]   WARN - CPPImporter.plugin.UpdatePreview - Execute intention Keep 
2017-05-09 13:45:37,591 [1158450]   WARN - CPPImporter.plugin.IntentionExecutor - indexOf node 0 
2017-05-09 13:45:37,591 [1158450]   WARN - CPPImporter.plugin.UpdatePreview - Execute intention Remove 
2017-05-09 13:45:37,592 [1158451]   WARN - CPPImporter.plugin.UpdatePreview - Execute intention Keep 
2017-05-09 13:45:37,592 [1158451]   WARN - CPPImporter.plugin.IntentionExecutor - indexOf node 0 
2017-05-09 13:45:37,593 [1158452]   WARN - CPPImporter.plugin.UpdatePreview - Execute intention Keep 
2017-05-09 13:45:37,593 [1158452]   WARN - CPPImporter.plugin.IntentionExecutor - indexOf node 0 
2017-05-09 13:45:37,594 [1158453]   WARN - CPPImporter.plugin.UpdatePreview - Execute intention Keep 
2017-05-09 13:45:37,595 [1158454]   WARN - CPPImporter.plugin.IntentionExecutor - indexOf node 0 
2017-05-09 13:45:37,600 [1158459]   WARN - CPPImporter.plugin.UpdatePreview - Execute intention ChangePC 
2017-05-09 13:45:37,600 [1158459]   WARN - CPPImporter.plugin.UpdatePreview - Execute intention Keep 
2017-05-09 13:45:37,600 [1158459]   WARN - CPPImporter.plugin.IntentionExecutor - indexOf node 0 
2017-05-09 13:45:37,623 [1158482]   WARN - CPPLanguage.editor.IntentionContainer_Editor - Show 24 intentions. 
2017-05-09 13:47:14,574 [1255433]   WARN - CPPImporter.plugin.ChangePC_Action - [LOG] Intention ChangePC View default 
2017-05-09 13:47:14,578 [1255437]   INFO - CPPImporter.plugin.UpdatePreview - Initialize future model 
2017-05-09 13:47:14,578 [1255437]   INFO - CPPImporter.plugin.UpdatePreview - Create node mapping 
2017-05-09 13:47:14,578 [1255437]   INFO - CPPImporter.plugin.UpdatePreview - Node mapping done 
2017-05-09 13:47:14,582 [1255441]   WARN - CPPImporter.plugin.UpdatePreview - Execute intention Keep 
2017-05-09 13:47:14,584 [1255443]   WARN - CPPImporter.plugin.IntentionExecutor - indexOf node 0 
2017-05-09 13:47:14,585 [1255444]   WARN - CPPImporter.plugin.UpdatePreview - Execute intention Keep 
2017-05-09 13:47:14,590 [1255449]   WARN - CPPImporter.plugin.IntentionExecutor - indexOf node 0 
2017-05-09 13:47:14,627 [1255486]   WARN - CPPImporter.plugin.UpdatePreview - Execute intention Keep 
2017-05-09 13:47:14,632 [1255491]   WARN - CPPImporter.plugin.IntentionExecutor - indexOf node 0 
2017-05-09 13:47:14,652 [1255511]   WARN - CPPImporter.plugin.UpdatePreview - Execute intention Keep 
2017-05-09 13:47:14,653 [1255512]   WARN - CPPImporter.plugin.IntentionExecutor - indexOf node 0 
2017-05-09 13:47:14,654 [1255513]   WARN - CPPImporter.plugin.UpdatePreview - Execute intention KeepAsFeature 
2017-05-09 13:47:14,654 [1255513]   WARN - CPPImporter.plugin.IntentionExecutor - indexOf node 0 
2017-05-09 13:47:14,655 [1255514]   WARN - CPPImporter.plugin.UpdatePreview - Execute intention KeepAsFeature 
2017-05-09 13:47:14,657 [1255516]   WARN - CPPImporter.plugin.IntentionExecutor - indexOf node 0 
2017-05-09 13:47:14,658 [1255517]   WARN - CPPImporter.plugin.UpdatePreview - Execute intention KeepAsFeature 
2017-05-09 13:47:14,658 [1255517]   WARN - CPPImporter.plugin.IntentionExecutor - indexOf node 0 
2017-05-09 13:47:14,659 [1255518]   WARN - CPPImporter.plugin.UpdatePreview - Execute intention Remove 
2017-05-09 13:47:14,660 [1255519]   WARN - CPPImporter.plugin.UpdatePreview - Execute intention Remove 
2017-05-09 13:47:14,661 [1255520]   WARN - CPPImporter.plugin.UpdatePreview - Execute intention Remove 
2017-05-09 13:47:14,662 [1255521]   WARN - CPPImporter.plugin.UpdatePreview - Execute intention ChangePC 
2017-05-09 13:47:14,662 [1255521]   WARN - CPPImporter.plugin.UpdatePreview - Execute intention Keep 
2017-05-09 13:47:14,663 [1255522]   WARN - CPPImporter.plugin.IntentionExecutor - indexOf node 0 
2017-05-09 13:47:14,663 [1255522]   WARN - CPPImporter.plugin.UpdatePreview - Execute intention Remove 
2017-05-09 13:47:14,663 [1255522]   WARN - CPPImporter.plugin.UpdatePreview - Execute intention Keep 
2017-05-09 13:47:14,665 [1255524]   WARN - CPPImporter.plugin.IntentionExecutor - indexOf node 0 
2017-05-09 13:47:14,666 [1255525]   WARN - CPPImporter.plugin.UpdatePreview - Execute intention Remove 
2017-05-09 13:47:14,666 [1255525]   WARN - CPPImporter.plugin.UpdatePreview - Execute intention Keep 
2017-05-09 13:47:14,666 [1255525]   WARN - CPPImporter.plugin.IntentionExecutor - indexOf node 0 
2017-05-09 13:47:14,676 [1255535]   WARN - CPPImporter.plugin.UpdatePreview - Execute intention Remove 
2017-05-09 13:47:14,676 [1255535]   WARN - CPPImporter.plugin.UpdatePreview - Execute intention Keep 
2017-05-09 13:47:14,676 [1255535]   WARN - CPPImporter.plugin.IntentionExecutor - indexOf node 0 
2017-05-09 13:47:14,677 [1255536]   WARN - CPPImporter.plugin.UpdatePreview - Execute intention Remove 
2017-05-09 13:47:14,677 [1255536]   WARN - CPPImporter.plugin.UpdatePreview - Execute intention Keep 
2017-05-09 13:47:14,677 [1255536]   WARN - CPPImporter.plugin.IntentionExecutor - indexOf node 0 
2017-05-09 13:47:14,678 [1255537]   WARN - CPPImporter.plugin.UpdatePreview - Execute intention Keep 
2017-05-09 13:47:14,678 [1255537]   WARN - CPPImporter.plugin.IntentionExecutor - indexOf node 0 
2017-05-09 13:47:14,678 [1255537]   WARN - CPPImporter.plugin.UpdatePreview - Execute intention Keep 
2017-05-09 13:47:14,679 [1255538]   WARN - CPPImporter.plugin.IntentionExecutor - indexOf node 0 
2017-05-09 13:47:14,683 [1255542]   WARN - CPPImporter.plugin.UpdatePreview - Execute intention ChangePC 
2017-05-09 13:47:14,683 [1255542]   WARN - CPPImporter.plugin.UpdatePreview - Execute intention Keep 
2017-05-09 13:47:14,684 [1255543]   WARN - CPPImporter.plugin.IntentionExecutor - indexOf node 0 
2017-05-09 13:47:14,684 [1255543]   WARN - CPPImporter.plugin.UpdatePreview - Execute intention ChangePC 
2017-05-09 13:47:14,705 [1255564]   WARN - CPPLanguage.editor.IntentionContainer_Editor - Show 25 intentions. 
2017-05-09 13:47:24,874 [1265733]   INFO - CPPImporter.plugin.Remove_Action - [LOG] Remove Intention for 1 nodes. 
2017-05-09 13:47:24,874 [1265733]   INFO - CPPImporter.plugin.Remove_Action - [LOG] View of Keep Intention is default 
2017-05-09 13:47:24,875 [1265734]   INFO - CPPImporter.plugin.UpdatePreview - Initialize future model 
2017-05-09 13:47:24,876 [1265735]   INFO - CPPImporter.plugin.UpdatePreview - Create node mapping 
2017-05-09 13:47:24,876 [1265735]   INFO - CPPImporter.plugin.UpdatePreview - Node mapping done 
2017-05-09 13:47:24,884 [1265743]   WARN - CPPImporter.plugin.UpdatePreview - Execute intention Keep 
2017-05-09 13:47:24,891 [1265750]   WARN - CPPImporter.plugin.IntentionExecutor - indexOf node 0 
2017-05-09 13:47:24,893 [1265752]   WARN - CPPImporter.plugin.UpdatePreview - Execute intention Keep 
2017-05-09 13:47:24,900 [1265759]   WARN - CPPImporter.plugin.IntentionExecutor - indexOf node 0 
2017-05-09 13:47:24,913 [1265772]   WARN - CPPImporter.plugin.UpdatePreview - Execute intention Keep 
2017-05-09 13:47:24,914 [1265773]   WARN - CPPImporter.plugin.IntentionExecutor - indexOf node 0 
2017-05-09 13:47:24,916 [1265775]   WARN - CPPImporter.plugin.UpdatePreview - Execute intention Keep 
2017-05-09 13:47:24,919 [1265778]   WARN - CPPImporter.plugin.IntentionExecutor - indexOf node 0 
2017-05-09 13:47:24,921 [1265780]   WARN - CPPImporter.plugin.UpdatePreview - Execute intention KeepAsFeature 
2017-05-09 13:47:24,928 [1265787]   WARN - CPPImporter.plugin.IntentionExecutor - indexOf node 0 
2017-05-09 13:47:24,933 [1265792]   WARN - CPPImporter.plugin.UpdatePreview - Execute intention KeepAsFeature 
2017-05-09 13:47:24,934 [1265793]   WARN - CPPImporter.plugin.IntentionExecutor - indexOf node 0 
2017-05-09 13:47:24,935 [1265794]   WARN - CPPImporter.plugin.UpdatePreview - Execute intention KeepAsFeature 
2017-05-09 13:47:24,942 [1265801]   WARN - CPPImporter.plugin.IntentionExecutor - indexOf node 0 
2017-05-09 13:47:24,943 [1265802]   WARN - CPPImporter.plugin.UpdatePreview - Execute intention Remove 
2017-05-09 13:47:24,945 [1265804]   WARN - CPPImporter.plugin.UpdatePreview - Execute intention Remove 
2017-05-09 13:47:24,945 [1265804]   WARN - CPPImporter.plugin.UpdatePreview - Execute intention Remove 
2017-05-09 13:47:24,945 [1265804]   WARN - CPPImporter.plugin.UpdatePreview - Execute intention ChangePC 
2017-05-09 13:47:24,946 [1265805]   WARN - CPPImporter.plugin.UpdatePreview - Execute intention Keep 
2017-05-09 13:47:24,946 [1265805]   WARN - CPPImporter.plugin.IntentionExecutor - indexOf node 0 
2017-05-09 13:47:24,947 [1265806]   WARN - CPPImporter.plugin.UpdatePreview - Execute intention Remove 
2017-05-09 13:47:24,947 [1265806]   WARN - CPPImporter.plugin.UpdatePreview - Execute intention Keep 
2017-05-09 13:47:24,947 [1265806]   WARN - CPPImporter.plugin.IntentionExecutor - indexOf node 0 
2017-05-09 13:47:24,948 [1265807]   WARN - CPPImporter.plugin.UpdatePreview - Execute intention Remove 
2017-05-09 13:47:24,948 [1265807]   WARN - CPPImporter.plugin.UpdatePreview - Execute intention Keep 
2017-05-09 13:47:24,948 [1265807]   WARN - CPPImporter.plugin.IntentionExecutor - indexOf node 0 
2017-05-09 13:47:24,949 [1265808]   WARN - CPPImporter.plugin.UpdatePreview - Execute intention Remove 
2017-05-09 13:47:24,950 [1265809]   WARN - CPPImporter.plugin.UpdatePreview - Execute intention Keep 
2017-05-09 13:47:24,950 [1265809]   WARN - CPPImporter.plugin.IntentionExecutor - indexOf node 0 
2017-05-09 13:47:24,950 [1265809]   WARN - CPPImporter.plugin.UpdatePreview - Execute intention Remove 
2017-05-09 13:47:24,951 [1265810]   WARN - CPPImporter.plugin.UpdatePreview - Execute intention Keep 
2017-05-09 13:47:24,953 [1265812]   WARN - CPPImporter.plugin.IntentionExecutor - indexOf node 0 
2017-05-09 13:47:24,953 [1265812]   WARN - CPPImporter.plugin.UpdatePreview - Execute intention Keep 
2017-05-09 13:47:24,953 [1265812]   WARN - CPPImporter.plugin.IntentionExecutor - indexOf node 0 
2017-05-09 13:47:24,954 [1265813]   WARN - CPPImporter.plugin.UpdatePreview - Execute intention Keep 
2017-05-09 13:47:24,954 [1265813]   WARN - CPPImporter.plugin.IntentionExecutor - indexOf node 0 
2017-05-09 13:47:24,955 [1265814]   WARN - CPPImporter.plugin.UpdatePreview - Execute intention ChangePC 
2017-05-09 13:47:24,955 [1265814]   WARN - CPPImporter.plugin.UpdatePreview - Execute intention Keep 
2017-05-09 13:47:24,956 [1265815]   WARN - CPPImporter.plugin.IntentionExecutor - indexOf node 0 
2017-05-09 13:47:24,957 [1265816]   WARN - CPPImporter.plugin.UpdatePreview - Execute intention ChangePC 
2017-05-09 13:47:24,957 [1265816]   WARN - CPPImporter.plugin.UpdatePreview - Execute intention Remove 
2017-05-09 13:47:24,968 [1265827]   WARN - CPPLanguage.editor.IntentionContainer_Editor - Show 26 intentions. 
2017-05-09 13:48:03,067 [1303926]   WARN - CPPImporter.plugin.CommitIntentions_Action - Commit Intentions 
2017-05-09 13:48:03,068 [1303927]   INFO - CPPImporter.plugin.UpdatePreview - Initialize future model 
2017-05-09 13:48:03,093 [1303952]   INFO - CPPImporter.plugin.UpdatePreview - Create node mapping 
2017-05-09 13:48:03,093 [1303952]   INFO - CPPImporter.plugin.UpdatePreview - Node mapping done 
2017-05-09 13:48:03,099 [1303958]   WARN - CPPImporter.plugin.UpdatePreview - Execute intention Keep 
2017-05-09 13:48:03,102 [1303961]   WARN - CPPImporter.plugin.IntentionExecutor - indexOf node 0 
2017-05-09 13:48:03,110 [1303969]   WARN - CPPImporter.plugin.UpdatePreview - Execute intention Keep 
2017-05-09 13:48:03,110 [1303969]   WARN - CPPImporter.plugin.IntentionExecutor - indexOf node 0 
2017-05-09 13:48:03,111 [1303970]   WARN - CPPImporter.plugin.UpdatePreview - Execute intention Keep 
2017-05-09 13:48:03,112 [1303971]   WARN - CPPImporter.plugin.IntentionExecutor - indexOf node 0 
2017-05-09 13:48:03,120 [1303979]   WARN - CPPImporter.plugin.UpdatePreview - Execute intention Keep 
2017-05-09 13:48:03,121 [1303980]   WARN - CPPImporter.plugin.IntentionExecutor - indexOf node 0 
2017-05-09 13:48:03,123 [1303982]   WARN - CPPImporter.plugin.UpdatePreview - Execute intention KeepAsFeature 
2017-05-09 13:48:03,124 [1303983]   WARN - CPPImporter.plugin.IntentionExecutor - indexOf node 0 
2017-05-09 13:48:03,125 [1303984]   WARN - CPPImporter.plugin.UpdatePreview - Execute intention KeepAsFeature 
2017-05-09 13:48:03,126 [1303985]   WARN - CPPImporter.plugin.IntentionExecutor - indexOf node 0 
2017-05-09 13:48:03,126 [1303985]   WARN - CPPImporter.plugin.UpdatePreview - Execute intention KeepAsFeature 
2017-05-09 13:48:03,127 [1303986]   WARN - CPPImporter.plugin.IntentionExecutor - indexOf node 0 
2017-05-09 13:48:03,135 [1303994]   WARN - CPPImporter.plugin.UpdatePreview - Execute intention Remove 
2017-05-09 13:48:03,142 [1304001]   WARN - CPPImporter.plugin.UpdatePreview - Execute intention Remove 
2017-05-09 13:48:03,142 [1304001]   WARN - CPPImporter.plugin.UpdatePreview - Execute intention Remove 
2017-05-09 13:48:03,143 [1304002]   WARN - CPPImporter.plugin.UpdatePreview - Execute intention ChangePC 
2017-05-09 13:48:03,143 [1304002]   WARN - CPPImporter.plugin.UpdatePreview - Execute intention Keep 
2017-05-09 13:48:03,144 [1304003]   WARN - CPPImporter.plugin.IntentionExecutor - indexOf node 0 
2017-05-09 13:48:03,144 [1304003]   WARN - CPPImporter.plugin.UpdatePreview - Execute intention Remove 
2017-05-09 13:48:03,146 [1304005]   WARN - CPPImporter.plugin.UpdatePreview - Execute intention Keep 
2017-05-09 13:48:03,146 [1304005]   WARN - CPPImporter.plugin.IntentionExecutor - indexOf node 0 
2017-05-09 13:48:03,147 [1304006]   WARN - CPPImporter.plugin.UpdatePreview - Execute intention Remove 
2017-05-09 13:48:03,147 [1304006]   WARN - CPPImporter.plugin.UpdatePreview - Execute intention Keep 
2017-05-09 13:48:03,147 [1304006]   WARN - CPPImporter.plugin.IntentionExecutor - indexOf node 0 
2017-05-09 13:48:03,149 [1304008]   WARN - CPPImporter.plugin.UpdatePreview - Execute intention Remove 
2017-05-09 13:48:03,149 [1304008]   WARN - CPPImporter.plugin.UpdatePreview - Execute intention Keep 
2017-05-09 13:48:03,149 [1304008]   WARN - CPPImporter.plugin.IntentionExecutor - indexOf node 0 
2017-05-09 13:48:03,150 [1304009]   WARN - CPPImporter.plugin.UpdatePreview - Execute intention Remove 
2017-05-09 13:48:03,150 [1304009]   WARN - CPPImporter.plugin.UpdatePreview - Execute intention Keep 
2017-05-09 13:48:03,151 [1304010]   WARN - CPPImporter.plugin.IntentionExecutor - indexOf node 0 
2017-05-09 13:48:03,151 [1304010]   WARN - CPPImporter.plugin.UpdatePreview - Execute intention Keep 
2017-05-09 13:48:03,151 [1304010]   WARN - CPPImporter.plugin.IntentionExecutor - indexOf node 0 
2017-05-09 13:48:03,152 [1304011]   WARN - CPPImporter.plugin.UpdatePreview - Execute intention Keep 
2017-05-09 13:48:03,152 [1304011]   WARN - CPPImporter.plugin.IntentionExecutor - indexOf node 0 
2017-05-09 13:48:03,152 [1304011]   WARN - CPPImporter.plugin.UpdatePreview - Execute intention ChangePC 
2017-05-09 13:48:03,153 [1304012]   WARN - CPPImporter.plugin.UpdatePreview - Execute intention Keep 
2017-05-09 13:48:03,153 [1304012]   WARN - CPPImporter.plugin.IntentionExecutor - indexOf node 0 
2017-05-09 13:48:03,153 [1304012]   WARN - CPPImporter.plugin.UpdatePreview - Execute intention ChangePC 
2017-05-09 13:48:03,154 [1304013]   WARN - CPPImporter.plugin.UpdatePreview - Execute intention Remove 
2017-05-09 13:48:03,234 [1304093]   WARN - CPPLanguage.editor.IntentionContainer_Editor - Show 0 intentions. 
2017-05-09 13:48:33,234 [1334093]   INFO - CPPImporter.plugin.Export_Action - [LOG] Export to /home/group1/results/incline.c 
2017-05-09 13:48:48,670 [1349529]   INFO - jetbrains.mps.extapi.model.EditableSModelBase - Saving model Examples.Imported2 
2017-05-09 13:48:48,814 [1349673]   INFO - jetbrains.mps.smodel.MPSModuleRepository - Saving of the repository took 0.146 s 
2017-05-09 13:48:49,117 [1349976]   INFO - jetbrains.mps.plugins.PluginLoaderRegistry - Running Update Task : loaders [toLoad: 0; toUnload:1]; contributors : [toLoad: 0; toUnload:0]; Thread[AWT-EventQueue-0 3.4.4#MPS-162.2317 MPS, eap:false, os:Linux 4.8.0-49-generic, java-version:Oracle Corporation 1.8.0_121-8u121-b13-0ubuntu1.16.04.2-b13,6,main] 
2017-05-09 13:48:49,163 [1350022]   INFO - jetbrains.mps.plugins.PluginLoaderRegistry - Unloading of 145 plugins took 0.046 s 
2017-05-09 13:48:49,164 [1350023]   INFO - jetbrains.mps.project.ProjectBase - Project 'CPPLanguage' is closing 
2017-05-09 13:48:49,323 [1350182]   INFO - jetbrains.mps.classloading.ModuleUpdater - Classloading refresh took 0.050 s 
2017-05-09 13:48:49,329 [1350188]   INFO - jetbrains.mps.classloading.ModulesWatcher - 0 modules are marked as invalid roots for class loading out of 297 modules [totally in the repository] 
2017-05-09 13:48:49,330 [1350189]   INFO - jetbrains.mps.classloading.ModulesWatcher - Totally 0 modules are marked invalid for class loading 
2017-05-09 13:48:49,519 [1350378]   INFO - jetbrains.mps.classloading.ModuleUpdater - Classloading refresh took 0.046 s 
2017-05-09 13:48:49,525 [1350384]   INFO - jetbrains.mps.classloading.ModulesWatcher - 0 modules are marked as invalid roots for class loading out of 296 modules [totally in the repository] 
2017-05-09 13:48:49,528 [1350387]   INFO - jetbrains.mps.classloading.ModulesWatcher - Totally 0 modules are marked invalid for class loading 
2017-05-09 13:48:49,636 [1350495]   INFO - jetbrains.mps.classloading.ModuleUpdater - Classloading refresh took 0.055 s 
2017-05-09 13:48:49,638 [1350497]   INFO - jetbrains.mps.classloading.ModulesWatcher - 0 modules are marked as invalid roots for class loading out of 295 modules [totally in the repository] 
2017-05-09 13:48:49,639 [1350498]   INFO - jetbrains.mps.classloading.ModulesWatcher - Totally 0 modules are marked invalid for class loading 
2017-05-09 13:48:49,680 [1350539]   INFO - jetbrains.mps.library.LibraryInitializer - Removing libraries from ProjectLibraryManager 
2017-05-09 13:48:49,701 [1350560]   INFO - #org.jetbrains.io.BuiltInServer - web server stopped 
2017-05-09 13:48:49,778 [1350637]   INFO - jetbrains.mps.library.LibraryInitializer - Removing libraries from AdditionalLibrariesManager 
2017-05-09 13:48:49,785 [1350644]   INFO - jetbrains.mps.library.LibraryInitializer - Removing libraries from PluginLibraryContributor 
2017-05-09 13:48:49,788 [1350647]   INFO - jetbrains.mps.library.LibraryInitializer - Removing libraries from BootstrapLibraryContributor 
2017-05-09 13:48:49,789 [1350648]   INFO - jetbrains.mps.library.LibraryInitializer - Unloading 112 libraries 
2017-05-09 13:48:50,160 [1351019]   INFO - jetbrains.mps.library.LibraryInitializer - Library update is finished 
2017-05-09 13:48:50,204 [1351063]   INFO - jetbrains.mps.classloading.ModuleUpdater - Classloading refresh took 0.004 s 
2017-05-09 13:48:50,213 [1351072]   INFO - jetbrains.mps.classloading.ModulesWatcher - 0 modules are marked as invalid roots for class loading out of 0 modules [totally in the repository] 
2017-05-09 13:48:50,213 [1351072]   INFO - jetbrains.mps.classloading.ModulesWatcher - Totally 0 modules are marked invalid for class loading 
2017-05-09 13:48:50,292 [1351151]   INFO - #org.jetbrains.io.BuiltInServer - web server stopped 
