
2017-05-15 10:48:51,008 [ 591988]   INFO - CPPImporter.plugin.ArrangeViews_Action - [LOG] Arrange Views 
2017-05-15 10:51:09,183 [ 730163]   INFO - CPPImporter.plugin.Keep_Action - [LOG] Intention Keep for 10 nodes. 
2017-05-15 10:51:09,214 [ 730194]   INFO - CPPImporter.plugin.Keep_Action - [LOG] View of Keep Intention is Clone 
2017-05-15 10:51:09,215 [ 730195]   INFO - CPPImporter.plugin.Keep_Action - Update Preview 
2017-05-15 10:51:09,215 [ 730195]   INFO - CPPImporter.plugin.UpdatePreview - Initialize future model 
2017-05-15 10:51:09,230 [ 730210]   INFO - CPPImporter.plugin.UpdatePreview - Create node mapping 
2017-05-15 10:51:09,230 [ 730210]   INFO - CPPImporter.plugin.UpdatePreview - Node mapping done 
2017-05-15 10:51:09,230 [ 730210]   WARN - CPPImporter.plugin.UpdatePreview - Execute intention Keep 
2017-05-15 10:51:09,231 [ 730211]   WARN - CPPImporter.plugin.IntentionExecutor - indexOf node 0 
2017-05-15 10:51:09,255 [ 730235]   WARN - CPPImporter.plugin.UpdatePreview - Execute intention Keep 
2017-05-15 10:51:09,259 [ 730239]   WARN - CPPImporter.plugin.IntentionExecutor - indexOf node 0 
2017-05-15 10:51:09,265 [ 730245]   WARN - CPPImporter.plugin.UpdatePreview - Execute intention Keep 
2017-05-15 10:51:09,266 [ 730246]   WARN - CPPImporter.plugin.IntentionExecutor - indexOf node 0 
2017-05-15 10:51:09,266 [ 730246]   WARN - CPPImporter.plugin.UpdatePreview - Execute intention Keep 
2017-05-15 10:51:09,267 [ 730247]   WARN - CPPImporter.plugin.IntentionExecutor - indexOf node 0 
2017-05-15 10:51:09,267 [ 730247]   WARN - CPPImporter.plugin.UpdatePreview - Execute intention Keep 
2017-05-15 10:51:09,268 [ 730248]   WARN - CPPImporter.plugin.IntentionExecutor - indexOf node 0 
2017-05-15 10:51:09,268 [ 730248]   WARN - CPPImporter.plugin.UpdatePreview - Execute intention Keep 
2017-05-15 10:51:09,268 [ 730248]   WARN - CPPImporter.plugin.IntentionExecutor - indexOf node 0 
2017-05-15 10:51:09,269 [ 730249]   WARN - CPPImporter.plugin.UpdatePreview - Execute intention Keep 
2017-05-15 10:51:09,269 [ 730249]   WARN - CPPImporter.plugin.IntentionExecutor - indexOf node 0 
2017-05-15 10:51:09,270 [ 730250]   WARN - CPPImporter.plugin.UpdatePreview - Execute intention Keep 
2017-05-15 10:51:09,270 [ 730250]   WARN - CPPImporter.plugin.IntentionExecutor - indexOf node 0 
2017-05-15 10:51:09,272 [ 730252]   WARN - CPPImporter.plugin.UpdatePreview - Execute intention Keep 
2017-05-15 10:51:09,278 [ 730258]   WARN - CPPImporter.plugin.IntentionExecutor - indexOf node 0 
2017-05-15 10:51:09,281 [ 730261]   WARN - CPPImporter.plugin.UpdatePreview - Execute intention Keep 
2017-05-15 10:51:09,282 [ 730262]   WARN - CPPImporter.plugin.IntentionExecutor - indexOf node 0 
2017-05-15 10:51:09,304 [ 730284]   WARN - CPPLanguage.editor.IntentionContainer_Editor - Show 10 intentions. 
2017-05-15 10:52:11,475 [ 792455]   INFO - CPPImporter.plugin.KeepAsFeature_Action - [LOG] Intention Keep As Feature for 3 nodes. 
2017-05-15 10:52:22,477 [ 803457]   INFO - CPPImporter.plugin.KeepAsFeature_Action - [LOG] View of Keep Intention is default 
2017-05-15 10:52:22,477 [ 803457]   INFO - CPPImporter.plugin.UpdatePreview - Initialize future model 
2017-05-15 10:52:22,478 [ 803458]   INFO - CPPImporter.plugin.UpdatePreview - Create node mapping 
2017-05-15 10:52:22,485 [ 803465]   INFO - CPPImporter.plugin.UpdatePreview - Node mapping done 
2017-05-15 10:52:22,486 [ 803466]   WARN - CPPImporter.plugin.UpdatePreview - Execute intention Keep 
2017-05-15 10:52:22,487 [ 803467]   WARN - CPPImporter.plugin.IntentionExecutor - indexOf node 0 
2017-05-15 10:52:22,489 [ 803469]   WARN - CPPImporter.plugin.UpdatePreview - Execute intention Keep 
2017-05-15 10:52:22,493 [ 803473]   WARN - CPPImporter.plugin.IntentionExecutor - indexOf node 0 
2017-05-15 10:52:22,494 [ 803474]   WARN - CPPImporter.plugin.UpdatePreview - Execute intention Keep 
2017-05-15 10:52:22,494 [ 803474]   WARN - CPPImporter.plugin.IntentionExecutor - indexOf node 0 
2017-05-15 10:52:22,501 [ 803481]   WARN - CPPImporter.plugin.UpdatePreview - Execute intention Keep 
2017-05-15 10:52:22,501 [ 803481]   WARN - CPPImporter.plugin.IntentionExecutor - indexOf node 0 
2017-05-15 10:52:22,502 [ 803482]   WARN - CPPImporter.plugin.UpdatePreview - Execute intention Keep 
2017-05-15 10:52:22,502 [ 803482]   WARN - CPPImporter.plugin.IntentionExecutor - indexOf node 0 
2017-05-15 10:52:22,514 [ 803494]   WARN - CPPImporter.plugin.UpdatePreview - Execute intention KeepAsFeature 
2017-05-15 10:52:22,514 [ 803494]   WARN - CPPImporter.plugin.IntentionExecutor - indexOf node 6 
2017-05-15 10:52:22,516 [ 803496]   WARN - CPPImporter.plugin.UpdatePreview - Execute intention Keep 
2017-05-15 10:52:22,517 [ 803497]   WARN - CPPImporter.plugin.IntentionExecutor - indexOf node 0 
2017-05-15 10:52:22,526 [ 803506]   WARN - CPPImporter.plugin.UpdatePreview - Execute intention KeepAsFeature 
2017-05-15 10:52:22,527 [ 803507]   WARN - CPPImporter.plugin.IntentionExecutor - indexOf node 0 
2017-05-15 10:52:22,528 [ 803508]   WARN - CPPImporter.plugin.UpdatePreview - Execute intention Keep 
2017-05-15 10:52:22,531 [ 803511]   WARN - CPPImporter.plugin.IntentionExecutor - indexOf node 0 
2017-05-15 10:52:22,536 [ 803516]   WARN - CPPImporter.plugin.UpdatePreview - Execute intention KeepAsFeature 
2017-05-15 10:52:22,538 [ 803518]   WARN - CPPImporter.plugin.IntentionExecutor - indexOf node 0 
2017-05-15 10:52:22,543 [ 803523]   WARN - CPPImporter.plugin.UpdatePreview - Execute intention Keep 
2017-05-15 10:52:22,544 [ 803524]   WARN - CPPImporter.plugin.IntentionExecutor - indexOf node 0 
2017-05-15 10:52:22,554 [ 803534]   WARN - CPPImporter.plugin.UpdatePreview - Execute intention Keep 
2017-05-15 10:52:22,555 [ 803535]   WARN - CPPImporter.plugin.IntentionExecutor - indexOf node 0 
2017-05-15 10:52:22,556 [ 803536]   WARN - CPPImporter.plugin.UpdatePreview - Execute intention Keep 
2017-05-15 10:52:22,561 [ 803541]   WARN - CPPImporter.plugin.IntentionExecutor - indexOf node 0 
2017-05-15 10:52:22,586 [ 803566]   WARN - CPPLanguage.editor.IntentionContainer_Editor - Show 13 intentions. 
2017-05-15 10:52:40,111 [ 821091]   INFO - CPPImporter.plugin.UndoIntention_Action - [LOG] Un-declare an intention 
2017-05-15 10:52:40,116 [ 821096]   INFO - CPPImporter.plugin.UndoIntention_Action - [LOG] Undeclare Keep of view Clone 
2017-05-15 10:52:40,119 [ 821099]   INFO - CPPImporter.plugin.UndoIntention_Action - [LOG] Undeclare Keep of view Clone 
2017-05-15 10:52:40,119 [ 821099]   INFO - CPPImporter.plugin.UndoIntention_Action - [LOG] Undeclare Keep of view Clone 
2017-05-15 10:52:40,119 [ 821099]   INFO - CPPImporter.plugin.UndoIntention_Action - [LOG] Undeclare KeepAsFeature of view default 
2017-05-15 10:52:40,122 [ 821102]   INFO - CPPImporter.plugin.UndoIntention_Action - [LOG] Undeclare KeepAsFeature of view default 
2017-05-15 10:52:40,122 [ 821102]   INFO - CPPImporter.plugin.UndoIntention_Action - [LOG] Undeclare KeepAsFeature of view default 
2017-05-15 10:52:40,130 [ 821110]   INFO - CPPImporter.plugin.UpdatePreview - Initialize future model 
2017-05-15 10:52:40,143 [ 821123]   INFO - CPPImporter.plugin.UpdatePreview - Create node mapping 
2017-05-15 10:52:40,143 [ 821123]   INFO - CPPImporter.plugin.UpdatePreview - Node mapping done 
2017-05-15 10:52:40,147 [ 821127]   WARN - CPPImporter.plugin.UpdatePreview - Execute intention Keep 
2017-05-15 10:52:40,151 [ 821131]   WARN - CPPImporter.plugin.IntentionExecutor - indexOf node 0 
2017-05-15 10:52:40,152 [ 821132]   WARN - CPPImporter.plugin.UpdatePreview - Execute intention Keep 
2017-05-15 10:52:40,152 [ 821132]   WARN - CPPImporter.plugin.IntentionExecutor - indexOf node 0 
2017-05-15 10:52:40,162 [ 821142]   WARN - CPPImporter.plugin.UpdatePreview - Execute intention Keep 
2017-05-15 10:52:40,163 [ 821143]   WARN - CPPImporter.plugin.IntentionExecutor - indexOf node 0 
2017-05-15 10:52:40,164 [ 821144]   WARN - CPPImporter.plugin.UpdatePreview - Execute intention Keep 
2017-05-15 10:52:40,165 [ 821145]   WARN - CPPImporter.plugin.IntentionExecutor - indexOf node 0 
2017-05-15 10:52:40,166 [ 821146]   WARN - CPPImporter.plugin.UpdatePreview - Execute intention Keep 
2017-05-15 10:52:40,167 [ 821147]   WARN - CPPImporter.plugin.IntentionExecutor - indexOf node 3 
2017-05-15 10:52:40,167 [ 821147]   WARN - CPPImporter.plugin.UpdatePreview - Execute intention Keep 
2017-05-15 10:52:40,168 [ 821148]   WARN - CPPImporter.plugin.IntentionExecutor - indexOf node 0 
2017-05-15 10:52:40,169 [ 821149]   WARN - CPPImporter.plugin.UpdatePreview - Execute intention Keep 
2017-05-15 10:52:40,177 [ 821157]   WARN - CPPImporter.plugin.IntentionExecutor - indexOf node 0 
2017-05-15 10:52:40,188 [ 821168]   WARN - CPPLanguage.editor.IntentionContainer_Editor - Show 7 intentions. 
2017-05-15 10:52:48,528 [ 829508]   INFO - CPPImporter.plugin.KeepAsFeature_Action - [LOG] Intention Keep As Feature for 3 nodes. 
2017-05-15 10:53:00,164 [ 841144]   INFO - CPPImporter.plugin.KeepAsFeature_Action - [LOG] View of Keep Intention is default 
2017-05-15 10:53:00,165 [ 841145]   INFO - CPPImporter.plugin.UpdatePreview - Initialize future model 
2017-05-15 10:53:00,166 [ 841146]   INFO - CPPImporter.plugin.UpdatePreview - Create node mapping 
2017-05-15 10:53:00,166 [ 841146]   INFO - CPPImporter.plugin.UpdatePreview - Node mapping done 
2017-05-15 10:53:00,166 [ 841146]   WARN - CPPImporter.plugin.UpdatePreview - Execute intention Keep 
2017-05-15 10:53:00,169 [ 841149]   WARN - CPPImporter.plugin.IntentionExecutor - indexOf node 0 
2017-05-15 10:53:00,169 [ 841149]   WARN - CPPImporter.plugin.UpdatePreview - Execute intention Keep 
2017-05-15 10:53:00,170 [ 841150]   WARN - CPPImporter.plugin.IntentionExecutor - indexOf node 0 
2017-05-15 10:53:00,175 [ 841155]   WARN - CPPImporter.plugin.UpdatePreview - Execute intention Keep 
2017-05-15 10:53:00,179 [ 841159]   WARN - CPPImporter.plugin.IntentionExecutor - indexOf node 0 
2017-05-15 10:53:00,186 [ 841166]   WARN - CPPImporter.plugin.UpdatePreview - Execute intention Keep 
2017-05-15 10:53:00,186 [ 841166]   WARN - CPPImporter.plugin.IntentionExecutor - indexOf node 0 
2017-05-15 10:53:00,187 [ 841167]   WARN - CPPImporter.plugin.UpdatePreview - Execute intention KeepAsFeature 
2017-05-15 10:53:00,187 [ 841167]   WARN - CPPImporter.plugin.IntentionExecutor - indexOf node 0 
2017-05-15 10:53:00,187 [ 841167]   WARN - CPPImporter.plugin.UpdatePreview - Execute intention KeepAsFeature 
2017-05-15 10:53:00,188 [ 841168]   WARN - CPPImporter.plugin.IntentionExecutor - indexOf node 0 
2017-05-15 10:53:00,191 [ 841171]   WARN - CPPImporter.plugin.UpdatePreview - Execute intention KeepAsFeature 
2017-05-15 10:53:00,192 [ 841172]   WARN - CPPImporter.plugin.IntentionExecutor - indexOf node 0 
2017-05-15 10:53:00,192 [ 841172]   WARN - CPPImporter.plugin.UpdatePreview - Execute intention Keep 
2017-05-15 10:53:00,193 [ 841173]   WARN - CPPImporter.plugin.IntentionExecutor - indexOf node 0 
2017-05-15 10:53:00,204 [ 841184]   WARN - CPPImporter.plugin.UpdatePreview - Execute intention Keep 
2017-05-15 10:53:00,205 [ 841185]   WARN - CPPImporter.plugin.IntentionExecutor - indexOf node 0 
2017-05-15 10:53:00,205 [ 841185]   WARN - CPPImporter.plugin.UpdatePreview - Execute intention Keep 
2017-05-15 10:53:00,205 [ 841185]   WARN - CPPImporter.plugin.IntentionExecutor - indexOf node 0 
2017-05-15 10:53:00,255 [ 841235]   WARN - CPPLanguage.editor.IntentionContainer_Editor - Show 10 intentions. 
2017-05-15 10:53:51,698 [ 892678]   INFO - CPPImporter.plugin.KeepAsFeature_Action - [LOG] Intention Keep As Feature for 1 nodes. 
2017-05-15 10:53:57,832 [ 898812]   INFO - CPPImporter.plugin.KeepAsFeature_Action - [LOG] View of Keep Intention is default 
2017-05-15 10:53:57,833 [ 898813]   INFO - CPPImporter.plugin.UpdatePreview - Initialize future model 
2017-05-15 10:53:57,833 [ 898813]   INFO - CPPImporter.plugin.UpdatePreview - Create node mapping 
2017-05-15 10:53:57,836 [ 898816]   INFO - CPPImporter.plugin.UpdatePreview - Node mapping done 
2017-05-15 10:53:57,838 [ 898818]   WARN - CPPImporter.plugin.UpdatePreview - Execute intention Keep 
2017-05-15 10:53:57,839 [ 898819]   WARN - CPPImporter.plugin.IntentionExecutor - indexOf node 0 
2017-05-15 10:53:57,840 [ 898820]   WARN - CPPImporter.plugin.UpdatePreview - Execute intention Keep 
2017-05-15 10:53:57,841 [ 898821]   WARN - CPPImporter.plugin.IntentionExecutor - indexOf node 0 
2017-05-15 10:53:57,841 [ 898821]   WARN - CPPImporter.plugin.UpdatePreview - Execute intention Keep 
2017-05-15 10:53:57,841 [ 898821]   WARN - CPPImporter.plugin.IntentionExecutor - indexOf node 0 
2017-05-15 10:53:57,846 [ 898826]   WARN - CPPImporter.plugin.UpdatePreview - Execute intention Keep 
2017-05-15 10:53:57,846 [ 898826]   WARN - CPPImporter.plugin.IntentionExecutor - indexOf node 0 
2017-05-15 10:53:57,847 [ 898827]   WARN - CPPImporter.plugin.UpdatePreview - Execute intention KeepAsFeature 
2017-05-15 10:53:57,847 [ 898827]   WARN - CPPImporter.plugin.IntentionExecutor - indexOf node 0 
2017-05-15 10:53:57,847 [ 898827]   WARN - CPPImporter.plugin.UpdatePreview - Execute intention KeepAsFeature 
2017-05-15 10:53:57,848 [ 898828]   WARN - CPPImporter.plugin.IntentionExecutor - indexOf node 0 
2017-05-15 10:53:57,848 [ 898828]   WARN - CPPImporter.plugin.UpdatePreview - Execute intention KeepAsFeature 
2017-05-15 10:53:57,848 [ 898828]   WARN - CPPImporter.plugin.IntentionExecutor - indexOf node 0 
2017-05-15 10:53:57,891 [ 898871]   WARN - CPPImporter.plugin.UpdatePreview - Execute intention Keep 
2017-05-15 10:53:57,891 [ 898871]   WARN - CPPImporter.plugin.IntentionExecutor - indexOf node 0 
2017-05-15 10:53:57,891 [ 898871]   WARN - CPPImporter.plugin.UpdatePreview - Execute intention Keep 
2017-05-15 10:53:57,893 [ 898873]   WARN - CPPImporter.plugin.IntentionExecutor - indexOf node 0 
2017-05-15 10:53:57,894 [ 898874]   WARN - CPPImporter.plugin.UpdatePreview - Execute intention Keep 
2017-05-15 10:53:57,894 [ 898874]   WARN - CPPImporter.plugin.IntentionExecutor - indexOf node 0 
2017-05-15 10:53:57,894 [ 898874]   WARN - CPPImporter.plugin.UpdatePreview - Execute intention KeepAsFeature 
2017-05-15 10:53:57,897 [ 898877]   WARN - CPPImporter.plugin.IntentionExecutor - indexOf node 2 
2017-05-15 10:53:57,921 [ 898901]   WARN - CPPLanguage.editor.IntentionContainer_Editor - Show 11 intentions. 
2017-05-15 10:54:37,389 [ 938369]   WARN - CPPLanguage.editor.IntentionContainer_Editor - Show 10 intentions. 
2017-05-15 10:54:53,080 [ 954060]   INFO - CPPImporter.plugin.KeepAsFeature_Action - [LOG] Intention Keep As Feature for 2 nodes. 
2017-05-15 10:54:57,370 [ 958350]   INFO - CPPImporter.plugin.KeepAsFeature_Action - [LOG] View of Keep Intention is default 
2017-05-15 10:54:57,375 [ 958355]   INFO - CPPImporter.plugin.UpdatePreview - Initialize future model 
2017-05-15 10:54:57,375 [ 958355]   INFO - CPPImporter.plugin.UpdatePreview - Create node mapping 
2017-05-15 10:54:57,376 [ 958356]   INFO - CPPImporter.plugin.UpdatePreview - Node mapping done 
2017-05-15 10:54:57,376 [ 958356]   WARN - CPPImporter.plugin.UpdatePreview - Execute intention Keep 
2017-05-15 10:54:57,382 [ 958362]   WARN - CPPImporter.plugin.IntentionExecutor - indexOf node 0 
2017-05-15 10:54:57,383 [ 958363]   WARN - CPPImporter.plugin.UpdatePreview - Execute intention Keep 
2017-05-15 10:54:57,383 [ 958363]   WARN - CPPImporter.plugin.IntentionExecutor - indexOf node 0 
2017-05-15 10:54:57,384 [ 958364]   WARN - CPPImporter.plugin.UpdatePreview - Execute intention Keep 
2017-05-15 10:54:57,385 [ 958365]   WARN - CPPImporter.plugin.IntentionExecutor - indexOf node 0 
2017-05-15 10:54:57,414 [ 958394]   WARN - CPPImporter.plugin.UpdatePreview - Execute intention Keep 
2017-05-15 10:54:57,421 [ 958401]   WARN - CPPImporter.plugin.IntentionExecutor - indexOf node 0 
2017-05-15 10:54:57,422 [ 958402]   WARN - CPPImporter.plugin.UpdatePreview - Execute intention KeepAsFeature 
2017-05-15 10:54:57,423 [ 958403]   WARN - CPPImporter.plugin.IntentionExecutor - indexOf node 0 
2017-05-15 10:54:57,423 [ 958403]   WARN - CPPImporter.plugin.UpdatePreview - Execute intention KeepAsFeature 
2017-05-15 10:54:57,426 [ 958406]   WARN - CPPImporter.plugin.IntentionExecutor - indexOf node 0 
2017-05-15 10:54:57,429 [ 958409]   WARN - CPPImporter.plugin.UpdatePreview - Execute intention KeepAsFeature 
2017-05-15 10:54:57,430 [ 958410]   WARN - CPPImporter.plugin.IntentionExecutor - indexOf node 0 
2017-05-15 10:54:57,431 [ 958411]   WARN - CPPImporter.plugin.UpdatePreview - Execute intention Keep 
2017-05-15 10:54:57,431 [ 958411]   WARN - CPPImporter.plugin.IntentionExecutor - indexOf node 0 
2017-05-15 10:54:57,432 [ 958412]   WARN - CPPImporter.plugin.UpdatePreview - Execute intention Keep 
2017-05-15 10:54:57,433 [ 958413]   WARN - CPPImporter.plugin.IntentionExecutor - indexOf node 0 
2017-05-15 10:54:57,439 [ 958419]   WARN - CPPImporter.plugin.UpdatePreview - Execute intention Keep 
2017-05-15 10:54:57,440 [ 958420]   WARN - CPPImporter.plugin.IntentionExecutor - indexOf node 0 
2017-05-15 10:54:57,444 [ 958424]   WARN - CPPImporter.plugin.UpdatePreview - Execute intention KeepAsFeature 
2017-05-15 10:54:57,445 [ 958425]   WARN - CPPImporter.plugin.IntentionExecutor - indexOf node 0 
2017-05-15 10:54:57,445 [ 958425]   WARN - CPPImporter.plugin.UpdatePreview - Execute intention KeepAsFeature 
2017-05-15 10:54:57,445 [ 958425]   WARN - CPPImporter.plugin.IntentionExecutor - indexOf node 0 
2017-05-15 10:54:57,488 [ 958468]   WARN - CPPLanguage.editor.IntentionContainer_Editor - Show 12 intentions. 
2017-05-15 10:55:30,906 [ 991886]   INFO - CPPImporter.plugin.Keep_Action - [LOG] Intention Keep for 4 nodes. 
2017-05-15 10:55:30,906 [ 991886]   INFO - CPPImporter.plugin.Keep_Action - [LOG] View of Keep Intention is Clone 
2017-05-15 10:55:30,914 [ 991894]   INFO - CPPImporter.plugin.Keep_Action - Propose anti Intention for true branch 
2017-05-15 10:56:02,638 [1023618]   INFO - CPPImporter.plugin.Keep_Action - [LOG] Add anti intention 
2017-05-15 10:56:02,654 [1023634]   INFO - CPPImporter.plugin.Keep_Action - Update Preview 
2017-05-15 10:56:02,654 [1023634]   INFO - CPPImporter.plugin.UpdatePreview - Initialize future model 
2017-05-15 10:56:02,654 [1023634]   INFO - CPPImporter.plugin.UpdatePreview - Create node mapping 
2017-05-15 10:56:02,654 [1023634]   INFO - CPPImporter.plugin.UpdatePreview - Node mapping done 
2017-05-15 10:56:02,655 [1023635]   WARN - CPPImporter.plugin.UpdatePreview - Execute intention Keep 
2017-05-15 10:56:02,657 [1023637]   WARN - CPPImporter.plugin.IntentionExecutor - indexOf node 0 
2017-05-15 10:56:02,659 [1023639]   WARN - CPPImporter.plugin.UpdatePreview - Execute intention Keep 
2017-05-15 10:56:02,659 [1023639]   WARN - CPPImporter.plugin.IntentionExecutor - indexOf node 0 
2017-05-15 10:56:02,664 [1023644]   WARN - CPPImporter.plugin.UpdatePreview - Execute intention Keep 
2017-05-15 10:56:02,665 [1023645]   WARN - CPPImporter.plugin.IntentionExecutor - indexOf node 0 
2017-05-15 10:56:02,666 [1023646]   WARN - CPPImporter.plugin.UpdatePreview - Execute intention Keep 
2017-05-15 10:56:02,671 [1023651]   WARN - CPPImporter.plugin.IntentionExecutor - indexOf node 0 
2017-05-15 10:56:02,672 [1023652]   WARN - CPPImporter.plugin.UpdatePreview - Execute intention KeepAsFeature 
2017-05-15 10:56:02,672 [1023652]   WARN - CPPImporter.plugin.IntentionExecutor - indexOf node 0 
2017-05-15 10:56:02,673 [1023653]   WARN - CPPImporter.plugin.UpdatePreview - Execute intention KeepAsFeature 
2017-05-15 10:56:02,674 [1023654]   WARN - CPPImporter.plugin.IntentionExecutor - indexOf node 0 
2017-05-15 10:56:02,677 [1023657]   WARN - CPPImporter.plugin.UpdatePreview - Execute intention KeepAsFeature 
2017-05-15 10:56:02,681 [1023661]   WARN - CPPImporter.plugin.IntentionExecutor - indexOf node 0 
2017-05-15 10:56:02,682 [1023662]   WARN - CPPImporter.plugin.UpdatePreview - Execute intention Keep 
2017-05-15 10:56:02,682 [1023662]   WARN - CPPImporter.plugin.IntentionExecutor - indexOf node 0 
2017-05-15 10:56:02,685 [1023665]   WARN - CPPImporter.plugin.UpdatePreview - Execute intention Keep 
2017-05-15 10:56:02,685 [1023665]   WARN - CPPImporter.plugin.IntentionExecutor - indexOf node 0 
2017-05-15 10:56:02,686 [1023666]   WARN - CPPImporter.plugin.UpdatePreview - Execute intention Keep 
2017-05-15 10:56:02,687 [1023667]   WARN - CPPImporter.plugin.IntentionExecutor - indexOf node 0 
2017-05-15 10:56:02,687 [1023667]   WARN - CPPImporter.plugin.UpdatePreview - Execute intention KeepAsFeature 
2017-05-15 10:56:02,689 [1023669]   WARN - CPPImporter.plugin.IntentionExecutor - indexOf node 0 
2017-05-15 10:56:02,689 [1023669]   WARN - CPPImporter.plugin.UpdatePreview - Execute intention KeepAsFeature 
2017-05-15 10:56:02,691 [1023671]   WARN - CPPImporter.plugin.IntentionExecutor - indexOf node 0 
2017-05-15 10:56:02,692 [1023672]   WARN - CPPImporter.plugin.UpdatePreview - Execute intention Keep 
2017-05-15 10:56:02,692 [1023672]   WARN - CPPImporter.plugin.IntentionExecutor - indexOf node 0 
2017-05-15 10:56:02,694 [1023674]   WARN - CPPImporter.plugin.UpdatePreview - Execute intention Remove 
2017-05-15 10:56:02,696 [1023676]   WARN - CPPImporter.plugin.UpdatePreview - Execute intention Keep 
2017-05-15 10:56:02,698 [1023678]   WARN - CPPImporter.plugin.IntentionExecutor - indexOf node 0 
2017-05-15 10:56:02,700 [1023680]   WARN - CPPImporter.plugin.UpdatePreview - Execute intention Remove 
2017-05-15 10:56:02,703 [1023683]   WARN - CPPImporter.plugin.UpdatePreview - Execute intention Keep 
2017-05-15 10:56:02,704 [1023684]   WARN - CPPImporter.plugin.IntentionExecutor - indexOf node 0 
2017-05-15 10:56:02,705 [1023685]   WARN - CPPImporter.plugin.UpdatePreview - Execute intention Remove 
2017-05-15 10:56:02,706 [1023686]   WARN - CPPImporter.plugin.UpdatePreview - Execute intention Keep 
2017-05-15 10:56:02,707 [1023687]   WARN - CPPImporter.plugin.IntentionExecutor - indexOf node 0 
2017-05-15 10:56:02,711 [1023691]   WARN - CPPImporter.plugin.UpdatePreview - Execute intention Remove 
2017-05-15 10:56:02,743 [1023723]   WARN - CPPLanguage.editor.IntentionContainer_Editor - Show 20 intentions. 
2017-05-15 10:56:48,966 [1069946]   INFO - CPPImporter.plugin.Keep_Action - [LOG] Intention Keep for 1 nodes. 
2017-05-15 10:56:48,966 [1069946]   INFO - CPPImporter.plugin.Keep_Action - [LOG] View of Keep Intention is Mainline 
2017-05-15 10:56:48,967 [1069947]   INFO - CPPImporter.plugin.Keep_Action - Update Preview 
2017-05-15 10:56:48,967 [1069947]   INFO - CPPImporter.plugin.UpdatePreview - Initialize future model 
2017-05-15 10:56:48,969 [1069949]   INFO - CPPImporter.plugin.UpdatePreview - Create node mapping 
2017-05-15 10:56:48,969 [1069949]   INFO - CPPImporter.plugin.UpdatePreview - Node mapping done 
2017-05-15 10:56:48,975 [1069955]   WARN - CPPImporter.plugin.UpdatePreview - Execute intention Keep 
2017-05-15 10:56:48,976 [1069956]   WARN - CPPImporter.plugin.IntentionExecutor - indexOf node 0 
2017-05-15 10:56:48,976 [1069956]   WARN - CPPImporter.plugin.UpdatePreview - Execute intention Keep 
2017-05-15 10:56:48,976 [1069956]   WARN - CPPImporter.plugin.IntentionExecutor - indexOf node 0 
2017-05-15 10:56:48,980 [1069960]   WARN - CPPImporter.plugin.UpdatePreview - Execute intention Keep 
2017-05-15 10:56:48,984 [1069964]   WARN - CPPImporter.plugin.IntentionExecutor - indexOf node 0 
2017-05-15 10:56:48,986 [1069966]   WARN - CPPImporter.plugin.UpdatePreview - Execute intention Keep 
2017-05-15 10:56:48,986 [1069966]   WARN - CPPImporter.plugin.IntentionExecutor - indexOf node 0 
2017-05-15 10:56:48,987 [1069967]   WARN - CPPImporter.plugin.UpdatePreview - Execute intention KeepAsFeature 
2017-05-15 10:56:48,987 [1069967]   WARN - CPPImporter.plugin.IntentionExecutor - indexOf node 0 
2017-05-15 10:56:48,988 [1069968]   WARN - CPPImporter.plugin.UpdatePreview - Execute intention KeepAsFeature 
2017-05-15 10:56:48,988 [1069968]   WARN - CPPImporter.plugin.IntentionExecutor - indexOf node 0 
2017-05-15 10:56:48,990 [1069970]   WARN - CPPImporter.plugin.UpdatePreview - Execute intention KeepAsFeature 
2017-05-15 10:56:48,997 [1069977]   WARN - CPPImporter.plugin.IntentionExecutor - indexOf node 0 
2017-05-15 10:56:48,999 [1069979]   WARN - CPPImporter.plugin.UpdatePreview - Execute intention Keep 
2017-05-15 10:56:49,000 [1069980]   WARN - CPPImporter.plugin.IntentionExecutor - indexOf node 0 
2017-05-15 10:56:49,000 [1069980]   WARN - CPPImporter.plugin.UpdatePreview - Execute intention Keep 
2017-05-15 10:56:49,000 [1069980]   WARN - CPPImporter.plugin.IntentionExecutor - indexOf node 0 
2017-05-15 10:56:49,001 [1069981]   WARN - CPPImporter.plugin.UpdatePreview - Execute intention Keep 
2017-05-15 10:56:49,001 [1069981]   WARN - CPPImporter.plugin.IntentionExecutor - indexOf node 0 
2017-05-15 10:56:49,002 [1069982]   WARN - CPPImporter.plugin.UpdatePreview - Execute intention KeepAsFeature 
2017-05-15 10:56:49,002 [1069982]   WARN - CPPImporter.plugin.IntentionExecutor - indexOf node 0 
2017-05-15 10:56:49,003 [1069983]   WARN - CPPImporter.plugin.UpdatePreview - Execute intention KeepAsFeature 
2017-05-15 10:56:49,003 [1069983]   WARN - CPPImporter.plugin.IntentionExecutor - indexOf node 0 
2017-05-15 10:56:49,003 [1069983]   WARN - CPPImporter.plugin.UpdatePreview - Execute intention Keep 
2017-05-15 10:56:49,004 [1069984]   WARN - CPPImporter.plugin.IntentionExecutor - indexOf node 0 
2017-05-15 10:56:49,004 [1069984]   WARN - CPPImporter.plugin.UpdatePreview - Execute intention Remove 
2017-05-15 10:56:49,004 [1069984]   WARN - CPPImporter.plugin.UpdatePreview - Execute intention Keep 
2017-05-15 10:56:49,015 [1069995]   WARN - CPPImporter.plugin.IntentionExecutor - indexOf node 0 
2017-05-15 10:56:49,032 [1070012]   WARN - CPPImporter.plugin.UpdatePreview - Execute intention Remove 
2017-05-15 10:56:49,033 [1070013]   WARN - CPPImporter.plugin.UpdatePreview - Execute intention Keep 
2017-05-15 10:56:49,033 [1070013]   WARN - CPPImporter.plugin.IntentionExecutor - indexOf node 0 
2017-05-15 10:56:49,033 [1070013]   WARN - CPPImporter.plugin.UpdatePreview - Execute intention Remove 
2017-05-15 10:56:49,033 [1070013]   WARN - CPPImporter.plugin.UpdatePreview - Execute intention Keep 
2017-05-15 10:56:49,034 [1070014]   WARN - CPPImporter.plugin.IntentionExecutor - indexOf node 0 
2017-05-15 10:56:49,034 [1070014]   WARN - CPPImporter.plugin.UpdatePreview - Execute intention Remove 
2017-05-15 10:56:49,035 [1070015]   WARN - CPPImporter.plugin.UpdatePreview - Execute intention Keep 
2017-05-15 10:56:49,035 [1070015]   INFO - CPPImporter.plugin.IntentionExecutor - !defined(FORK)isComplexCondition false 
2017-05-15 10:56:49,036 [1070016]   WARN - CPPImporter.plugin.IntentionExecutor - MakeMandatory: node 0 is not in #if/#ifdef 
2017-05-15 10:56:49,036 [1070016]   WARN - CPPImporter.plugin.IntentionExecutor - Action MakeMandatory only possible if all selected nodes are within an #if/#ifdef 
2017-05-15 10:56:49,036 [1070016]  ERROR - CPPImporter.plugin.IntentionExecutor - Failed prerequiste check 
2017-05-15 10:56:49,055 [1070035]   WARN - CPPLanguage.editor.IntentionContainer_Editor - Show 21 intentions. 
2017-05-15 10:56:59,161 [1080141]   WARN - CPPLanguage.editor.IntentionContainer_Editor - Show 20 intentions. 
2017-05-15 10:57:01,745 [1082725]   WARN - CPPLanguage.editor.IntentionContainer_Editor - Show 12 intentions. 
2017-05-15 10:57:32,320 [1113300]   INFO - CPPImporter.plugin.Keep_Action - [LOG] Intention Keep for 2 nodes. 
2017-05-15 10:57:32,320 [1113300]   INFO - CPPImporter.plugin.Keep_Action - [LOG] View of Keep Intention is Mainline 
2017-05-15 10:57:32,323 [1113303]   INFO - CPPImporter.plugin.Keep_Action - Update Preview 
2017-05-15 10:57:32,324 [1113304]   INFO - CPPImporter.plugin.UpdatePreview - Initialize future model 
2017-05-15 10:57:32,337 [1113317]   INFO - CPPImporter.plugin.UpdatePreview - Create node mapping 
2017-05-15 10:57:32,337 [1113317]   INFO - CPPImporter.plugin.UpdatePreview - Node mapping done 
2017-05-15 10:57:32,338 [1113318]   WARN - CPPImporter.plugin.UpdatePreview - Execute intention Keep 
2017-05-15 10:57:32,349 [1113329]   WARN - CPPImporter.plugin.IntentionExecutor - indexOf node 0 
2017-05-15 10:57:32,350 [1113330]   WARN - CPPImporter.plugin.UpdatePreview - Execute intention Keep 
2017-05-15 10:57:32,356 [1113336]   WARN - CPPImporter.plugin.IntentionExecutor - indexOf node 0 
2017-05-15 10:57:32,357 [1113337]   WARN - CPPImporter.plugin.UpdatePreview - Execute intention Keep 
2017-05-15 10:57:32,357 [1113337]   WARN - CPPImporter.plugin.IntentionExecutor - indexOf node 0 
2017-05-15 10:57:32,358 [1113338]   WARN - CPPImporter.plugin.UpdatePreview - Execute intention Keep 
2017-05-15 10:57:32,359 [1113339]   WARN - CPPImporter.plugin.IntentionExecutor - indexOf node 0 
2017-05-15 10:57:32,359 [1113339]   WARN - CPPImporter.plugin.UpdatePreview - Execute intention KeepAsFeature 
2017-05-15 10:57:32,360 [1113340]   WARN - CPPImporter.plugin.IntentionExecutor - indexOf node 0 
2017-05-15 10:57:32,363 [1113343]   WARN - CPPImporter.plugin.UpdatePreview - Execute intention KeepAsFeature 
2017-05-15 10:57:32,379 [1113359]   WARN - CPPImporter.plugin.IntentionExecutor - indexOf node 0 
2017-05-15 10:57:32,379 [1113359]   WARN - CPPImporter.plugin.UpdatePreview - Execute intention KeepAsFeature 
2017-05-15 10:57:32,380 [1113360]   WARN - CPPImporter.plugin.IntentionExecutor - indexOf node 0 
2017-05-15 10:57:32,382 [1113362]   WARN - CPPImporter.plugin.UpdatePreview - Execute intention Keep 
2017-05-15 10:57:32,382 [1113362]   WARN - CPPImporter.plugin.IntentionExecutor - indexOf node 0 
2017-05-15 10:57:32,383 [1113363]   WARN - CPPImporter.plugin.UpdatePreview - Execute intention Keep 
2017-05-15 10:57:32,383 [1113363]   WARN - CPPImporter.plugin.IntentionExecutor - indexOf node 0 
2017-05-15 10:57:32,383 [1113363]   WARN - CPPImporter.plugin.UpdatePreview - Execute intention Keep 
2017-05-15 10:57:32,383 [1113363]   WARN - CPPImporter.plugin.IntentionExecutor - indexOf node 0 
2017-05-15 10:57:32,384 [1113364]   WARN - CPPImporter.plugin.UpdatePreview - Execute intention KeepAsFeature 
2017-05-15 10:57:32,384 [1113364]   WARN - CPPImporter.plugin.IntentionExecutor - indexOf node 0 
2017-05-15 10:57:32,384 [1113364]   WARN - CPPImporter.plugin.UpdatePreview - Execute intention KeepAsFeature 
2017-05-15 10:57:32,385 [1113365]   WARN - CPPImporter.plugin.IntentionExecutor - indexOf node 0 
2017-05-15 10:57:32,385 [1113365]   WARN - CPPImporter.plugin.UpdatePreview - Execute intention Keep 
2017-05-15 10:57:32,385 [1113365]   WARN - CPPImporter.plugin.IntentionExecutor - indexOf node 0 
2017-05-15 10:57:32,385 [1113365]   WARN - CPPImporter.plugin.UpdatePreview - Execute intention Keep 
2017-05-15 10:57:32,386 [1113366]   WARN - CPPImporter.plugin.IntentionExecutor - indexOf node 0 
2017-05-15 10:57:32,394 [1113374]   WARN - CPPLanguage.editor.IntentionContainer_Editor - Show 14 intentions. 
2017-05-15 10:59:08,400 [1209380]   INFO - CPPImporter.plugin.Keep_Action - [LOG] Intention Keep for 1 nodes. 
2017-05-15 10:59:08,400 [1209380]   INFO - CPPImporter.plugin.Keep_Action - [LOG] View of Keep Intention is Clone 
2017-05-15 10:59:08,402 [1209382]   INFO - CPPImporter.plugin.Keep_Action - Update Preview 
2017-05-15 10:59:08,402 [1209382]   INFO - CPPImporter.plugin.UpdatePreview - Initialize future model 
2017-05-15 10:59:08,403 [1209383]   INFO - CPPImporter.plugin.UpdatePreview - Create node mapping 
2017-05-15 10:59:08,403 [1209383]   INFO - CPPImporter.plugin.UpdatePreview - Node mapping done 
2017-05-15 10:59:08,403 [1209383]   WARN - CPPImporter.plugin.UpdatePreview - Execute intention Keep 
2017-05-15 10:59:08,414 [1209394]   WARN - CPPImporter.plugin.IntentionExecutor - indexOf node 0 
2017-05-15 10:59:08,414 [1209394]   WARN - CPPImporter.plugin.UpdatePreview - Execute intention Keep 
2017-05-15 10:59:08,415 [1209395]   WARN - CPPImporter.plugin.IntentionExecutor - indexOf node 0 
2017-05-15 10:59:08,415 [1209395]   WARN - CPPImporter.plugin.UpdatePreview - Execute intention Keep 
2017-05-15 10:59:08,415 [1209395]   WARN - CPPImporter.plugin.IntentionExecutor - indexOf node 0 
2017-05-15 10:59:08,416 [1209396]   WARN - CPPImporter.plugin.UpdatePreview - Execute intention Keep 
2017-05-15 10:59:08,416 [1209396]   WARN - CPPImporter.plugin.IntentionExecutor - indexOf node 0 
2017-05-15 10:59:08,417 [1209397]   WARN - CPPImporter.plugin.UpdatePreview - Execute intention KeepAsFeature 
2017-05-15 10:59:08,417 [1209397]   WARN - CPPImporter.plugin.IntentionExecutor - indexOf node 0 
2017-05-15 10:59:08,417 [1209397]   WARN - CPPImporter.plugin.UpdatePreview - Execute intention KeepAsFeature 
2017-05-15 10:59:08,418 [1209398]   WARN - CPPImporter.plugin.IntentionExecutor - indexOf node 0 
2017-05-15 10:59:08,418 [1209398]   WARN - CPPImporter.plugin.UpdatePreview - Execute intention KeepAsFeature 
2017-05-15 10:59:08,419 [1209399]   WARN - CPPImporter.plugin.IntentionExecutor - indexOf node 0 
2017-05-15 10:59:08,419 [1209399]   WARN - CPPImporter.plugin.UpdatePreview - Execute intention Keep 
2017-05-15 10:59:08,420 [1209400]   WARN - CPPImporter.plugin.IntentionExecutor - indexOf node 0 
2017-05-15 10:59:08,420 [1209400]   WARN - CPPImporter.plugin.UpdatePreview - Execute intention Keep 
2017-05-15 10:59:08,420 [1209400]   WARN - CPPImporter.plugin.IntentionExecutor - indexOf node 0 
2017-05-15 10:59:08,421 [1209401]   WARN - CPPImporter.plugin.UpdatePreview - Execute intention Keep 
2017-05-15 10:59:08,422 [1209402]   WARN - CPPImporter.plugin.IntentionExecutor - indexOf node 0 
2017-05-15 10:59:08,422 [1209402]   WARN - CPPImporter.plugin.UpdatePreview - Execute intention KeepAsFeature 
2017-05-15 10:59:08,423 [1209403]   WARN - CPPImporter.plugin.IntentionExecutor - indexOf node 0 
2017-05-15 10:59:08,423 [1209403]   WARN - CPPImporter.plugin.UpdatePreview - Execute intention KeepAsFeature 
2017-05-15 10:59:08,423 [1209403]   WARN - CPPImporter.plugin.IntentionExecutor - indexOf node 0 
2017-05-15 10:59:08,424 [1209404]   WARN - CPPImporter.plugin.UpdatePreview - Execute intention Keep 
2017-05-15 10:59:08,425 [1209405]   WARN - CPPImporter.plugin.IntentionExecutor - indexOf node 0 
2017-05-15 10:59:08,425 [1209405]   WARN - CPPImporter.plugin.UpdatePreview - Execute intention Keep 
2017-05-15 10:59:08,425 [1209405]   WARN - CPPImporter.plugin.IntentionExecutor - indexOf node 0 
2017-05-15 10:59:08,428 [1209408]   WARN - CPPImporter.plugin.UpdatePreview - Execute intention Keep 
2017-05-15 10:59:08,434 [1209414]   INFO - CPPImporter.plugin.IntentionExecutor - !defined(_LARGEFILE64_SOURCE)isComplexCondition false 
2017-05-15 10:59:08,434 [1209414]   WARN - CPPImporter.plugin.IntentionExecutor - indexOf node 0 
2017-05-15 10:59:08,442 [1209422]   WARN - CPPLanguage.editor.IntentionContainer_Editor - Show 15 intentions. 
2017-05-15 10:59:37,816 [1238796]   INFO - CPPImporter.plugin.Remove_Action - [LOG] Remove Intention for 4 nodes. 
2017-05-15 10:59:37,816 [1238796]   INFO - CPPImporter.plugin.Remove_Action - [LOG] View of Keep Intention is Clone 
2017-05-15 10:59:37,823 [1238803]   INFO - CPPImporter.plugin.UpdatePreview - Initialize future model 
2017-05-15 10:59:37,824 [1238804]   INFO - CPPImporter.plugin.UpdatePreview - Create node mapping 
2017-05-15 10:59:37,824 [1238804]   INFO - CPPImporter.plugin.UpdatePreview - Node mapping done 
2017-05-15 10:59:37,824 [1238804]   WARN - CPPImporter.plugin.UpdatePreview - Execute intention Keep 
2017-05-15 10:59:37,825 [1238805]   WARN - CPPImporter.plugin.IntentionExecutor - indexOf node 0 
2017-05-15 10:59:37,825 [1238805]   WARN - CPPImporter.plugin.UpdatePreview - Execute intention Keep 
2017-05-15 10:59:37,855 [1238835]   WARN - CPPImporter.plugin.IntentionExecutor - indexOf node 0 
2017-05-15 10:59:37,856 [1238836]   WARN - CPPImporter.plugin.UpdatePreview - Execute intention Keep 
2017-05-15 10:59:37,856 [1238836]   WARN - CPPImporter.plugin.IntentionExecutor - indexOf node 0 
2017-05-15 10:59:37,859 [1238839]   WARN - CPPImporter.plugin.UpdatePreview - Execute intention Keep 
2017-05-15 10:59:37,859 [1238839]   WARN - CPPImporter.plugin.IntentionExecutor - indexOf node 0 
2017-05-15 10:59:37,860 [1238840]   WARN - CPPImporter.plugin.UpdatePreview - Execute intention KeepAsFeature 
2017-05-15 10:59:37,861 [1238841]   WARN - CPPImporter.plugin.IntentionExecutor - indexOf node 0 
2017-05-15 10:59:37,864 [1238844]   WARN - CPPImporter.plugin.UpdatePreview - Execute intention KeepAsFeature 
2017-05-15 10:59:37,865 [1238845]   WARN - CPPImporter.plugin.IntentionExecutor - indexOf node 0 
2017-05-15 10:59:37,865 [1238845]   WARN - CPPImporter.plugin.UpdatePreview - Execute intention KeepAsFeature 
2017-05-15 10:59:37,865 [1238845]   WARN - CPPImporter.plugin.IntentionExecutor - indexOf node 0 
2017-05-15 10:59:37,866 [1238846]   WARN - CPPImporter.plugin.UpdatePreview - Execute intention Keep 
2017-05-15 10:59:37,866 [1238846]   WARN - CPPImporter.plugin.IntentionExecutor - indexOf node 0 
2017-05-15 10:59:37,866 [1238846]   WARN - CPPImporter.plugin.UpdatePreview - Execute intention Keep 
2017-05-15 10:59:37,867 [1238847]   WARN - CPPImporter.plugin.IntentionExecutor - indexOf node 0 
2017-05-15 10:59:37,869 [1238849]   WARN - CPPImporter.plugin.UpdatePreview - Execute intention Keep 
2017-05-15 10:59:37,869 [1238849]   WARN - CPPImporter.plugin.IntentionExecutor - indexOf node 0 
2017-05-15 10:59:37,870 [1238850]   WARN - CPPImporter.plugin.UpdatePreview - Execute intention KeepAsFeature 
2017-05-15 10:59:37,878 [1238858]   WARN - CPPImporter.plugin.IntentionExecutor - indexOf node 0 
2017-05-15 10:59:37,879 [1238859]   WARN - CPPImporter.plugin.UpdatePreview - Execute intention KeepAsFeature 
2017-05-15 10:59:37,879 [1238859]   WARN - CPPImporter.plugin.IntentionExecutor - indexOf node 0 
2017-05-15 10:59:37,880 [1238860]   WARN - CPPImporter.plugin.UpdatePreview - Execute intention Keep 
2017-05-15 10:59:37,880 [1238860]   WARN - CPPImporter.plugin.IntentionExecutor - indexOf node 0 
2017-05-15 10:59:37,880 [1238860]   WARN - CPPImporter.plugin.UpdatePreview - Execute intention Keep 
2017-05-15 10:59:37,881 [1238861]   WARN - CPPImporter.plugin.IntentionExecutor - indexOf node 0 
2017-05-15 10:59:37,882 [1238862]   WARN - CPPImporter.plugin.UpdatePreview - Execute intention Keep 
2017-05-15 10:59:37,882 [1238862]   INFO - CPPImporter.plugin.IntentionExecutor - !defined(_LARGEFILE64_SOURCE)isComplexCondition false 
2017-05-15 10:59:37,882 [1238862]   WARN - CPPImporter.plugin.IntentionExecutor - indexOf node 0 
2017-05-15 10:59:37,882 [1238862]   WARN - CPPImporter.plugin.UpdatePreview - Execute intention Remove 
2017-05-15 10:59:37,882 [1238862]   WARN - CPPImporter.plugin.UpdatePreview - Execute intention Remove 
2017-05-15 10:59:37,883 [1238863]   WARN - CPPImporter.plugin.UpdatePreview - Execute intention Remove 
2017-05-15 10:59:37,883 [1238863]   WARN - CPPImporter.plugin.UpdatePreview - Execute intention Remove 
2017-05-15 10:59:37,894 [1238874]   WARN - CPPLanguage.editor.IntentionContainer_Editor - Show 19 intentions. 
2017-05-15 11:00:08,394 [1269374]   INFO - CPPImporter.plugin.Keep_Action - [LOG] Intention Keep for 4 nodes. 
2017-05-15 11:00:08,394 [1269374]   INFO - CPPImporter.plugin.Keep_Action - [LOG] View of Keep Intention is Clone 
2017-05-15 11:00:08,395 [1269375]   INFO - CPPImporter.plugin.Keep_Action - Propose anti Intention for true branch 
2017-05-15 11:00:09,933 [1270913]   INFO - CPPImporter.plugin.Keep_Action - [LOG] Add anti intention 
2017-05-15 11:00:09,934 [1270914]   INFO - CPPImporter.plugin.Keep_Action - Update Preview 
2017-05-15 11:00:09,934 [1270914]   INFO - CPPImporter.plugin.UpdatePreview - Initialize future model 
2017-05-15 11:00:09,954 [1270934]   INFO - CPPImporter.plugin.UpdatePreview - Create node mapping 
2017-05-15 11:00:09,955 [1270935]   INFO - CPPImporter.plugin.UpdatePreview - Node mapping done 
2017-05-15 11:00:09,955 [1270935]   WARN - CPPImporter.plugin.UpdatePreview - Execute intention Keep 
2017-05-15 11:00:09,956 [1270936]   WARN - CPPImporter.plugin.IntentionExecutor - indexOf node 0 
2017-05-15 11:00:09,956 [1270936]   WARN - CPPImporter.plugin.UpdatePreview - Execute intention Keep 
2017-05-15 11:00:09,956 [1270936]   WARN - CPPImporter.plugin.IntentionExecutor - indexOf node 0 
2017-05-15 11:00:09,957 [1270937]   WARN - CPPImporter.plugin.UpdatePreview - Execute intention Keep 
2017-05-15 11:00:09,957 [1270937]   WARN - CPPImporter.plugin.IntentionExecutor - indexOf node 0 
2017-05-15 11:00:09,958 [1270938]   WARN - CPPImporter.plugin.UpdatePreview - Execute intention Keep 
2017-05-15 11:00:09,958 [1270938]   WARN - CPPImporter.plugin.IntentionExecutor - indexOf node 0 
2017-05-15 11:00:09,958 [1270938]   WARN - CPPImporter.plugin.UpdatePreview - Execute intention KeepAsFeature 
2017-05-15 11:00:09,959 [1270939]   WARN - CPPImporter.plugin.IntentionExecutor - indexOf node 0 
2017-05-15 11:00:09,959 [1270939]   WARN - CPPImporter.plugin.UpdatePreview - Execute intention KeepAsFeature 
2017-05-15 11:00:09,959 [1270939]   WARN - CPPImporter.plugin.IntentionExecutor - indexOf node 0 
2017-05-15 11:00:09,960 [1270940]   WARN - CPPImporter.plugin.UpdatePreview - Execute intention KeepAsFeature 
2017-05-15 11:00:09,960 [1270940]   WARN - CPPImporter.plugin.IntentionExecutor - indexOf node 0 
2017-05-15 11:00:09,960 [1270940]   WARN - CPPImporter.plugin.UpdatePreview - Execute intention Keep 
2017-05-15 11:00:09,961 [1270941]   WARN - CPPImporter.plugin.IntentionExecutor - indexOf node 0 
2017-05-15 11:00:09,966 [1270946]   WARN - CPPImporter.plugin.UpdatePreview - Execute intention Keep 
2017-05-15 11:00:09,974 [1270954]   WARN - CPPImporter.plugin.IntentionExecutor - indexOf node 0 
2017-05-15 11:00:09,975 [1270955]   WARN - CPPImporter.plugin.UpdatePreview - Execute intention Keep 
2017-05-15 11:00:09,975 [1270955]   WARN - CPPImporter.plugin.IntentionExecutor - indexOf node 0 
2017-05-15 11:00:09,976 [1270956]   WARN - CPPImporter.plugin.UpdatePreview - Execute intention KeepAsFeature 
2017-05-15 11:00:09,976 [1270956]   WARN - CPPImporter.plugin.IntentionExecutor - indexOf node 0 
2017-05-15 11:00:09,976 [1270956]   WARN - CPPImporter.plugin.UpdatePreview - Execute intention KeepAsFeature 
2017-05-15 11:00:09,976 [1270956]   WARN - CPPImporter.plugin.IntentionExecutor - indexOf node 0 
2017-05-15 11:00:09,977 [1270957]   WARN - CPPImporter.plugin.UpdatePreview - Execute intention Keep 
2017-05-15 11:00:09,977 [1270957]   WARN - CPPImporter.plugin.IntentionExecutor - indexOf node 0 
2017-05-15 11:00:09,977 [1270957]   WARN - CPPImporter.plugin.UpdatePreview - Execute intention Keep 
2017-05-15 11:00:09,977 [1270957]   WARN - CPPImporter.plugin.IntentionExecutor - indexOf node 0 
2017-05-15 11:00:09,978 [1270958]   WARN - CPPImporter.plugin.UpdatePreview - Execute intention Keep 
2017-05-15 11:00:09,978 [1270958]   INFO - CPPImporter.plugin.IntentionExecutor - !defined(_LARGEFILE64_SOURCE)isComplexCondition false 
2017-05-15 11:00:09,978 [1270958]   WARN - CPPImporter.plugin.IntentionExecutor - indexOf node 0 
2017-05-15 11:00:09,978 [1270958]   WARN - CPPImporter.plugin.UpdatePreview - Execute intention Remove 
2017-05-15 11:00:09,978 [1270958]   WARN - CPPImporter.plugin.UpdatePreview - Execute intention Remove 
2017-05-15 11:00:09,979 [1270959]   WARN - CPPImporter.plugin.UpdatePreview - Execute intention Remove 
2017-05-15 11:00:09,979 [1270959]   WARN - CPPImporter.plugin.UpdatePreview - Execute intention Remove 
2017-05-15 11:00:09,979 [1270959]   WARN - CPPImporter.plugin.UpdatePreview - Execute intention Keep 
2017-05-15 11:00:09,979 [1270959]   WARN - CPPImporter.plugin.IntentionExecutor - indexOf node 0 
2017-05-15 11:00:09,980 [1270960]   WARN - CPPImporter.plugin.UpdatePreview - Execute intention Remove 
2017-05-15 11:00:09,980 [1270960]   WARN - CPPImporter.plugin.UpdatePreview - Execute intention Keep 
2017-05-15 11:00:09,980 [1270960]   WARN - CPPImporter.plugin.IntentionExecutor - indexOf node 0 
2017-05-15 11:00:09,980 [1270960]   WARN - CPPImporter.plugin.UpdatePreview - Execute intention Remove 
2017-05-15 11:00:09,981 [1270961]   WARN - CPPImporter.plugin.UpdatePreview - Execute intention Keep 
2017-05-15 11:00:09,981 [1270961]   WARN - CPPImporter.plugin.IntentionExecutor - indexOf node 0 
2017-05-15 11:00:09,981 [1270961]   WARN - CPPImporter.plugin.UpdatePreview - Execute intention Remove 
2017-05-15 11:00:09,982 [1270962]   WARN - CPPImporter.plugin.UpdatePreview - Execute intention Keep 
2017-05-15 11:00:09,982 [1270962]   WARN - CPPImporter.plugin.IntentionExecutor - indexOf node 0 
2017-05-15 11:00:10,016 [1270996]   WARN - CPPImporter.plugin.UpdatePreview - Execute intention Remove 
2017-05-15 11:00:10,026 [1271006]   WARN - CPPLanguage.editor.IntentionContainer_Editor - Show 27 intentions. 
2017-05-15 11:00:22,009 [1282989]   WARN - CPPImporter.plugin.CommitIntentions_Action - Commit Intentions 
2017-05-15 11:00:22,010 [1282990]   INFO - CPPImporter.plugin.UpdatePreview - Initialize future model 
2017-05-15 11:00:22,010 [1282990]   INFO - CPPImporter.plugin.UpdatePreview - Create node mapping 
2017-05-15 11:00:22,010 [1282990]   INFO - CPPImporter.plugin.UpdatePreview - Node mapping done 
2017-05-15 11:00:22,012 [1282992]   WARN - CPPImporter.plugin.UpdatePreview - Execute intention Keep 
2017-05-15 11:00:22,018 [1282998]   WARN - CPPImporter.plugin.IntentionExecutor - indexOf node 0 
2017-05-15 11:00:22,018 [1282998]   WARN - CPPImporter.plugin.UpdatePreview - Execute intention Keep 
2017-05-15 11:00:22,019 [1282999]   WARN - CPPImporter.plugin.IntentionExecutor - indexOf node 0 
2017-05-15 11:00:22,019 [1282999]   WARN - CPPImporter.plugin.UpdatePreview - Execute intention Keep 
2017-05-15 11:00:22,019 [1282999]   WARN - CPPImporter.plugin.IntentionExecutor - indexOf node 0 
2017-05-15 11:00:22,034 [1283014]   WARN - CPPImporter.plugin.UpdatePreview - Execute intention Keep 
2017-05-15 11:00:22,034 [1283014]   WARN - CPPImporter.plugin.IntentionExecutor - indexOf node 0 
2017-05-15 11:00:22,035 [1283015]   WARN - CPPImporter.plugin.UpdatePreview - Execute intention KeepAsFeature 
2017-05-15 11:00:22,035 [1283015]   WARN - CPPImporter.plugin.IntentionExecutor - indexOf node 0 
2017-05-15 11:00:22,036 [1283016]   WARN - CPPImporter.plugin.UpdatePreview - Execute intention KeepAsFeature 
2017-05-15 11:00:22,036 [1283016]   WARN - CPPImporter.plugin.IntentionExecutor - indexOf node 0 
2017-05-15 11:00:22,038 [1283018]   WARN - CPPImporter.plugin.UpdatePreview - Execute intention KeepAsFeature 
2017-05-15 11:00:22,039 [1283019]   WARN - CPPImporter.plugin.IntentionExecutor - indexOf node 0 
2017-05-15 11:00:22,040 [1283020]   WARN - CPPImporter.plugin.UpdatePreview - Execute intention Keep 
2017-05-15 11:00:22,047 [1283027]   WARN - CPPImporter.plugin.IntentionExecutor - indexOf node 0 
2017-05-15 11:00:22,048 [1283028]   WARN - CPPImporter.plugin.UpdatePreview - Execute intention Keep 
2017-05-15 11:00:22,061 [1283041]   WARN - CPPImporter.plugin.IntentionExecutor - indexOf node 0 
2017-05-15 11:00:22,061 [1283041]   WARN - CPPImporter.plugin.UpdatePreview - Execute intention Keep 
2017-05-15 11:00:22,077 [1283057]   WARN - CPPImporter.plugin.IntentionExecutor - indexOf node 0 
2017-05-15 11:00:22,078 [1283058]   WARN - CPPImporter.plugin.UpdatePreview - Execute intention KeepAsFeature 
2017-05-15 11:00:22,078 [1283058]   WARN - CPPImporter.plugin.IntentionExecutor - indexOf node 0 
2017-05-15 11:00:22,078 [1283058]   WARN - CPPImporter.plugin.UpdatePreview - Execute intention KeepAsFeature 
2017-05-15 11:00:22,078 [1283058]   WARN - CPPImporter.plugin.IntentionExecutor - indexOf node 0 
2017-05-15 11:00:22,079 [1283059]   WARN - CPPImporter.plugin.UpdatePreview - Execute intention Keep 
2017-05-15 11:00:22,079 [1283059]   WARN - CPPImporter.plugin.IntentionExecutor - indexOf node 0 
2017-05-15 11:00:22,079 [1283059]   WARN - CPPImporter.plugin.UpdatePreview - Execute intention Keep 
2017-05-15 11:00:22,080 [1283060]   WARN - CPPImporter.plugin.IntentionExecutor - indexOf node 0 
2017-05-15 11:00:22,080 [1283060]   WARN - CPPImporter.plugin.UpdatePreview - Execute intention Keep 
2017-05-15 11:00:22,080 [1283060]   INFO - CPPImporter.plugin.IntentionExecutor - !defined(_LARGEFILE64_SOURCE)isComplexCondition false 
2017-05-15 11:00:22,080 [1283060]   WARN - CPPImporter.plugin.IntentionExecutor - indexOf node 0 
2017-05-15 11:00:22,080 [1283060]   WARN - CPPImporter.plugin.UpdatePreview - Execute intention Remove 
2017-05-15 11:00:22,081 [1283061]   WARN - CPPImporter.plugin.UpdatePreview - Execute intention Remove 
2017-05-15 11:00:22,081 [1283061]   WARN - CPPImporter.plugin.UpdatePreview - Execute intention Remove 
2017-05-15 11:00:22,081 [1283061]   WARN - CPPImporter.plugin.UpdatePreview - Execute intention Remove 
2017-05-15 11:00:22,082 [1283062]   WARN - CPPImporter.plugin.UpdatePreview - Execute intention Keep 
2017-05-15 11:00:22,083 [1283063]   WARN - CPPImporter.plugin.IntentionExecutor - indexOf node 0 
2017-05-15 11:00:22,087 [1283067]   WARN - CPPImporter.plugin.UpdatePreview - Execute intention Remove 
2017-05-15 11:00:22,091 [1283071]   WARN - CPPImporter.plugin.UpdatePreview - Execute intention Keep 
2017-05-15 11:00:22,101 [1283081]   WARN - CPPImporter.plugin.IntentionExecutor - indexOf node 0 
2017-05-15 11:00:22,101 [1283081]   WARN - CPPImporter.plugin.UpdatePreview - Execute intention Remove 
2017-05-15 11:00:22,102 [1283082]   WARN - CPPImporter.plugin.UpdatePreview - Execute intention Keep 
2017-05-15 11:00:22,102 [1283082]   WARN - CPPImporter.plugin.IntentionExecutor - indexOf node 0 
2017-05-15 11:00:22,102 [1283082]   WARN - CPPImporter.plugin.UpdatePreview - Execute intention Remove 
2017-05-15 11:00:22,103 [1283083]   WARN - CPPImporter.plugin.UpdatePreview - Execute intention Keep 
2017-05-15 11:00:22,103 [1283083]   WARN - CPPImporter.plugin.IntentionExecutor - indexOf node 0 
2017-05-15 11:00:22,103 [1283083]   WARN - CPPImporter.plugin.UpdatePreview - Execute intention Remove 
2017-05-15 11:00:22,148 [1283128]   WARN - CPPLanguage.editor.IntentionContainer_Editor - Show 0 intentions. 
2017-05-15 11:00:45,011 [1305991]   INFO - CPPImporter.plugin.Export_Action - [LOG] Export to /home/group1/results/incline.c 
2017-05-15 11:00:51,874 [1312854]   INFO - jetbrains.mps.extapi.model.EditableSModelBase - Saving model Examples.Imported2 
2017-05-15 11:00:51,976 [1312956]   INFO - jetbrains.mps.smodel.MPSModuleRepository - Saving of the repository took 0.107 s 
2017-05-15 11:00:52,218 [1313198]   INFO - jetbrains.mps.plugins.PluginLoaderRegistry - Running Update Task : loaders [toLoad: 0; toUnload:1]; contributors : [toLoad: 0; toUnload:0]; Thread[AWT-EventQueue-0 3.4.4#MPS-162.2317 MPS, eap:false, os:Linux 4.8.0-49-generic, java-version:Oracle Corporation 1.8.0_131-8u131-b11-0ubuntu1.16.04.2-b11,6,main] 
2017-05-15 11:00:52,265 [1313245]   INFO - jetbrains.mps.plugins.PluginLoaderRegistry - Unloading of 145 plugins took 0.047 s 
2017-05-15 11:00:52,266 [1313246]   INFO - jetbrains.mps.project.ProjectBase - Project 'CPPLanguage' is closing 
2017-05-15 11:00:52,393 [1313373]   INFO - jetbrains.mps.classloading.ModuleUpdater - Classloading refresh took 0.034 s 
2017-05-15 11:00:52,396 [1313376]   INFO - jetbrains.mps.classloading.ModulesWatcher - 0 modules are marked as invalid roots for class loading out of 297 modules [totally in the repository] 
2017-05-15 11:00:52,396 [1313376]   INFO - jetbrains.mps.classloading.ModulesWatcher - Totally 0 modules are marked invalid for class loading 
2017-05-15 11:00:52,522 [1313502]   INFO - jetbrains.mps.classloading.ModuleUpdater - Classloading refresh took 0.030 s 
2017-05-15 11:00:52,537 [1313517]   INFO - jetbrains.mps.classloading.ModulesWatcher - 0 modules are marked as invalid roots for class loading out of 296 modules [totally in the repository] 
2017-05-15 11:00:52,538 [1313518]   INFO - jetbrains.mps.classloading.ModulesWatcher - Totally 0 modules are marked invalid for class loading 
2017-05-15 11:00:52,632 [1313612]   INFO - jetbrains.mps.classloading.ModuleUpdater - Classloading refresh took 0.059 s 
2017-05-15 11:00:52,648 [1313628]   INFO - jetbrains.mps.classloading.ModulesWatcher - 0 modules are marked as invalid roots for class loading out of 295 modules [totally in the repository] 
2017-05-15 11:00:52,649 [1313629]   INFO - jetbrains.mps.classloading.ModulesWatcher - Totally 0 modules are marked invalid for class loading 
2017-05-15 11:00:52,688 [1313668]   INFO - jetbrains.mps.library.LibraryInitializer - Removing libraries from ProjectLibraryManager 
2017-05-15 11:00:52,702 [1313682]   INFO - #org.jetbrains.io.BuiltInServer - web server stopped 
2017-05-15 11:00:52,714 [1313694]   INFO - jetbrains.mps.library.LibraryInitializer - Removing libraries from AdditionalLibrariesManager 
2017-05-15 11:00:52,771 [1313751]   INFO - jetbrains.mps.library.LibraryInitializer - Removing libraries from PluginLibraryContributor 
2017-05-15 11:00:52,776 [1313756]   INFO - jetbrains.mps.library.LibraryInitializer - Removing libraries from BootstrapLibraryContributor 
2017-05-15 11:00:52,776 [1313756]   INFO - jetbrains.mps.library.LibraryInitializer - Unloading 112 libraries 
2017-05-15 11:00:53,100 [1314080]   INFO - jetbrains.mps.library.LibraryInitializer - Library update is finished 
2017-05-15 11:00:53,142 [1314122]   INFO - jetbrains.mps.classloading.ModuleUpdater - Classloading refresh took 0.003 s 
2017-05-15 11:00:53,142 [1314122]   INFO - jetbrains.mps.classloading.ModulesWatcher - 0 modules are marked as invalid roots for class loading out of 0 modules [totally in the repository] 
2017-05-15 11:00:53,143 [1314123]   INFO - jetbrains.mps.classloading.ModulesWatcher - Totally 0 modules are marked invalid for class loading 
2017-05-15 11:00:53,194 [1314174]   INFO - #org.jetbrains.io.BuiltInServer - web server stopped 
