
2017-05-12 14:09:16,915 [ 868894]   INFO - CPPImporter.plugin.ArrangeViews_Action - [LOG] Arrange Views 
2017-05-12 14:09:46,328 [ 898307]   INFO - CPPImporter.plugin.Keep_Action - [LOG] Intention Keep for 1 nodes. 
2017-05-12 14:09:46,328 [ 898307]   INFO - CPPImporter.plugin.Keep_Action - [LOG] View of Keep Intention is default 
2017-05-12 14:09:46,329 [ 898308]   INFO - CPPImporter.plugin.Keep_Action - Update Preview 
2017-05-12 14:09:46,329 [ 898308]   INFO - CPPImporter.plugin.UpdatePreview - Initialize future model 
2017-05-12 14:09:46,329 [ 898308]   INFO - CPPImporter.plugin.UpdatePreview - Create node mapping 
2017-05-12 14:09:46,329 [ 898308]   INFO - CPPImporter.plugin.UpdatePreview - Node mapping done 
2017-05-12 14:09:46,329 [ 898308]   WARN - CPPImporter.plugin.UpdatePreview - Execute intention Keep 
2017-05-12 14:09:46,339 [ 898318]   WARN - CPPImporter.plugin.IntentionExecutor - MakeMandatory: node 0 is not in #if/#ifdef 
2017-05-12 14:09:46,339 [ 898318]   WARN - CPPImporter.plugin.IntentionExecutor - Action MakeMandatory only possible if all selected nodes are within an #if/#ifdef 
2017-05-12 14:09:46,339 [ 898318]  ERROR - CPPImporter.plugin.IntentionExecutor - Failed prerequiste check 
2017-05-12 14:09:46,347 [ 898326]   WARN - CPPLanguage.editor.IntentionContainer_Editor - Show 1 intentions. 
2017-05-12 14:10:28,563 [ 940542]   INFO - CPPImporter.plugin.Keep_Action - [LOG] Intention Keep for 10 nodes. 
2017-05-12 14:10:28,563 [ 940542]   INFO - CPPImporter.plugin.Keep_Action - [LOG] View of Keep Intention is default 
2017-05-12 14:10:28,566 [ 940545]   INFO - CPPImporter.plugin.Keep_Action - Update Preview 
2017-05-12 14:10:28,566 [ 940545]   INFO - CPPImporter.plugin.UpdatePreview - Initialize future model 
2017-05-12 14:10:28,566 [ 940545]   INFO - CPPImporter.plugin.UpdatePreview - Create node mapping 
2017-05-12 14:10:28,567 [ 940546]   INFO - CPPImporter.plugin.UpdatePreview - Node mapping done 
2017-05-12 14:10:28,567 [ 940546]   WARN - CPPImporter.plugin.UpdatePreview - Execute intention Keep 
2017-05-12 14:10:28,580 [ 940559]   WARN - CPPImporter.plugin.IntentionExecutor - MakeMandatory: node 0 is not in #if/#ifdef 
2017-05-12 14:10:28,581 [ 940560]   WARN - CPPImporter.plugin.IntentionExecutor - Action MakeMandatory only possible if all selected nodes are within an #if/#ifdef 
2017-05-12 14:10:28,581 [ 940560]  ERROR - CPPImporter.plugin.IntentionExecutor - Failed prerequiste check 
2017-05-12 14:10:28,582 [ 940561]   WARN - CPPImporter.plugin.UpdatePreview - Execute intention Keep 
2017-05-12 14:10:28,582 [ 940561]   WARN - CPPImporter.plugin.IntentionExecutor - indexOf node 0 
2017-05-12 14:10:28,583 [ 940562]   WARN - CPPImporter.plugin.UpdatePreview - Execute intention Keep 
2017-05-12 14:10:28,583 [ 940562]   WARN - CPPImporter.plugin.IntentionExecutor - indexOf node 0 
2017-05-12 14:10:28,589 [ 940568]   WARN - CPPImporter.plugin.UpdatePreview - Execute intention Keep 
2017-05-12 14:10:28,594 [ 940573]   WARN - CPPImporter.plugin.IntentionExecutor - indexOf node 0 
2017-05-12 14:10:28,595 [ 940574]   WARN - CPPImporter.plugin.UpdatePreview - Execute intention Keep 
2017-05-12 14:10:28,599 [ 940578]   WARN - CPPImporter.plugin.IntentionExecutor - indexOf node 0 
2017-05-12 14:10:28,602 [ 940581]   WARN - CPPImporter.plugin.UpdatePreview - Execute intention Keep 
2017-05-12 14:10:28,607 [ 940586]   WARN - CPPImporter.plugin.IntentionExecutor - indexOf node 0 
2017-05-12 14:10:28,611 [ 940590]   WARN - CPPImporter.plugin.UpdatePreview - Execute intention Keep 
2017-05-12 14:10:28,611 [ 940590]   WARN - CPPImporter.plugin.IntentionExecutor - indexOf node 0 
2017-05-12 14:10:28,614 [ 940593]   WARN - CPPImporter.plugin.UpdatePreview - Execute intention Keep 
2017-05-12 14:10:28,617 [ 940596]   WARN - CPPImporter.plugin.IntentionExecutor - indexOf node 0 
2017-05-12 14:10:28,618 [ 940597]   WARN - CPPImporter.plugin.UpdatePreview - Execute intention Keep 
2017-05-12 14:10:28,619 [ 940598]   WARN - CPPImporter.plugin.IntentionExecutor - indexOf node 0 
2017-05-12 14:10:28,619 [ 940598]   WARN - CPPImporter.plugin.UpdatePreview - Execute intention Keep 
2017-05-12 14:10:28,620 [ 940599]   WARN - CPPImporter.plugin.IntentionExecutor - indexOf node 0 
2017-05-12 14:10:28,620 [ 940599]   WARN - CPPImporter.plugin.UpdatePreview - Execute intention Keep 
2017-05-12 14:10:28,620 [ 940599]   WARN - CPPImporter.plugin.IntentionExecutor - indexOf node 0 
2017-05-12 14:10:28,641 [ 940620]   WARN - CPPLanguage.editor.IntentionContainer_Editor - Show 11 intentions. 
2017-05-12 14:11:09,562 [ 981541]   INFO - CPPImporter.plugin.KeepAsFeature_Action - [LOG] Intention Keep As Feature for 4 nodes. 
2017-05-12 14:11:16,442 [ 988421]   INFO - CPPImporter.plugin.KeepAsFeature_Action - [LOG] View of Keep Intention is default 
2017-05-12 14:11:16,456 [ 988435]   INFO - CPPImporter.plugin.UpdatePreview - Initialize future model 
2017-05-12 14:11:16,485 [ 988464]   INFO - CPPImporter.plugin.UpdatePreview - Create node mapping 
2017-05-12 14:11:16,485 [ 988464]   INFO - CPPImporter.plugin.UpdatePreview - Node mapping done 
2017-05-12 14:11:16,485 [ 988464]   WARN - CPPImporter.plugin.UpdatePreview - Execute intention Keep 
2017-05-12 14:11:16,488 [ 988467]   WARN - CPPImporter.plugin.IntentionExecutor - MakeMandatory: node 0 is not in #if/#ifdef 
2017-05-12 14:11:16,488 [ 988467]   WARN - CPPImporter.plugin.IntentionExecutor - Action MakeMandatory only possible if all selected nodes are within an #if/#ifdef 
2017-05-12 14:11:16,488 [ 988467]  ERROR - CPPImporter.plugin.IntentionExecutor - Failed prerequiste check 
2017-05-12 14:11:16,488 [ 988467]   WARN - CPPImporter.plugin.UpdatePreview - Execute intention Keep 
2017-05-12 14:11:16,489 [ 988468]   WARN - CPPImporter.plugin.IntentionExecutor - indexOf node 0 
2017-05-12 14:11:16,490 [ 988469]   WARN - CPPImporter.plugin.UpdatePreview - Execute intention Keep 
2017-05-12 14:11:16,490 [ 988469]   WARN - CPPImporter.plugin.IntentionExecutor - indexOf node 0 
2017-05-12 14:11:16,491 [ 988470]   WARN - CPPImporter.plugin.UpdatePreview - Execute intention Keep 
2017-05-12 14:11:16,492 [ 988471]   WARN - CPPImporter.plugin.IntentionExecutor - indexOf node 0 
2017-05-12 14:11:16,517 [ 988496]   WARN - CPPImporter.plugin.UpdatePreview - Execute intention Keep 
2017-05-12 14:11:16,518 [ 988497]   WARN - CPPImporter.plugin.IntentionExecutor - indexOf node 0 
2017-05-12 14:11:16,528 [ 988507]   WARN - CPPImporter.plugin.UpdatePreview - Execute intention Keep 
2017-05-12 14:11:16,529 [ 988508]   WARN - CPPImporter.plugin.IntentionExecutor - indexOf node 0 
2017-05-12 14:11:16,530 [ 988509]   WARN - CPPImporter.plugin.UpdatePreview - Execute intention Keep 
2017-05-12 14:11:16,530 [ 988509]   WARN - CPPImporter.plugin.IntentionExecutor - indexOf node 0 
2017-05-12 14:11:16,531 [ 988510]   WARN - CPPImporter.plugin.UpdatePreview - Execute intention Keep 
2017-05-12 14:11:16,531 [ 988510]   WARN - CPPImporter.plugin.IntentionExecutor - indexOf node 0 
2017-05-12 14:11:16,532 [ 988511]   WARN - CPPImporter.plugin.UpdatePreview - Execute intention KeepAsFeature 
2017-05-12 14:11:16,532 [ 988511]   WARN - CPPImporter.plugin.IntentionExecutor - indexOf node 8 
2017-05-12 14:11:16,538 [ 988517]   WARN - CPPImporter.plugin.UpdatePreview - Execute intention Keep 
2017-05-12 14:11:16,541 [ 988520]   WARN - CPPImporter.plugin.IntentionExecutor - indexOf node 0 
2017-05-12 14:11:16,543 [ 988522]   WARN - CPPImporter.plugin.UpdatePreview - Execute intention KeepAsFeature 
2017-05-12 14:11:16,545 [ 988524]   WARN - CPPImporter.plugin.IntentionExecutor - indexOf node 0 
2017-05-12 14:11:16,550 [ 988529]   WARN - CPPImporter.plugin.UpdatePreview - Execute intention Keep 
2017-05-12 14:11:16,557 [ 988536]   WARN - CPPImporter.plugin.IntentionExecutor - indexOf node 0 
2017-05-12 14:11:16,558 [ 988537]   WARN - CPPImporter.plugin.UpdatePreview - Execute intention KeepAsFeature 
2017-05-12 14:11:16,576 [ 988555]   WARN - CPPImporter.plugin.IntentionExecutor - indexOf node 0 
2017-05-12 14:11:16,577 [ 988556]   WARN - CPPImporter.plugin.UpdatePreview - Execute intention Keep 
2017-05-12 14:11:16,578 [ 988557]   WARN - CPPImporter.plugin.IntentionExecutor - indexOf node 0 
2017-05-12 14:11:16,578 [ 988557]   WARN - CPPImporter.plugin.UpdatePreview - Execute intention KeepAsFeature 
2017-05-12 14:11:16,578 [ 988557]   WARN - CPPImporter.plugin.IntentionExecutor - indexOf node 0 
2017-05-12 14:11:16,608 [ 988587]   WARN - CPPLanguage.editor.IntentionContainer_Editor - Show 15 intentions. 
2017-05-12 14:11:24,690 [ 996669]   WARN - CPPLanguage.editor.IntentionContainer_Editor - Show 11 intentions. 
2017-05-12 14:12:01,201 [1033180]   WARN - CPPLanguage.editor.IntentionContainer_Editor - Show 15 intentions. 
2017-05-12 14:12:40,484 [1072463]   WARN - CPPImporter.plugin.ChangePC_Action - [LOG] Intention ChangePC View default 
2017-05-12 14:12:40,491 [1072470]   INFO - CPPImporter.plugin.UpdatePreview - Initialize future model 
2017-05-12 14:12:40,491 [1072470]   INFO - CPPImporter.plugin.UpdatePreview - Create node mapping 
2017-05-12 14:12:40,491 [1072470]   INFO - CPPImporter.plugin.UpdatePreview - Node mapping done 
2017-05-12 14:12:40,492 [1072471]   WARN - CPPImporter.plugin.UpdatePreview - Execute intention Keep 
2017-05-12 14:12:40,516 [1072495]   WARN - CPPImporter.plugin.IntentionExecutor - MakeMandatory: node 0 is not in #if/#ifdef 
2017-05-12 14:12:40,518 [1072497]   WARN - CPPImporter.plugin.IntentionExecutor - Action MakeMandatory only possible if all selected nodes are within an #if/#ifdef 
2017-05-12 14:12:40,518 [1072497]  ERROR - CPPImporter.plugin.IntentionExecutor - Failed prerequiste check 
2017-05-12 14:12:40,518 [1072497]   WARN - CPPImporter.plugin.UpdatePreview - Execute intention Keep 
2017-05-12 14:12:40,519 [1072498]   WARN - CPPImporter.plugin.IntentionExecutor - indexOf node 0 
2017-05-12 14:12:40,546 [1072525]   WARN - CPPImporter.plugin.UpdatePreview - Execute intention Keep 
2017-05-12 14:12:40,546 [1072525]   WARN - CPPImporter.plugin.IntentionExecutor - indexOf node 0 
2017-05-12 14:12:40,547 [1072526]   WARN - CPPImporter.plugin.UpdatePreview - Execute intention Keep 
2017-05-12 14:12:40,556 [1072535]   WARN - CPPImporter.plugin.IntentionExecutor - indexOf node 0 
2017-05-12 14:12:40,557 [1072536]   WARN - CPPImporter.plugin.UpdatePreview - Execute intention Keep 
2017-05-12 14:12:40,557 [1072536]   WARN - CPPImporter.plugin.IntentionExecutor - indexOf node 0 
2017-05-12 14:12:40,557 [1072536]   WARN - CPPImporter.plugin.UpdatePreview - Execute intention Keep 
2017-05-12 14:12:40,558 [1072537]   WARN - CPPImporter.plugin.IntentionExecutor - indexOf node 0 
2017-05-12 14:12:40,558 [1072537]   WARN - CPPImporter.plugin.UpdatePreview - Execute intention Keep 
2017-05-12 14:12:40,558 [1072537]   WARN - CPPImporter.plugin.IntentionExecutor - indexOf node 0 
2017-05-12 14:12:40,558 [1072537]   WARN - CPPImporter.plugin.UpdatePreview - Execute intention Keep 
2017-05-12 14:12:40,559 [1072538]   WARN - CPPImporter.plugin.IntentionExecutor - indexOf node 0 
2017-05-12 14:12:40,559 [1072538]   WARN - CPPImporter.plugin.UpdatePreview - Execute intention KeepAsFeature 
2017-05-12 14:12:40,559 [1072538]   WARN - CPPImporter.plugin.IntentionExecutor - indexOf node 8 
2017-05-12 14:12:40,559 [1072538]   WARN - CPPImporter.plugin.UpdatePreview - Execute intention Keep 
2017-05-12 14:12:40,560 [1072539]   WARN - CPPImporter.plugin.IntentionExecutor - indexOf node 0 
2017-05-12 14:12:40,560 [1072539]   WARN - CPPImporter.plugin.UpdatePreview - Execute intention KeepAsFeature 
2017-05-12 14:12:40,560 [1072539]   WARN - CPPImporter.plugin.IntentionExecutor - indexOf node 0 
2017-05-12 14:12:40,561 [1072540]   WARN - CPPImporter.plugin.UpdatePreview - Execute intention Keep 
2017-05-12 14:12:40,570 [1072549]   WARN - CPPImporter.plugin.IntentionExecutor - indexOf node 0 
2017-05-12 14:12:40,571 [1072550]   WARN - CPPImporter.plugin.UpdatePreview - Execute intention KeepAsFeature 
2017-05-12 14:12:40,571 [1072550]   WARN - CPPImporter.plugin.IntentionExecutor - indexOf node 0 
2017-05-12 14:12:40,572 [1072551]   WARN - CPPImporter.plugin.UpdatePreview - Execute intention Keep 
2017-05-12 14:12:40,572 [1072551]   WARN - CPPImporter.plugin.IntentionExecutor - indexOf node 0 
2017-05-12 14:12:40,572 [1072551]   WARN - CPPImporter.plugin.UpdatePreview - Execute intention KeepAsFeature 
2017-05-12 14:12:40,573 [1072552]   WARN - CPPImporter.plugin.IntentionExecutor - indexOf node 0 
2017-05-12 14:12:40,573 [1072552]   WARN - CPPImporter.plugin.UpdatePreview - Execute intention ChangePC 
2017-05-12 14:12:40,607 [1072586]   WARN - CPPLanguage.editor.IntentionContainer_Editor - Show 16 intentions. 
2017-05-12 14:13:31,524 [1123503]   INFO - CPPImporter.plugin.Remove_Action - [LOG] Remove Intention for 1 nodes. 
2017-05-12 14:13:31,541 [1123520]   INFO - CPPImporter.plugin.Remove_Action - [LOG] View of Keep Intention is default 
2017-05-12 14:13:31,545 [1123524]   INFO - CPPImporter.plugin.UpdatePreview - Initialize future model 
2017-05-12 14:13:31,547 [1123526]   INFO - CPPImporter.plugin.UpdatePreview - Create node mapping 
2017-05-12 14:13:31,547 [1123526]   INFO - CPPImporter.plugin.UpdatePreview - Node mapping done 
2017-05-12 14:13:31,547 [1123526]   WARN - CPPImporter.plugin.UpdatePreview - Execute intention Remove 
2017-05-12 14:13:31,576 [1123555]   WARN - CPPLanguage.editor.IntentionContainer_Editor - Show 1 intentions. 
2017-05-12 14:13:41,097 [1133076]   INFO - CPPImporter.plugin.Remove_Action - [LOG] Remove Intention for 1 nodes. 
2017-05-12 14:13:41,097 [1133076]   INFO - CPPImporter.plugin.Remove_Action - [LOG] View of Keep Intention is default 
2017-05-12 14:13:41,097 [1133076]   INFO - CPPImporter.plugin.UpdatePreview - Initialize future model 
2017-05-12 14:13:41,105 [1133084]   INFO - CPPImporter.plugin.UpdatePreview - Create node mapping 
2017-05-12 14:13:41,105 [1133084]   INFO - CPPImporter.plugin.UpdatePreview - Node mapping done 
2017-05-12 14:13:41,106 [1133085]   WARN - CPPImporter.plugin.UpdatePreview - Execute intention Keep 
2017-05-12 14:13:41,106 [1133085]   WARN - CPPImporter.plugin.IntentionExecutor - MakeMandatory: node 0 is not in #if/#ifdef 
2017-05-12 14:13:41,107 [1133086]   WARN - CPPImporter.plugin.IntentionExecutor - Action MakeMandatory only possible if all selected nodes are within an #if/#ifdef 
2017-05-12 14:13:41,107 [1133086]  ERROR - CPPImporter.plugin.IntentionExecutor - Failed prerequiste check 
2017-05-12 14:13:41,107 [1133086]   WARN - CPPImporter.plugin.UpdatePreview - Execute intention Keep 
2017-05-12 14:13:41,108 [1133087]   WARN - CPPImporter.plugin.IntentionExecutor - indexOf node 0 
2017-05-12 14:13:41,109 [1133088]   WARN - CPPImporter.plugin.UpdatePreview - Execute intention Keep 
2017-05-12 14:13:41,112 [1133091]   WARN - CPPImporter.plugin.IntentionExecutor - indexOf node 0 
2017-05-12 14:13:41,116 [1133095]   WARN - CPPImporter.plugin.UpdatePreview - Execute intention Keep 
2017-05-12 14:13:41,124 [1133103]   WARN - CPPImporter.plugin.IntentionExecutor - indexOf node 0 
2017-05-12 14:13:41,125 [1133104]   WARN - CPPImporter.plugin.UpdatePreview - Execute intention Keep 
2017-05-12 14:13:41,125 [1133104]   WARN - CPPImporter.plugin.IntentionExecutor - indexOf node 0 
2017-05-12 14:13:41,131 [1133110]   WARN - CPPImporter.plugin.UpdatePreview - Execute intention Keep 
2017-05-12 14:13:41,131 [1133110]   WARN - CPPImporter.plugin.IntentionExecutor - indexOf node 0 
2017-05-12 14:13:41,131 [1133110]   WARN - CPPImporter.plugin.UpdatePreview - Execute intention Keep 
2017-05-12 14:13:41,135 [1133114]   WARN - CPPImporter.plugin.IntentionExecutor - indexOf node 0 
2017-05-12 14:13:41,136 [1133115]   WARN - CPPImporter.plugin.UpdatePreview - Execute intention Keep 
2017-05-12 14:13:41,136 [1133115]   WARN - CPPImporter.plugin.IntentionExecutor - indexOf node 0 
2017-05-12 14:13:41,137 [1133116]   WARN - CPPImporter.plugin.UpdatePreview - Execute intention KeepAsFeature 
2017-05-12 14:13:41,137 [1133116]   WARN - CPPImporter.plugin.IntentionExecutor - indexOf node 8 
2017-05-12 14:13:41,139 [1133118]   WARN - CPPImporter.plugin.UpdatePreview - Execute intention Keep 
2017-05-12 14:13:41,144 [1133123]   WARN - CPPImporter.plugin.IntentionExecutor - indexOf node 0 
2017-05-12 14:13:41,144 [1133123]   WARN - CPPImporter.plugin.UpdatePreview - Execute intention KeepAsFeature 
2017-05-12 14:13:41,145 [1133124]   WARN - CPPImporter.plugin.IntentionExecutor - indexOf node 0 
2017-05-12 14:13:41,145 [1133124]   WARN - CPPImporter.plugin.UpdatePreview - Execute intention Keep 
2017-05-12 14:13:41,146 [1133125]   WARN - CPPImporter.plugin.IntentionExecutor - indexOf node 0 
2017-05-12 14:13:41,146 [1133125]   WARN - CPPImporter.plugin.UpdatePreview - Execute intention KeepAsFeature 
2017-05-12 14:13:41,146 [1133125]   WARN - CPPImporter.plugin.IntentionExecutor - indexOf node 0 
2017-05-12 14:13:41,147 [1133126]   WARN - CPPImporter.plugin.UpdatePreview - Execute intention Keep 
2017-05-12 14:13:41,147 [1133126]   WARN - CPPImporter.plugin.IntentionExecutor - indexOf node 0 
2017-05-12 14:13:41,156 [1133135]   WARN - CPPImporter.plugin.UpdatePreview - Execute intention KeepAsFeature 
2017-05-12 14:13:41,157 [1133136]   WARN - CPPImporter.plugin.IntentionExecutor - indexOf node 0 
2017-05-12 14:13:41,158 [1133137]   WARN - CPPImporter.plugin.UpdatePreview - Execute intention ChangePC 
2017-05-12 14:13:41,159 [1133138]   WARN - CPPImporter.plugin.UpdatePreview - Execute intention Remove 
2017-05-12 14:13:41,176 [1133155]   WARN - CPPLanguage.editor.IntentionContainer_Editor - Show 17 intentions. 
2017-05-12 14:13:44,354 [1136333]   WARN - CPPLanguage.editor.IntentionContainer_Editor - Show 16 intentions. 
2017-05-12 14:14:10,711 [1162690]   INFO - CPPImporter.plugin.Remove_Action - [LOG] Remove Intention for 4 nodes. 
2017-05-12 14:14:10,711 [1162690]   INFO - CPPImporter.plugin.Remove_Action - [LOG] View of Keep Intention is default 
2017-05-12 14:14:10,718 [1162697]   INFO - CPPImporter.plugin.Remove_Action - Propose anti Intention for else branch 
2017-05-12 14:14:12,180 [1164159]   INFO - CPPImporter.plugin.UpdatePreview - Initialize future model 
2017-05-12 14:14:12,181 [1164160]   INFO - CPPImporter.plugin.UpdatePreview - Create node mapping 
2017-05-12 14:14:12,181 [1164160]   INFO - CPPImporter.plugin.UpdatePreview - Node mapping done 
2017-05-12 14:14:12,181 [1164160]   WARN - CPPImporter.plugin.UpdatePreview - Execute intention Keep 
2017-05-12 14:14:12,184 [1164163]   WARN - CPPImporter.plugin.IntentionExecutor - MakeMandatory: node 0 is not in #if/#ifdef 
2017-05-12 14:14:12,184 [1164163]   WARN - CPPImporter.plugin.IntentionExecutor - Action MakeMandatory only possible if all selected nodes are within an #if/#ifdef 
2017-05-12 14:14:12,184 [1164163]  ERROR - CPPImporter.plugin.IntentionExecutor - Failed prerequiste check 
2017-05-12 14:14:12,185 [1164164]   WARN - CPPImporter.plugin.UpdatePreview - Execute intention Keep 
2017-05-12 14:14:12,185 [1164164]   WARN - CPPImporter.plugin.IntentionExecutor - indexOf node 0 
2017-05-12 14:14:12,185 [1164164]   WARN - CPPImporter.plugin.UpdatePreview - Execute intention Keep 
2017-05-12 14:14:12,185 [1164164]   WARN - CPPImporter.plugin.IntentionExecutor - indexOf node 0 
2017-05-12 14:14:12,188 [1164167]   WARN - CPPImporter.plugin.UpdatePreview - Execute intention Keep 
2017-05-12 14:14:12,189 [1164168]   WARN - CPPImporter.plugin.IntentionExecutor - indexOf node 0 
2017-05-12 14:14:12,190 [1164169]   WARN - CPPImporter.plugin.UpdatePreview - Execute intention Keep 
2017-05-12 14:14:12,204 [1164183]   WARN - CPPImporter.plugin.IntentionExecutor - indexOf node 0 
2017-05-12 14:14:12,205 [1164184]   WARN - CPPImporter.plugin.UpdatePreview - Execute intention Keep 
2017-05-12 14:14:12,210 [1164189]   WARN - CPPImporter.plugin.IntentionExecutor - indexOf node 0 
2017-05-12 14:14:12,210 [1164189]   WARN - CPPImporter.plugin.UpdatePreview - Execute intention Keep 
2017-05-12 14:14:12,217 [1164196]   WARN - CPPImporter.plugin.IntentionExecutor - indexOf node 0 
2017-05-12 14:14:12,219 [1164198]   WARN - CPPImporter.plugin.UpdatePreview - Execute intention Keep 
2017-05-12 14:14:12,222 [1164201]   WARN - CPPImporter.plugin.IntentionExecutor - indexOf node 0 
2017-05-12 14:14:12,226 [1164205]   WARN - CPPImporter.plugin.UpdatePreview - Execute intention KeepAsFeature 
2017-05-12 14:14:12,227 [1164206]   WARN - CPPImporter.plugin.IntentionExecutor - indexOf node 8 
2017-05-12 14:14:12,227 [1164206]   WARN - CPPImporter.plugin.UpdatePreview - Execute intention Keep 
2017-05-12 14:14:12,229 [1164208]   WARN - CPPImporter.plugin.IntentionExecutor - indexOf node 0 
2017-05-12 14:14:12,231 [1164210]   WARN - CPPImporter.plugin.UpdatePreview - Execute intention KeepAsFeature 
2017-05-12 14:14:12,232 [1164211]   WARN - CPPImporter.plugin.IntentionExecutor - indexOf node 0 
2017-05-12 14:14:12,233 [1164212]   WARN - CPPImporter.plugin.UpdatePreview - Execute intention Keep 
2017-05-12 14:14:12,233 [1164212]   WARN - CPPImporter.plugin.IntentionExecutor - indexOf node 0 
2017-05-12 14:14:12,233 [1164212]   WARN - CPPImporter.plugin.UpdatePreview - Execute intention KeepAsFeature 
2017-05-12 14:14:12,233 [1164212]   WARN - CPPImporter.plugin.IntentionExecutor - indexOf node 0 
2017-05-12 14:14:12,236 [1164215]   WARN - CPPImporter.plugin.UpdatePreview - Execute intention Keep 
2017-05-12 14:14:12,246 [1164225]   WARN - CPPImporter.plugin.IntentionExecutor - indexOf node 0 
2017-05-12 14:14:12,247 [1164226]   WARN - CPPImporter.plugin.UpdatePreview - Execute intention KeepAsFeature 
2017-05-12 14:14:12,247 [1164226]   WARN - CPPImporter.plugin.IntentionExecutor - indexOf node 0 
2017-05-12 14:14:12,248 [1164227]   WARN - CPPImporter.plugin.UpdatePreview - Execute intention ChangePC 
2017-05-12 14:14:12,248 [1164227]   WARN - CPPImporter.plugin.UpdatePreview - Execute intention Remove 
2017-05-12 14:14:12,248 [1164227]   WARN - CPPImporter.plugin.UpdatePreview - Execute intention Keep 
2017-05-12 14:14:12,248 [1164227]   WARN - CPPImporter.plugin.IntentionExecutor - indexOf node 0 
2017-05-12 14:14:12,249 [1164228]   WARN - CPPImporter.plugin.UpdatePreview - Execute intention Remove 
2017-05-12 14:14:12,249 [1164228]   WARN - CPPImporter.plugin.UpdatePreview - Execute intention Keep 
2017-05-12 14:14:12,249 [1164228]   WARN - CPPImporter.plugin.IntentionExecutor - indexOf node 0 
2017-05-12 14:14:12,250 [1164229]   WARN - CPPImporter.plugin.UpdatePreview - Execute intention Remove 
2017-05-12 14:14:12,250 [1164229]   WARN - CPPImporter.plugin.UpdatePreview - Execute intention Keep 
2017-05-12 14:14:12,250 [1164229]   WARN - CPPImporter.plugin.IntentionExecutor - indexOf node 0 
2017-05-12 14:14:12,254 [1164233]   WARN - CPPImporter.plugin.UpdatePreview - Execute intention Remove 
2017-05-12 14:14:12,255 [1164234]   WARN - CPPImporter.plugin.UpdatePreview - Execute intention Keep 
2017-05-12 14:14:12,255 [1164234]   WARN - CPPImporter.plugin.IntentionExecutor - indexOf node 0 
2017-05-12 14:14:12,298 [1164277]   WARN - CPPLanguage.editor.IntentionContainer_Editor - Show 24 intentions. 
2017-05-12 14:14:30,150 [1182129]   INFO - CPPImporter.plugin.Keep_Action - [LOG] Intention Keep for 2 nodes. 
2017-05-12 14:14:30,152 [1182131]   INFO - CPPImporter.plugin.Keep_Action - [LOG] View of Keep Intention is default 
2017-05-12 14:14:30,153 [1182132]   INFO - CPPImporter.plugin.Keep_Action - No automatic anti Intention, branch is not completly selected 
2017-05-12 14:14:30,153 [1182132]   INFO - CPPImporter.plugin.Keep_Action - Update Preview 
2017-05-12 14:14:30,153 [1182132]   INFO - CPPImporter.plugin.UpdatePreview - Initialize future model 
2017-05-12 14:14:30,153 [1182132]   INFO - CPPImporter.plugin.UpdatePreview - Create node mapping 
2017-05-12 14:14:30,153 [1182132]   INFO - CPPImporter.plugin.UpdatePreview - Node mapping done 
2017-05-12 14:14:30,154 [1182133]   WARN - CPPImporter.plugin.UpdatePreview - Execute intention Keep 
2017-05-12 14:14:30,158 [1182137]   WARN - CPPImporter.plugin.IntentionExecutor - MakeMandatory: node 0 is not in #if/#ifdef 
2017-05-12 14:14:30,158 [1182137]   WARN - CPPImporter.plugin.IntentionExecutor - Action MakeMandatory only possible if all selected nodes are within an #if/#ifdef 
2017-05-12 14:14:30,158 [1182137]  ERROR - CPPImporter.plugin.IntentionExecutor - Failed prerequiste check 
2017-05-12 14:14:30,158 [1182137]   WARN - CPPImporter.plugin.UpdatePreview - Execute intention Keep 
2017-05-12 14:14:30,159 [1182138]   WARN - CPPImporter.plugin.IntentionExecutor - indexOf node 0 
2017-05-12 14:14:30,159 [1182138]   WARN - CPPImporter.plugin.UpdatePreview - Execute intention Keep 
2017-05-12 14:14:30,159 [1182138]   WARN - CPPImporter.plugin.IntentionExecutor - indexOf node 0 
2017-05-12 14:14:30,167 [1182146]   WARN - CPPImporter.plugin.UpdatePreview - Execute intention Keep 
2017-05-12 14:14:30,167 [1182146]   WARN - CPPImporter.plugin.IntentionExecutor - indexOf node 0 
2017-05-12 14:14:30,169 [1182148]   WARN - CPPImporter.plugin.UpdatePreview - Execute intention Keep 
2017-05-12 14:14:30,169 [1182148]   WARN - CPPImporter.plugin.IntentionExecutor - indexOf node 0 
2017-05-12 14:14:30,170 [1182149]   WARN - CPPImporter.plugin.UpdatePreview - Execute intention Keep 
2017-05-12 14:14:30,170 [1182149]   WARN - CPPImporter.plugin.IntentionExecutor - indexOf node 0 
2017-05-12 14:14:30,170 [1182149]   WARN - CPPImporter.plugin.UpdatePreview - Execute intention Keep 
2017-05-12 14:14:30,170 [1182149]   WARN - CPPImporter.plugin.IntentionExecutor - indexOf node 0 
2017-05-12 14:14:30,171 [1182150]   WARN - CPPImporter.plugin.UpdatePreview - Execute intention Keep 
2017-05-12 14:14:30,171 [1182150]   WARN - CPPImporter.plugin.IntentionExecutor - indexOf node 0 
2017-05-12 14:14:30,171 [1182150]   WARN - CPPImporter.plugin.UpdatePreview - Execute intention KeepAsFeature 
2017-05-12 14:14:30,171 [1182150]   WARN - CPPImporter.plugin.IntentionExecutor - indexOf node 8 
2017-05-12 14:14:30,172 [1182151]   WARN - CPPImporter.plugin.UpdatePreview - Execute intention Keep 
2017-05-12 14:14:30,175 [1182154]   WARN - CPPImporter.plugin.IntentionExecutor - indexOf node 0 
2017-05-12 14:14:30,176 [1182155]   WARN - CPPImporter.plugin.UpdatePreview - Execute intention KeepAsFeature 
2017-05-12 14:14:30,176 [1182155]   WARN - CPPImporter.plugin.IntentionExecutor - indexOf node 0 
2017-05-12 14:14:30,177 [1182156]   WARN - CPPImporter.plugin.UpdatePreview - Execute intention Keep 
2017-05-12 14:14:30,178 [1182157]   WARN - CPPImporter.plugin.IntentionExecutor - indexOf node 0 
2017-05-12 14:14:30,178 [1182157]   WARN - CPPImporter.plugin.UpdatePreview - Execute intention KeepAsFeature 
2017-05-12 14:14:30,179 [1182158]   WARN - CPPImporter.plugin.IntentionExecutor - indexOf node 0 
2017-05-12 14:14:30,179 [1182158]   WARN - CPPImporter.plugin.UpdatePreview - Execute intention Keep 
2017-05-12 14:14:30,179 [1182158]   WARN - CPPImporter.plugin.IntentionExecutor - indexOf node 0 
2017-05-12 14:14:30,180 [1182159]   WARN - CPPImporter.plugin.UpdatePreview - Execute intention KeepAsFeature 
2017-05-12 14:14:30,180 [1182159]   WARN - CPPImporter.plugin.IntentionExecutor - indexOf node 0 
2017-05-12 14:14:30,180 [1182159]   WARN - CPPImporter.plugin.UpdatePreview - Execute intention ChangePC 
2017-05-12 14:14:30,181 [1182160]   WARN - CPPImporter.plugin.UpdatePreview - Execute intention Remove 
2017-05-12 14:14:30,181 [1182160]   WARN - CPPImporter.plugin.UpdatePreview - Execute intention Keep 
2017-05-12 14:14:30,181 [1182160]   WARN - CPPImporter.plugin.IntentionExecutor - indexOf node 0 
2017-05-12 14:14:30,181 [1182160]   WARN - CPPImporter.plugin.UpdatePreview - Execute intention Remove 
2017-05-12 14:14:30,181 [1182160]   WARN - CPPImporter.plugin.UpdatePreview - Execute intention Keep 
2017-05-12 14:14:30,182 [1182161]   WARN - CPPImporter.plugin.IntentionExecutor - indexOf node 0 
2017-05-12 14:14:30,182 [1182161]   WARN - CPPImporter.plugin.UpdatePreview - Execute intention Remove 
2017-05-12 14:14:30,184 [1182163]   WARN - CPPImporter.plugin.UpdatePreview - Execute intention Keep 
2017-05-12 14:14:30,184 [1182163]   WARN - CPPImporter.plugin.IntentionExecutor - indexOf node 0 
2017-05-12 14:14:30,187 [1182166]   WARN - CPPImporter.plugin.UpdatePreview - Execute intention Remove 
2017-05-12 14:14:30,187 [1182166]   WARN - CPPImporter.plugin.UpdatePreview - Execute intention Keep 
2017-05-12 14:14:30,187 [1182166]   WARN - CPPImporter.plugin.IntentionExecutor - indexOf node 0 
2017-05-12 14:14:30,189 [1182168]   WARN - CPPImporter.plugin.UpdatePreview - Execute intention Keep 
2017-05-12 14:14:30,189 [1182168]   WARN - CPPImporter.plugin.IntentionExecutor - indexOf node 0 
2017-05-12 14:14:30,190 [1182169]   WARN - CPPImporter.plugin.UpdatePreview - Execute intention Keep 
2017-05-12 14:14:30,194 [1182173]   WARN - CPPImporter.plugin.IntentionExecutor - indexOf node 0 
2017-05-12 14:14:30,207 [1182186]   WARN - CPPLanguage.editor.IntentionContainer_Editor - Show 26 intentions. 
2017-05-12 14:14:34,257 [1186236]   WARN - CPPLanguage.editor.IntentionContainer_Editor - Show 24 intentions. 
2017-05-12 14:14:37,760 [1189739]   INFO - CPPImporter.plugin.Keep_Action - [LOG] Intention Keep for 3 nodes. 
2017-05-12 14:14:37,760 [1189739]   INFO - CPPImporter.plugin.Keep_Action - [LOG] View of Keep Intention is default 
2017-05-12 14:14:37,764 [1189743]   INFO - CPPImporter.plugin.Keep_Action - Update Preview 
2017-05-12 14:14:37,764 [1189743]   INFO - CPPImporter.plugin.UpdatePreview - Initialize future model 
2017-05-12 14:14:37,765 [1189744]   INFO - CPPImporter.plugin.UpdatePreview - Create node mapping 
2017-05-12 14:14:37,765 [1189744]   INFO - CPPImporter.plugin.UpdatePreview - Node mapping done 
2017-05-12 14:14:37,766 [1189745]   WARN - CPPImporter.plugin.UpdatePreview - Execute intention Keep 
2017-05-12 14:14:37,768 [1189747]   WARN - CPPImporter.plugin.IntentionExecutor - MakeMandatory: node 0 is not in #if/#ifdef 
2017-05-12 14:14:37,776 [1189755]   WARN - CPPImporter.plugin.IntentionExecutor - Action MakeMandatory only possible if all selected nodes are within an #if/#ifdef 
2017-05-12 14:14:37,776 [1189755]  ERROR - CPPImporter.plugin.IntentionExecutor - Failed prerequiste check 
2017-05-12 14:14:37,777 [1189756]   WARN - CPPImporter.plugin.UpdatePreview - Execute intention Keep 
2017-05-12 14:14:37,777 [1189756]   WARN - CPPImporter.plugin.IntentionExecutor - indexOf node 0 
2017-05-12 14:14:37,777 [1189756]   WARN - CPPImporter.plugin.UpdatePreview - Execute intention Keep 
2017-05-12 14:14:37,777 [1189756]   WARN - CPPImporter.plugin.IntentionExecutor - indexOf node 0 
2017-05-12 14:14:37,778 [1189757]   WARN - CPPImporter.plugin.UpdatePreview - Execute intention Keep 
2017-05-12 14:14:37,778 [1189757]   WARN - CPPImporter.plugin.IntentionExecutor - indexOf node 0 
2017-05-12 14:14:37,779 [1189758]   WARN - CPPImporter.plugin.UpdatePreview - Execute intention Keep 
2017-05-12 14:14:37,779 [1189758]   WARN - CPPImporter.plugin.IntentionExecutor - indexOf node 0 
2017-05-12 14:14:37,779 [1189758]   WARN - CPPImporter.plugin.UpdatePreview - Execute intention Keep 
2017-05-12 14:14:37,779 [1189758]   WARN - CPPImporter.plugin.IntentionExecutor - indexOf node 0 
2017-05-12 14:14:37,780 [1189759]   WARN - CPPImporter.plugin.UpdatePreview - Execute intention Keep 
2017-05-12 14:14:37,780 [1189759]   WARN - CPPImporter.plugin.IntentionExecutor - indexOf node 0 
2017-05-12 14:14:37,780 [1189759]   WARN - CPPImporter.plugin.UpdatePreview - Execute intention Keep 
2017-05-12 14:14:37,780 [1189759]   WARN - CPPImporter.plugin.IntentionExecutor - indexOf node 0 
2017-05-12 14:14:37,796 [1189775]   WARN - CPPImporter.plugin.UpdatePreview - Execute intention KeepAsFeature 
2017-05-12 14:14:37,797 [1189776]   WARN - CPPImporter.plugin.IntentionExecutor - indexOf node 8 
2017-05-12 14:14:37,797 [1189776]   WARN - CPPImporter.plugin.UpdatePreview - Execute intention Keep 
2017-05-12 14:14:37,797 [1189776]   WARN - CPPImporter.plugin.IntentionExecutor - indexOf node 0 
2017-05-12 14:14:37,798 [1189777]   WARN - CPPImporter.plugin.UpdatePreview - Execute intention KeepAsFeature 
2017-05-12 14:14:37,798 [1189777]   WARN - CPPImporter.plugin.IntentionExecutor - indexOf node 0 
2017-05-12 14:14:37,799 [1189778]   WARN - CPPImporter.plugin.UpdatePreview - Execute intention Keep 
2017-05-12 14:14:37,801 [1189780]   WARN - CPPImporter.plugin.IntentionExecutor - indexOf node 0 
2017-05-12 14:14:37,802 [1189781]   WARN - CPPImporter.plugin.UpdatePreview - Execute intention KeepAsFeature 
2017-05-12 14:14:37,804 [1189783]   WARN - CPPImporter.plugin.IntentionExecutor - indexOf node 0 
2017-05-12 14:14:37,806 [1189785]   WARN - CPPImporter.plugin.UpdatePreview - Execute intention Keep 
2017-05-12 14:14:37,806 [1189785]   WARN - CPPImporter.plugin.IntentionExecutor - indexOf node 0 
2017-05-12 14:14:37,806 [1189785]   WARN - CPPImporter.plugin.UpdatePreview - Execute intention KeepAsFeature 
2017-05-12 14:14:37,806 [1189785]   WARN - CPPImporter.plugin.IntentionExecutor - indexOf node 0 
2017-05-12 14:14:37,807 [1189786]   WARN - CPPImporter.plugin.UpdatePreview - Execute intention ChangePC 
2017-05-12 14:14:37,807 [1189786]   WARN - CPPImporter.plugin.UpdatePreview - Execute intention Remove 
2017-05-12 14:14:37,807 [1189786]   WARN - CPPImporter.plugin.UpdatePreview - Execute intention Keep 
2017-05-12 14:14:37,807 [1189786]   WARN - CPPImporter.plugin.IntentionExecutor - indexOf node 0 
2017-05-12 14:14:37,808 [1189787]   WARN - CPPImporter.plugin.UpdatePreview - Execute intention Remove 
2017-05-12 14:14:37,808 [1189787]   WARN - CPPImporter.plugin.UpdatePreview - Execute intention Keep 
2017-05-12 14:14:37,808 [1189787]   WARN - CPPImporter.plugin.IntentionExecutor - indexOf node 0 
2017-05-12 14:14:37,809 [1189788]   WARN - CPPImporter.plugin.UpdatePreview - Execute intention Remove 
2017-05-12 14:14:37,809 [1189788]   WARN - CPPImporter.plugin.UpdatePreview - Execute intention Keep 
2017-05-12 14:14:37,809 [1189788]   WARN - CPPImporter.plugin.IntentionExecutor - indexOf node 0 
2017-05-12 14:14:37,810 [1189789]   WARN - CPPImporter.plugin.UpdatePreview - Execute intention Remove 
2017-05-12 14:14:37,810 [1189789]   WARN - CPPImporter.plugin.UpdatePreview - Execute intention Keep 
2017-05-12 14:14:37,811 [1189790]   WARN - CPPImporter.plugin.IntentionExecutor - indexOf node 0 
2017-05-12 14:14:37,811 [1189790]   WARN - CPPImporter.plugin.UpdatePreview - Execute intention Keep 
2017-05-12 14:14:37,811 [1189790]   WARN - CPPImporter.plugin.IntentionExecutor - indexOf node 0 
2017-05-12 14:14:37,811 [1189790]   WARN - CPPImporter.plugin.UpdatePreview - Execute intention Keep 
2017-05-12 14:14:37,818 [1189797]   WARN - CPPImporter.plugin.IntentionExecutor - indexOf node 0 
2017-05-12 14:14:37,820 [1189799]   WARN - CPPImporter.plugin.UpdatePreview - Execute intention Keep 
2017-05-12 14:14:37,821 [1189800]   WARN - CPPImporter.plugin.IntentionExecutor - indexOf node 0 
2017-05-12 14:14:37,829 [1189808]   WARN - CPPLanguage.editor.IntentionContainer_Editor - Show 27 intentions. 
2017-05-12 14:15:12,101 [1224080]   WARN - CPPImporter.plugin.ChangePC_Action - [LOG] Intention ChangePC View default 
2017-05-12 14:15:12,102 [1224081]   INFO - CPPImporter.plugin.UpdatePreview - Initialize future model 
2017-05-12 14:15:12,110 [1224089]   INFO - CPPImporter.plugin.UpdatePreview - Create node mapping 
2017-05-12 14:15:12,110 [1224089]   INFO - CPPImporter.plugin.UpdatePreview - Node mapping done 
2017-05-12 14:15:12,111 [1224090]   WARN - CPPImporter.plugin.UpdatePreview - Execute intention Keep 
2017-05-12 14:15:12,111 [1224090]   WARN - CPPImporter.plugin.IntentionExecutor - MakeMandatory: node 0 is not in #if/#ifdef 
2017-05-12 14:15:12,112 [1224091]   WARN - CPPImporter.plugin.IntentionExecutor - Action MakeMandatory only possible if all selected nodes are within an #if/#ifdef 
2017-05-12 14:15:12,112 [1224091]  ERROR - CPPImporter.plugin.IntentionExecutor - Failed prerequiste check 
2017-05-12 14:15:12,112 [1224091]   WARN - CPPImporter.plugin.UpdatePreview - Execute intention Keep 
2017-05-12 14:15:12,113 [1224092]   WARN - CPPImporter.plugin.IntentionExecutor - indexOf node 0 
2017-05-12 14:15:12,113 [1224092]   WARN - CPPImporter.plugin.UpdatePreview - Execute intention Keep 
2017-05-12 14:15:12,113 [1224092]   WARN - CPPImporter.plugin.IntentionExecutor - indexOf node 0 
2017-05-12 14:15:12,114 [1224093]   WARN - CPPImporter.plugin.UpdatePreview - Execute intention Keep 
2017-05-12 14:15:12,135 [1224114]   WARN - CPPImporter.plugin.IntentionExecutor - indexOf node 0 
2017-05-12 14:15:12,141 [1224120]   WARN - CPPImporter.plugin.UpdatePreview - Execute intention Keep 
2017-05-12 14:15:12,143 [1224122]   WARN - CPPImporter.plugin.IntentionExecutor - indexOf node 0 
2017-05-12 14:15:12,144 [1224123]   WARN - CPPImporter.plugin.UpdatePreview - Execute intention Keep 
2017-05-12 14:15:12,145 [1224124]   WARN - CPPImporter.plugin.IntentionExecutor - indexOf node 0 
2017-05-12 14:15:12,145 [1224124]   WARN - CPPImporter.plugin.UpdatePreview - Execute intention Keep 
2017-05-12 14:15:12,145 [1224124]   WARN - CPPImporter.plugin.IntentionExecutor - indexOf node 0 
2017-05-12 14:15:12,145 [1224124]   WARN - CPPImporter.plugin.UpdatePreview - Execute intention Keep 
2017-05-12 14:15:12,146 [1224125]   WARN - CPPImporter.plugin.IntentionExecutor - indexOf node 0 
2017-05-12 14:15:12,146 [1224125]   WARN - CPPImporter.plugin.UpdatePreview - Execute intention KeepAsFeature 
2017-05-12 14:15:12,150 [1224129]   WARN - CPPImporter.plugin.IntentionExecutor - indexOf node 8 
2017-05-12 14:15:12,151 [1224130]   WARN - CPPImporter.plugin.UpdatePreview - Execute intention Keep 
2017-05-12 14:15:12,151 [1224130]   WARN - CPPImporter.plugin.IntentionExecutor - indexOf node 0 
2017-05-12 14:15:12,151 [1224130]   WARN - CPPImporter.plugin.UpdatePreview - Execute intention KeepAsFeature 
2017-05-12 14:15:12,152 [1224131]   WARN - CPPImporter.plugin.IntentionExecutor - indexOf node 0 
2017-05-12 14:15:12,152 [1224131]   WARN - CPPImporter.plugin.UpdatePreview - Execute intention Keep 
2017-05-12 14:15:12,152 [1224131]   WARN - CPPImporter.plugin.IntentionExecutor - indexOf node 0 
2017-05-12 14:15:12,152 [1224131]   WARN - CPPImporter.plugin.UpdatePreview - Execute intention KeepAsFeature 
2017-05-12 14:15:12,171 [1224150]   WARN - CPPImporter.plugin.IntentionExecutor - indexOf node 0 
2017-05-12 14:15:12,172 [1224151]   WARN - CPPImporter.plugin.UpdatePreview - Execute intention Keep 
2017-05-12 14:15:12,172 [1224151]   WARN - CPPImporter.plugin.IntentionExecutor - indexOf node 0 
2017-05-12 14:15:12,172 [1224151]   WARN - CPPImporter.plugin.UpdatePreview - Execute intention KeepAsFeature 
2017-05-12 14:15:12,173 [1224152]   WARN - CPPImporter.plugin.IntentionExecutor - indexOf node 0 
2017-05-12 14:15:12,173 [1224152]   WARN - CPPImporter.plugin.UpdatePreview - Execute intention ChangePC 
2017-05-12 14:15:12,173 [1224152]   WARN - CPPImporter.plugin.UpdatePreview - Execute intention Remove 
2017-05-12 14:15:12,173 [1224152]   WARN - CPPImporter.plugin.UpdatePreview - Execute intention Keep 
2017-05-12 14:15:12,174 [1224153]   WARN - CPPImporter.plugin.IntentionExecutor - indexOf node 0 
2017-05-12 14:15:12,174 [1224153]   WARN - CPPImporter.plugin.UpdatePreview - Execute intention Remove 
2017-05-12 14:15:12,174 [1224153]   WARN - CPPImporter.plugin.UpdatePreview - Execute intention Keep 
2017-05-12 14:15:12,174 [1224153]   WARN - CPPImporter.plugin.IntentionExecutor - indexOf node 0 
2017-05-12 14:15:12,175 [1224154]   WARN - CPPImporter.plugin.UpdatePreview - Execute intention Remove 
2017-05-12 14:15:12,175 [1224154]   WARN - CPPImporter.plugin.UpdatePreview - Execute intention Keep 
2017-05-12 14:15:12,175 [1224154]   WARN - CPPImporter.plugin.IntentionExecutor - indexOf node 0 
2017-05-12 14:15:12,178 [1224157]   WARN - CPPImporter.plugin.UpdatePreview - Execute intention Remove 
2017-05-12 14:15:12,179 [1224158]   WARN - CPPImporter.plugin.UpdatePreview - Execute intention Keep 
2017-05-12 14:15:12,179 [1224158]   WARN - CPPImporter.plugin.IntentionExecutor - indexOf node 0 
2017-05-12 14:15:12,179 [1224158]   WARN - CPPImporter.plugin.UpdatePreview - Execute intention Keep 
2017-05-12 14:15:12,186 [1224165]   WARN - CPPImporter.plugin.IntentionExecutor - indexOf node 0 
2017-05-12 14:15:12,186 [1224165]   WARN - CPPImporter.plugin.UpdatePreview - Execute intention Keep 
2017-05-12 14:15:12,187 [1224166]   WARN - CPPImporter.plugin.IntentionExecutor - indexOf node 0 
2017-05-12 14:15:12,187 [1224166]   WARN - CPPImporter.plugin.UpdatePreview - Execute intention Keep 
2017-05-12 14:15:12,187 [1224166]   WARN - CPPImporter.plugin.IntentionExecutor - indexOf node 0 
2017-05-12 14:15:12,189 [1224168]   WARN - CPPImporter.plugin.UpdatePreview - Execute intention ChangePC 
2017-05-12 14:15:12,220 [1224199]   WARN - CPPLanguage.editor.IntentionContainer_Editor - Show 28 intentions. 
2017-05-12 14:15:51,422 [1263401]   INFO - CPPImporter.plugin.Keep_Action - [LOG] Intention Keep for 1 nodes. 
2017-05-12 14:15:51,438 [1263417]   INFO - CPPImporter.plugin.Keep_Action - [LOG] View of Keep Intention is default 
2017-05-12 14:15:51,439 [1263418]   INFO - CPPImporter.plugin.Keep_Action - Update Preview 
2017-05-12 14:15:51,439 [1263418]   INFO - CPPImporter.plugin.UpdatePreview - Initialize future model 
2017-05-12 14:15:51,439 [1263418]   INFO - CPPImporter.plugin.UpdatePreview - Create node mapping 
2017-05-12 14:15:51,439 [1263418]   INFO - CPPImporter.plugin.UpdatePreview - Node mapping done 
2017-05-12 14:15:51,439 [1263418]   WARN - CPPImporter.plugin.UpdatePreview - Execute intention Keep 
2017-05-12 14:15:51,439 [1263418]   WARN - CPPImporter.plugin.IntentionExecutor - indexOf node 0 
2017-05-12 14:15:51,477 [1263456]   WARN - CPPLanguage.editor.IntentionContainer_Editor - Show 1 intentions. 
2017-05-12 14:15:57,120 [1269099]   INFO - CPPImporter.plugin.Keep_Action - [LOG] Intention Keep for 1 nodes. 
2017-05-12 14:15:57,120 [1269099]   INFO - CPPImporter.plugin.Keep_Action - [LOG] View of Keep Intention is default 
2017-05-12 14:15:57,121 [1269100]   INFO - CPPImporter.plugin.Keep_Action - Update Preview 
2017-05-12 14:15:57,121 [1269100]   INFO - CPPImporter.plugin.UpdatePreview - Initialize future model 
2017-05-12 14:15:57,125 [1269104]   INFO - CPPImporter.plugin.UpdatePreview - Create node mapping 
2017-05-12 14:15:57,125 [1269104]   INFO - CPPImporter.plugin.UpdatePreview - Node mapping done 
2017-05-12 14:15:57,130 [1269109]   WARN - CPPImporter.plugin.UpdatePreview - Execute intention Keep 
2017-05-12 14:15:57,131 [1269110]   WARN - CPPImporter.plugin.IntentionExecutor - MakeMandatory: node 0 is not in #if/#ifdef 
2017-05-12 14:15:57,131 [1269110]   WARN - CPPImporter.plugin.IntentionExecutor - Action MakeMandatory only possible if all selected nodes are within an #if/#ifdef 
2017-05-12 14:15:57,131 [1269110]  ERROR - CPPImporter.plugin.IntentionExecutor - Failed prerequiste check 
2017-05-12 14:15:57,131 [1269110]   WARN - CPPImporter.plugin.UpdatePreview - Execute intention Keep 
2017-05-12 14:15:57,131 [1269110]   WARN - CPPImporter.plugin.IntentionExecutor - indexOf node 0 
2017-05-12 14:15:57,133 [1269112]   WARN - CPPImporter.plugin.UpdatePreview - Execute intention Keep 
2017-05-12 14:15:57,133 [1269112]   WARN - CPPImporter.plugin.IntentionExecutor - indexOf node 0 
2017-05-12 14:15:57,134 [1269113]   WARN - CPPImporter.plugin.UpdatePreview - Execute intention Keep 
2017-05-12 14:15:57,134 [1269113]   WARN - CPPImporter.plugin.IntentionExecutor - indexOf node 0 
2017-05-12 14:15:57,135 [1269114]   WARN - CPPImporter.plugin.UpdatePreview - Execute intention Keep 
2017-05-12 14:15:57,142 [1269121]   WARN - CPPImporter.plugin.IntentionExecutor - indexOf node 0 
2017-05-12 14:15:57,143 [1269122]   WARN - CPPImporter.plugin.UpdatePreview - Execute intention Keep 
2017-05-12 14:15:57,143 [1269122]   WARN - CPPImporter.plugin.IntentionExecutor - indexOf node 0 
2017-05-12 14:15:57,144 [1269123]   WARN - CPPImporter.plugin.UpdatePreview - Execute intention Keep 
2017-05-12 14:15:57,144 [1269123]   WARN - CPPImporter.plugin.IntentionExecutor - indexOf node 0 
2017-05-12 14:15:57,145 [1269124]   WARN - CPPImporter.plugin.UpdatePreview - Execute intention Keep 
2017-05-12 14:15:57,145 [1269124]   WARN - CPPImporter.plugin.IntentionExecutor - indexOf node 0 
2017-05-12 14:15:57,146 [1269125]   WARN - CPPImporter.plugin.UpdatePreview - Execute intention KeepAsFeature 
2017-05-12 14:15:57,146 [1269125]   WARN - CPPImporter.plugin.IntentionExecutor - indexOf node 8 
2017-05-12 14:15:57,147 [1269126]   WARN - CPPImporter.plugin.UpdatePreview - Execute intention Keep 
2017-05-12 14:15:57,147 [1269126]   WARN - CPPImporter.plugin.IntentionExecutor - indexOf node 0 
2017-05-12 14:15:57,147 [1269126]   WARN - CPPImporter.plugin.UpdatePreview - Execute intention KeepAsFeature 
2017-05-12 14:15:57,147 [1269126]   WARN - CPPImporter.plugin.IntentionExecutor - indexOf node 0 
2017-05-12 14:15:57,147 [1269126]   WARN - CPPImporter.plugin.UpdatePreview - Execute intention Keep 
2017-05-12 14:15:57,148 [1269127]   WARN - CPPImporter.plugin.IntentionExecutor - indexOf node 0 
2017-05-12 14:15:57,148 [1269127]   WARN - CPPImporter.plugin.UpdatePreview - Execute intention KeepAsFeature 
2017-05-12 14:15:57,149 [1269128]   WARN - CPPImporter.plugin.IntentionExecutor - indexOf node 0 
2017-05-12 14:15:57,151 [1269130]   WARN - CPPImporter.plugin.UpdatePreview - Execute intention Keep 
2017-05-12 14:15:57,151 [1269130]   WARN - CPPImporter.plugin.IntentionExecutor - indexOf node 0 
2017-05-12 14:15:57,152 [1269131]   WARN - CPPImporter.plugin.UpdatePreview - Execute intention KeepAsFeature 
2017-05-12 14:15:57,152 [1269131]   WARN - CPPImporter.plugin.IntentionExecutor - indexOf node 0 
2017-05-12 14:15:57,153 [1269132]   WARN - CPPImporter.plugin.UpdatePreview - Execute intention ChangePC 
2017-05-12 14:15:57,153 [1269132]   WARN - CPPImporter.plugin.UpdatePreview - Execute intention Remove 
2017-05-12 14:15:57,153 [1269132]   WARN - CPPImporter.plugin.UpdatePreview - Execute intention Keep 
2017-05-12 14:15:57,153 [1269132]   WARN - CPPImporter.plugin.IntentionExecutor - indexOf node 0 
2017-05-12 14:15:57,154 [1269133]   WARN - CPPImporter.plugin.UpdatePreview - Execute intention Remove 
2017-05-12 14:15:57,154 [1269133]   WARN - CPPImporter.plugin.UpdatePreview - Execute intention Keep 
2017-05-12 14:15:57,154 [1269133]   WARN - CPPImporter.plugin.IntentionExecutor - indexOf node 0 
2017-05-12 14:15:57,154 [1269133]   WARN - CPPImporter.plugin.UpdatePreview - Execute intention Remove 
2017-05-12 14:15:57,155 [1269134]   WARN - CPPImporter.plugin.UpdatePreview - Execute intention Keep 
2017-05-12 14:15:57,155 [1269134]   WARN - CPPImporter.plugin.IntentionExecutor - indexOf node 0 
2017-05-12 14:15:57,155 [1269134]   WARN - CPPImporter.plugin.UpdatePreview - Execute intention Remove 
2017-05-12 14:15:57,155 [1269134]   WARN - CPPImporter.plugin.UpdatePreview - Execute intention Keep 
2017-05-12 14:15:57,155 [1269134]   WARN - CPPImporter.plugin.IntentionExecutor - indexOf node 0 
2017-05-12 14:15:57,156 [1269135]   WARN - CPPImporter.plugin.UpdatePreview - Execute intention Keep 
2017-05-12 14:15:57,156 [1269135]   WARN - CPPImporter.plugin.IntentionExecutor - indexOf node 0 
2017-05-12 14:15:57,156 [1269135]   WARN - CPPImporter.plugin.UpdatePreview - Execute intention Keep 
2017-05-12 14:15:57,156 [1269135]   WARN - CPPImporter.plugin.IntentionExecutor - indexOf node 0 
2017-05-12 14:15:57,156 [1269135]   WARN - CPPImporter.plugin.UpdatePreview - Execute intention Keep 
2017-05-12 14:15:57,157 [1269136]   WARN - CPPImporter.plugin.IntentionExecutor - indexOf node 0 
2017-05-12 14:15:57,157 [1269136]   WARN - CPPImporter.plugin.UpdatePreview - Execute intention ChangePC 
2017-05-12 14:15:57,157 [1269136]   WARN - CPPImporter.plugin.UpdatePreview - Execute intention Keep 
2017-05-12 14:15:57,157 [1269136]   WARN - CPPImporter.plugin.IntentionExecutor - indexOf node 0 
2017-05-12 14:15:57,171 [1269150]   WARN - CPPLanguage.editor.IntentionContainer_Editor - Show 29 intentions. 
2017-05-12 14:16:32,338 [1304317]   INFO - CPPImporter.plugin.Remove_Action - [LOG] Remove Intention for 1 nodes. 
2017-05-12 14:16:32,339 [1304318]   INFO - CPPImporter.plugin.Remove_Action - [LOG] View of Keep Intention is default 
2017-05-12 14:16:32,340 [1304319]   INFO - CPPImporter.plugin.UpdatePreview - Initialize future model 
2017-05-12 14:16:32,340 [1304319]   INFO - CPPImporter.plugin.UpdatePreview - Create node mapping 
2017-05-12 14:16:32,346 [1304325]   INFO - CPPImporter.plugin.UpdatePreview - Node mapping done 
2017-05-12 14:16:32,347 [1304326]   WARN - CPPImporter.plugin.UpdatePreview - Execute intention Keep 
2017-05-12 14:16:32,348 [1304327]   WARN - CPPImporter.plugin.IntentionExecutor - MakeMandatory: node 0 is not in #if/#ifdef 
2017-05-12 14:16:32,348 [1304327]   WARN - CPPImporter.plugin.IntentionExecutor - Action MakeMandatory only possible if all selected nodes are within an #if/#ifdef 
2017-05-12 14:16:32,348 [1304327]  ERROR - CPPImporter.plugin.IntentionExecutor - Failed prerequiste check 
2017-05-12 14:16:32,348 [1304327]   WARN - CPPImporter.plugin.UpdatePreview - Execute intention Keep 
2017-05-12 14:16:32,349 [1304328]   WARN - CPPImporter.plugin.IntentionExecutor - indexOf node 0 
2017-05-12 14:16:32,349 [1304328]   WARN - CPPImporter.plugin.UpdatePreview - Execute intention Keep 
2017-05-12 14:16:32,349 [1304328]   WARN - CPPImporter.plugin.IntentionExecutor - indexOf node 0 
2017-05-12 14:16:32,362 [1304341]   WARN - CPPImporter.plugin.UpdatePreview - Execute intention Keep 
2017-05-12 14:16:32,363 [1304342]   WARN - CPPImporter.plugin.IntentionExecutor - indexOf node 0 
2017-05-12 14:16:32,371 [1304350]   WARN - CPPImporter.plugin.UpdatePreview - Execute intention Keep 
2017-05-12 14:16:32,371 [1304350]   WARN - CPPImporter.plugin.IntentionExecutor - indexOf node 0 
2017-05-12 14:16:32,372 [1304351]   WARN - CPPImporter.plugin.UpdatePreview - Execute intention Keep 
2017-05-12 14:16:32,372 [1304351]   WARN - CPPImporter.plugin.IntentionExecutor - indexOf node 0 
2017-05-12 14:16:32,372 [1304351]   WARN - CPPImporter.plugin.UpdatePreview - Execute intention Keep 
2017-05-12 14:16:32,373 [1304352]   WARN - CPPImporter.plugin.IntentionExecutor - indexOf node 0 
2017-05-12 14:16:32,374 [1304353]   WARN - CPPImporter.plugin.UpdatePreview - Execute intention Keep 
2017-05-12 14:16:32,374 [1304353]   WARN - CPPImporter.plugin.IntentionExecutor - indexOf node 0 
2017-05-12 14:16:32,376 [1304355]   WARN - CPPImporter.plugin.UpdatePreview - Execute intention KeepAsFeature 
2017-05-12 14:16:32,376 [1304355]   WARN - CPPImporter.plugin.IntentionExecutor - indexOf node 8 
2017-05-12 14:16:32,377 [1304356]   WARN - CPPImporter.plugin.UpdatePreview - Execute intention Keep 
2017-05-12 14:16:32,377 [1304356]   WARN - CPPImporter.plugin.IntentionExecutor - indexOf node 0 
2017-05-12 14:16:32,377 [1304356]   WARN - CPPImporter.plugin.UpdatePreview - Execute intention KeepAsFeature 
2017-05-12 14:16:32,377 [1304356]   WARN - CPPImporter.plugin.IntentionExecutor - indexOf node 0 
2017-05-12 14:16:32,378 [1304357]   WARN - CPPImporter.plugin.UpdatePreview - Execute intention Keep 
2017-05-12 14:16:32,378 [1304357]   WARN - CPPImporter.plugin.IntentionExecutor - indexOf node 0 
2017-05-12 14:16:32,378 [1304357]   WARN - CPPImporter.plugin.UpdatePreview - Execute intention KeepAsFeature 
2017-05-12 14:16:32,383 [1304362]   WARN - CPPImporter.plugin.IntentionExecutor - indexOf node 0 
2017-05-12 14:16:32,384 [1304363]   WARN - CPPImporter.plugin.UpdatePreview - Execute intention Keep 
2017-05-12 14:16:32,387 [1304366]   WARN - CPPImporter.plugin.IntentionExecutor - indexOf node 0 
2017-05-12 14:16:32,388 [1304367]   WARN - CPPImporter.plugin.UpdatePreview - Execute intention KeepAsFeature 
2017-05-12 14:16:32,388 [1304367]   WARN - CPPImporter.plugin.IntentionExecutor - indexOf node 0 
2017-05-12 14:16:32,389 [1304368]   WARN - CPPImporter.plugin.UpdatePreview - Execute intention ChangePC 
2017-05-12 14:16:32,389 [1304368]   WARN - CPPImporter.plugin.UpdatePreview - Execute intention Remove 
2017-05-12 14:16:32,389 [1304368]   WARN - CPPImporter.plugin.UpdatePreview - Execute intention Keep 
2017-05-12 14:16:32,390 [1304369]   WARN - CPPImporter.plugin.IntentionExecutor - indexOf node 0 
2017-05-12 14:16:32,390 [1304369]   WARN - CPPImporter.plugin.UpdatePreview - Execute intention Remove 
2017-05-12 14:16:32,390 [1304369]   WARN - CPPImporter.plugin.UpdatePreview - Execute intention Keep 
2017-05-12 14:16:32,390 [1304369]   WARN - CPPImporter.plugin.IntentionExecutor - indexOf node 0 
2017-05-12 14:16:32,391 [1304370]   WARN - CPPImporter.plugin.UpdatePreview - Execute intention Remove 
2017-05-12 14:16:32,391 [1304370]   WARN - CPPImporter.plugin.UpdatePreview - Execute intention Keep 
2017-05-12 14:16:32,391 [1304370]   WARN - CPPImporter.plugin.IntentionExecutor - indexOf node 0 
2017-05-12 14:16:32,391 [1304370]   WARN - CPPImporter.plugin.UpdatePreview - Execute intention Remove 
2017-05-12 14:16:32,392 [1304371]   WARN - CPPImporter.plugin.UpdatePreview - Execute intention Keep 
2017-05-12 14:16:32,392 [1304371]   WARN - CPPImporter.plugin.IntentionExecutor - indexOf node 0 
2017-05-12 14:16:32,392 [1304371]   WARN - CPPImporter.plugin.UpdatePreview - Execute intention Keep 
2017-05-12 14:16:32,392 [1304371]   WARN - CPPImporter.plugin.IntentionExecutor - indexOf node 0 
2017-05-12 14:16:32,392 [1304371]   WARN - CPPImporter.plugin.UpdatePreview - Execute intention Keep 
2017-05-12 14:16:32,393 [1304372]   WARN - CPPImporter.plugin.IntentionExecutor - indexOf node 0 
2017-05-12 14:16:32,394 [1304373]   WARN - CPPImporter.plugin.UpdatePreview - Execute intention Keep 
2017-05-12 14:16:32,394 [1304373]   WARN - CPPImporter.plugin.IntentionExecutor - indexOf node 0 
2017-05-12 14:16:32,395 [1304374]   WARN - CPPImporter.plugin.UpdatePreview - Execute intention ChangePC 
2017-05-12 14:16:32,397 [1304376]   WARN - CPPImporter.plugin.UpdatePreview - Execute intention Keep 
2017-05-12 14:16:32,397 [1304376]   WARN - CPPImporter.plugin.IntentionExecutor - indexOf node 0 
2017-05-12 14:16:32,398 [1304377]   WARN - CPPImporter.plugin.UpdatePreview - Execute intention Remove 
2017-05-12 14:16:32,407 [1304386]   WARN - CPPLanguage.editor.IntentionContainer_Editor - Show 30 intentions. 
2017-05-12 14:16:48,080 [1320059]   WARN - CPPImporter.plugin.ChangePC_Action - [LOG] Intention ChangePC View default 
2017-05-12 14:16:48,081 [1320060]   INFO - CPPImporter.plugin.UpdatePreview - Initialize future model 
2017-05-12 14:16:48,081 [1320060]   INFO - CPPImporter.plugin.UpdatePreview - Create node mapping 
2017-05-12 14:16:48,081 [1320060]   INFO - CPPImporter.plugin.UpdatePreview - Node mapping done 
2017-05-12 14:16:48,082 [1320061]   WARN - CPPImporter.plugin.UpdatePreview - Execute intention Keep 
2017-05-12 14:16:48,085 [1320064]   WARN - CPPImporter.plugin.IntentionExecutor - MakeMandatory: node 0 is not in #if/#ifdef 
2017-05-12 14:16:48,101 [1320080]   WARN - CPPImporter.plugin.IntentionExecutor - Action MakeMandatory only possible if all selected nodes are within an #if/#ifdef 
2017-05-12 14:16:48,101 [1320080]  ERROR - CPPImporter.plugin.IntentionExecutor - Failed prerequiste check 
2017-05-12 14:16:48,101 [1320080]   WARN - CPPImporter.plugin.UpdatePreview - Execute intention Keep 
2017-05-12 14:16:48,102 [1320081]   WARN - CPPImporter.plugin.IntentionExecutor - indexOf node 0 
2017-05-12 14:16:48,126 [1320105]   WARN - CPPImporter.plugin.UpdatePreview - Execute intention Keep 
2017-05-12 14:16:48,127 [1320106]   WARN - CPPImporter.plugin.IntentionExecutor - indexOf node 0 
2017-05-12 14:16:48,130 [1320109]   WARN - CPPImporter.plugin.UpdatePreview - Execute intention Keep 
2017-05-12 14:16:48,130 [1320109]   WARN - CPPImporter.plugin.IntentionExecutor - indexOf node 0 
2017-05-12 14:16:48,154 [1320133]   WARN - CPPImporter.plugin.UpdatePreview - Execute intention Keep 
2017-05-12 14:16:48,154 [1320133]   WARN - CPPImporter.plugin.IntentionExecutor - indexOf node 0 
2017-05-12 14:16:48,155 [1320134]   WARN - CPPImporter.plugin.UpdatePreview - Execute intention Keep 
2017-05-12 14:16:48,155 [1320134]   WARN - CPPImporter.plugin.IntentionExecutor - indexOf node 0 
2017-05-12 14:16:48,155 [1320134]   WARN - CPPImporter.plugin.UpdatePreview - Execute intention Keep 
2017-05-12 14:16:48,155 [1320134]   WARN - CPPImporter.plugin.IntentionExecutor - indexOf node 0 
2017-05-12 14:16:48,156 [1320135]   WARN - CPPImporter.plugin.UpdatePreview - Execute intention Keep 
2017-05-12 14:16:48,156 [1320135]   WARN - CPPImporter.plugin.IntentionExecutor - indexOf node 0 
2017-05-12 14:16:48,157 [1320136]   WARN - CPPImporter.plugin.UpdatePreview - Execute intention KeepAsFeature 
2017-05-12 14:16:48,157 [1320136]   WARN - CPPImporter.plugin.IntentionExecutor - indexOf node 8 
2017-05-12 14:16:48,157 [1320136]   WARN - CPPImporter.plugin.UpdatePreview - Execute intention Keep 
2017-05-12 14:16:48,158 [1320137]   WARN - CPPImporter.plugin.IntentionExecutor - indexOf node 0 
2017-05-12 14:16:48,158 [1320137]   WARN - CPPImporter.plugin.UpdatePreview - Execute intention KeepAsFeature 
2017-05-12 14:16:48,158 [1320137]   WARN - CPPImporter.plugin.IntentionExecutor - indexOf node 0 
2017-05-12 14:16:48,159 [1320138]   WARN - CPPImporter.plugin.UpdatePreview - Execute intention Keep 
2017-05-12 14:16:48,159 [1320138]   WARN - CPPImporter.plugin.IntentionExecutor - indexOf node 0 
2017-05-12 14:16:48,160 [1320139]   WARN - CPPImporter.plugin.UpdatePreview - Execute intention KeepAsFeature 
2017-05-12 14:16:48,160 [1320139]   WARN - CPPImporter.plugin.IntentionExecutor - indexOf node 0 
2017-05-12 14:16:48,164 [1320143]   WARN - CPPImporter.plugin.UpdatePreview - Execute intention Keep 
2017-05-12 14:16:48,170 [1320149]   WARN - CPPImporter.plugin.IntentionExecutor - indexOf node 0 
2017-05-12 14:16:48,170 [1320149]   WARN - CPPImporter.plugin.UpdatePreview - Execute intention KeepAsFeature 
2017-05-12 14:16:48,170 [1320149]   WARN - CPPImporter.plugin.IntentionExecutor - indexOf node 0 
2017-05-12 14:16:48,171 [1320150]   WARN - CPPImporter.plugin.UpdatePreview - Execute intention ChangePC 
2017-05-12 14:16:48,171 [1320150]   WARN - CPPImporter.plugin.UpdatePreview - Execute intention Remove 
2017-05-12 14:16:48,171 [1320150]   WARN - CPPImporter.plugin.UpdatePreview - Execute intention Keep 
2017-05-12 14:16:48,171 [1320150]   WARN - CPPImporter.plugin.IntentionExecutor - indexOf node 0 
2017-05-12 14:16:48,172 [1320151]   WARN - CPPImporter.plugin.UpdatePreview - Execute intention Remove 
2017-05-12 14:16:48,172 [1320151]   WARN - CPPImporter.plugin.UpdatePreview - Execute intention Keep 
2017-05-12 14:16:48,172 [1320151]   WARN - CPPImporter.plugin.IntentionExecutor - indexOf node 0 
2017-05-12 14:16:48,172 [1320151]   WARN - CPPImporter.plugin.UpdatePreview - Execute intention Remove 
2017-05-12 14:16:48,172 [1320151]   WARN - CPPImporter.plugin.UpdatePreview - Execute intention Keep 
2017-05-12 14:16:48,173 [1320152]   WARN - CPPImporter.plugin.IntentionExecutor - indexOf node 0 
2017-05-12 14:16:48,173 [1320152]   WARN - CPPImporter.plugin.UpdatePreview - Execute intention Remove 
2017-05-12 14:16:48,173 [1320152]   WARN - CPPImporter.plugin.UpdatePreview - Execute intention Keep 
2017-05-12 14:16:48,173 [1320152]   WARN - CPPImporter.plugin.IntentionExecutor - indexOf node 0 
2017-05-12 14:16:48,174 [1320153]   WARN - CPPImporter.plugin.UpdatePreview - Execute intention Keep 
2017-05-12 14:16:48,175 [1320154]   WARN - CPPImporter.plugin.IntentionExecutor - indexOf node 0 
2017-05-12 14:16:48,175 [1320154]   WARN - CPPImporter.plugin.UpdatePreview - Execute intention Keep 
2017-05-12 14:16:48,176 [1320155]   WARN - CPPImporter.plugin.IntentionExecutor - indexOf node 0 
2017-05-12 14:16:48,176 [1320155]   WARN - CPPImporter.plugin.UpdatePreview - Execute intention Keep 
2017-05-12 14:16:48,176 [1320155]   WARN - CPPImporter.plugin.IntentionExecutor - indexOf node 0 
2017-05-12 14:16:48,177 [1320156]   WARN - CPPImporter.plugin.UpdatePreview - Execute intention ChangePC 
2017-05-12 14:16:48,199 [1320178]   WARN - CPPImporter.plugin.UpdatePreview - Execute intention Keep 
2017-05-12 14:16:48,199 [1320178]   WARN - CPPImporter.plugin.IntentionExecutor - indexOf node 0 
2017-05-12 14:16:48,200 [1320179]   WARN - CPPImporter.plugin.UpdatePreview - Execute intention ChangePC 
2017-05-12 14:16:48,200 [1320179]   WARN - CPPImporter.plugin.UpdatePreview - Execute intention Remove 
2017-05-12 14:16:48,212 [1320191]   WARN - CPPLanguage.editor.IntentionContainer_Editor - Show 31 intentions. 
2017-05-12 14:17:06,935 [1338914]   WARN - CPPImporter.plugin.CommitIntentions_Action - Commit Intentions 
2017-05-12 14:17:06,944 [1338923]   INFO - CPPImporter.plugin.UpdatePreview - Initialize future model 
2017-05-12 14:17:06,945 [1338924]   INFO - CPPImporter.plugin.UpdatePreview - Create node mapping 
2017-05-12 14:17:06,945 [1338924]   INFO - CPPImporter.plugin.UpdatePreview - Node mapping done 
2017-05-12 14:17:06,945 [1338924]   WARN - CPPImporter.plugin.UpdatePreview - Execute intention Keep 
2017-05-12 14:17:06,946 [1338925]   WARN - CPPImporter.plugin.IntentionExecutor - MakeMandatory: node 0 is not in #if/#ifdef 
2017-05-12 14:17:06,946 [1338925]   WARN - CPPImporter.plugin.IntentionExecutor - Action MakeMandatory only possible if all selected nodes are within an #if/#ifdef 
2017-05-12 14:17:06,946 [1338925]  ERROR - CPPImporter.plugin.IntentionExecutor - Failed prerequiste check 
2017-05-12 14:17:06,946 [1338925]   WARN - CPPImporter.plugin.UpdatePreview - Execute intention Keep 
2017-05-12 14:17:06,946 [1338925]   WARN - CPPImporter.plugin.IntentionExecutor - indexOf node 0 
2017-05-12 14:17:06,947 [1338926]   WARN - CPPImporter.plugin.UpdatePreview - Execute intention Keep 
2017-05-12 14:17:06,947 [1338926]   WARN - CPPImporter.plugin.IntentionExecutor - indexOf node 0 
2017-05-12 14:17:06,947 [1338926]   WARN - CPPImporter.plugin.UpdatePreview - Execute intention Keep 
2017-05-12 14:17:06,947 [1338926]   WARN - CPPImporter.plugin.IntentionExecutor - indexOf node 0 
2017-05-12 14:17:06,948 [1338927]   WARN - CPPImporter.plugin.UpdatePreview - Execute intention Keep 
2017-05-12 14:17:06,948 [1338927]   WARN - CPPImporter.plugin.IntentionExecutor - indexOf node 0 
2017-05-12 14:17:06,950 [1338929]   WARN - CPPImporter.plugin.UpdatePreview - Execute intention Keep 
2017-05-12 14:17:06,951 [1338930]   WARN - CPPImporter.plugin.IntentionExecutor - indexOf node 0 
2017-05-12 14:17:06,951 [1338930]   WARN - CPPImporter.plugin.UpdatePreview - Execute intention Keep 
2017-05-12 14:17:06,951 [1338930]   WARN - CPPImporter.plugin.IntentionExecutor - indexOf node 0 
2017-05-12 14:17:06,952 [1338931]   WARN - CPPImporter.plugin.UpdatePreview - Execute intention Keep 
2017-05-12 14:17:06,952 [1338931]   WARN - CPPImporter.plugin.IntentionExecutor - indexOf node 0 
2017-05-12 14:17:06,952 [1338931]   WARN - CPPImporter.plugin.UpdatePreview - Execute intention KeepAsFeature 
2017-05-12 14:17:06,952 [1338931]   WARN - CPPImporter.plugin.IntentionExecutor - indexOf node 8 
2017-05-12 14:17:06,953 [1338932]   WARN - CPPImporter.plugin.UpdatePreview - Execute intention Keep 
2017-05-12 14:17:06,953 [1338932]   WARN - CPPImporter.plugin.IntentionExecutor - indexOf node 0 
2017-05-12 14:17:06,953 [1338932]   WARN - CPPImporter.plugin.UpdatePreview - Execute intention KeepAsFeature 
2017-05-12 14:17:06,953 [1338932]   WARN - CPPImporter.plugin.IntentionExecutor - indexOf node 0 
2017-05-12 14:17:06,953 [1338932]   WARN - CPPImporter.plugin.UpdatePreview - Execute intention Keep 
2017-05-12 14:17:06,954 [1338933]   WARN - CPPImporter.plugin.IntentionExecutor - indexOf node 0 
2017-05-12 14:17:06,954 [1338933]   WARN - CPPImporter.plugin.UpdatePreview - Execute intention KeepAsFeature 
2017-05-12 14:17:06,954 [1338933]   WARN - CPPImporter.plugin.IntentionExecutor - indexOf node 0 
2017-05-12 14:17:06,955 [1338934]   WARN - CPPImporter.plugin.UpdatePreview - Execute intention Keep 
2017-05-12 14:17:06,955 [1338934]   WARN - CPPImporter.plugin.IntentionExecutor - indexOf node 0 
2017-05-12 14:17:06,955 [1338934]   WARN - CPPImporter.plugin.UpdatePreview - Execute intention KeepAsFeature 
2017-05-12 14:17:06,955 [1338934]   WARN - CPPImporter.plugin.IntentionExecutor - indexOf node 0 
2017-05-12 14:17:06,955 [1338934]   WARN - CPPImporter.plugin.UpdatePreview - Execute intention ChangePC 
2017-05-12 14:17:06,957 [1338936]   WARN - CPPImporter.plugin.UpdatePreview - Execute intention Remove 
2017-05-12 14:17:06,957 [1338936]   WARN - CPPImporter.plugin.UpdatePreview - Execute intention Keep 
2017-05-12 14:17:06,957 [1338936]   WARN - CPPImporter.plugin.IntentionExecutor - indexOf node 0 
2017-05-12 14:17:06,957 [1338936]   WARN - CPPImporter.plugin.UpdatePreview - Execute intention Remove 
2017-05-12 14:17:06,958 [1338937]   WARN - CPPImporter.plugin.UpdatePreview - Execute intention Keep 
2017-05-12 14:17:06,966 [1338945]   WARN - CPPImporter.plugin.IntentionExecutor - indexOf node 0 
2017-05-12 14:17:06,969 [1338948]   WARN - CPPImporter.plugin.UpdatePreview - Execute intention Remove 
2017-05-12 14:17:06,970 [1338949]   WARN - CPPImporter.plugin.UpdatePreview - Execute intention Keep 
2017-05-12 14:17:06,973 [1338952]   WARN - CPPImporter.plugin.IntentionExecutor - indexOf node 0 
2017-05-12 14:17:06,973 [1338952]   WARN - CPPImporter.plugin.UpdatePreview - Execute intention Remove 
2017-05-12 14:17:06,974 [1338953]   WARN - CPPImporter.plugin.UpdatePreview - Execute intention Keep 
2017-05-12 14:17:06,976 [1338955]   WARN - CPPImporter.plugin.IntentionExecutor - indexOf node 0 
2017-05-12 14:17:06,977 [1338956]   WARN - CPPImporter.plugin.UpdatePreview - Execute intention Keep 
2017-05-12 14:17:06,978 [1338957]   WARN - CPPImporter.plugin.IntentionExecutor - indexOf node 0 
2017-05-12 14:17:06,978 [1338957]   WARN - CPPImporter.plugin.UpdatePreview - Execute intention Keep 
2017-05-12 14:17:06,984 [1338963]   WARN - CPPImporter.plugin.IntentionExecutor - indexOf node 0 
2017-05-12 14:17:06,985 [1338964]   WARN - CPPImporter.plugin.UpdatePreview - Execute intention Keep 
2017-05-12 14:17:06,985 [1338964]   WARN - CPPImporter.plugin.IntentionExecutor - indexOf node 0 
2017-05-12 14:17:06,986 [1338965]   WARN - CPPImporter.plugin.UpdatePreview - Execute intention ChangePC 
2017-05-12 14:17:06,986 [1338965]   WARN - CPPImporter.plugin.UpdatePreview - Execute intention Keep 
2017-05-12 14:17:06,986 [1338965]   WARN - CPPImporter.plugin.IntentionExecutor - indexOf node 0 
2017-05-12 14:17:06,986 [1338965]   WARN - CPPImporter.plugin.UpdatePreview - Execute intention ChangePC 
2017-05-12 14:17:06,987 [1338966]   WARN - CPPImporter.plugin.UpdatePreview - Execute intention Remove 
2017-05-12 14:17:07,036 [1339015]   WARN - CPPLanguage.editor.IntentionContainer_Editor - Show 0 intentions. 
2017-05-12 14:17:33,837 [1365816]   INFO - CPPImporter.plugin.Export_Action - [LOG] Export to /home/group1/results/incline.c 
2017-05-12 14:17:39,597 [1371576]   INFO - jetbrains.mps.extapi.model.EditableSModelBase - Saving model Examples.Imported2 
2017-05-12 14:17:39,945 [1371924]   INFO - jetbrains.mps.smodel.MPSModuleRepository - Saving of the repository took 0.349 s 
2017-05-12 14:17:42,200 [1374179]   INFO - jetbrains.mps.smodel.MPSModuleRepository - Saving of the repository took 0.001 s 
2017-05-12 14:18:16,486 [1408465]   INFO - jetbrains.mps.smodel.MPSModuleRepository - Saving of the repository took 0.001 s 
2017-05-12 14:18:17,998 [1409977]   INFO - jetbrains.mps.smodel.MPSModuleRepository - Saving of the repository took 0.001 s 
