
2017-05-02 19:44:16,745 [      0]   INFO - #org.jetbrains.ide.BuiltInServerManager - built-in server started, port 63342 
2017-05-02 19:44:16,998 [    253]   INFO - jetbrains.mps.library.LibraryInitializer - Adding libraries from BootstrapLibraryContributor 
2017-05-02 19:44:16,998 [    253]   INFO - jetbrains.mps.library.LibraryInitializer - Adding libraries from PluginLibraryContributor 
2017-05-02 19:44:17,061 [    316]   INFO - jetbrains.mps.library.LibraryInitializer - Loading 112 libraries 
2017-05-02 19:44:17,071 [    326]   INFO -  jetbrains.mps.vfs.FileRefresh - Refreshing 112 file(s) 
2017-05-02 19:44:17,078 [    333]   INFO -  jetbrains.mps.vfs.FileRefresh - Refreshing is done 
2017-05-02 19:44:19,922 [   3177]   INFO - jetbrains.mps.library.LibraryInitializer - Library update is finished 
2017-05-02 19:44:21,419 [   4674]   INFO - jetbrains.mps.classloading.ModuleUpdater - Classloading refresh took 1.480 s 
2017-05-02 19:44:21,423 [   4678]   INFO - jetbrains.mps.classloading.ModulesWatcher - 0 modules are marked as invalid roots for class loading out of 295 modules [totally in the repository] 
2017-05-02 19:44:21,424 [   4679]   INFO - jetbrains.mps.classloading.ModulesWatcher - Totally 0 modules are marked invalid for class loading 
2017-05-02 19:44:22,115 [   5370]   INFO - jetbrains.mps.plugins.PluginLoaderRegistry - Running Update Task : loaders [toLoad: 1; toUnload:0]; contributors : [toLoad: 133; toUnload:0]; Thread[AWT-EventQueue-0 3.4.4#MPS-162.2317 MPS, eap:false, os:Linux 4.8.0-49-generic, java-version:Oracle Corporation 1.8.0_121-8u121-b13-0ubuntu1.16.04.2-b13,6,main] 
2017-05-02 19:44:22,184 [   5439]   WARN - tbrains.mps.plugins.applicationplugins.BaseApplicationPlugin - Destination group was not found id: Internal. Trying to insert jetbrains.mps.ide.actions.ToolsInternal_ActionGroup 
2017-05-02 19:44:22,283 [   5538]   INFO - jetbrains.mps.plugins.PluginLoaderRegistry - Loading of 1 plugins took 0.166 s 
2017-05-02 19:44:22,396 [   5651]   INFO - jetbrains.mps.plugins.PluginLoaderRegistry - Loading of 133 plugins took 0.112 s 
2017-05-02 19:44:24,472 [   7727]   INFO - jetbrains.mps.library.LibraryInitializer - Adding libraries from ProjectLibraryManager 
2017-05-02 19:44:24,493 [   7748]   INFO - jetbrains.mps.project.StandaloneMPSProject - Loading the project 'CPPLanguage' from disk 
2017-05-02 19:44:24,513 [   7768]   INFO - jetbrains.mps.project.StandaloneMPSProject - Updating MPS Project [MPS:3 modules] 
2017-05-02 19:44:24,514 [   7769]   INFO - jetbrains.mps.project.ModuleLoader - Loading modules... 
2017-05-02 19:44:24,751 [   8006]   WARN - jetbrains.mps.project.structure.project.ProjectDescriptor - Not adding module path with an empty virtual folder; already have one 
2017-05-02 19:44:24,771 [   8026]   WARN - jetbrains.mps.project.structure.project.ProjectDescriptor - Not adding module path with an empty virtual folder; already have one 
2017-05-02 19:44:25,413 [   8668]   WARN - jetbrains.mps.project.structure.project.ProjectDescriptor - Not adding module path with an empty virtual folder; already have one 
2017-05-02 19:44:25,414 [   8669]   INFO - jetbrains.mps.project.ModuleLoader - Modules are loaded: 3 new; 0 removed 
2017-05-02 19:44:25,419 [   8674]   INFO - jetbrains.mps.project.StandaloneMPSProject - Updating MPS Project [MPS:3 modules] took 0.905 s 
2017-05-02 19:44:25,460 [   8715]   INFO - jetbrains.mps.ide.make.StartupModuleMakerImpl - Building modules on startup 
2017-05-02 19:44:25,470 [   8725]   WARN - jetbrains.mps.classloading.BatchEventsProcessor - Events have not been flushed 
2017-05-02 19:44:25,480 [   8735]  ERROR - jetbrains.mps.smodel.persistence.def.v9.ImportsHelper - Can't register import 498d89d2-c2e9-11e2-ad49-6cf049e62fe5/java:com.intellij.openapi.ui(MPS.IDEA/) in model r:87ad25c8-6567-4dff-99e1-1dedfd4141eb(CPPImporter.plugin). Index jkm4 is already in use for model 498d89d2-c2e9-11e2-ad49-6cf049e62fe5/java:com.intellij.openapi.ui(MPS.IDEA/) 
2017-05-02 19:44:25,500 [   8755]  ERROR - jetbrains.mps.smodel.persistence.def.v9.ImportsHelper - Can't register import 498d89d2-c2e9-11e2-ad49-6cf049e62fe5/java:com.intellij.openapi.ui(MPS.IDEA/) in model r:87ad25c8-6567-4dff-99e1-1dedfd4141eb(CPPImporter.plugin). Index jkm4 is already in use for model 498d89d2-c2e9-11e2-ad49-6cf049e62fe5/java:com.intellij.openapi.ui(MPS.IDEA/) 
2017-05-02 19:44:25,500 [   8755]  ERROR - jetbrains.mps.smodel.persistence.def.v9.ImportsHelper - Can't register import 498d89d2-c2e9-11e2-ad49-6cf049e62fe5/java:com.intellij.openapi.ui(MPS.IDEA/) in model r:87ad25c8-6567-4dff-99e1-1dedfd4141eb(CPPImporter.plugin). Index jkm4 is already in use for model 498d89d2-c2e9-11e2-ad49-6cf049e62fe5/java:com.intellij.openapi.ui(MPS.IDEA/) 
2017-05-02 19:44:25,500 [   8755]  ERROR - jetbrains.mps.smodel.persistence.def.v9.ImportsHelper - Can't register import 498d89d2-c2e9-11e2-ad49-6cf049e62fe5/java:com.intellij.openapi.ui(MPS.IDEA/) in model r:87ad25c8-6567-4dff-99e1-1dedfd4141eb(CPPImporter.plugin). Index jkm4 is already in use for model 498d89d2-c2e9-11e2-ad49-6cf049e62fe5/java:com.intellij.openapi.ui(MPS.IDEA/) 
2017-05-02 19:44:25,504 [   8759]  ERROR - jetbrains.mps.smodel.persistence.def.v9.ImportsHelper - Can't register import 1ed103c3-3aa6-49b7-9c21-6765ee11f224/java:jetbrains.mps.openapi.editor(MPS.Editor/) in model r:87ad25c8-6567-4dff-99e1-1dedfd4141eb(CPPImporter.plugin). Index cj4x is already in use for model 1ed103c3-3aa6-49b7-9c21-6765ee11f224/java:jetbrains.mps.openapi.editor(MPS.Editor/) 
2017-05-02 19:44:25,504 [   8759]  ERROR - jetbrains.mps.smodel.persistence.def.v9.ImportsHelper - Can't register import 498d89d2-c2e9-11e2-ad49-6cf049e62fe5/java:com.intellij.openapi.ui(MPS.IDEA/) in model r:87ad25c8-6567-4dff-99e1-1dedfd4141eb(CPPImporter.plugin). Index jkm4 is already in use for model 498d89d2-c2e9-11e2-ad49-6cf049e62fe5/java:com.intellij.openapi.ui(MPS.IDEA/) 
2017-05-02 19:44:25,505 [   8760]  ERROR - jetbrains.mps.smodel.persistence.def.v9.ImportsHelper - Can't register import 498d89d2-c2e9-11e2-ad49-6cf049e62fe5/java:com.intellij.openapi.actionSystem(MPS.IDEA/) in model r:87ad25c8-6567-4dff-99e1-1dedfd4141eb(CPPImporter.plugin). Index qkt is already in use for model 498d89d2-c2e9-11e2-ad49-6cf049e62fe5/java:com.intellij.openapi.actionSystem(MPS.IDEA/) 
2017-05-02 19:44:25,505 [   8760]  ERROR - jetbrains.mps.smodel.persistence.def.v9.ImportsHelper - Can't register import r:00000000-0000-4000-0000-011c8959029e(jetbrains.mps.lang.editor.structure) in model r:87ad25c8-6567-4dff-99e1-1dedfd4141eb(CPPImporter.plugin). Index tpc2 is already in use for model r:00000000-0000-4000-0000-011c8959029e(jetbrains.mps.lang.editor.structure) 
2017-05-02 19:44:25,694 [   8949]  ERROR - jetbrains.mps.smodel.persistence.def.v9.ImportsHelper - Can't register import 6354ebe7-c22a-4a0f-ac54-50b52ab9b065/java:javax.swing(JDK/) in model r:c67970af-4844-47d5-9471-54e2bda5945e(CPPLanguage.structure). Index dxuu is already in use for model 6354ebe7-c22a-4a0f-ac54-50b52ab9b065/java:javax.swing(JDK/) 
2017-05-02 19:44:26,082 [   9337]   INFO - jetbrains.mps.classloading.ModuleUpdater - Classloading refresh took 0.058 s 
2017-05-02 19:44:26,092 [   9347]   INFO - jetbrains.mps.classloading.ModulesWatcher - 0 modules are marked as invalid roots for class loading out of 299 modules [totally in the repository] 
2017-05-02 19:44:26,096 [   9351]   INFO - jetbrains.mps.classloading.ModulesWatcher - Totally 0 modules are marked invalid for class loading 
2017-05-02 19:44:26,797 [  10052]   INFO - jetbrains.mps.classloading.ModuleUpdater - Classloading refresh took 0.047 s 
2017-05-02 19:44:27,115 [  10370]   INFO - jetbrains.mps.classloading.ClassLoaderManager - Reloaded 4 module(s) in 0.365 s 
2017-05-02 19:44:27,122 [  10377]   INFO - jetbrains.mps.ide.make.StartupModuleMakerImpl - Building on startup is finished 
2017-05-02 19:44:27,215 [  10470]   INFO - jetbrains.mps.classloading.ModuleUpdater - Classloading refresh took 0.045 s 
2017-05-02 19:44:27,220 [  10475]   INFO - jetbrains.mps.classloading.ModulesWatcher - 0 modules are marked as invalid roots for class loading out of 300 modules [totally in the repository] 
2017-05-02 19:44:27,221 [  10476]   INFO - jetbrains.mps.classloading.ModulesWatcher - Totally 0 modules are marked invalid for class loading 
2017-05-02 19:44:27,529 [  10784]   INFO - jetbrains.mps.project.ProjectBase - Project 'CPPLanguage' is opened 
2017-05-02 19:44:27,600 [  10855]   INFO - jetbrains.mps.plugin.MPSPlugin - Wasn't able to connect to IDEA 
2017-05-02 19:44:28,222 [  11477]   INFO - jetbrains.mps.library.LibraryInitializer - Adding libraries from AdditionalLibrariesManager 
2017-05-02 19:44:28,313 [  11568]   INFO - jetbrains.mps.plugins.PluginLoaderRegistry - Running Update Task : loaders [toLoad: 1; toUnload:0]; contributors : [toLoad: 2; toUnload:0]; Thread[ApplicationImpl pooled thread 2,4,main] 
2017-05-02 19:44:29,223 [  12478]   INFO - jetbrains.mps.plugins.PluginLoaderRegistry - Loading of 134 plugins took 0.339 s 
2017-05-02 19:44:29,313 [  12568]   INFO - jetbrains.mps.plugins.PluginLoaderRegistry - Loading of 9 plugins took 0.088 s 
2017-05-02 19:44:29,504 [  12759]  ERROR - CPPImporter.plugin.Merge_Tool_Tool - Could not find icon at /usr/local/incline-ws/cpponmps/resources/ic_chevron_right_black_18dp.png 
2017-05-02 19:44:29,507 [  12762]  ERROR - CPPImporter.plugin.Merge_Tool_Tool - Could not find icon at /usr/local/incline-ws/cpponmps/resources/ic_chevron_left_black_18dp.png 
2017-05-02 19:44:29,512 [  12767]  ERROR - CPPImporter.plugin.Merge_Tool_Tool - Could not find icon at /usr/local/incline-ws/cpponmps/resources/ic_help_black_18dp.png 
2017-05-02 19:44:29,520 [  12775]  ERROR - CPPImporter.plugin.Merge_Tool_Tool - Could not find icon at /usr/local/incline-ws/cpponmps/resources/ic_call_merge_black_18dp.png 
2017-05-02 19:44:29,521 [  12776]  ERROR - CPPImporter.plugin.Merge_Tool_Tool - Could not find icon at /usr/local/incline-ws/cpponmps/resources/ic_call_missed_black_18dp.png 
2017-05-02 19:44:29,522 [  12777]  ERROR - CPPImporter.plugin.Merge_Tool_Tool - Could not find icon at /usr/local/incline-ws/cpponmps/resources/ic_call_missed_outgoing_black_18dp.png 
2017-05-02 19:44:29,524 [  12779]  ERROR - CPPImporter.plugin.Merge_Tool_Tool - Could not find icon at /usr/local/incline-ws/cpponmps/resources/ic_help_black_18dp_small.png 
2017-05-02 19:44:29,525 [  12780]  ERROR - CPPImporter.plugin.Merge_Tool_Tool - Could not find icon at /usr/local/incline-ws/cpponmps/resources/ic_done_black_18dp.png 
2017-05-02 19:44:29,525 [  12780]  ERROR - CPPImporter.plugin.Merge_Tool_Tool - Could not find icon at /usr/local/incline-ws/cpponmps/resources/ic_list_black_18dp.png 
2017-05-02 19:44:29,556 [  12811]   INFO - jetbrains.mps.plugins.PluginLoaderRegistry - Loading of 2 plugins took 0.243 s 
2017-05-02 19:44:31,199 [  14454]   INFO - jetbrains.mps.smodel.MPSModuleRepository - Saving of the repository took 0.001 s 
2017-05-02 19:44:31,254 [  14509]   INFO - jetbrains.mps.ide.platform.watching.ReloadSession - File system reload finished in 0.011 s 
2017-05-02 19:44:32,118 [  15373]   INFO - jetbrains.mps.classloading.ModuleUpdater - Classloading refresh took 0.042 s 
2017-05-02 19:44:32,121 [  15376]   INFO - jetbrains.mps.classloading.ModulesWatcher - 0 modules are marked as invalid roots for class loading out of 301 modules [totally in the repository] 
2017-05-02 19:44:32,121 [  15376]   INFO - jetbrains.mps.classloading.ModulesWatcher - Totally 0 modules are marked invalid for class loading 
2017-05-02 19:44:32,226 [  15481]   INFO - jetbrains.mps.classloading.ModuleUpdater - Classloading refresh took 0.011 s 
2017-05-02 19:44:37,668 [  20923]   INFO - jetbrains.mps.smodel.MPSModuleRepository - Saving of the repository took 0.001 s 
2017-05-02 19:44:37,790 [  21045]   INFO - jetbrains.mps.plugins.PluginLoaderRegistry - Running Update Task : loaders [toLoad: 0; toUnload:1]; contributors : [toLoad: 0; toUnload:0]; Thread[AWT-EventQueue-0 3.4.4#MPS-162.2317 MPS, eap:false, os:Linux 4.8.0-49-generic, java-version:Oracle Corporation 1.8.0_121-8u121-b13-0ubuntu1.16.04.2-b13,6,main] 
2017-05-02 19:44:37,820 [  21075]   INFO - jetbrains.mps.plugins.PluginLoaderRegistry - Unloading of 145 plugins took 0.030 s 
2017-05-02 19:44:37,822 [  21077]   INFO - jetbrains.mps.project.ProjectBase - Project 'CPPLanguage' is closing 
2017-05-02 19:44:37,896 [  21151]   INFO - jetbrains.mps.classloading.ModuleUpdater - Classloading refresh took 0.017 s 
2017-05-02 19:44:37,908 [  21163]   INFO - jetbrains.mps.classloading.ModulesWatcher - 0 modules are marked as invalid roots for class loading out of 297 modules [totally in the repository] 
2017-05-02 19:44:37,908 [  21163]   INFO - jetbrains.mps.classloading.ModulesWatcher - Totally 0 modules are marked invalid for class loading 
2017-05-02 19:44:38,021 [  21276]   INFO - jetbrains.mps.classloading.ModuleUpdater - Classloading refresh took 0.047 s 
2017-05-02 19:44:38,024 [  21279]   INFO - jetbrains.mps.classloading.ModulesWatcher - 0 modules are marked as invalid roots for class loading out of 296 modules [totally in the repository] 
2017-05-02 19:44:38,024 [  21279]   INFO - jetbrains.mps.classloading.ModulesWatcher - Totally 0 modules are marked invalid for class loading 
2017-05-02 19:44:38,097 [  21352]   INFO - jetbrains.mps.classloading.ModuleUpdater - Classloading refresh took 0.026 s 
2017-05-02 19:44:38,099 [  21354]   INFO - jetbrains.mps.classloading.ModulesWatcher - 0 modules are marked as invalid roots for class loading out of 295 modules [totally in the repository] 
2017-05-02 19:44:38,100 [  21355]   INFO - jetbrains.mps.classloading.ModulesWatcher - Totally 0 modules are marked invalid for class loading 
2017-05-02 19:44:38,124 [  21379]   INFO - jetbrains.mps.library.LibraryInitializer - Removing libraries from ProjectLibraryManager 
2017-05-02 19:44:38,175 [  21430]   INFO - #org.jetbrains.io.BuiltInServer - web server stopped 
2017-05-02 19:44:38,177 [  21432]   INFO - jetbrains.mps.library.LibraryInitializer - Removing libraries from AdditionalLibrariesManager 
2017-05-02 19:44:38,190 [  21445]   INFO - jetbrains.mps.library.LibraryInitializer - Removing libraries from PluginLibraryContributor 
2017-05-02 19:44:38,195 [  21450]   INFO - jetbrains.mps.library.LibraryInitializer - Removing libraries from BootstrapLibraryContributor 
2017-05-02 19:44:38,195 [  21450]   INFO - jetbrains.mps.library.LibraryInitializer - Unloading 112 libraries 
2017-05-02 19:44:38,459 [  21714]   INFO - jetbrains.mps.library.LibraryInitializer - Library update is finished 
2017-05-02 19:44:38,632 [  21887]   INFO - jetbrains.mps.classloading.ModuleUpdater - Classloading refresh took 0.005 s 
2017-05-02 19:44:38,632 [  21887]   INFO - jetbrains.mps.classloading.ModulesWatcher - 0 modules are marked as invalid roots for class loading out of 0 modules [totally in the repository] 
2017-05-02 19:44:38,633 [  21888]   INFO - jetbrains.mps.classloading.ModulesWatcher - Totally 0 modules are marked invalid for class loading 
2017-05-02 19:44:38,688 [  21943]   INFO - #org.jetbrains.io.BuiltInServer - web server stopped 
2017-05-08 13:42:16,629 [      0]   INFO - #org.jetbrains.ide.BuiltInServerManager - built-in server started, port 63342 
2017-05-08 13:42:17,446 [    817]   INFO - jetbrains.mps.library.LibraryInitializer - Adding libraries from BootstrapLibraryContributor 
2017-05-08 13:42:17,466 [    837]   INFO - jetbrains.mps.library.LibraryInitializer - Adding libraries from PluginLibraryContributor 
2017-05-08 13:42:17,587 [    958]   INFO - jetbrains.mps.library.LibraryInitializer - Loading 112 libraries 
2017-05-08 13:42:17,602 [    973]   INFO -  jetbrains.mps.vfs.FileRefresh - Refreshing 112 file(s) 
2017-05-08 13:42:17,615 [    986]   INFO -  jetbrains.mps.vfs.FileRefresh - Refreshing is done 
2017-05-08 13:42:23,048 [   6419]   INFO - jetbrains.mps.library.LibraryInitializer - Library update is finished 
2017-05-08 13:42:25,644 [   9015]   INFO - jetbrains.mps.classloading.ModuleUpdater - Classloading refresh took 2.572 s 
2017-05-08 13:42:25,662 [   9033]   INFO - jetbrains.mps.classloading.ModulesWatcher - 0 modules are marked as invalid roots for class loading out of 295 modules [totally in the repository] 
2017-05-08 13:42:25,662 [   9033]   INFO - jetbrains.mps.classloading.ModulesWatcher - Totally 0 modules are marked invalid for class loading 
2017-05-08 13:42:26,752 [  10123]   INFO - jetbrains.mps.plugins.PluginLoaderRegistry - Running Update Task : loaders [toLoad: 1; toUnload:0]; contributors : [toLoad: 133; toUnload:0]; Thread[AWT-EventQueue-0 3.4.4#MPS-162.2317 MPS, eap:false, os:Linux 4.8.0-49-generic, java-version:Oracle Corporation 1.8.0_121-8u121-b13-0ubuntu1.16.04.2-b13,6,main] 
2017-05-08 13:42:26,889 [  10260]   WARN - tbrains.mps.plugins.applicationplugins.BaseApplicationPlugin - Destination group was not found id: Internal. Trying to insert jetbrains.mps.ide.actions.ToolsInternal_ActionGroup 
2017-05-08 13:42:26,909 [  10280]   INFO - jetbrains.mps.plugins.PluginLoaderRegistry - Loading of 1 plugins took 0.150 s 
2017-05-08 13:42:27,130 [  10501]   INFO - jetbrains.mps.plugins.PluginLoaderRegistry - Loading of 133 plugins took 0.220 s 
2017-05-08 13:42:31,980 [  15351]   INFO - jetbrains.mps.library.LibraryInitializer - Adding libraries from ProjectLibraryManager 
2017-05-08 13:42:32,105 [  15476]   INFO - jetbrains.mps.project.StandaloneMPSProject - Loading the project 'CPPLanguage' from disk 
2017-05-08 13:42:32,158 [  15529]   INFO - jetbrains.mps.project.StandaloneMPSProject - Updating MPS Project [MPS:3 modules] 
2017-05-08 13:42:32,162 [  15533]   INFO - jetbrains.mps.project.ModuleLoader - Loading modules... 
2017-05-08 13:42:32,397 [  15768]   WARN - jetbrains.mps.project.structure.project.ProjectDescriptor - Not adding module path with an empty virtual folder; already have one 
2017-05-08 13:42:32,417 [  15788]   WARN - jetbrains.mps.project.structure.project.ProjectDescriptor - Not adding module path with an empty virtual folder; already have one 
2017-05-08 13:42:32,891 [  16262]   WARN - jetbrains.mps.project.structure.project.ProjectDescriptor - Not adding module path with an empty virtual folder; already have one 
2017-05-08 13:42:32,893 [  16264]   INFO - jetbrains.mps.project.ModuleLoader - Modules are loaded: 3 new; 0 removed 
2017-05-08 13:42:32,900 [  16271]   INFO - jetbrains.mps.project.StandaloneMPSProject - Updating MPS Project [MPS:3 modules] took 0.742 s 
2017-05-08 13:42:33,131 [  16502]   INFO - jetbrains.mps.ide.make.StartupModuleMakerImpl - Building modules on startup 
2017-05-08 13:42:33,132 [  16503]   WARN - jetbrains.mps.classloading.BatchEventsProcessor - Events have not been flushed 
2017-05-08 13:42:33,243 [  16614]  ERROR - jetbrains.mps.smodel.persistence.def.v9.ImportsHelper - Can't register import 498d89d2-c2e9-11e2-ad49-6cf049e62fe5/java:com.intellij.openapi.ui(MPS.IDEA/) in model r:87ad25c8-6567-4dff-99e1-1dedfd4141eb(CPPImporter.plugin). Index jkm4 is already in use for model 498d89d2-c2e9-11e2-ad49-6cf049e62fe5/java:com.intellij.openapi.ui(MPS.IDEA/) 
2017-05-08 13:42:33,248 [  16619]  ERROR - jetbrains.mps.smodel.persistence.def.v9.ImportsHelper - Can't register import 498d89d2-c2e9-11e2-ad49-6cf049e62fe5/java:com.intellij.openapi.ui(MPS.IDEA/) in model r:87ad25c8-6567-4dff-99e1-1dedfd4141eb(CPPImporter.plugin). Index jkm4 is already in use for model 498d89d2-c2e9-11e2-ad49-6cf049e62fe5/java:com.intellij.openapi.ui(MPS.IDEA/) 
2017-05-08 13:42:33,253 [  16624]  ERROR - jetbrains.mps.smodel.persistence.def.v9.ImportsHelper - Can't register import 498d89d2-c2e9-11e2-ad49-6cf049e62fe5/java:com.intellij.openapi.ui(MPS.IDEA/) in model r:87ad25c8-6567-4dff-99e1-1dedfd4141eb(CPPImporter.plugin). Index jkm4 is already in use for model 498d89d2-c2e9-11e2-ad49-6cf049e62fe5/java:com.intellij.openapi.ui(MPS.IDEA/) 
2017-05-08 13:42:33,253 [  16624]  ERROR - jetbrains.mps.smodel.persistence.def.v9.ImportsHelper - Can't register import 498d89d2-c2e9-11e2-ad49-6cf049e62fe5/java:com.intellij.openapi.ui(MPS.IDEA/) in model r:87ad25c8-6567-4dff-99e1-1dedfd4141eb(CPPImporter.plugin). Index jkm4 is already in use for model 498d89d2-c2e9-11e2-ad49-6cf049e62fe5/java:com.intellij.openapi.ui(MPS.IDEA/) 
2017-05-08 13:42:33,254 [  16625]  ERROR - jetbrains.mps.smodel.persistence.def.v9.ImportsHelper - Can't register import 1ed103c3-3aa6-49b7-9c21-6765ee11f224/java:jetbrains.mps.openapi.editor(MPS.Editor/) in model r:87ad25c8-6567-4dff-99e1-1dedfd4141eb(CPPImporter.plugin). Index cj4x is already in use for model 1ed103c3-3aa6-49b7-9c21-6765ee11f224/java:jetbrains.mps.openapi.editor(MPS.Editor/) 
2017-05-08 13:42:33,255 [  16626]  ERROR - jetbrains.mps.smodel.persistence.def.v9.ImportsHelper - Can't register import 498d89d2-c2e9-11e2-ad49-6cf049e62fe5/java:com.intellij.openapi.ui(MPS.IDEA/) in model r:87ad25c8-6567-4dff-99e1-1dedfd4141eb(CPPImporter.plugin). Index jkm4 is already in use for model 498d89d2-c2e9-11e2-ad49-6cf049e62fe5/java:com.intellij.openapi.ui(MPS.IDEA/) 
2017-05-08 13:42:33,256 [  16627]  ERROR - jetbrains.mps.smodel.persistence.def.v9.ImportsHelper - Can't register import 498d89d2-c2e9-11e2-ad49-6cf049e62fe5/java:com.intellij.openapi.actionSystem(MPS.IDEA/) in model r:87ad25c8-6567-4dff-99e1-1dedfd4141eb(CPPImporter.plugin). Index qkt is already in use for model 498d89d2-c2e9-11e2-ad49-6cf049e62fe5/java:com.intellij.openapi.actionSystem(MPS.IDEA/) 
2017-05-08 13:42:33,256 [  16627]  ERROR - jetbrains.mps.smodel.persistence.def.v9.ImportsHelper - Can't register import r:00000000-0000-4000-0000-011c8959029e(jetbrains.mps.lang.editor.structure) in model r:87ad25c8-6567-4dff-99e1-1dedfd4141eb(CPPImporter.plugin). Index tpc2 is already in use for model r:00000000-0000-4000-0000-011c8959029e(jetbrains.mps.lang.editor.structure) 
2017-05-08 13:42:33,464 [  16835]  ERROR - jetbrains.mps.smodel.persistence.def.v9.ImportsHelper - Can't register import 6354ebe7-c22a-4a0f-ac54-50b52ab9b065/java:javax.swing(JDK/) in model r:c67970af-4844-47d5-9471-54e2bda5945e(CPPLanguage.structure). Index dxuu is already in use for model 6354ebe7-c22a-4a0f-ac54-50b52ab9b065/java:javax.swing(JDK/) 
2017-05-08 13:42:34,087 [  17458]   INFO - jetbrains.mps.classloading.ModuleUpdater - Classloading refresh took 0.193 s 
2017-05-08 13:42:34,095 [  17466]   INFO - jetbrains.mps.classloading.ModulesWatcher - 0 modules are marked as invalid roots for class loading out of 299 modules [totally in the repository] 
2017-05-08 13:42:34,099 [  17470]   INFO - jetbrains.mps.classloading.ModulesWatcher - Totally 0 modules are marked invalid for class loading 
2017-05-08 13:42:34,658 [  18029]   INFO - jetbrains.mps.classloading.ModuleUpdater - Classloading refresh took 0.050 s 
2017-05-08 13:42:35,190 [  18561]   INFO - jetbrains.mps.classloading.ClassLoaderManager - Reloaded 4 module(s) in 0.585 s 
2017-05-08 13:42:35,193 [  18564]   INFO - jetbrains.mps.ide.make.StartupModuleMakerImpl - Building on startup is finished 
2017-05-08 13:42:35,642 [  19013]   INFO - jetbrains.mps.classloading.ModuleUpdater - Classloading refresh took 0.111 s 
2017-05-08 13:42:35,652 [  19023]   INFO - jetbrains.mps.classloading.ModulesWatcher - 0 modules are marked as invalid roots for class loading out of 300 modules [totally in the repository] 
2017-05-08 13:42:35,655 [  19026]   INFO - jetbrains.mps.classloading.ModulesWatcher - Totally 0 modules are marked invalid for class loading 
2017-05-08 13:42:36,295 [  19666]   INFO - jetbrains.mps.project.ProjectBase - Project 'CPPLanguage' is opened 
2017-05-08 13:42:36,405 [  19776]   INFO - jetbrains.mps.plugin.MPSPlugin - Wasn't able to connect to IDEA 
2017-05-08 13:42:38,017 [  21388]   INFO - jetbrains.mps.library.LibraryInitializer - Adding libraries from AdditionalLibrariesManager 
2017-05-08 13:42:39,722 [  23093]   INFO - jetbrains.mps.plugins.PluginLoaderRegistry - Running Update Task : loaders [toLoad: 1; toUnload:0]; contributors : [toLoad: 2; toUnload:0]; Thread[ApplicationImpl pooled thread 1,4,main] 
2017-05-08 13:42:40,806 [  24177]   INFO - jetbrains.mps.plugins.PluginLoaderRegistry - Loading of 134 plugins took 0.496 s 
2017-05-08 13:42:40,978 [  24349]   INFO - jetbrains.mps.plugins.PluginLoaderRegistry - Loading of 9 plugins took 0.171 s 
2017-05-08 13:42:41,297 [  24668]  ERROR - CPPImporter.plugin.Merge_Tool_Tool - Could not find icon at /usr/local/incline-ws/cpponmps/resources/ic_chevron_right_black_18dp.png 
2017-05-08 13:42:41,302 [  24673]  ERROR - CPPImporter.plugin.Merge_Tool_Tool - Could not find icon at /usr/local/incline-ws/cpponmps/resources/ic_chevron_left_black_18dp.png 
2017-05-08 13:42:41,312 [  24683]  ERROR - CPPImporter.plugin.Merge_Tool_Tool - Could not find icon at /usr/local/incline-ws/cpponmps/resources/ic_help_black_18dp.png 
2017-05-08 13:42:41,314 [  24685]  ERROR - CPPImporter.plugin.Merge_Tool_Tool - Could not find icon at /usr/local/incline-ws/cpponmps/resources/ic_call_merge_black_18dp.png 
2017-05-08 13:42:41,315 [  24686]  ERROR - CPPImporter.plugin.Merge_Tool_Tool - Could not find icon at /usr/local/incline-ws/cpponmps/resources/ic_call_missed_black_18dp.png 
2017-05-08 13:42:41,316 [  24687]  ERROR - CPPImporter.plugin.Merge_Tool_Tool - Could not find icon at /usr/local/incline-ws/cpponmps/resources/ic_call_missed_outgoing_black_18dp.png 
2017-05-08 13:42:41,320 [  24691]  ERROR - CPPImporter.plugin.Merge_Tool_Tool - Could not find icon at /usr/local/incline-ws/cpponmps/resources/ic_help_black_18dp_small.png 
2017-05-08 13:42:41,321 [  24692]  ERROR - CPPImporter.plugin.Merge_Tool_Tool - Could not find icon at /usr/local/incline-ws/cpponmps/resources/ic_done_black_18dp.png 
2017-05-08 13:42:41,323 [  24694]  ERROR - CPPImporter.plugin.Merge_Tool_Tool - Could not find icon at /usr/local/incline-ws/cpponmps/resources/ic_list_black_18dp.png 
2017-05-08 13:42:41,349 [  24720]   INFO - jetbrains.mps.plugins.PluginLoaderRegistry - Loading of 2 plugins took 0.368 s 
2017-05-08 13:42:45,390 [  28761]   INFO - jetbrains.mps.classloading.ModuleUpdater - Classloading refresh took 0.054 s 
2017-05-08 13:42:45,394 [  28765]   INFO - jetbrains.mps.classloading.ModulesWatcher - 0 modules are marked as invalid roots for class loading out of 301 modules [totally in the repository] 
2017-05-08 13:42:45,394 [  28765]   INFO - jetbrains.mps.classloading.ModulesWatcher - Totally 0 modules are marked invalid for class loading 
2017-05-08 13:42:45,550 [  28921]   INFO - jetbrains.mps.classloading.ModuleUpdater - Classloading refresh took 0.039 s 
2017-05-08 13:44:49,290 [ 152661]   INFO - CPPImporter.plugin.ArrangeViews_Action - [LOG] Arrange Views 
2017-05-08 13:45:37,787 [ 201158]   INFO - CPPImporter.plugin.Keep_Action - [LOG] Intention Keep for 1 nodes. 
2017-05-08 13:45:37,856 [ 201227]   INFO - CPPImporter.plugin.Keep_Action - [LOG] View of Keep Intention is default 
2017-05-08 13:45:37,912 [ 201283]   INFO - CPPImporter.plugin.Keep_Action - No automatic anti Intention, branch is not completly selected 
2017-05-08 13:45:37,913 [ 201284]   INFO - CPPImporter.plugin.Keep_Action - Update Preview 
2017-05-08 13:45:37,929 [ 201300]   INFO - CPPImporter.plugin.UpdatePreview - Initialize future model 
2017-05-08 13:45:37,931 [ 201302]   INFO - CPPImporter.plugin.UpdatePreview - Create node mapping 
2017-05-08 13:45:37,936 [ 201307]   INFO - CPPImporter.plugin.UpdatePreview - Node mapping done 
2017-05-08 13:45:37,982 [ 201353]   WARN - CPPImporter.plugin.UpdatePreview - Execute intention Keep 
2017-05-08 13:45:37,984 [ 201355]   WARN - CPPImporter.plugin.IntentionExecutor - indexOf node 0 
2017-05-08 13:45:38,059 [ 201430]   WARN - CPPLanguage.editor.IntentionContainer_Editor - Show 1 intentions. 
2017-05-08 13:46:10,732 [ 234103]   INFO - CPPImporter.plugin.Keep_Action - [LOG] Intention Keep for 1 nodes. 
2017-05-08 13:46:10,763 [ 234134]   INFO - CPPImporter.plugin.Keep_Action - [LOG] View of Keep Intention is default 
2017-05-08 13:46:10,767 [ 234138]   INFO - CPPImporter.plugin.Keep_Action - No automatic anti Intention, branch is not completly selected 
2017-05-08 13:46:10,767 [ 234138]   INFO - CPPImporter.plugin.Keep_Action - Update Preview 
2017-05-08 13:46:10,767 [ 234138]   INFO - CPPImporter.plugin.UpdatePreview - Initialize future model 
2017-05-08 13:46:10,769 [ 234140]   INFO - CPPImporter.plugin.UpdatePreview - Create node mapping 
2017-05-08 13:46:10,778 [ 234149]   INFO - CPPImporter.plugin.UpdatePreview - Node mapping done 
2017-05-08 13:46:10,778 [ 234149]   WARN - CPPImporter.plugin.UpdatePreview - Execute intention Keep 
2017-05-08 13:46:10,794 [ 234165]   WARN - CPPImporter.plugin.IntentionExecutor - indexOf node 0 
2017-05-08 13:46:10,835 [ 234206]   WARN - CPPLanguage.editor.IntentionContainer_Editor - Show 1 intentions. 
2017-05-08 13:46:45,135 [ 268506]   INFO - CPPImporter.plugin.Keep_Action - [LOG] Intention Keep for 2 nodes. 
2017-05-08 13:46:45,141 [ 268512]   INFO - CPPImporter.plugin.Keep_Action - [LOG] View of Keep Intention is default 
2017-05-08 13:46:45,142 [ 268513]   INFO - CPPImporter.plugin.Keep_Action - Propose anti Intention for else branch 
2017-05-08 13:46:47,560 [ 270931]   INFO - CPPImporter.plugin.Keep_Action - [LOG] Add anti intention 
2017-05-08 13:46:47,573 [ 270944]   INFO - CPPImporter.plugin.Keep_Action - [LOG] Add anti intention 
2017-05-08 13:46:47,575 [ 270946]  ERROR - #com.intellij.ide.impl.DataManagerImpl - cannot share data context between Swing events; initial event count = 16785; current event count = 16893 
java.lang.Throwable
	at com.intellij.openapi.diagnostic.Logger.error(Logger.java:127)
	at com.intellij.ide.impl.DataManagerImpl$MyDataContext.getData(DataManagerImpl.java:356)
	at com.intellij.openapi.actionSystem.DataContext.getData(DataContext.java:59)
	at com.intellij.openapi.actionSystem.AnActionEvent.getData(AnActionEvent.java:165)
	at CPPImporter.plugin.Keep_Action.doExecute(Keep_Action.java:189)
	at jetbrains.mps.workbench.action.BaseAction$2.run(BaseAction.java:145)
	at jetbrains.mps.smodel.WorkbenchModelAccess$CommandRunnable$1.run(WorkbenchModelAccess.java:632)
	at jetbrains.mps.smodel.WriteActionDispatcher.run(WriteActionDispatcher.java:39)
	at jetbrains.mps.smodel.WorkbenchModelAccess$3.run(WorkbenchModelAccess.java:136)
	at com.intellij.openapi.application.impl.ApplicationImpl.runWriteAction(ApplicationImpl.java:898)
	at jetbrains.mps.smodel.WorkbenchModelAccess.runWriteAction(WorkbenchModelAccess.java:145)
	at jetbrains.mps.smodel.WorkbenchModelAccess$CommandRunnable.run(WorkbenchModelAccess.java:627)
	at com.intellij.openapi.command.impl.CoreCommandProcessor.executeCommand(CoreCommandProcessor.java:129)
	at com.intellij.openapi.command.impl.CoreCommandProcessor.executeCommand(CoreCommandProcessor.java:100)
	at jetbrains.mps.smodel.WorkbenchModelAccess.runWriteActionInCommand(WorkbenchModelAccess.java:440)
	at jetbrains.mps.smodel.WorkbenchModelAccess.executeCommand(WorkbenchModelAccess.java:403)
	at jetbrains.mps.project.ProjectModelAccess.executeCommand(ProjectModelAccess.java:43)
	at jetbrains.mps.workbench.action.BaseAction.actionPerformed(BaseAction.java:160)
	at com.intellij.openapi.actionSystem.ex.ActionUtil$1.run(ActionUtil.java:197)
	at com.intellij.openapi.application.TransactionGuardImpl.runSyncTransaction(TransactionGuardImpl.java:88)
	at com.intellij.openapi.application.TransactionGuardImpl.submitTransactionAndWait(TransactionGuardImpl.java:156)
	at com.intellij.openapi.actionSystem.ex.ActionUtil.performActionDumbAware(ActionUtil.java:211)
	at com.intellij.openapi.keymap.impl.IdeKeyEventDispatcher$1.performAction(IdeKeyEventDispatcher.java:587)
	at com.intellij.openapi.keymap.impl.IdeKeyEventDispatcher.lambda$processAction$132(IdeKeyEventDispatcher.java:634)
	at com.intellij.openapi.application.TransactionGuardImpl.performUserActivity(TransactionGuardImpl.java:199)
	at com.intellij.openapi.keymap.impl.IdeKeyEventDispatcher.processAction(IdeKeyEventDispatcher.java:633)
	at com.intellij.openapi.keymap.impl.IdeKeyEventDispatcher.inInitState(IdeKeyEventDispatcher.java:477)
	at com.intellij.openapi.keymap.impl.IdeKeyEventDispatcher.dispatchKeyEvent(IdeKeyEventDispatcher.java:211)
	at com.intellij.ide.IdeEventQueue._dispatchEvent(IdeEventQueue.java:609)
	at com.intellij.ide.IdeEventQueue.dispatchEvent(IdeEventQueue.java:387)
	at java.awt.EventDispatchThread.pumpOneEventForFilters(EventDispatchThread.java:201)
	at java.awt.EventDispatchThread.pumpEventsForFilter(EventDispatchThread.java:116)
	at java.awt.EventDispatchThread.pumpEventsForHierarchy(EventDispatchThread.java:105)
	at java.awt.EventDispatchThread.pumpEvents(EventDispatchThread.java:101)
	at java.awt.EventDispatchThread.pumpEvents(EventDispatchThread.java:93)
	at java.awt.EventDispatchThread.run(EventDispatchThread.java:82)
2017-05-08 13:46:47,628 [ 270999]  ERROR - #com.intellij.ide.impl.DataManagerImpl - JetBrains MPS 3.4.4  Build #MPS-162.2317 
2017-05-08 13:46:47,629 [ 271000]  ERROR - #com.intellij.ide.impl.DataManagerImpl - JDK: 1.8.0_121 
2017-05-08 13:46:47,630 [ 271001]  ERROR - #com.intellij.ide.impl.DataManagerImpl - VM: OpenJDK 64-Bit Server VM 
2017-05-08 13:46:47,631 [ 271002]  ERROR - #com.intellij.ide.impl.DataManagerImpl - Vendor: Oracle Corporation 
2017-05-08 13:46:47,631 [ 271002]  ERROR - #com.intellij.ide.impl.DataManagerImpl - OS: Linux 
2017-05-08 13:46:47,632 [ 271003]  ERROR - #com.intellij.ide.impl.DataManagerImpl - Last Action: CPPImporter.plugin.Keep_Action 
2017-05-08 13:46:47,636 [ 271007]  ERROR - #com.intellij.ide.impl.DataManagerImpl - Current Command: Keep Intention 
2017-05-08 13:46:47,636 [ 271007]   INFO - CPPImporter.plugin.Keep_Action - Update Preview 
2017-05-08 13:46:47,636 [ 271007]   INFO - CPPImporter.plugin.UpdatePreview - Initialize future model 
2017-05-08 13:46:47,638 [ 271009]   INFO - CPPImporter.plugin.UpdatePreview - Create node mapping 
2017-05-08 13:46:47,642 [ 271013]   INFO - CPPImporter.plugin.UpdatePreview - Node mapping done 
2017-05-08 13:46:47,643 [ 271014]   WARN - CPPImporter.plugin.UpdatePreview - Execute intention Keep 
2017-05-08 13:46:47,651 [ 271022]   WARN - CPPImporter.plugin.IntentionExecutor - indexOf node 0 
2017-05-08 13:46:47,686 [ 271057]   WARN - CPPImporter.plugin.UpdatePreview - Execute intention Remove 
2017-05-08 13:46:47,687 [ 271058]   WARN - CPPImporter.plugin.UpdatePreview - Execute intention Keep 
2017-05-08 13:46:47,687 [ 271058]   WARN - CPPImporter.plugin.IntentionExecutor - indexOf node 0 
2017-05-08 13:46:47,691 [ 271062]   WARN - CPPImporter.plugin.UpdatePreview - Execute intention Remove 
2017-05-08 13:46:47,772 [ 271143]   WARN - CPPLanguage.editor.IntentionContainer_Editor - Show 4 intentions. 
2017-05-08 13:47:11,351 [ 294722]   INFO - CPPImporter.plugin.Keep_Action - [LOG] Intention Keep for 1 nodes. 
2017-05-08 13:47:11,351 [ 294722]   INFO - CPPImporter.plugin.Keep_Action - [LOG] View of Keep Intention is Mainline 
2017-05-08 13:47:11,354 [ 294725]   INFO - CPPImporter.plugin.Keep_Action - Update Preview 
2017-05-08 13:47:11,354 [ 294725]   INFO - CPPImporter.plugin.UpdatePreview - Initialize future model 
2017-05-08 13:47:11,371 [ 294742]   INFO - CPPImporter.plugin.UpdatePreview - Create node mapping 
2017-05-08 13:47:11,371 [ 294742]   INFO - CPPImporter.plugin.UpdatePreview - Node mapping done 
2017-05-08 13:47:11,372 [ 294743]   WARN - CPPImporter.plugin.UpdatePreview - Execute intention Keep 
2017-05-08 13:47:11,381 [ 294752]   WARN - CPPImporter.plugin.IntentionExecutor - indexOf node 0 
2017-05-08 13:47:11,382 [ 294753]   WARN - CPPImporter.plugin.UpdatePreview - Execute intention Remove 
2017-05-08 13:47:11,383 [ 294754]   WARN - CPPImporter.plugin.UpdatePreview - Execute intention Keep 
2017-05-08 13:47:11,383 [ 294754]   WARN - CPPImporter.plugin.IntentionExecutor - indexOf node 0 
2017-05-08 13:47:11,384 [ 294755]   WARN - CPPImporter.plugin.UpdatePreview - Execute intention Remove 
2017-05-08 13:47:11,390 [ 294761]   WARN - CPPImporter.plugin.UpdatePreview - Execute intention Keep 
2017-05-08 13:47:11,400 [ 294771]   INFO - CPPImporter.plugin.IntentionExecutor - defined(BARICUDA)isComplexCondition false 
2017-05-08 13:47:11,401 [ 294772]   WARN - CPPImporter.plugin.IntentionExecutor - indexOf node 0 
2017-05-08 13:47:11,413 [ 294784]   WARN - CPPLanguage.editor.IntentionContainer_Editor - Show 5 intentions. 
2017-05-08 13:49:13,168 [ 416539]   INFO - CPPImporter.plugin.KeepAsFeature_Action - [LOG] Intention Keep As Feature for 1 nodes. 
2017-05-08 13:49:27,279 [ 430650]   INFO - CPPImporter.plugin.KeepAsFeature_Action - [LOG] View of Keep Intention is default 
2017-05-08 13:49:27,281 [ 430652]   INFO - CPPImporter.plugin.UpdatePreview - Initialize future model 
2017-05-08 13:49:27,283 [ 430654]   INFO - CPPImporter.plugin.UpdatePreview - Create node mapping 
2017-05-08 13:49:27,283 [ 430654]   INFO - CPPImporter.plugin.UpdatePreview - Node mapping done 
2017-05-08 13:49:27,312 [ 430683]   WARN - CPPImporter.plugin.UpdatePreview - Execute intention Keep 
2017-05-08 13:49:27,313 [ 430684]   WARN - CPPImporter.plugin.IntentionExecutor - indexOf node 0 
2017-05-08 13:49:27,315 [ 430686]   WARN - CPPImporter.plugin.UpdatePreview - Execute intention Remove 
2017-05-08 13:49:27,316 [ 430687]   WARN - CPPImporter.plugin.UpdatePreview - Execute intention Keep 
2017-05-08 13:49:27,316 [ 430687]   WARN - CPPImporter.plugin.IntentionExecutor - indexOf node 0 
2017-05-08 13:49:27,317 [ 430688]   WARN - CPPImporter.plugin.UpdatePreview - Execute intention Remove 
2017-05-08 13:49:27,319 [ 430690]   WARN - CPPImporter.plugin.UpdatePreview - Execute intention Keep 
2017-05-08 13:49:27,321 [ 430692]   INFO - CPPImporter.plugin.IntentionExecutor - defined(BARICUDA)isComplexCondition false 
2017-05-08 13:49:27,321 [ 430692]   WARN - CPPImporter.plugin.IntentionExecutor - indexOf node 0 
2017-05-08 13:49:27,333 [ 430704]   WARN - CPPImporter.plugin.UpdatePreview - Execute intention KeepAsFeature 
2017-05-08 13:49:27,344 [ 430715]   WARN - CPPImporter.plugin.IntentionExecutor - indexOf node 0 
2017-05-08 13:49:27,392 [ 430763]   WARN - CPPLanguage.editor.IntentionContainer_Editor - Show 6 intentions. 
2017-05-08 13:55:37,704 [ 801075]   WARN - CPPImporter.plugin.ChangePC_Action - [LOG] Intention ChangePC View default 
2017-05-08 13:55:37,706 [ 801077]   INFO - CPPImporter.plugin.UpdatePreview - Initialize future model 
2017-05-08 13:55:37,719 [ 801090]   INFO - CPPImporter.plugin.UpdatePreview - Create node mapping 
2017-05-08 13:55:37,720 [ 801091]   INFO - CPPImporter.plugin.UpdatePreview - Node mapping done 
2017-05-08 13:55:37,721 [ 801092]   WARN - CPPImporter.plugin.UpdatePreview - Execute intention Keep 
2017-05-08 13:55:37,737 [ 801108]   WARN - CPPImporter.plugin.IntentionExecutor - indexOf node 0 
2017-05-08 13:55:37,738 [ 801109]   WARN - CPPImporter.plugin.UpdatePreview - Execute intention Remove 
2017-05-08 13:55:37,739 [ 801110]   WARN - CPPImporter.plugin.UpdatePreview - Execute intention Keep 
2017-05-08 13:55:37,739 [ 801110]   WARN - CPPImporter.plugin.IntentionExecutor - indexOf node 0 
2017-05-08 13:55:37,739 [ 801110]   WARN - CPPImporter.plugin.UpdatePreview - Execute intention Remove 
2017-05-08 13:55:37,740 [ 801111]   WARN - CPPImporter.plugin.UpdatePreview - Execute intention Keep 
2017-05-08 13:55:37,740 [ 801111]   INFO - CPPImporter.plugin.IntentionExecutor - defined(BARICUDA)isComplexCondition false 
2017-05-08 13:55:37,740 [ 801111]   WARN - CPPImporter.plugin.IntentionExecutor - indexOf node 0 
2017-05-08 13:55:37,740 [ 801111]   WARN - CPPImporter.plugin.UpdatePreview - Execute intention KeepAsFeature 
2017-05-08 13:55:37,742 [ 801113]   WARN - CPPImporter.plugin.IntentionExecutor - indexOf node 0 
2017-05-08 13:55:37,743 [ 801114]   WARN - CPPImporter.plugin.UpdatePreview - Execute intention ChangePC 
2017-05-08 13:55:37,804 [ 801175]   WARN - CPPLanguage.editor.IntentionContainer_Editor - Show 7 intentions. 
2017-05-08 13:57:19,933 [ 903304]   INFO - CPPImporter.plugin.ArrangeViews_Action - [LOG] Arrange Views 
2017-05-08 13:59:17,812 [1021183]   INFO - CPPImporter.plugin.Keep_Action - [LOG] Intention Keep for 4 nodes. 
2017-05-08 13:59:17,818 [1021189]   INFO - CPPImporter.plugin.Keep_Action - [LOG] View of Keep Intention is Clone 
2017-05-08 13:59:17,819 [1021190]   INFO - CPPImporter.plugin.Keep_Action - No automatic anti Intention, branch is not completly selected 
2017-05-08 13:59:17,819 [1021190]   INFO - CPPImporter.plugin.Keep_Action - Update Preview 
2017-05-08 13:59:17,819 [1021190]   INFO - CPPImporter.plugin.UpdatePreview - Initialize future model 
2017-05-08 13:59:17,820 [1021191]   INFO - CPPImporter.plugin.UpdatePreview - Create node mapping 
2017-05-08 13:59:17,820 [1021191]   INFO - CPPImporter.plugin.UpdatePreview - Node mapping done 
2017-05-08 13:59:17,848 [1021219]   WARN - CPPImporter.plugin.UpdatePreview - Execute intention Keep 
2017-05-08 13:59:17,853 [1021224]   WARN - CPPImporter.plugin.IntentionExecutor - indexOf node 0 
2017-05-08 13:59:17,871 [1021242]   WARN - CPPImporter.plugin.UpdatePreview - Execute intention Keep 
2017-05-08 13:59:17,878 [1021249]   WARN - CPPImporter.plugin.IntentionExecutor - indexOf node 0 
2017-05-08 13:59:17,892 [1021263]   WARN - CPPImporter.plugin.UpdatePreview - Execute intention Keep 
2017-05-08 13:59:17,893 [1021264]   WARN - CPPImporter.plugin.IntentionExecutor - indexOf node 0 
2017-05-08 13:59:17,902 [1021273]   WARN - CPPImporter.plugin.UpdatePreview - Execute intention Keep 
2017-05-08 13:59:17,905 [1021276]   WARN - CPPImporter.plugin.IntentionExecutor - indexOf node 0 
2017-05-08 13:59:17,957 [1021328]   WARN - CPPLanguage.editor.IntentionContainer_Editor - Show 4 intentions. 
2017-05-08 14:00:31,507 [1094878]   WARN - CPPImporter.plugin.ChangePC_Action - [LOG] Intention ChangePC View default 
2017-05-08 14:00:31,508 [1094879]   INFO - CPPImporter.plugin.UpdatePreview - Initialize future model 
2017-05-08 14:00:31,513 [1094884]   INFO - CPPImporter.plugin.UpdatePreview - Create node mapping 
2017-05-08 14:00:31,513 [1094884]   INFO - CPPImporter.plugin.UpdatePreview - Node mapping done 
2017-05-08 14:00:31,524 [1094895]   WARN - CPPImporter.plugin.UpdatePreview - Execute intention ChangePC 
2017-05-08 14:00:31,525 [1094896]   WARN - CPPImporter.plugin.UpdatePreview - Execute intention Keep 
2017-05-08 14:00:31,525 [1094896]   WARN - CPPImporter.plugin.IntentionExecutor - indexOf node 0 
2017-05-08 14:00:31,537 [1094908]   WARN - CPPImporter.plugin.UpdatePreview - Execute intention Keep 
2017-05-08 14:00:31,548 [1094919]   WARN - CPPImporter.plugin.IntentionExecutor - indexOf node 0 
2017-05-08 14:00:31,563 [1094934]   WARN - CPPImporter.plugin.UpdatePreview - Execute intention Keep 
2017-05-08 14:00:31,566 [1094937]   WARN - CPPImporter.plugin.IntentionExecutor - indexOf node 0 
2017-05-08 14:00:31,581 [1094952]   WARN - CPPImporter.plugin.UpdatePreview - Execute intention Keep 
2017-05-08 14:00:31,583 [1094954]   WARN - CPPImporter.plugin.IntentionExecutor - indexOf node 0 
2017-05-08 14:00:31,623 [1094994]   WARN - CPPLanguage.editor.IntentionContainer_Editor - Show 5 intentions. 
2017-05-08 14:01:23,011 [1146382]   INFO - CPPImporter.plugin.Remove_Action - [LOG] Remove Intention for 3 nodes. 
2017-05-08 14:01:23,042 [1146413]   INFO - CPPImporter.plugin.Remove_Action - [LOG] View of Keep Intention is default 
2017-05-08 14:01:23,088 [1146459]   INFO - CPPImporter.plugin.Remove_Action - No automatic anti Intention, branch is not completly selected 
2017-05-08 14:01:23,088 [1146459]   INFO - CPPImporter.plugin.UpdatePreview - Initialize future model 
2017-05-08 14:01:23,088 [1146459]   INFO - CPPImporter.plugin.UpdatePreview - Create node mapping 
2017-05-08 14:01:23,089 [1146460]   INFO - CPPImporter.plugin.UpdatePreview - Node mapping done 
2017-05-08 14:01:23,104 [1146475]   WARN - CPPImporter.plugin.UpdatePreview - Execute intention ChangePC 
2017-05-08 14:01:23,107 [1146478]   WARN - CPPImporter.plugin.UpdatePreview - Execute intention Keep 
2017-05-08 14:01:23,108 [1146479]   WARN - CPPImporter.plugin.IntentionExecutor - indexOf node 0 
2017-05-08 14:01:23,110 [1146481]   WARN - CPPImporter.plugin.UpdatePreview - Execute intention Keep 
2017-05-08 14:01:23,111 [1146482]   WARN - CPPImporter.plugin.IntentionExecutor - indexOf node 0 
2017-05-08 14:01:23,118 [1146489]   WARN - CPPImporter.plugin.UpdatePreview - Execute intention Keep 
2017-05-08 14:01:23,119 [1146490]   WARN - CPPImporter.plugin.IntentionExecutor - indexOf node 0 
2017-05-08 14:01:23,133 [1146504]   WARN - CPPImporter.plugin.UpdatePreview - Execute intention Keep 
2017-05-08 14:01:23,133 [1146504]   WARN - CPPImporter.plugin.IntentionExecutor - indexOf node 0 
2017-05-08 14:01:23,134 [1146505]   WARN - CPPImporter.plugin.UpdatePreview - Execute intention Remove 
2017-05-08 14:01:23,135 [1146506]   WARN - CPPImporter.plugin.UpdatePreview - Execute intention Remove 
2017-05-08 14:01:23,135 [1146506]   WARN - CPPImporter.plugin.UpdatePreview - Execute intention Remove 
2017-05-08 14:01:23,149 [1146520]   WARN - CPPLanguage.editor.IntentionContainer_Editor - Show 8 intentions. 
2017-05-08 14:02:50,158 [1233529]   WARN - CPPImporter.plugin.ChangePC_Action - [LOG] Intention ChangePC View default 
2017-05-08 14:02:50,167 [1233538]   INFO - CPPImporter.plugin.UpdatePreview - Initialize future model 
2017-05-08 14:02:50,174 [1233545]   INFO - CPPImporter.plugin.UpdatePreview - Create node mapping 
2017-05-08 14:02:50,174 [1233545]   INFO - CPPImporter.plugin.UpdatePreview - Node mapping done 
2017-05-08 14:02:50,197 [1233568]   WARN - CPPImporter.plugin.UpdatePreview - Execute intention ChangePC 
2017-05-08 14:02:50,198 [1233569]   WARN - CPPImporter.plugin.UpdatePreview - Execute intention Keep 
2017-05-08 14:02:50,198 [1233569]   WARN - CPPImporter.plugin.IntentionExecutor - indexOf node 0 
2017-05-08 14:02:50,199 [1233570]   WARN - CPPImporter.plugin.UpdatePreview - Execute intention Keep 
2017-05-08 14:02:50,199 [1233570]   WARN - CPPImporter.plugin.IntentionExecutor - indexOf node 0 
2017-05-08 14:02:50,200 [1233571]   WARN - CPPImporter.plugin.UpdatePreview - Execute intention Keep 
2017-05-08 14:02:50,200 [1233571]   WARN - CPPImporter.plugin.IntentionExecutor - indexOf node 0 
2017-05-08 14:02:50,213 [1233584]   WARN - CPPImporter.plugin.UpdatePreview - Execute intention Keep 
2017-05-08 14:02:50,214 [1233585]   WARN - CPPImporter.plugin.IntentionExecutor - indexOf node 0 
2017-05-08 14:02:50,215 [1233586]   WARN - CPPImporter.plugin.UpdatePreview - Execute intention Remove 
2017-05-08 14:02:50,217 [1233588]   WARN - CPPImporter.plugin.UpdatePreview - Execute intention Remove 
2017-05-08 14:02:50,222 [1233593]   WARN - CPPImporter.plugin.UpdatePreview - Execute intention Remove 
2017-05-08 14:02:50,223 [1233594]   WARN - CPPImporter.plugin.UpdatePreview - Execute intention ChangePC 
2017-05-08 14:02:50,233 [1233604]   WARN - CPPLanguage.editor.IntentionContainer_Editor - Show 9 intentions. 
2017-05-08 14:02:56,234 [1239605]   WARN - CPPLanguage.editor.IntentionContainer_Editor - Show 8 intentions. 
2017-05-08 14:03:11,447 [1254818]   WARN - CPPImporter.plugin.ChangePC_Action - [LOG] Intention ChangePC View default 
2017-05-08 14:03:11,458 [1254829]   INFO - CPPImporter.plugin.UpdatePreview - Initialize future model 
2017-05-08 14:03:11,460 [1254831]   INFO - CPPImporter.plugin.UpdatePreview - Create node mapping 
2017-05-08 14:03:11,460 [1254831]   INFO - CPPImporter.plugin.UpdatePreview - Node mapping done 
2017-05-08 14:03:11,460 [1254831]   WARN - CPPImporter.plugin.UpdatePreview - Execute intention ChangePC 
2017-05-08 14:03:11,476 [1254847]   WARN - CPPImporter.plugin.UpdatePreview - Execute intention Keep 
2017-05-08 14:03:11,477 [1254848]   WARN - CPPImporter.plugin.IntentionExecutor - indexOf node 0 
2017-05-08 14:03:11,477 [1254848]   WARN - CPPImporter.plugin.UpdatePreview - Execute intention Keep 
2017-05-08 14:03:11,480 [1254851]   WARN - CPPImporter.plugin.IntentionExecutor - indexOf node 0 
2017-05-08 14:03:11,481 [1254852]   WARN - CPPImporter.plugin.UpdatePreview - Execute intention Keep 
2017-05-08 14:03:11,485 [1254856]   WARN - CPPImporter.plugin.IntentionExecutor - indexOf node 0 
2017-05-08 14:03:11,495 [1254866]   WARN - CPPImporter.plugin.UpdatePreview - Execute intention Keep 
2017-05-08 14:03:11,500 [1254871]   WARN - CPPImporter.plugin.IntentionExecutor - indexOf node 0 
2017-05-08 14:03:11,502 [1254873]   WARN - CPPImporter.plugin.UpdatePreview - Execute intention Remove 
2017-05-08 14:03:11,505 [1254876]   WARN - CPPImporter.plugin.UpdatePreview - Execute intention Remove 
2017-05-08 14:03:11,505 [1254876]   WARN - CPPImporter.plugin.UpdatePreview - Execute intention Remove 
2017-05-08 14:03:11,506 [1254877]   WARN - CPPImporter.plugin.UpdatePreview - Execute intention ChangePC 
2017-05-08 14:03:11,586 [1254957]   WARN - CPPLanguage.editor.IntentionContainer_Editor - Show 9 intentions. 
2017-05-08 14:04:25,578 [1328949]   INFO - CPPImporter.plugin.Keep_Action - [LOG] Intention Keep for 4 nodes. 
2017-05-08 14:04:25,578 [1328949]   INFO - CPPImporter.plugin.Keep_Action - [LOG] View of Keep Intention is Clone 
2017-05-08 14:04:25,599 [1328970]   INFO - CPPImporter.plugin.Keep_Action - Propose anti Intention for true branch 
2017-05-08 14:04:27,821 [1331192]   INFO - CPPImporter.plugin.Keep_Action - [LOG] Add anti intention 
2017-05-08 14:04:27,822 [1331193]   INFO - CPPImporter.plugin.Keep_Action - Update Preview 
2017-05-08 14:04:27,822 [1331193]   INFO - CPPImporter.plugin.UpdatePreview - Initialize future model 
2017-05-08 14:04:27,828 [1331199]   INFO - CPPImporter.plugin.UpdatePreview - Create node mapping 
2017-05-08 14:04:27,829 [1331200]   INFO - CPPImporter.plugin.UpdatePreview - Node mapping done 
2017-05-08 14:04:27,879 [1331250]   WARN - CPPImporter.plugin.UpdatePreview - Execute intention ChangePC 
2017-05-08 14:04:27,880 [1331251]   WARN - CPPImporter.plugin.UpdatePreview - Execute intention Keep 
2017-05-08 14:04:27,890 [1331261]   WARN - CPPImporter.plugin.IntentionExecutor - indexOf node 0 
2017-05-08 14:04:27,895 [1331266]   WARN - CPPImporter.plugin.UpdatePreview - Execute intention Keep 
2017-05-08 14:04:27,896 [1331267]   WARN - CPPImporter.plugin.IntentionExecutor - indexOf node 0 
2017-05-08 14:04:27,918 [1331289]   WARN - CPPImporter.plugin.UpdatePreview - Execute intention Keep 
2017-05-08 14:04:27,923 [1331294]   WARN - CPPImporter.plugin.IntentionExecutor - indexOf node 0 
2017-05-08 14:04:27,924 [1331295]   WARN - CPPImporter.plugin.UpdatePreview - Execute intention Keep 
2017-05-08 14:04:27,924 [1331295]   WARN - CPPImporter.plugin.IntentionExecutor - indexOf node 0 
2017-05-08 14:04:27,930 [1331301]   WARN - CPPImporter.plugin.UpdatePreview - Execute intention Remove 
2017-05-08 14:04:27,931 [1331302]   WARN - CPPImporter.plugin.UpdatePreview - Execute intention Remove 
2017-05-08 14:04:27,931 [1331302]   WARN - CPPImporter.plugin.UpdatePreview - Execute intention Remove 
2017-05-08 14:04:27,931 [1331302]   WARN - CPPImporter.plugin.UpdatePreview - Execute intention ChangePC 
2017-05-08 14:04:27,932 [1331303]   WARN - CPPImporter.plugin.UpdatePreview - Execute intention Keep 
2017-05-08 14:04:27,932 [1331303]   WARN - CPPImporter.plugin.IntentionExecutor - indexOf node 0 
2017-05-08 14:04:27,950 [1331321]   WARN - CPPImporter.plugin.UpdatePreview - Execute intention Remove 
2017-05-08 14:04:27,951 [1331322]   WARN - CPPImporter.plugin.UpdatePreview - Execute intention Keep 
2017-05-08 14:04:27,956 [1331327]   WARN - CPPImporter.plugin.IntentionExecutor - indexOf node 0 
2017-05-08 14:04:27,957 [1331328]   WARN - CPPImporter.plugin.UpdatePreview - Execute intention Remove 
2017-05-08 14:04:27,958 [1331329]   WARN - CPPImporter.plugin.UpdatePreview - Execute intention Keep 
2017-05-08 14:04:27,959 [1331330]   WARN - CPPImporter.plugin.IntentionExecutor - indexOf node 0 
2017-05-08 14:04:27,960 [1331331]   WARN - CPPImporter.plugin.UpdatePreview - Execute intention Remove 
2017-05-08 14:04:27,960 [1331331]   WARN - CPPImporter.plugin.UpdatePreview - Execute intention Keep 
2017-05-08 14:04:27,961 [1331332]   WARN - CPPImporter.plugin.IntentionExecutor - indexOf node 0 
2017-05-08 14:04:27,961 [1331332]   WARN - CPPImporter.plugin.UpdatePreview - Execute intention Remove 
2017-05-08 14:04:27,969 [1331340]   WARN - CPPLanguage.editor.IntentionContainer_Editor - Show 17 intentions. 
2017-05-08 14:05:46,809 [1410180]   INFO - CPPImporter.plugin.Keep_Action - [LOG] Intention Keep for 3 nodes. 
2017-05-08 14:05:46,809 [1410180]   INFO - CPPImporter.plugin.Keep_Action - [LOG] View of Keep Intention is Mainline 
2017-05-08 14:05:46,817 [1410188]   INFO - CPPImporter.plugin.Keep_Action - Update Preview 
2017-05-08 14:05:46,818 [1410189]   INFO - CPPImporter.plugin.UpdatePreview - Initialize future model 
2017-05-08 14:05:46,820 [1410191]   INFO - CPPImporter.plugin.UpdatePreview - Create node mapping 
2017-05-08 14:05:46,820 [1410191]   INFO - CPPImporter.plugin.UpdatePreview - Node mapping done 
2017-05-08 14:05:46,820 [1410191]   WARN - CPPImporter.plugin.UpdatePreview - Execute intention ChangePC 
2017-05-08 14:05:46,822 [1410193]   WARN - CPPImporter.plugin.UpdatePreview - Execute intention Keep 
2017-05-08 14:05:46,822 [1410193]   WARN - CPPImporter.plugin.IntentionExecutor - indexOf node 0 
2017-05-08 14:05:46,823 [1410194]   WARN - CPPImporter.plugin.UpdatePreview - Execute intention Keep 
2017-05-08 14:05:46,823 [1410194]   WARN - CPPImporter.plugin.IntentionExecutor - indexOf node 0 
2017-05-08 14:05:46,825 [1410196]   WARN - CPPImporter.plugin.UpdatePreview - Execute intention Keep 
2017-05-08 14:05:46,826 [1410197]   WARN - CPPImporter.plugin.IntentionExecutor - indexOf node 0 
2017-05-08 14:05:46,832 [1410203]   WARN - CPPImporter.plugin.UpdatePreview - Execute intention Keep 
2017-05-08 14:05:46,833 [1410204]   WARN - CPPImporter.plugin.IntentionExecutor - indexOf node 0 
2017-05-08 14:05:46,833 [1410204]   WARN - CPPImporter.plugin.UpdatePreview - Execute intention Remove 
2017-05-08 14:05:46,834 [1410205]   WARN - CPPImporter.plugin.UpdatePreview - Execute intention Remove 
2017-05-08 14:05:46,834 [1410205]   WARN - CPPImporter.plugin.UpdatePreview - Execute intention Remove 
2017-05-08 14:05:46,834 [1410205]   WARN - CPPImporter.plugin.UpdatePreview - Execute intention ChangePC 
2017-05-08 14:05:46,834 [1410205]   WARN - CPPImporter.plugin.UpdatePreview - Execute intention Keep 
2017-05-08 14:05:46,834 [1410205]   WARN - CPPImporter.plugin.IntentionExecutor - indexOf node 0 
2017-05-08 14:05:46,835 [1410206]   WARN - CPPImporter.plugin.UpdatePreview - Execute intention Remove 
2017-05-08 14:05:46,835 [1410206]   WARN - CPPImporter.plugin.UpdatePreview - Execute intention Keep 
2017-05-08 14:05:46,835 [1410206]   WARN - CPPImporter.plugin.IntentionExecutor - indexOf node 0 
2017-05-08 14:05:46,836 [1410207]   WARN - CPPImporter.plugin.UpdatePreview - Execute intention Remove 
2017-05-08 14:05:46,836 [1410207]   WARN - CPPImporter.plugin.UpdatePreview - Execute intention Keep 
2017-05-08 14:05:46,836 [1410207]   WARN - CPPImporter.plugin.IntentionExecutor - indexOf node 0 
2017-05-08 14:05:46,837 [1410208]   WARN - CPPImporter.plugin.UpdatePreview - Execute intention Remove 
2017-05-08 14:05:46,842 [1410213]   WARN - CPPImporter.plugin.UpdatePreview - Execute intention Keep 
2017-05-08 14:05:46,843 [1410214]   WARN - CPPImporter.plugin.IntentionExecutor - indexOf node 0 
2017-05-08 14:05:46,843 [1410214]   WARN - CPPImporter.plugin.UpdatePreview - Execute intention Remove 
2017-05-08 14:05:46,843 [1410214]   WARN - CPPImporter.plugin.UpdatePreview - Execute intention Keep 
2017-05-08 14:05:46,844 [1410215]   WARN - CPPImporter.plugin.IntentionExecutor - indexOf node 0 
2017-05-08 14:05:46,844 [1410215]   WARN - CPPImporter.plugin.UpdatePreview - Execute intention Keep 
2017-05-08 14:05:46,844 [1410215]   WARN - CPPImporter.plugin.IntentionExecutor - indexOf node 0 
2017-05-08 14:05:46,845 [1410216]   WARN - CPPImporter.plugin.UpdatePreview - Execute intention Keep 
2017-05-08 14:05:46,845 [1410216]   WARN - CPPImporter.plugin.IntentionExecutor - indexOf node 0 
2017-05-08 14:05:46,849 [1410220]   WARN - CPPLanguage.editor.IntentionContainer_Editor - Show 20 intentions. 
2017-05-08 14:08:11,668 [1555039]   WARN - CPPImporter.plugin.ChangePC_Action - [LOG] Intention ChangePC View default 
2017-05-08 14:08:11,670 [1555041]   INFO - CPPImporter.plugin.UpdatePreview - Initialize future model 
2017-05-08 14:08:11,679 [1555050]   INFO - CPPImporter.plugin.UpdatePreview - Create node mapping 
2017-05-08 14:08:11,679 [1555050]   INFO - CPPImporter.plugin.UpdatePreview - Node mapping done 
2017-05-08 14:08:11,680 [1555051]   WARN - CPPImporter.plugin.UpdatePreview - Execute intention ChangePC 
2017-05-08 14:08:11,692 [1555063]   WARN - CPPImporter.plugin.UpdatePreview - Execute intention Keep 
2017-05-08 14:08:11,693 [1555064]   WARN - CPPImporter.plugin.IntentionExecutor - indexOf node 0 
2017-05-08 14:08:11,694 [1555065]   WARN - CPPImporter.plugin.UpdatePreview - Execute intention Keep 
2017-05-08 14:08:11,695 [1555066]   WARN - CPPImporter.plugin.IntentionExecutor - indexOf node 0 
2017-05-08 14:08:11,696 [1555067]   WARN - CPPImporter.plugin.UpdatePreview - Execute intention Keep 
2017-05-08 14:08:11,702 [1555073]   WARN - CPPImporter.plugin.IntentionExecutor - indexOf node 0 
2017-05-08 14:08:11,721 [1555092]   WARN - CPPImporter.plugin.UpdatePreview - Execute intention Keep 
2017-05-08 14:08:11,721 [1555092]   WARN - CPPImporter.plugin.IntentionExecutor - indexOf node 0 
2017-05-08 14:08:11,723 [1555094]   WARN - CPPImporter.plugin.UpdatePreview - Execute intention Remove 
2017-05-08 14:08:11,724 [1555095]   WARN - CPPImporter.plugin.UpdatePreview - Execute intention Remove 
2017-05-08 14:08:11,729 [1555100]   WARN - CPPImporter.plugin.UpdatePreview - Execute intention Remove 
2017-05-08 14:08:11,730 [1555101]   WARN - CPPImporter.plugin.UpdatePreview - Execute intention ChangePC 
2017-05-08 14:08:11,731 [1555102]   WARN - CPPImporter.plugin.UpdatePreview - Execute intention Keep 
2017-05-08 14:08:11,731 [1555102]   WARN - CPPImporter.plugin.IntentionExecutor - indexOf node 0 
2017-05-08 14:08:11,732 [1555103]   WARN - CPPImporter.plugin.UpdatePreview - Execute intention Remove 
2017-05-08 14:08:11,734 [1555105]   WARN - CPPImporter.plugin.UpdatePreview - Execute intention Keep 
2017-05-08 14:08:11,735 [1555106]   WARN - CPPImporter.plugin.IntentionExecutor - indexOf node 0 
2017-05-08 14:08:11,736 [1555107]   WARN - CPPImporter.plugin.UpdatePreview - Execute intention Remove 
2017-05-08 14:08:11,739 [1555110]   WARN - CPPImporter.plugin.UpdatePreview - Execute intention Keep 
2017-05-08 14:08:11,740 [1555111]   WARN - CPPImporter.plugin.IntentionExecutor - indexOf node 0 
2017-05-08 14:08:11,741 [1555112]   WARN - CPPImporter.plugin.UpdatePreview - Execute intention Remove 
2017-05-08 14:08:11,742 [1555113]   WARN - CPPImporter.plugin.UpdatePreview - Execute intention Keep 
2017-05-08 14:08:11,742 [1555113]   WARN - CPPImporter.plugin.IntentionExecutor - indexOf node 0 
2017-05-08 14:08:11,742 [1555113]   WARN - CPPImporter.plugin.UpdatePreview - Execute intention Remove 
2017-05-08 14:08:11,744 [1555115]   WARN - CPPImporter.plugin.UpdatePreview - Execute intention Keep 
2017-05-08 14:08:11,745 [1555116]   WARN - CPPImporter.plugin.IntentionExecutor - indexOf node 0 
2017-05-08 14:08:11,745 [1555116]   WARN - CPPImporter.plugin.UpdatePreview - Execute intention Keep 
2017-05-08 14:08:11,746 [1555117]   WARN - CPPImporter.plugin.IntentionExecutor - indexOf node 0 
2017-05-08 14:08:11,746 [1555117]   WARN - CPPImporter.plugin.UpdatePreview - Execute intention Keep 
2017-05-08 14:08:11,748 [1555119]   WARN - CPPImporter.plugin.IntentionExecutor - indexOf node 0 
2017-05-08 14:08:11,748 [1555119]   WARN - CPPImporter.plugin.UpdatePreview - Execute intention ChangePC 
2017-05-08 14:08:11,838 [1555209]   WARN - CPPLanguage.editor.IntentionContainer_Editor - Show 21 intentions. 
2017-05-08 14:09:15,671 [1619042]   INFO - CPPImporter.plugin.KeepAsFeature_Action - [LOG] Intention Keep As Feature for 1 nodes. 
2017-05-08 14:09:30,991 [1634362]   INFO - CPPImporter.plugin.Keep_Action - [LOG] Intention Keep for 1 nodes. 
2017-05-08 14:09:30,991 [1634362]   INFO - CPPImporter.plugin.Keep_Action - [LOG] View of Keep Intention is default 
2017-05-08 14:09:30,991 [1634362]   INFO - CPPImporter.plugin.Keep_Action - Update Preview 
2017-05-08 14:09:30,991 [1634362]   INFO - CPPImporter.plugin.UpdatePreview - Initialize future model 
2017-05-08 14:09:30,998 [1634369]   INFO - CPPImporter.plugin.UpdatePreview - Create node mapping 
2017-05-08 14:09:30,998 [1634369]   INFO - CPPImporter.plugin.UpdatePreview - Node mapping done 
2017-05-08 14:09:31,022 [1634393]   WARN - CPPImporter.plugin.UpdatePreview - Execute intention ChangePC 
2017-05-08 14:09:31,023 [1634394]   WARN - CPPImporter.plugin.UpdatePreview - Execute intention Keep 
2017-05-08 14:09:31,024 [1634395]   WARN - CPPImporter.plugin.IntentionExecutor - indexOf node 0 
2017-05-08 14:09:31,029 [1634400]   WARN - CPPImporter.plugin.UpdatePreview - Execute intention Keep 
2017-05-08 14:09:31,034 [1634405]   WARN - CPPImporter.plugin.IntentionExecutor - indexOf node 0 
2017-05-08 14:09:31,045 [1634416]   WARN - CPPImporter.plugin.UpdatePreview - Execute intention Keep 
2017-05-08 14:09:31,046 [1634417]   WARN - CPPImporter.plugin.IntentionExecutor - indexOf node 0 
2017-05-08 14:09:31,071 [1634442]   WARN - CPPImporter.plugin.UpdatePreview - Execute intention Keep 
2017-05-08 14:09:31,071 [1634442]   WARN - CPPImporter.plugin.IntentionExecutor - indexOf node 0 
2017-05-08 14:09:31,072 [1634443]   WARN - CPPImporter.plugin.UpdatePreview - Execute intention Remove 
2017-05-08 14:09:31,074 [1634445]   WARN - CPPImporter.plugin.UpdatePreview - Execute intention Remove 
2017-05-08 14:09:31,075 [1634446]   WARN - CPPImporter.plugin.UpdatePreview - Execute intention Remove 
2017-05-08 14:09:31,077 [1634448]   WARN - CPPImporter.plugin.UpdatePreview - Execute intention ChangePC 
2017-05-08 14:09:31,077 [1634448]   WARN - CPPImporter.plugin.UpdatePreview - Execute intention Keep 
2017-05-08 14:09:31,077 [1634448]   WARN - CPPImporter.plugin.IntentionExecutor - indexOf node 0 
2017-05-08 14:09:31,078 [1634449]   WARN - CPPImporter.plugin.UpdatePreview - Execute intention Remove 
2017-05-08 14:09:31,080 [1634451]   WARN - CPPImporter.plugin.UpdatePreview - Execute intention Keep 
2017-05-08 14:09:31,082 [1634453]   WARN - CPPImporter.plugin.IntentionExecutor - indexOf node 0 
2017-05-08 14:09:31,083 [1634454]   WARN - CPPImporter.plugin.UpdatePreview - Execute intention Remove 
2017-05-08 14:09:31,085 [1634456]   WARN - CPPImporter.plugin.UpdatePreview - Execute intention Keep 
2017-05-08 14:09:31,086 [1634457]   WARN - CPPImporter.plugin.IntentionExecutor - indexOf node 0 
2017-05-08 14:09:31,086 [1634457]   WARN - CPPImporter.plugin.UpdatePreview - Execute intention Remove 
2017-05-08 14:09:31,088 [1634459]   WARN - CPPImporter.plugin.UpdatePreview - Execute intention Keep 
2017-05-08 14:09:31,097 [1634468]   WARN - CPPImporter.plugin.IntentionExecutor - indexOf node 0 
2017-05-08 14:09:31,105 [1634476]   WARN - CPPImporter.plugin.UpdatePreview - Execute intention Remove 
2017-05-08 14:09:31,107 [1634478]   WARN - CPPImporter.plugin.UpdatePreview - Execute intention Keep 
2017-05-08 14:09:31,111 [1634482]   WARN - CPPImporter.plugin.IntentionExecutor - indexOf node 0 
2017-05-08 14:09:31,113 [1634484]   WARN - CPPImporter.plugin.UpdatePreview - Execute intention Keep 
2017-05-08 14:09:31,116 [1634487]   WARN - CPPImporter.plugin.IntentionExecutor - indexOf node 0 
2017-05-08 14:09:31,117 [1634488]   WARN - CPPImporter.plugin.UpdatePreview - Execute intention Keep 
2017-05-08 14:09:31,117 [1634488]   WARN - CPPImporter.plugin.IntentionExecutor - indexOf node 0 
2017-05-08 14:09:31,117 [1634488]   WARN - CPPImporter.plugin.UpdatePreview - Execute intention ChangePC 
2017-05-08 14:09:31,121 [1634492]   WARN - CPPImporter.plugin.UpdatePreview - Execute intention Keep 
2017-05-08 14:09:31,121 [1634492]   WARN - CPPImporter.plugin.IntentionExecutor - indexOf node 0 
2017-05-08 14:09:31,145 [1634516]   WARN - CPPLanguage.editor.IntentionContainer_Editor - Show 22 intentions. 
2017-05-08 14:10:36,468 [1699839]   WARN - CPPImporter.plugin.ChangePC_Action - [LOG] Intention ChangePC View default 
2017-05-08 14:10:36,469 [1699840]   INFO - CPPImporter.plugin.UpdatePreview - Initialize future model 
2017-05-08 14:10:36,469 [1699840]   INFO - CPPImporter.plugin.UpdatePreview - Create node mapping 
2017-05-08 14:10:36,469 [1699840]   INFO - CPPImporter.plugin.UpdatePreview - Node mapping done 
2017-05-08 14:10:36,476 [1699847]   WARN - CPPImporter.plugin.UpdatePreview - Execute intention ChangePC 
2017-05-08 14:10:36,478 [1699849]   WARN - CPPImporter.plugin.UpdatePreview - Execute intention Keep 
2017-05-08 14:10:36,484 [1699855]   WARN - CPPImporter.plugin.IntentionExecutor - indexOf node 0 
2017-05-08 14:10:36,485 [1699856]   WARN - CPPImporter.plugin.UpdatePreview - Execute intention Keep 
2017-05-08 14:10:36,486 [1699857]   WARN - CPPImporter.plugin.IntentionExecutor - indexOf node 0 
2017-05-08 14:10:36,486 [1699857]   WARN - CPPImporter.plugin.UpdatePreview - Execute intention Keep 
2017-05-08 14:10:36,486 [1699857]   WARN - CPPImporter.plugin.IntentionExecutor - indexOf node 0 
2017-05-08 14:10:36,487 [1699858]   WARN - CPPImporter.plugin.UpdatePreview - Execute intention Keep 
2017-05-08 14:10:36,488 [1699859]   WARN - CPPImporter.plugin.IntentionExecutor - indexOf node 0 
2017-05-08 14:10:36,488 [1699859]   WARN - CPPImporter.plugin.UpdatePreview - Execute intention Remove 
2017-05-08 14:10:36,489 [1699860]   WARN - CPPImporter.plugin.UpdatePreview - Execute intention Remove 
2017-05-08 14:10:36,489 [1699860]   WARN - CPPImporter.plugin.UpdatePreview - Execute intention Remove 
2017-05-08 14:10:36,491 [1699862]   WARN - CPPImporter.plugin.UpdatePreview - Execute intention ChangePC 
2017-05-08 14:10:36,495 [1699866]   WARN - CPPImporter.plugin.UpdatePreview - Execute intention Keep 
2017-05-08 14:10:36,495 [1699866]   WARN - CPPImporter.plugin.IntentionExecutor - indexOf node 0 
2017-05-08 14:10:36,496 [1699867]   WARN - CPPImporter.plugin.UpdatePreview - Execute intention Remove 
2017-05-08 14:10:36,496 [1699867]   WARN - CPPImporter.plugin.UpdatePreview - Execute intention Keep 
2017-05-08 14:10:36,496 [1699867]   WARN - CPPImporter.plugin.IntentionExecutor - indexOf node 0 
2017-05-08 14:10:36,496 [1699867]   WARN - CPPImporter.plugin.UpdatePreview - Execute intention Remove 
2017-05-08 14:10:36,515 [1699886]   WARN - CPPImporter.plugin.UpdatePreview - Execute intention Keep 
2017-05-08 14:10:36,516 [1699887]   WARN - CPPImporter.plugin.IntentionExecutor - indexOf node 0 
2017-05-08 14:10:36,517 [1699888]   WARN - CPPImporter.plugin.UpdatePreview - Execute intention Remove 
2017-05-08 14:10:36,518 [1699889]   WARN - CPPImporter.plugin.UpdatePreview - Execute intention Keep 
2017-05-08 14:10:36,518 [1699889]   WARN - CPPImporter.plugin.IntentionExecutor - indexOf node 0 
2017-05-08 14:10:36,519 [1699890]   WARN - CPPImporter.plugin.UpdatePreview - Execute intention Remove 
2017-05-08 14:10:36,524 [1699895]   WARN - CPPImporter.plugin.UpdatePreview - Execute intention Keep 
2017-05-08 14:10:36,524 [1699895]   WARN - CPPImporter.plugin.IntentionExecutor - indexOf node 0 
2017-05-08 14:10:36,525 [1699896]   WARN - CPPImporter.plugin.UpdatePreview - Execute intention Keep 
2017-05-08 14:10:36,525 [1699896]   WARN - CPPImporter.plugin.IntentionExecutor - indexOf node 0 
2017-05-08 14:10:36,526 [1699897]   WARN - CPPImporter.plugin.UpdatePreview - Execute intention Keep 
2017-05-08 14:10:36,529 [1699900]   WARN - CPPImporter.plugin.IntentionExecutor - indexOf node 0 
2017-05-08 14:10:36,530 [1699901]   WARN - CPPImporter.plugin.UpdatePreview - Execute intention ChangePC 
2017-05-08 14:10:36,530 [1699901]   WARN - CPPImporter.plugin.UpdatePreview - Execute intention Keep 
2017-05-08 14:10:36,530 [1699901]   WARN - CPPImporter.plugin.IntentionExecutor - indexOf node 0 
2017-05-08 14:10:36,531 [1699902]   WARN - CPPImporter.plugin.UpdatePreview - Execute intention ChangePC 
2017-05-08 14:10:36,559 [1699930]   WARN - CPPLanguage.editor.IntentionContainer_Editor - Show 23 intentions. 
2017-05-08 14:10:55,001 [1718372]   INFO - CPPImporter.plugin.Remove_Action - [LOG] Remove Intention for 1 nodes. 
2017-05-08 14:10:55,001 [1718372]   INFO - CPPImporter.plugin.Remove_Action - [LOG] View of Keep Intention is default 
2017-05-08 14:10:55,013 [1718384]   INFO - CPPImporter.plugin.UpdatePreview - Initialize future model 
2017-05-08 14:10:55,014 [1718385]   INFO - CPPImporter.plugin.UpdatePreview - Create node mapping 
2017-05-08 14:10:55,014 [1718385]   INFO - CPPImporter.plugin.UpdatePreview - Node mapping done 
2017-05-08 14:10:55,015 [1718386]   WARN - CPPImporter.plugin.UpdatePreview - Execute intention ChangePC 
2017-05-08 14:10:55,016 [1718387]   WARN - CPPImporter.plugin.UpdatePreview - Execute intention Keep 
2017-05-08 14:10:55,016 [1718387]   WARN - CPPImporter.plugin.IntentionExecutor - indexOf node 0 
2017-05-08 14:10:55,017 [1718388]   WARN - CPPImporter.plugin.UpdatePreview - Execute intention Keep 
2017-05-08 14:10:55,019 [1718390]   WARN - CPPImporter.plugin.IntentionExecutor - indexOf node 0 
2017-05-08 14:10:55,020 [1718391]   WARN - CPPImporter.plugin.UpdatePreview - Execute intention Keep 
2017-05-08 14:10:55,021 [1718392]   WARN - CPPImporter.plugin.IntentionExecutor - indexOf node 0 
2017-05-08 14:10:55,023 [1718394]   WARN - CPPImporter.plugin.UpdatePreview - Execute intention Keep 
2017-05-08 14:10:55,024 [1718395]   WARN - CPPImporter.plugin.IntentionExecutor - indexOf node 0 
2017-05-08 14:10:55,051 [1718422]   WARN - CPPImporter.plugin.UpdatePreview - Execute intention Remove 
2017-05-08 14:10:55,051 [1718422]   WARN - CPPImporter.plugin.UpdatePreview - Execute intention Remove 
2017-05-08 14:10:55,052 [1718423]   WARN - CPPImporter.plugin.UpdatePreview - Execute intention Remove 
2017-05-08 14:10:55,052 [1718423]   WARN - CPPImporter.plugin.UpdatePreview - Execute intention ChangePC 
2017-05-08 14:10:55,052 [1718423]   WARN - CPPImporter.plugin.UpdatePreview - Execute intention Keep 
2017-05-08 14:10:55,053 [1718424]   WARN - CPPImporter.plugin.IntentionExecutor - indexOf node 0 
2017-05-08 14:10:55,063 [1718434]   WARN - CPPImporter.plugin.UpdatePreview - Execute intention Remove 
2017-05-08 14:10:55,067 [1718438]   WARN - CPPImporter.plugin.UpdatePreview - Execute intention Keep 
2017-05-08 14:10:55,068 [1718439]   WARN - CPPImporter.plugin.IntentionExecutor - indexOf node 0 
2017-05-08 14:10:55,076 [1718447]   WARN - CPPImporter.plugin.UpdatePreview - Execute intention Remove 
2017-05-08 14:10:55,077 [1718448]   WARN - CPPImporter.plugin.UpdatePreview - Execute intention Keep 
2017-05-08 14:10:55,077 [1718448]   WARN - CPPImporter.plugin.IntentionExecutor - indexOf node 0 
2017-05-08 14:10:55,079 [1718450]   WARN - CPPImporter.plugin.UpdatePreview - Execute intention Remove 
2017-05-08 14:10:55,080 [1718451]   WARN - CPPImporter.plugin.UpdatePreview - Execute intention Keep 
2017-05-08 14:10:55,082 [1718453]   WARN - CPPImporter.plugin.IntentionExecutor - indexOf node 0 
2017-05-08 14:10:55,083 [1718454]   WARN - CPPImporter.plugin.UpdatePreview - Execute intention Remove 
2017-05-08 14:10:55,085 [1718456]   WARN - CPPImporter.plugin.UpdatePreview - Execute intention Keep 
2017-05-08 14:10:55,086 [1718457]   WARN - CPPImporter.plugin.IntentionExecutor - indexOf node 0 
2017-05-08 14:10:55,088 [1718459]   WARN - CPPImporter.plugin.UpdatePreview - Execute intention Keep 
2017-05-08 14:10:55,088 [1718459]   WARN - CPPImporter.plugin.IntentionExecutor - indexOf node 0 
2017-05-08 14:10:55,090 [1718461]   WARN - CPPImporter.plugin.UpdatePreview - Execute intention Keep 
2017-05-08 14:10:55,095 [1718466]   WARN - CPPImporter.plugin.IntentionExecutor - indexOf node 0 
2017-05-08 14:10:55,098 [1718469]   WARN - CPPImporter.plugin.UpdatePreview - Execute intention ChangePC 
2017-05-08 14:10:55,099 [1718470]   WARN - CPPImporter.plugin.UpdatePreview - Execute intention Keep 
2017-05-08 14:10:55,099 [1718470]   WARN - CPPImporter.plugin.IntentionExecutor - indexOf node 0 
2017-05-08 14:10:55,100 [1718471]   WARN - CPPImporter.plugin.UpdatePreview - Execute intention ChangePC 
2017-05-08 14:10:55,100 [1718471]   WARN - CPPImporter.plugin.UpdatePreview - Execute intention Remove 
2017-05-08 14:10:55,112 [1718483]   WARN - CPPLanguage.editor.IntentionContainer_Editor - Show 24 intentions. 
2017-05-08 14:13:28,104 [1871475]   WARN - CPPImporter.plugin.CommitIntentions_Action - Commit Intentions 
2017-05-08 14:13:28,106 [1871477]   INFO - CPPImporter.plugin.UpdatePreview - Initialize future model 
2017-05-08 14:13:28,107 [1871478]   INFO - CPPImporter.plugin.UpdatePreview - Create node mapping 
2017-05-08 14:13:28,107 [1871478]   INFO - CPPImporter.plugin.UpdatePreview - Node mapping done 
2017-05-08 14:13:28,127 [1871498]   WARN - CPPImporter.plugin.UpdatePreview - Execute intention ChangePC 
2017-05-08 14:13:28,127 [1871498]   WARN - CPPImporter.plugin.UpdatePreview - Execute intention Keep 
2017-05-08 14:13:28,128 [1871499]   WARN - CPPImporter.plugin.IntentionExecutor - indexOf node 0 
2017-05-08 14:13:28,134 [1871505]   WARN - CPPImporter.plugin.UpdatePreview - Execute intention Keep 
2017-05-08 14:13:28,137 [1871508]   WARN - CPPImporter.plugin.IntentionExecutor - indexOf node 0 
2017-05-08 14:13:28,148 [1871519]   WARN - CPPImporter.plugin.UpdatePreview - Execute intention Keep 
2017-05-08 14:13:28,152 [1871523]   WARN - CPPImporter.plugin.IntentionExecutor - indexOf node 0 
2017-05-08 14:13:28,158 [1871529]   WARN - CPPImporter.plugin.UpdatePreview - Execute intention Keep 
2017-05-08 14:13:28,158 [1871529]   WARN - CPPImporter.plugin.IntentionExecutor - indexOf node 0 
2017-05-08 14:13:28,159 [1871530]   WARN - CPPImporter.plugin.UpdatePreview - Execute intention Remove 
2017-05-08 14:13:28,161 [1871532]   WARN - CPPImporter.plugin.UpdatePreview - Execute intention Remove 
2017-05-08 14:13:28,163 [1871534]   WARN - CPPImporter.plugin.UpdatePreview - Execute intention Remove 
2017-05-08 14:13:28,169 [1871540]   WARN - CPPImporter.plugin.UpdatePreview - Execute intention ChangePC 
2017-05-08 14:13:28,170 [1871541]   WARN - CPPImporter.plugin.UpdatePreview - Execute intention Keep 
2017-05-08 14:13:28,171 [1871542]   WARN - CPPImporter.plugin.IntentionExecutor - indexOf node 0 
2017-05-08 14:13:28,174 [1871545]   WARN - CPPImporter.plugin.UpdatePreview - Execute intention Remove 
2017-05-08 14:13:28,181 [1871552]   WARN - CPPImporter.plugin.UpdatePreview - Execute intention Keep 
2017-05-08 14:13:28,181 [1871552]   WARN - CPPImporter.plugin.IntentionExecutor - indexOf node 0 
2017-05-08 14:13:28,182 [1871553]   WARN - CPPImporter.plugin.UpdatePreview - Execute intention Remove 
2017-05-08 14:13:28,182 [1871553]   WARN - CPPImporter.plugin.UpdatePreview - Execute intention Keep 
2017-05-08 14:13:28,183 [1871554]   WARN - CPPImporter.plugin.IntentionExecutor - indexOf node 0 
2017-05-08 14:13:28,184 [1871555]   WARN - CPPImporter.plugin.UpdatePreview - Execute intention Remove 
2017-05-08 14:13:28,186 [1871557]   WARN - CPPImporter.plugin.UpdatePreview - Execute intention Keep 
2017-05-08 14:13:28,190 [1871561]   WARN - CPPImporter.plugin.IntentionExecutor - indexOf node 0 
2017-05-08 14:13:28,191 [1871562]   WARN - CPPImporter.plugin.UpdatePreview - Execute intention Remove 
2017-05-08 14:13:28,194 [1871565]   WARN - CPPImporter.plugin.UpdatePreview - Execute intention Keep 
2017-05-08 14:13:28,197 [1871568]   WARN - CPPImporter.plugin.IntentionExecutor - indexOf node 0 
2017-05-08 14:13:28,200 [1871571]   WARN - CPPImporter.plugin.UpdatePreview - Execute intention Keep 
2017-05-08 14:13:28,205 [1871576]   WARN - CPPImporter.plugin.IntentionExecutor - indexOf node 0 
2017-05-08 14:13:28,210 [1871581]   WARN - CPPImporter.plugin.UpdatePreview - Execute intention Keep 
2017-05-08 14:13:28,213 [1871584]   WARN - CPPImporter.plugin.IntentionExecutor - indexOf node 0 
2017-05-08 14:13:28,222 [1871593]   WARN - CPPImporter.plugin.UpdatePreview - Execute intention ChangePC 
2017-05-08 14:13:28,223 [1871594]   WARN - CPPImporter.plugin.UpdatePreview - Execute intention Keep 
2017-05-08 14:13:28,224 [1871595]   WARN - CPPImporter.plugin.IntentionExecutor - indexOf node 0 
2017-05-08 14:13:28,225 [1871596]   WARN - CPPImporter.plugin.UpdatePreview - Execute intention ChangePC 
2017-05-08 14:13:28,226 [1871597]   WARN - CPPImporter.plugin.UpdatePreview - Execute intention Remove 
2017-05-08 14:13:28,278 [1871649]   WARN - CPPLanguage.editor.IntentionContainer_Editor - Show 0 intentions. 
2017-05-08 14:14:16,632 [1920003]   INFO - CPPImporter.plugin.Export_Action - [LOG] Export to /home/group1/results/incline.c 
2017-05-08 14:14:34,017 [1937388]   INFO - jetbrains.mps.extapi.model.EditableSModelBase - Saving model Examples.Imported2 
2017-05-08 14:14:34,113 [1937484]   INFO - jetbrains.mps.smodel.MPSModuleRepository - Saving of the repository took 0.100 s 
2017-05-08 14:14:34,323 [1937694]   INFO - jetbrains.mps.plugins.PluginLoaderRegistry - Running Update Task : loaders [toLoad: 0; toUnload:1]; contributors : [toLoad: 0; toUnload:0]; Thread[AWT-EventQueue-0 3.4.4#MPS-162.2317 MPS, eap:false, os:Linux 4.8.0-49-generic, java-version:Oracle Corporation 1.8.0_121-8u121-b13-0ubuntu1.16.04.2-b13,6,main] 
2017-05-08 14:14:34,341 [1937712]   INFO - jetbrains.mps.plugins.PluginLoaderRegistry - Unloading of 145 plugins took 0.017 s 
2017-05-08 14:14:34,347 [1937718]   INFO - jetbrains.mps.project.ProjectBase - Project 'CPPLanguage' is closing 
2017-05-08 14:14:34,464 [1937835]   INFO - jetbrains.mps.classloading.ModuleUpdater - Classloading refresh took 0.041 s 
2017-05-08 14:14:34,466 [1937837]   INFO - jetbrains.mps.classloading.ModulesWatcher - 0 modules are marked as invalid roots for class loading out of 297 modules [totally in the repository] 
2017-05-08 14:14:34,467 [1937838]   INFO - jetbrains.mps.classloading.ModulesWatcher - Totally 0 modules are marked invalid for class loading 
2017-05-08 14:14:34,650 [1938021]   INFO - jetbrains.mps.classloading.ModuleUpdater - Classloading refresh took 0.063 s 
2017-05-08 14:14:34,652 [1938023]   INFO - jetbrains.mps.classloading.ModulesWatcher - 0 modules are marked as invalid roots for class loading out of 296 modules [totally in the repository] 
2017-05-08 14:14:34,658 [1938029]   INFO - jetbrains.mps.classloading.ModulesWatcher - Totally 0 modules are marked invalid for class loading 
2017-05-08 14:14:34,738 [1938109]   INFO - jetbrains.mps.classloading.ModuleUpdater - Classloading refresh took 0.042 s 
2017-05-08 14:14:34,740 [1938111]   INFO - jetbrains.mps.classloading.ModulesWatcher - 0 modules are marked as invalid roots for class loading out of 295 modules [totally in the repository] 
2017-05-08 14:14:34,741 [1938112]   INFO - jetbrains.mps.classloading.ModulesWatcher - Totally 0 modules are marked invalid for class loading 
2017-05-08 14:14:34,774 [1938145]   INFO - jetbrains.mps.library.LibraryInitializer - Removing libraries from ProjectLibraryManager 
2017-05-08 14:14:34,791 [1938162]   INFO - #org.jetbrains.io.BuiltInServer - web server stopped 
2017-05-08 14:14:34,820 [1938191]   INFO - jetbrains.mps.library.LibraryInitializer - Removing libraries from AdditionalLibrariesManager 
2017-05-08 14:14:34,881 [1938252]   INFO - jetbrains.mps.library.LibraryInitializer - Removing libraries from PluginLibraryContributor 
2017-05-08 14:14:34,885 [1938256]   INFO - jetbrains.mps.library.LibraryInitializer - Removing libraries from BootstrapLibraryContributor 
2017-05-08 14:14:34,887 [1938258]   INFO - jetbrains.mps.library.LibraryInitializer - Unloading 112 libraries 
2017-05-08 14:14:35,344 [1938715]   INFO - jetbrains.mps.library.LibraryInitializer - Library update is finished 
2017-05-08 14:14:35,371 [1938742]   INFO - jetbrains.mps.classloading.ModuleUpdater - Classloading refresh took 0.003 s 
2017-05-08 14:14:35,372 [1938743]   INFO - jetbrains.mps.classloading.ModulesWatcher - 0 modules are marked as invalid roots for class loading out of 0 modules [totally in the repository] 
2017-05-08 14:14:35,372 [1938743]   INFO - jetbrains.mps.classloading.ModulesWatcher - Totally 0 modules are marked invalid for class loading 
2017-05-08 14:14:35,458 [1938829]   INFO - #org.jetbrains.io.BuiltInServer - web server stopped 
