2017-05-08 14:11:47,193 [  81350]   INFO - CPPImporter.plugin.ArrangeViews_Action - [LOG] Arrange Views
2017-05-08 14:12:07,886 [ 102043]   INFO - CPPImporter.plugin.Keep_Action - [LOG] Intention Keep for 10 nodes. 
2017-05-08 14:12:07,983 [ 102140]   INFO - CPPImporter.plugin.Keep_Action - [LOG] View of Keep Intention is default 
2017-05-08 14:12:08,034 [ 102191]   INFO - CPPImporter.plugin.Keep_Action - Update Preview 
2017-05-08 14:12:08,042 [ 102199]   INFO - CPPImporter.plugin.UpdatePreview - Initialize future model 
2017-05-08 14:12:08,048 [ 102205]   INFO - CPPImporter.plugin.UpdatePreview - Create node mapping 
2017-05-08 14:12:08,063 [ 102220]   INFO - CPPImporter.plugin.UpdatePreview - Node mapping done 
2017-05-08 14:12:08,084 [ 102241]   WARN - CPPImporter.plugin.UpdatePreview - Execute intention Keep 
2017-05-08 14:12:08,087 [ 102244]   WARN - CPPImporter.plugin.IntentionExecutor - indexOf node 0 
2017-05-08 14:12:08,093 [ 102250]   WARN - CPPImporter.plugin.UpdatePreview - Execute intention Keep 
2017-05-08 14:12:08,093 [ 102250]   WARN - CPPImporter.plugin.IntentionExecutor - indexOf node 0 
2017-05-08 14:12:08,104 [ 102261]   WARN - CPPImporter.plugin.UpdatePreview - Execute intention Keep 
2017-05-08 14:12:08,105 [ 102262]   WARN - CPPImporter.plugin.IntentionExecutor - indexOf node 0 
2017-05-08 14:12:08,107 [ 102264]   WARN - CPPImporter.plugin.UpdatePreview - Execute intention Keep 
2017-05-08 14:12:08,110 [ 102267]   WARN - CPPImporter.plugin.IntentionExecutor - indexOf node 0 
2017-05-08 14:12:08,112 [ 102269]   WARN - CPPImporter.plugin.UpdatePreview - Execute intention Keep 
2017-05-08 14:12:08,114 [ 102271]   WARN - CPPImporter.plugin.IntentionExecutor - indexOf node 0 
2017-05-08 14:12:08,119 [ 102276]   WARN - CPPImporter.plugin.UpdatePreview - Execute intention Keep 
2017-05-08 14:12:08,119 [ 102276]   WARN - CPPImporter.plugin.IntentionExecutor - indexOf node 0 
2017-05-08 14:12:08,120 [ 102277]   WARN - CPPImporter.plugin.UpdatePreview - Execute intention Keep 
2017-05-08 14:12:08,124 [ 102281]   WARN - CPPImporter.plugin.IntentionExecutor - indexOf node 0 
2017-05-08 14:12:08,126 [ 102283]   WARN - CPPImporter.plugin.UpdatePreview - Execute intention Keep 
2017-05-08 14:12:08,132 [ 102289]   WARN - CPPImporter.plugin.IntentionExecutor - indexOf node 0 
2017-05-08 14:12:08,135 [ 102292]   WARN - CPPImporter.plugin.UpdatePreview - Execute intention Keep 
2017-05-08 14:12:08,138 [ 102295]   WARN - CPPImporter.plugin.IntentionExecutor - indexOf node 0 
2017-05-08 14:12:08,142 [ 102299]   WARN - CPPImporter.plugin.UpdatePreview - Execute intention Keep 
2017-05-08 14:12:08,144 [ 102301]   WARN - CPPImporter.plugin.IntentionExecutor - indexOf node 0 
2017-05-08 14:12:08,248 [ 102405]   WARN - CPPLanguage.editor.IntentionContainer_Editor - Show 10 intentions. 
2017-05-08 14:14:08,644 [ 222801]   INFO - CPPImporter.plugin.Keep_Action - [LOG] Intention Keep for 4 nodes. 
2017-05-08 14:14:08,666 [ 222823]   INFO - CPPImporter.plugin.Keep_Action - [LOG] View of Keep Intention is default 
2017-05-08 14:14:08,723 [ 222880]   INFO - CPPImporter.plugin.Keep_Action - No automatic anti Intention, branch is not completly selected 
2017-05-08 14:14:08,726 [ 222883]   INFO - CPPImporter.plugin.Keep_Action - Update Preview 
2017-05-08 14:14:08,726 [ 222883]   INFO - CPPImporter.plugin.UpdatePreview - Initialize future model 
2017-05-08 14:14:08,732 [ 222889]   INFO - CPPImporter.plugin.UpdatePreview - Create node mapping 
2017-05-08 14:14:08,734 [ 222891]   INFO - CPPImporter.plugin.UpdatePreview - Node mapping done 
2017-05-08 14:14:08,753 [ 222910]   WARN - CPPImporter.plugin.UpdatePreview - Execute intention Keep 
2017-05-08 14:14:08,758 [ 222915]   WARN - CPPImporter.plugin.IntentionExecutor - indexOf node 0 
2017-05-08 14:14:08,785 [ 222942]   WARN - CPPImporter.plugin.UpdatePreview - Execute intention Keep 
2017-05-08 14:14:08,791 [ 222948]   WARN - CPPImporter.plugin.IntentionExecutor - indexOf node 0 
2017-05-08 14:14:08,841 [ 222998]   WARN - CPPImporter.plugin.UpdatePreview - Execute intention Keep 
2017-05-08 14:14:08,842 [ 222999]   WARN - CPPImporter.plugin.IntentionExecutor - indexOf node 0 
2017-05-08 14:14:08,880 [ 223037]   WARN - CPPImporter.plugin.UpdatePreview - Execute intention Keep 
2017-05-08 14:14:08,883 [ 223040]   WARN - CPPImporter.plugin.IntentionExecutor - indexOf node 0 
2017-05-08 14:14:09,008 [ 223165]   WARN - CPPLanguage.editor.IntentionContainer_Editor - Show 4 intentions. 
2017-05-08 14:15:30,237 [ 304394]   INFO - CPPImporter.plugin.KeepAsFeature_Action - [LOG] Intention Keep As Feature for 3 nodes. 
2017-05-08 14:15:42,967 [ 317124]   INFO - CPPImporter.plugin.KeepAsFeature_Action - [LOG] View of Keep Intention is default 
2017-05-08 14:15:42,992 [ 317149]   INFO - CPPImporter.plugin.UpdatePreview - Initialize future model 
2017-05-08 14:15:43,006 [ 317163]   INFO - CPPImporter.plugin.UpdatePreview - Create node mapping 
2017-05-08 14:15:43,007 [ 317164]   INFO - CPPImporter.plugin.UpdatePreview - Node mapping done 
2017-05-08 14:15:43,012 [ 317169]   WARN - CPPImporter.plugin.UpdatePreview - Execute intention Keep 
2017-05-08 14:15:43,013 [ 317170]   WARN - CPPImporter.plugin.IntentionExecutor - indexOf node 0 
2017-05-08 14:15:43,015 [ 317172]   WARN - CPPImporter.plugin.UpdatePreview - Execute intention Keep 
2017-05-08 14:15:43,020 [ 317177]   WARN - CPPImporter.plugin.IntentionExecutor - indexOf node 0 
2017-05-08 14:15:43,025 [ 317182]   WARN - CPPImporter.plugin.UpdatePreview - Execute intention Keep 
2017-05-08 14:15:43,034 [ 317191]   WARN - CPPImporter.plugin.IntentionExecutor - indexOf node 0 
2017-05-08 14:15:43,044 [ 317201]   WARN - CPPImporter.plugin.UpdatePreview - Execute intention Keep 
2017-05-08 14:15:43,045 [ 317202]   WARN - CPPImporter.plugin.IntentionExecutor - indexOf node 0 
2017-05-08 14:15:43,046 [ 317203]   WARN - CPPImporter.plugin.UpdatePreview - Execute intention KeepAsFeature 
2017-05-08 14:15:43,047 [ 317204]   WARN - CPPImporter.plugin.IntentionExecutor - indexOf node 0 
2017-05-08 14:15:43,048 [ 317205]   WARN - CPPImporter.plugin.UpdatePreview - Execute intention KeepAsFeature 
2017-05-08 14:15:43,051 [ 317208]   WARN - CPPImporter.plugin.IntentionExecutor - indexOf node 0 
2017-05-08 14:15:43,061 [ 317218]   WARN - CPPImporter.plugin.UpdatePreview - Execute intention KeepAsFeature 
2017-05-08 14:15:43,066 [ 317223]   WARN - CPPImporter.plugin.IntentionExecutor - indexOf node 0 
2017-05-08 14:15:43,176 [ 317333]   WARN - CPPLanguage.editor.IntentionContainer_Editor - Show 7 intentions. 
2017-05-08 14:16:26,678 [ 360835]   INFO - CPPImporter.plugin.Remove_Action - [LOG] Remove Intention for 3 nodes. 
2017-05-08 14:16:26,697 [ 360854]   INFO - CPPImporter.plugin.Remove_Action - [LOG] View of Keep Intention is default 
2017-05-08 14:16:26,731 [ 360888]   INFO - CPPImporter.plugin.Remove_Action - No automatic anti Intention, branch is not completly selected 
2017-05-08 14:16:26,731 [ 360888]   INFO - CPPImporter.plugin.UpdatePreview - Initialize future model 
2017-05-08 14:16:26,739 [ 360896]   INFO - CPPImporter.plugin.UpdatePreview - Create node mapping 
2017-05-08 14:16:26,741 [ 360898]   INFO - CPPImporter.plugin.UpdatePreview - Node mapping done 
2017-05-08 14:16:26,741 [ 360898]   WARN - CPPImporter.plugin.UpdatePreview - Execute intention Keep 
2017-05-08 14:16:26,742 [ 360899]   WARN - CPPImporter.plugin.IntentionExecutor - indexOf node 0 
2017-05-08 14:16:26,749 [ 360906]   WARN - CPPImporter.plugin.UpdatePreview - Execute intention Keep 
2017-05-08 14:16:26,755 [ 360912]   WARN - CPPImporter.plugin.IntentionExecutor - indexOf node 0 
2017-05-08 14:16:26,762 [ 360919]   WARN - CPPImporter.plugin.UpdatePreview - Execute intention Keep 
2017-05-08 14:16:26,762 [ 360919]   WARN - CPPImporter.plugin.IntentionExecutor - indexOf node 0 
2017-05-08 14:16:26,773 [ 360930]   WARN - CPPImporter.plugin.UpdatePreview - Execute intention Keep 
2017-05-08 14:16:26,774 [ 360931]   WARN - CPPImporter.plugin.IntentionExecutor - indexOf node 0 
2017-05-08 14:16:26,776 [ 360933]   WARN - CPPImporter.plugin.UpdatePreview - Execute intention KeepAsFeature 
2017-05-08 14:16:26,778 [ 360935]   WARN - CPPImporter.plugin.IntentionExecutor - indexOf node 0 
2017-05-08 14:16:26,781 [ 360938]   WARN - CPPImporter.plugin.UpdatePreview - Execute intention KeepAsFeature 
2017-05-08 14:16:26,782 [ 360939]   WARN - CPPImporter.plugin.IntentionExecutor - indexOf node 0 
2017-05-08 14:16:26,785 [ 360942]   WARN - CPPImporter.plugin.UpdatePreview - Execute intention KeepAsFeature 
2017-05-08 14:16:26,785 [ 360942]   WARN - CPPImporter.plugin.IntentionExecutor - indexOf node 0 
2017-05-08 14:16:26,788 [ 360945]   WARN - CPPImporter.plugin.UpdatePreview - Execute intention Remove 
2017-05-08 14:16:26,792 [ 360949]   WARN - CPPImporter.plugin.UpdatePreview - Execute intention Remove 
2017-05-08 14:16:26,793 [ 360950]   WARN - CPPImporter.plugin.UpdatePreview - Execute intention Remove 
2017-05-08 14:16:26,811 [ 360968]   WARN - CPPLanguage.editor.IntentionContainer_Editor - Show 10 intentions. 
2017-05-08 14:17:26,729 [ 420886]   INFO - CPPImporter.plugin.KeepAsFeature_Action - [LOG] Intention Keep As Feature for 1 nodes. 
2017-05-08 14:17:39,825 [ 433982]   INFO - CPPImporter.plugin.KeepAsFeature_Action - [LOG] View of Keep Intention is default 
2017-05-08 14:17:39,828 [ 433985]   INFO - CPPImporter.plugin.UpdatePreview - Initialize future model 
2017-05-08 14:17:39,844 [ 434001]   INFO - CPPImporter.plugin.UpdatePreview - Create node mapping 
2017-05-08 14:17:39,844 [ 434001]   INFO - CPPImporter.plugin.UpdatePreview - Node mapping done 
2017-05-08 14:17:39,845 [ 434002]   WARN - CPPImporter.plugin.UpdatePreview - Execute intention Keep 
2017-05-08 14:17:39,846 [ 434003]   WARN - CPPImporter.plugin.IntentionExecutor - indexOf node 0 
2017-05-08 14:17:39,868 [ 434025]   WARN - CPPImporter.plugin.UpdatePreview - Execute intention Keep 
2017-05-08 14:17:39,881 [ 434038]   WARN - CPPImporter.plugin.IntentionExecutor - indexOf node 0 
2017-05-08 14:17:39,883 [ 434040]   WARN - CPPImporter.plugin.UpdatePreview - Execute intention Keep 
2017-05-08 14:17:39,883 [ 434040]   WARN - CPPImporter.plugin.IntentionExecutor - indexOf node 0 
2017-05-08 14:17:39,886 [ 434043]   WARN - CPPImporter.plugin.UpdatePreview - Execute intention Keep 
2017-05-08 14:17:39,886 [ 434043]   WARN - CPPImporter.plugin.IntentionExecutor - indexOf node 0 
2017-05-08 14:17:39,887 [ 434044]   WARN - CPPImporter.plugin.UpdatePreview - Execute intention KeepAsFeature 
2017-05-08 14:17:39,887 [ 434044]   WARN - CPPImporter.plugin.IntentionExecutor - indexOf node 0 
2017-05-08 14:17:39,912 [ 434069]   WARN - CPPImporter.plugin.UpdatePreview - Execute intention KeepAsFeature 
2017-05-08 14:17:39,913 [ 434070]   WARN - CPPImporter.plugin.IntentionExecutor - indexOf node 0 
2017-05-08 14:17:39,930 [ 434087]   WARN - CPPImporter.plugin.UpdatePreview - Execute intention KeepAsFeature 
2017-05-08 14:17:39,941 [ 434098]   WARN - CPPImporter.plugin.IntentionExecutor - indexOf node 0 
2017-05-08 14:17:39,946 [ 434103]   WARN - CPPImporter.plugin.UpdatePreview - Execute intention Remove 
2017-05-08 14:17:39,956 [ 434113]   WARN - CPPImporter.plugin.UpdatePreview - Execute intention Remove 
2017-05-08 14:17:39,959 [ 434116]   WARN - CPPImporter.plugin.UpdatePreview - Execute intention Remove 
2017-05-08 14:17:39,961 [ 434118]   WARN - CPPImporter.plugin.UpdatePreview - Execute intention KeepAsFeature 
2017-05-08 14:17:39,964 [ 434121]   WARN - CPPImporter.plugin.IntentionExecutor - indexOf node 2 
2017-05-08 14:17:40,049 [ 434206]   WARN - CPPLanguage.editor.IntentionContainer_Editor - Show 11 intentions. 
2017-05-08 14:18:00,642 [ 454799]   WARN - CPPLanguage.editor.IntentionContainer_Editor - Show 10 intentions. 
2017-05-08 14:18:26,430 [ 480587]   WARN - CPPImporter.plugin.ChangePC_Action - [LOG] Intention ChangePC View default 
2017-05-08 14:18:26,433 [ 480590]   INFO - CPPImporter.plugin.UpdatePreview - Initialize future model 
2017-05-08 14:18:26,434 [ 480591]   INFO - CPPImporter.plugin.UpdatePreview - Create node mapping 
2017-05-08 14:18:26,434 [ 480591]   INFO - CPPImporter.plugin.UpdatePreview - Node mapping done 
2017-05-08 14:18:26,435 [ 480592]   WARN - CPPImporter.plugin.UpdatePreview - Execute intention Keep 
2017-05-08 14:18:26,441 [ 480598]   WARN - CPPImporter.plugin.IntentionExecutor - indexOf node 0 
2017-05-08 14:18:26,459 [ 480616]   WARN - CPPImporter.plugin.UpdatePreview - Execute intention Keep 
2017-05-08 14:18:26,459 [ 480616]   WARN - CPPImporter.plugin.IntentionExecutor - indexOf node 0 
2017-05-08 14:18:26,460 [ 480617]   WARN - CPPImporter.plugin.UpdatePreview - Execute intention Keep 
2017-05-08 14:18:26,461 [ 480618]   WARN - CPPImporter.plugin.IntentionExecutor - indexOf node 0 
2017-05-08 14:18:26,480 [ 480637]   WARN - CPPImporter.plugin.UpdatePreview - Execute intention Keep 
2017-05-08 14:18:26,481 [ 480638]   WARN - CPPImporter.plugin.IntentionExecutor - indexOf node 0 
2017-05-08 14:18:26,493 [ 480650]   WARN - CPPImporter.plugin.UpdatePreview - Execute intention KeepAsFeature 
2017-05-08 14:18:26,500 [ 480657]   WARN - CPPImporter.plugin.IntentionExecutor - indexOf node 0 
2017-05-08 14:18:26,507 [ 480664]   WARN - CPPImporter.plugin.UpdatePreview - Execute intention KeepAsFeature 
2017-05-08 14:18:26,515 [ 480672]   WARN - CPPImporter.plugin.IntentionExecutor - indexOf node 0 
2017-05-08 14:18:26,523 [ 480680]   WARN - CPPImporter.plugin.UpdatePreview - Execute intention KeepAsFeature 
2017-05-08 14:18:26,527 [ 480684]   WARN - CPPImporter.plugin.IntentionExecutor - indexOf node 0 
2017-05-08 14:18:26,534 [ 480691]   WARN - CPPImporter.plugin.UpdatePreview - Execute intention Remove 
2017-05-08 14:18:26,540 [ 480697]   WARN - CPPImporter.plugin.UpdatePreview - Execute intention Remove 
2017-05-08 14:18:26,543 [ 480700]   WARN - CPPImporter.plugin.UpdatePreview - Execute intention Remove 
2017-05-08 14:18:26,545 [ 480702]   WARN - CPPImporter.plugin.UpdatePreview - Execute intention ChangePC 
2017-05-08 14:18:26,640 [ 480797]   WARN - CPPLanguage.editor.IntentionContainer_Editor - Show 11 intentions. 
2017-05-08 14:18:54,535 [ 508692]   INFO - CPPImporter.plugin.Keep_Action - [LOG] Intention Keep for 4 nodes. 
2017-05-08 14:18:54,535 [ 508692]   INFO - CPPImporter.plugin.Keep_Action - [LOG] View of Keep Intention is default 
2017-05-08 14:18:54,540 [ 508697]   INFO - CPPImporter.plugin.Keep_Action - Propose anti Intention for else branch 
2017-05-08 14:19:04,345 [ 518502]   INFO - CPPImporter.plugin.Keep_Action - [LOG] Add anti intention 
2017-05-08 14:19:04,358 [ 518515]   INFO - CPPImporter.plugin.Keep_Action - [LOG] Add anti intention 
2017-05-08 14:19:04,358 [ 518515]   INFO - CPPImporter.plugin.Keep_Action - [LOG] Add anti intention 
2017-05-08 14:19:04,358 [ 518515]   INFO - CPPImporter.plugin.Keep_Action - [LOG] Add anti intention 
2017-05-08 14:19:04,359 [ 518516]   INFO - CPPImporter.plugin.Keep_Action - Update Preview 
2017-05-08 14:19:04,359 [ 518516]   INFO - CPPImporter.plugin.UpdatePreview - Initialize future model 
2017-05-08 14:19:04,363 [ 518520]   INFO - CPPImporter.plugin.UpdatePreview - Create node mapping 
2017-05-08 14:19:04,363 [ 518520]   INFO - CPPImporter.plugin.UpdatePreview - Node mapping done 
2017-05-08 14:19:04,363 [ 518520]   WARN - CPPImporter.plugin.UpdatePreview - Execute intention Keep 
2017-05-08 14:19:04,365 [ 518522]   WARN - CPPImporter.plugin.IntentionExecutor - indexOf node 0 
2017-05-08 14:19:04,366 [ 518523]   WARN - CPPImporter.plugin.UpdatePreview - Execute intention Keep 
2017-05-08 14:19:04,366 [ 518523]   WARN - CPPImporter.plugin.IntentionExecutor - indexOf node 0 
2017-05-08 14:19:04,394 [ 518551]   WARN - CPPImporter.plugin.UpdatePreview - Execute intention Keep 
2017-05-08 14:19:04,403 [ 518560]   WARN - CPPImporter.plugin.IntentionExecutor - indexOf node 0 
2017-05-08 14:19:04,407 [ 518564]   WARN - CPPImporter.plugin.UpdatePreview - Execute intention Keep 
2017-05-08 14:19:04,411 [ 518568]   WARN - CPPImporter.plugin.IntentionExecutor - indexOf node 0 
2017-05-08 14:19:04,421 [ 518578]   WARN - CPPImporter.plugin.UpdatePreview - Execute intention KeepAsFeature 
2017-05-08 14:19:04,423 [ 518580]   WARN - CPPImporter.plugin.IntentionExecutor - indexOf node 0 
2017-05-08 14:19:04,427 [ 518584]   WARN - CPPImporter.plugin.UpdatePreview - Execute intention KeepAsFeature 
2017-05-08 14:19:04,428 [ 518585]   WARN - CPPImporter.plugin.IntentionExecutor - indexOf node 0 
2017-05-08 14:19:04,429 [ 518586]   WARN - CPPImporter.plugin.UpdatePreview - Execute intention KeepAsFeature 
2017-05-08 14:19:04,432 [ 518589]   WARN - CPPImporter.plugin.IntentionExecutor - indexOf node 0 
2017-05-08 14:19:04,433 [ 518590]   WARN - CPPImporter.plugin.UpdatePreview - Execute intention Remove 
2017-05-08 14:19:04,433 [ 518590]   WARN - CPPImporter.plugin.UpdatePreview - Execute intention Remove 
2017-05-08 14:19:04,433 [ 518590]   WARN - CPPImporter.plugin.UpdatePreview - Execute intention Remove 
2017-05-08 14:19:04,434 [ 518591]   WARN - CPPImporter.plugin.UpdatePreview - Execute intention ChangePC 
2017-05-08 14:19:04,439 [ 518596]   WARN - CPPImporter.plugin.UpdatePreview - Execute intention Keep 
2017-05-08 14:19:04,439 [ 518596]   WARN - CPPImporter.plugin.IntentionExecutor - indexOf node 0 
2017-05-08 14:19:04,440 [ 518597]   WARN - CPPImporter.plugin.UpdatePreview - Execute intention Remove 
2017-05-08 14:19:04,441 [ 518598]   WARN - CPPImporter.plugin.UpdatePreview - Execute intention Keep 
2017-05-08 14:19:04,442 [ 518599]   WARN - CPPImporter.plugin.IntentionExecutor - indexOf node 0 
2017-05-08 14:19:04,443 [ 518600]   WARN - CPPImporter.plugin.UpdatePreview - Execute intention Remove 
2017-05-08 14:19:04,450 [ 518607]   WARN - CPPImporter.plugin.UpdatePreview - Execute intention Keep 
2017-05-08 14:19:04,451 [ 518608]   WARN - CPPImporter.plugin.IntentionExecutor - indexOf node 0 
2017-05-08 14:19:04,451 [ 518608]   WARN - CPPImporter.plugin.UpdatePreview - Execute intention Remove 
2017-05-08 14:19:04,452 [ 518609]   WARN - CPPImporter.plugin.UpdatePreview - Execute intention Keep 
2017-05-08 14:19:04,452 [ 518609]   WARN - CPPImporter.plugin.IntentionExecutor - indexOf node 0 
2017-05-08 14:19:04,454 [ 518611]   WARN - CPPImporter.plugin.UpdatePreview - Execute intention Remove 
2017-05-08 14:19:04,489 [ 518646]   WARN - CPPLanguage.editor.IntentionContainer_Editor - Show 19 intentions. 
2017-05-08 14:19:49,739 [ 563896]   WARN - CPPLanguage.editor.IntentionContainer_Editor - Show 11 intentions. 
2017-05-08 14:19:59,342 [ 573499]   INFO - CPPImporter.plugin.Keep_Action - [LOG] Intention Keep for 4 nodes. 
2017-05-08 14:19:59,342 [ 573499]   INFO - CPPImporter.plugin.Keep_Action - [LOG] View of Keep Intention is default 
2017-05-08 14:19:59,362 [ 573519]   INFO - CPPImporter.plugin.Keep_Action - Propose anti Intention for true branch 
2017-05-08 14:20:00,962 [ 575119]   INFO - CPPImporter.plugin.Keep_Action - [LOG] Add anti intention 
2017-05-08 14:20:00,963 [ 575120]   INFO - CPPImporter.plugin.Keep_Action - Update Preview 
2017-05-08 14:20:00,963 [ 575120]   INFO - CPPImporter.plugin.UpdatePreview - Initialize future model 
2017-05-08 14:20:00,970 [ 575127]   INFO - CPPImporter.plugin.UpdatePreview - Create node mapping 
2017-05-08 14:20:00,970 [ 575127]   INFO - CPPImporter.plugin.UpdatePreview - Node mapping done 
2017-05-08 14:20:00,982 [ 575139]   WARN - CPPImporter.plugin.UpdatePreview - Execute intention Keep 
2017-05-08 14:20:00,983 [ 575140]   WARN - CPPImporter.plugin.IntentionExecutor - indexOf node 0 
2017-05-08 14:20:00,984 [ 575141]   WARN - CPPImporter.plugin.UpdatePreview - Execute intention Keep 
2017-05-08 14:20:00,985 [ 575142]   WARN - CPPImporter.plugin.IntentionExecutor - indexOf node 0 
2017-05-08 14:20:00,987 [ 575144]   WARN - CPPImporter.plugin.UpdatePreview - Execute intention Keep 
2017-05-08 14:20:00,990 [ 575147]   WARN - CPPImporter.plugin.IntentionExecutor - indexOf node 0 
2017-05-08 14:20:01,014 [ 575171]   WARN - CPPImporter.plugin.UpdatePreview - Execute intention Keep 
2017-05-08 14:20:01,021 [ 575178]   WARN - CPPImporter.plugin.IntentionExecutor - indexOf node 0 
2017-05-08 14:20:01,022 [ 575179]   WARN - CPPImporter.plugin.UpdatePreview - Execute intention KeepAsFeature 
2017-05-08 14:20:01,026 [ 575183]   WARN - CPPImporter.plugin.IntentionExecutor - indexOf node 0 
2017-05-08 14:20:01,028 [ 575185]   WARN - CPPImporter.plugin.UpdatePreview - Execute intention KeepAsFeature 
2017-05-08 14:20:01,036 [ 575193]   WARN - CPPImporter.plugin.IntentionExecutor - indexOf node 0 
2017-05-08 14:20:01,039 [ 575196]   WARN - CPPImporter.plugin.UpdatePreview - Execute intention KeepAsFeature 
2017-05-08 14:20:01,041 [ 575198]   WARN - CPPImporter.plugin.IntentionExecutor - indexOf node 0 
2017-05-08 14:20:01,043 [ 575200]   WARN - CPPImporter.plugin.UpdatePreview - Execute intention Remove 
2017-05-08 14:20:01,050 [ 575207]   WARN - CPPImporter.plugin.UpdatePreview - Execute intention Remove 
2017-05-08 14:20:01,050 [ 575207]   WARN - CPPImporter.plugin.UpdatePreview - Execute intention Remove 
2017-05-08 14:20:01,051 [ 575208]   WARN - CPPImporter.plugin.UpdatePreview - Execute intention ChangePC 
2017-05-08 14:20:01,053 [ 575210]   WARN - CPPImporter.plugin.UpdatePreview - Execute intention Keep 
2017-05-08 14:20:01,056 [ 575213]   WARN - CPPImporter.plugin.IntentionExecutor - indexOf node 0 
2017-05-08 14:20:01,057 [ 575214]   WARN - CPPImporter.plugin.UpdatePreview - Execute intention Remove 
2017-05-08 14:20:01,061 [ 575218]   WARN - CPPImporter.plugin.UpdatePreview - Execute intention Keep 
2017-05-08 14:20:01,061 [ 575218]   WARN - CPPImporter.plugin.IntentionExecutor - indexOf node 0 
2017-05-08 14:20:01,062 [ 575219]   WARN - CPPImporter.plugin.UpdatePreview - Execute intention Remove 
2017-05-08 14:20:01,062 [ 575219]   WARN - CPPImporter.plugin.UpdatePreview - Execute intention Keep 
2017-05-08 14:20:01,064 [ 575221]   WARN - CPPImporter.plugin.IntentionExecutor - indexOf node 0 
2017-05-08 14:20:01,064 [ 575221]   WARN - CPPImporter.plugin.UpdatePreview - Execute intention Remove 
2017-05-08 14:20:01,065 [ 575222]   WARN - CPPImporter.plugin.UpdatePreview - Execute intention Keep 
2017-05-08 14:20:01,065 [ 575222]   WARN - CPPImporter.plugin.IntentionExecutor - indexOf node 0 
2017-05-08 14:20:01,070 [ 575227]   WARN - CPPImporter.plugin.UpdatePreview - Execute intention Remove 
2017-05-08 14:20:01,122 [ 575279]   WARN - CPPLanguage.editor.IntentionContainer_Editor - Show 19 intentions. 
2017-05-08 14:21:14,305 [ 648462]   INFO - CPPImporter.plugin.Keep_Action - [LOG] Intention Keep for 3 nodes. 
2017-05-08 14:21:14,306 [ 648463]   INFO - CPPImporter.plugin.Keep_Action - [LOG] View of Keep Intention is default 
2017-05-08 14:21:14,315 [ 648472]   INFO - CPPImporter.plugin.Keep_Action - Update Preview 
2017-05-08 14:21:14,315 [ 648472]   INFO - CPPImporter.plugin.UpdatePreview - Initialize future model 
2017-05-08 14:21:14,316 [ 648473]   INFO - CPPImporter.plugin.UpdatePreview - Create node mapping 
2017-05-08 14:21:14,316 [ 648473]   INFO - CPPImporter.plugin.UpdatePreview - Node mapping done 
2017-05-08 14:21:14,330 [ 648487]   WARN - CPPImporter.plugin.UpdatePreview - Execute intention Keep 
2017-05-08 14:21:14,332 [ 648489]   WARN - CPPImporter.plugin.IntentionExecutor - indexOf node 0 
2017-05-08 14:21:14,335 [ 648492]   WARN - CPPImporter.plugin.UpdatePreview - Execute intention Keep 
2017-05-08 14:21:14,340 [ 648497]   WARN - CPPImporter.plugin.IntentionExecutor - indexOf node 0 
2017-05-08 14:21:14,349 [ 648506]   WARN - CPPImporter.plugin.UpdatePreview - Execute intention Keep 
2017-05-08 14:21:14,350 [ 648507]   WARN - CPPImporter.plugin.IntentionExecutor - indexOf node 0 
2017-05-08 14:21:14,354 [ 648511]   WARN - CPPImporter.plugin.UpdatePreview - Execute intention Keep 
2017-05-08 14:21:14,354 [ 648511]   WARN - CPPImporter.plugin.IntentionExecutor - indexOf node 0 
2017-05-08 14:21:14,355 [ 648512]   WARN - CPPImporter.plugin.UpdatePreview - Execute intention KeepAsFeature 
2017-05-08 14:21:14,359 [ 648516]   WARN - CPPImporter.plugin.IntentionExecutor - indexOf node 0 
2017-05-08 14:21:14,361 [ 648518]   WARN - CPPImporter.plugin.UpdatePreview - Execute intention KeepAsFeature 
2017-05-08 14:21:14,363 [ 648520]   WARN - CPPImporter.plugin.IntentionExecutor - indexOf node 0 
2017-05-08 14:21:14,366 [ 648523]   WARN - CPPImporter.plugin.UpdatePreview - Execute intention KeepAsFeature 
2017-05-08 14:21:14,366 [ 648523]   WARN - CPPImporter.plugin.IntentionExecutor - indexOf node 0 
2017-05-08 14:21:14,368 [ 648525]   WARN - CPPImporter.plugin.UpdatePreview - Execute intention Remove 
2017-05-08 14:21:14,373 [ 648530]   WARN - CPPImporter.plugin.UpdatePreview - Execute intention Remove 
2017-05-08 14:21:14,373 [ 648530]   WARN - CPPImporter.plugin.UpdatePreview - Execute intention Remove 
2017-05-08 14:21:14,374 [ 648531]   WARN - CPPImporter.plugin.UpdatePreview - Execute intention ChangePC 
2017-05-08 14:21:14,374 [ 648531]   WARN - CPPImporter.plugin.UpdatePreview - Execute intention Keep 
2017-05-08 14:21:14,374 [ 648531]   WARN - CPPImporter.plugin.IntentionExecutor - indexOf node 0 
2017-05-08 14:21:14,375 [ 648532]   WARN - CPPImporter.plugin.UpdatePreview - Execute intention Remove 
2017-05-08 14:21:14,375 [ 648532]   WARN - CPPImporter.plugin.UpdatePreview - Execute intention Keep 
2017-05-08 14:21:14,375 [ 648532]   WARN - CPPImporter.plugin.IntentionExecutor - indexOf node 0 
2017-05-08 14:21:14,375 [ 648532]   WARN - CPPImporter.plugin.UpdatePreview - Execute intention Remove 
2017-05-08 14:21:14,382 [ 648539]   WARN - CPPImporter.plugin.UpdatePreview - Execute intention Keep 
2017-05-08 14:21:14,385 [ 648542]   WARN - CPPImporter.plugin.IntentionExecutor - indexOf node 0 
2017-05-08 14:21:14,387 [ 648544]   WARN - CPPImporter.plugin.UpdatePreview - Execute intention Remove 
2017-05-08 14:21:14,390 [ 648547]   WARN - CPPImporter.plugin.UpdatePreview - Execute intention Keep 
2017-05-08 14:21:14,394 [ 648551]   WARN - CPPImporter.plugin.IntentionExecutor - indexOf node 0 
2017-05-08 14:21:14,396 [ 648553]   WARN - CPPImporter.plugin.UpdatePreview - Execute intention Remove 
2017-05-08 14:21:14,397 [ 648554]   WARN - CPPImporter.plugin.UpdatePreview - Execute intention Keep 
2017-05-08 14:21:14,397 [ 648554]   WARN - CPPImporter.plugin.IntentionExecutor - indexOf node 0 
2017-05-08 14:21:14,397 [ 648554]   WARN - CPPImporter.plugin.UpdatePreview - Execute intention Keep 
2017-05-08 14:21:14,398 [ 648555]   WARN - CPPImporter.plugin.IntentionExecutor - indexOf node 0 
2017-05-08 14:21:14,398 [ 648555]   WARN - CPPImporter.plugin.UpdatePreview - Execute intention Keep 
2017-05-08 14:21:14,398 [ 648555]   WARN - CPPImporter.plugin.IntentionExecutor - indexOf node 0 
2017-05-08 14:21:14,414 [ 648571]   WARN - CPPLanguage.editor.IntentionContainer_Editor - Show 22 intentions. 
2017-05-08 14:21:50,492 [ 684649]   WARN - CPPImporter.plugin.ChangePC_Action - [LOG] Intention ChangePC View default 
2017-05-08 14:21:50,494 [ 684651]   INFO - CPPImporter.plugin.UpdatePreview - Initialize future model 
2017-05-08 14:21:50,500 [ 684657]   INFO - CPPImporter.plugin.UpdatePreview - Create node mapping 
2017-05-08 14:21:50,501 [ 684658]   INFO - CPPImporter.plugin.UpdatePreview - Node mapping done 
2017-05-08 14:21:50,501 [ 684658]   WARN - CPPImporter.plugin.UpdatePreview - Execute intention Keep 
2017-05-08 14:21:50,512 [ 684669]   WARN - CPPImporter.plugin.IntentionExecutor - indexOf node 0 
2017-05-08 14:21:50,513 [ 684670]   WARN - CPPImporter.plugin.UpdatePreview - Execute intention Keep 
2017-05-08 14:21:50,513 [ 684670]   WARN - CPPImporter.plugin.IntentionExecutor - indexOf node 0 
2017-05-08 14:21:50,513 [ 684670]   WARN - CPPImporter.plugin.UpdatePreview - Execute intention Keep 
2017-05-08 14:21:50,513 [ 684670]   WARN - CPPImporter.plugin.IntentionExecutor - indexOf node 0 
2017-05-08 14:21:50,515 [ 684672]   WARN - CPPImporter.plugin.UpdatePreview - Execute intention Keep 
2017-05-08 14:21:50,516 [ 684673]   WARN - CPPImporter.plugin.IntentionExecutor - indexOf node 0 
2017-05-08 14:21:50,517 [ 684674]   WARN - CPPImporter.plugin.UpdatePreview - Execute intention KeepAsFeature 
2017-05-08 14:21:50,517 [ 684674]   WARN - CPPImporter.plugin.IntentionExecutor - indexOf node 0 
2017-05-08 14:21:50,518 [ 684675]   WARN - CPPImporter.plugin.UpdatePreview - Execute intention KeepAsFeature 
2017-05-08 14:21:50,519 [ 684676]   WARN - CPPImporter.plugin.IntentionExecutor - indexOf node 0 
2017-05-08 14:21:50,519 [ 684676]   WARN - CPPImporter.plugin.UpdatePreview - Execute intention KeepAsFeature 
2017-05-08 14:21:50,523 [ 684680]   WARN - CPPImporter.plugin.IntentionExecutor - indexOf node 0 
2017-05-08 14:21:50,524 [ 684681]   WARN - CPPImporter.plugin.UpdatePreview - Execute intention Remove 
2017-05-08 14:21:50,524 [ 684681]   WARN - CPPImporter.plugin.UpdatePreview - Execute intention Remove 
2017-05-08 14:21:50,525 [ 684682]   WARN - CPPImporter.plugin.UpdatePreview - Execute intention Remove 
2017-05-08 14:21:50,525 [ 684682]   WARN - CPPImporter.plugin.UpdatePreview - Execute intention ChangePC 
2017-05-08 14:21:50,525 [ 684682]   WARN - CPPImporter.plugin.UpdatePreview - Execute intention Keep 
2017-05-08 14:21:50,526 [ 684683]   WARN - CPPImporter.plugin.IntentionExecutor - indexOf node 0 
2017-05-08 14:21:50,526 [ 684683]   WARN - CPPImporter.plugin.UpdatePreview - Execute intention Remove 
2017-05-08 14:21:50,526 [ 684683]   WARN - CPPImporter.plugin.UpdatePreview - Execute intention Keep 
2017-05-08 14:21:50,527 [ 684684]   WARN - CPPImporter.plugin.IntentionExecutor - indexOf node 0 
2017-05-08 14:21:50,527 [ 684684]   WARN - CPPImporter.plugin.UpdatePreview - Execute intention Remove 
2017-05-08 14:21:50,528 [ 684685]   WARN - CPPImporter.plugin.UpdatePreview - Execute intention Keep 
2017-05-08 14:21:50,529 [ 684686]   WARN - CPPImporter.plugin.IntentionExecutor - indexOf node 0 
2017-05-08 14:21:50,550 [ 684707]   WARN - CPPImporter.plugin.UpdatePreview - Execute intention Remove 
2017-05-08 14:21:50,556 [ 684713]   WARN - CPPImporter.plugin.UpdatePreview - Execute intention Keep 
2017-05-08 14:21:50,562 [ 684719]   WARN - CPPImporter.plugin.IntentionExecutor - indexOf node 0 
2017-05-08 14:21:50,578 [ 684735]   WARN - CPPImporter.plugin.UpdatePreview - Execute intention Remove 
2017-05-08 14:21:50,579 [ 684736]   WARN - CPPImporter.plugin.UpdatePreview - Execute intention Keep 
2017-05-08 14:21:50,580 [ 684737]   WARN - CPPImporter.plugin.IntentionExecutor - indexOf node 0 
2017-05-08 14:21:50,580 [ 684737]   WARN - CPPImporter.plugin.UpdatePreview - Execute intention Keep 
2017-05-08 14:21:50,583 [ 684740]   WARN - CPPImporter.plugin.IntentionExecutor - indexOf node 0 
2017-05-08 14:21:50,585 [ 684742]   WARN - CPPImporter.plugin.UpdatePreview - Execute intention Keep 
2017-05-08 14:21:50,585 [ 684742]   WARN - CPPImporter.plugin.IntentionExecutor - indexOf node 0 
2017-05-08 14:21:50,588 [ 684745]   WARN - CPPImporter.plugin.UpdatePreview - Execute intention ChangePC 
2017-05-08 14:21:50,616 [ 684773]   WARN - CPPLanguage.editor.IntentionContainer_Editor - Show 23 intentions. 
2017-05-08 14:22:49,987 [ 744144]   WARN - CPPImporter.plugin.ChangePC_Action - [LOG] Intention ChangePC View default 
2017-05-08 14:22:49,989 [ 744146]   INFO - CPPImporter.plugin.UpdatePreview - Initialize future model 
2017-05-08 14:22:49,989 [ 744146]   INFO - CPPImporter.plugin.UpdatePreview - Create node mapping 
2017-05-08 14:22:49,989 [ 744146]   INFO - CPPImporter.plugin.UpdatePreview - Node mapping done 
2017-05-08 14:22:49,990 [ 744147]   WARN - CPPImporter.plugin.UpdatePreview - Execute intention Keep 
2017-05-08 14:22:49,998 [ 744155]   WARN - CPPImporter.plugin.IntentionExecutor - indexOf node 0 
2017-05-08 14:22:50,002 [ 744159]   WARN - CPPImporter.plugin.UpdatePreview - Execute intention Keep 
2017-05-08 14:22:50,005 [ 744162]   WARN - CPPImporter.plugin.IntentionExecutor - indexOf node 0 
2017-05-08 14:22:50,012 [ 744169]   WARN - CPPImporter.plugin.UpdatePreview - Execute intention Keep 
2017-05-08 14:22:50,012 [ 744169]   WARN - CPPImporter.plugin.IntentionExecutor - indexOf node 0 
2017-05-08 14:22:50,015 [ 744172]   WARN - CPPImporter.plugin.UpdatePreview - Execute intention Keep 
2017-05-08 14:22:50,017 [ 744174]   WARN - CPPImporter.plugin.IntentionExecutor - indexOf node 0 
2017-05-08 14:22:50,017 [ 744174]   WARN - CPPImporter.plugin.UpdatePreview - Execute intention KeepAsFeature 
2017-05-08 14:22:50,018 [ 744175]   WARN - CPPImporter.plugin.IntentionExecutor - indexOf node 0 
2017-05-08 14:22:50,018 [ 744175]   WARN - CPPImporter.plugin.UpdatePreview - Execute intention KeepAsFeature 
2017-05-08 14:22:50,019 [ 744176]   WARN - CPPImporter.plugin.IntentionExecutor - indexOf node 0 
2017-05-08 14:22:50,019 [ 744176]   WARN - CPPImporter.plugin.UpdatePreview - Execute intention KeepAsFeature 
2017-05-08 14:22:50,020 [ 744177]   WARN - CPPImporter.plugin.IntentionExecutor - indexOf node 0 
2017-05-08 14:22:50,020 [ 744177]   WARN - CPPImporter.plugin.UpdatePreview - Execute intention Remove 
2017-05-08 14:22:50,022 [ 744179]   WARN - CPPImporter.plugin.UpdatePreview - Execute intention Remove 
2017-05-08 14:22:50,025 [ 744182]   WARN - CPPImporter.plugin.UpdatePreview - Execute intention Remove 
2017-05-08 14:22:50,028 [ 744185]   WARN - CPPImporter.plugin.UpdatePreview - Execute intention ChangePC 
2017-05-08 14:22:50,064 [ 744221]   WARN - CPPImporter.plugin.UpdatePreview - Execute intention Keep 
2017-05-08 14:22:50,068 [ 744225]   WARN - CPPImporter.plugin.IntentionExecutor - indexOf node 0 
2017-05-08 14:22:50,075 [ 744232]   WARN - CPPImporter.plugin.UpdatePreview - Execute intention Remove 
2017-05-08 14:22:50,080 [ 744237]   WARN - CPPImporter.plugin.UpdatePreview - Execute intention Keep 
2017-05-08 14:22:50,083 [ 744240]   WARN - CPPImporter.plugin.IntentionExecutor - indexOf node 0 
2017-05-08 14:22:50,089 [ 744246]   WARN - CPPImporter.plugin.UpdatePreview - Execute intention Remove 
2017-05-08 14:22:50,090 [ 744247]   WARN - CPPImporter.plugin.UpdatePreview - Execute intention Keep 
2017-05-08 14:22:50,091 [ 744248]   WARN - CPPImporter.plugin.IntentionExecutor - indexOf node 0 
2017-05-08 14:22:50,092 [ 744249]   WARN - CPPImporter.plugin.UpdatePreview - Execute intention Remove 
2017-05-08 14:22:50,093 [ 744250]   WARN - CPPImporter.plugin.UpdatePreview - Execute intention Keep 
2017-05-08 14:22:50,095 [ 744252]   WARN - CPPImporter.plugin.IntentionExecutor - indexOf node 0 
2017-05-08 14:22:50,096 [ 744253]   WARN - CPPImporter.plugin.UpdatePreview - Execute intention Remove 
2017-05-08 14:22:50,096 [ 744253]   WARN - CPPImporter.plugin.UpdatePreview - Execute intention Keep 
2017-05-08 14:22:50,096 [ 744253]   WARN - CPPImporter.plugin.IntentionExecutor - indexOf node 0 
2017-05-08 14:22:50,097 [ 744254]   WARN - CPPImporter.plugin.UpdatePreview - Execute intention Keep 
2017-05-08 14:22:50,097 [ 744254]   WARN - CPPImporter.plugin.IntentionExecutor - indexOf node 0 
2017-05-08 14:22:50,097 [ 744254]   WARN - CPPImporter.plugin.UpdatePreview - Execute intention Keep 
2017-05-08 14:22:50,098 [ 744255]   WARN - CPPImporter.plugin.IntentionExecutor - indexOf node 0 
2017-05-08 14:22:50,098 [ 744255]   WARN - CPPImporter.plugin.UpdatePreview - Execute intention ChangePC 
2017-05-08 14:22:50,099 [ 744256]   WARN - CPPImporter.plugin.UpdatePreview - Execute intention ChangePC 
2017-05-08 14:22:50,122 [ 744279]   WARN - CPPLanguage.editor.IntentionContainer_Editor - Show 24 intentions. 
2017-05-08 14:23:52,326 [ 806483]   WARN - CPPLanguage.editor.IntentionContainer_Editor - Show 23 intentions. 
2017-05-08 14:24:16,494 [ 830651]   INFO - CPPImporter.plugin.Keep_Action - [LOG] Intention Keep for 1 nodes. 
2017-05-08 14:24:16,495 [ 830652]   INFO - CPPImporter.plugin.Keep_Action - [LOG] View of Keep Intention is default 
2017-05-08 14:24:16,495 [ 830652]   INFO - CPPImporter.plugin.Keep_Action - Update Preview 
2017-05-08 14:24:16,495 [ 830652]   INFO - CPPImporter.plugin.UpdatePreview - Initialize future model 
2017-05-08 14:24:16,495 [ 830652]   INFO - CPPImporter.plugin.UpdatePreview - Create node mapping 
2017-05-08 14:24:16,496 [ 830653]   INFO - CPPImporter.plugin.UpdatePreview - Node mapping done 
2017-05-08 14:24:16,520 [ 830677]   WARN - CPPImporter.plugin.UpdatePreview - Execute intention Keep 
2017-05-08 14:24:16,521 [ 830678]   WARN - CPPImporter.plugin.IntentionExecutor - indexOf node 0 
2017-05-08 14:24:16,522 [ 830679]   WARN - CPPImporter.plugin.UpdatePreview - Execute intention Keep 
2017-05-08 14:24:16,522 [ 830679]   WARN - CPPImporter.plugin.IntentionExecutor - indexOf node 0 
2017-05-08 14:24:16,524 [ 830681]   WARN - CPPImporter.plugin.UpdatePreview - Execute intention Keep 
2017-05-08 14:24:16,526 [ 830683]   WARN - CPPImporter.plugin.IntentionExecutor - indexOf node 0 
2017-05-08 14:24:16,530 [ 830687]   WARN - CPPImporter.plugin.UpdatePreview - Execute intention Keep 
2017-05-08 14:24:16,533 [ 830690]   WARN - CPPImporter.plugin.IntentionExecutor - indexOf node 0 
2017-05-08 14:24:16,541 [ 830698]   WARN - CPPImporter.plugin.UpdatePreview - Execute intention KeepAsFeature 
2017-05-08 14:24:16,572 [ 830729]   WARN - CPPImporter.plugin.IntentionExecutor - indexOf node 0 
2017-05-08 14:24:16,575 [ 830732]   WARN - CPPImporter.plugin.UpdatePreview - Execute intention KeepAsFeature 
2017-05-08 14:24:16,576 [ 830733]   WARN - CPPImporter.plugin.IntentionExecutor - indexOf node 0 
2017-05-08 14:24:16,576 [ 830733]   WARN - CPPImporter.plugin.UpdatePreview - Execute intention KeepAsFeature 
2017-05-08 14:24:16,577 [ 830734]   WARN - CPPImporter.plugin.IntentionExecutor - indexOf node 0 
2017-05-08 14:24:16,577 [ 830734]   WARN - CPPImporter.plugin.UpdatePreview - Execute intention Remove 
2017-05-08 14:24:16,577 [ 830734]   WARN - CPPImporter.plugin.UpdatePreview - Execute intention Remove 
2017-05-08 14:24:16,578 [ 830735]   WARN - CPPImporter.plugin.UpdatePreview - Execute intention Remove 
2017-05-08 14:24:16,578 [ 830735]   WARN - CPPImporter.plugin.UpdatePreview - Execute intention ChangePC 
2017-05-08 14:24:16,578 [ 830735]   WARN - CPPImporter.plugin.UpdatePreview - Execute intention Keep 
2017-05-08 14:24:16,579 [ 830736]   WARN - CPPImporter.plugin.IntentionExecutor - indexOf node 0 
2017-05-08 14:24:16,579 [ 830736]   WARN - CPPImporter.plugin.UpdatePreview - Execute intention Remove 
2017-05-08 14:24:16,579 [ 830736]   WARN - CPPImporter.plugin.UpdatePreview - Execute intention Keep 
2017-05-08 14:24:16,579 [ 830736]   WARN - CPPImporter.plugin.IntentionExecutor - indexOf node 0 
2017-05-08 14:24:16,581 [ 830738]   WARN - CPPImporter.plugin.UpdatePreview - Execute intention Remove 
2017-05-08 14:24:16,582 [ 830739]   WARN - CPPImporter.plugin.UpdatePreview - Execute intention Keep 
2017-05-08 14:24:16,583 [ 830740]   WARN - CPPImporter.plugin.IntentionExecutor - indexOf node 0 
2017-05-08 14:24:16,589 [ 830746]   WARN - CPPImporter.plugin.UpdatePreview - Execute intention Remove 
2017-05-08 14:24:16,591 [ 830748]   WARN - CPPImporter.plugin.UpdatePreview - Execute intention Keep 
2017-05-08 14:24:16,592 [ 830749]   WARN - CPPImporter.plugin.IntentionExecutor - indexOf node 0 
2017-05-08 14:24:16,592 [ 830749]   WARN - CPPImporter.plugin.UpdatePreview - Execute intention Remove 
2017-05-08 14:24:16,593 [ 830750]   WARN - CPPImporter.plugin.UpdatePreview - Execute intention Keep 
2017-05-08 14:24:16,594 [ 830751]   WARN - CPPImporter.plugin.IntentionExecutor - indexOf node 0 
2017-05-08 14:24:16,596 [ 830753]   WARN - CPPImporter.plugin.UpdatePreview - Execute intention Keep 
2017-05-08 14:24:16,597 [ 830754]   WARN - CPPImporter.plugin.IntentionExecutor - indexOf node 0 
2017-05-08 14:24:16,601 [ 830758]   WARN - CPPImporter.plugin.UpdatePreview - Execute intention Keep 
2017-05-08 14:24:16,602 [ 830759]   WARN - CPPImporter.plugin.IntentionExecutor - indexOf node 0 
2017-05-08 14:24:16,602 [ 830759]   WARN - CPPImporter.plugin.UpdatePreview - Execute intention ChangePC 
2017-05-08 14:24:16,606 [ 830763]   WARN - CPPImporter.plugin.UpdatePreview - Execute intention Keep 
2017-05-08 14:24:16,607 [ 830764]   WARN - CPPImporter.plugin.IntentionExecutor - indexOf node 0 
2017-05-08 14:24:16,629 [ 830786]   WARN - CPPLanguage.editor.IntentionContainer_Editor - Show 24 intentions. 
2017-05-08 14:25:26,971 [ 901128]   INFO - CPPImporter.plugin.Remove_Action - [LOG] Remove Intention for 1 nodes. 
2017-05-08 14:25:26,983 [ 901140]   INFO - CPPImporter.plugin.Remove_Action - [LOG] View of Keep Intention is default 
2017-05-08 14:25:26,984 [ 901141]   INFO - CPPImporter.plugin.UpdatePreview - Initialize future model 
2017-05-08 14:25:26,984 [ 901141]   INFO - CPPImporter.plugin.UpdatePreview - Create node mapping 
2017-05-08 14:25:26,984 [ 901141]   INFO - CPPImporter.plugin.UpdatePreview - Node mapping done 
2017-05-08 14:25:26,985 [ 901142]   WARN - CPPImporter.plugin.UpdatePreview - Execute intention Keep 
2017-05-08 14:25:26,996 [ 901153]   WARN - CPPImporter.plugin.IntentionExecutor - indexOf node 0 
2017-05-08 14:25:26,999 [ 901156]   WARN - CPPImporter.plugin.UpdatePreview - Execute intention Keep 
2017-05-08 14:25:27,003 [ 901160]   WARN - CPPImporter.plugin.IntentionExecutor - indexOf node 0 
2017-05-08 14:25:27,007 [ 901164]   WARN - CPPImporter.plugin.UpdatePreview - Execute intention Keep 
2017-05-08 14:25:27,007 [ 901164]   WARN - CPPImporter.plugin.IntentionExecutor - indexOf node 0 
2017-05-08 14:25:27,021 [ 901178]   WARN - CPPImporter.plugin.UpdatePreview - Execute intention Keep 
2017-05-08 14:25:27,022 [ 901179]   WARN - CPPImporter.plugin.IntentionExecutor - indexOf node 0 
2017-05-08 14:25:27,023 [ 901180]   WARN - CPPImporter.plugin.UpdatePreview - Execute intention KeepAsFeature 
2017-05-08 14:25:27,023 [ 901180]   WARN - CPPImporter.plugin.IntentionExecutor - indexOf node 0 
2017-05-08 14:25:27,025 [ 901182]   WARN - CPPImporter.plugin.UpdatePreview - Execute intention KeepAsFeature 
2017-05-08 14:25:27,025 [ 901182]   WARN - CPPImporter.plugin.IntentionExecutor - indexOf node 0 
2017-05-08 14:25:27,027 [ 901184]   WARN - CPPImporter.plugin.UpdatePreview - Execute intention KeepAsFeature 
2017-05-08 14:25:27,029 [ 901186]   WARN - CPPImporter.plugin.IntentionExecutor - indexOf node 0 
2017-05-08 14:25:27,030 [ 901187]   WARN - CPPImporter.plugin.UpdatePreview - Execute intention Remove 
2017-05-08 14:25:27,032 [ 901189]   WARN - CPPImporter.plugin.UpdatePreview - Execute intention Remove 
2017-05-08 14:25:27,039 [ 901196]   WARN - CPPImporter.plugin.UpdatePreview - Execute intention Remove 
2017-05-08 14:25:27,045 [ 901202]   WARN - CPPImporter.plugin.UpdatePreview - Execute intention ChangePC 
2017-05-08 14:25:27,049 [ 901206]   WARN - CPPImporter.plugin.UpdatePreview - Execute intention Keep 
2017-05-08 14:25:27,051 [ 901208]   WARN - CPPImporter.plugin.IntentionExecutor - indexOf node 0 
2017-05-08 14:25:27,053 [ 901210]   WARN - CPPImporter.plugin.UpdatePreview - Execute intention Remove 
2017-05-08 14:25:27,053 [ 901210]   WARN - CPPImporter.plugin.UpdatePreview - Execute intention Keep 
2017-05-08 14:25:27,054 [ 901211]   WARN - CPPImporter.plugin.IntentionExecutor - indexOf node 0 
2017-05-08 14:25:27,059 [ 901216]   WARN - CPPImporter.plugin.UpdatePreview - Execute intention Remove 
2017-05-08 14:25:27,062 [ 901219]   WARN - CPPImporter.plugin.UpdatePreview - Execute intention Keep 
2017-05-08 14:25:27,063 [ 901220]   WARN - CPPImporter.plugin.IntentionExecutor - indexOf node 0 
2017-05-08 14:25:27,068 [ 901225]   WARN - CPPImporter.plugin.UpdatePreview - Execute intention Remove 
2017-05-08 14:25:27,068 [ 901225]   WARN - CPPImporter.plugin.UpdatePreview - Execute intention Keep 
2017-05-08 14:25:27,069 [ 901226]   WARN - CPPImporter.plugin.IntentionExecutor - indexOf node 0 
2017-05-08 14:25:27,069 [ 901226]   WARN - CPPImporter.plugin.UpdatePreview - Execute intention Remove 
2017-05-08 14:25:27,070 [ 901227]   WARN - CPPImporter.plugin.UpdatePreview - Execute intention Keep 
2017-05-08 14:25:27,070 [ 901227]   WARN - CPPImporter.plugin.IntentionExecutor - indexOf node 0 
2017-05-08 14:25:27,070 [ 901227]   WARN - CPPImporter.plugin.UpdatePreview - Execute intention Keep 
2017-05-08 14:25:27,071 [ 901228]   WARN - CPPImporter.plugin.IntentionExecutor - indexOf node 0 
2017-05-08 14:25:27,073 [ 901230]   WARN - CPPImporter.plugin.UpdatePreview - Execute intention Keep 
2017-05-08 14:25:27,075 [ 901232]   WARN - CPPImporter.plugin.IntentionExecutor - indexOf node 0 
2017-05-08 14:25:27,076 [ 901233]   WARN - CPPImporter.plugin.UpdatePreview - Execute intention ChangePC 
2017-05-08 14:25:27,078 [ 901235]   WARN - CPPImporter.plugin.UpdatePreview - Execute intention Keep 
2017-05-08 14:25:27,080 [ 901237]   WARN - CPPImporter.plugin.IntentionExecutor - indexOf node 0 
2017-05-08 14:25:27,081 [ 901238]   WARN - CPPImporter.plugin.UpdatePreview - Execute intention Remove 
2017-05-08 14:25:27,094 [ 901251]   WARN - CPPLanguage.editor.IntentionContainer_Editor - Show 25 intentions. 
2017-05-08 14:25:47,411 [ 921568]   WARN - CPPImporter.plugin.ChangePC_Action - [LOG] Intention ChangePC View default 
2017-05-08 14:25:47,413 [ 921570]   INFO - CPPImporter.plugin.UpdatePreview - Initialize future model 
2017-05-08 14:25:47,432 [ 921589]   INFO - CPPImporter.plugin.UpdatePreview - Create node mapping 
2017-05-08 14:25:47,433 [ 921590]   INFO - CPPImporter.plugin.UpdatePreview - Node mapping done 
2017-05-08 14:25:47,481 [ 921638]   WARN - CPPImporter.plugin.UpdatePreview - Execute intention Keep 
2017-05-08 14:25:47,482 [ 921639]   WARN - CPPImporter.plugin.IntentionExecutor - indexOf node 0 
2017-05-08 14:25:47,483 [ 921640]   WARN - CPPImporter.plugin.UpdatePreview - Execute intention Keep 
2017-05-08 14:25:47,484 [ 921641]   WARN - CPPImporter.plugin.IntentionExecutor - indexOf node 0 
2017-05-08 14:25:47,485 [ 921642]   WARN - CPPImporter.plugin.UpdatePreview - Execute intention Keep 
2017-05-08 14:25:47,485 [ 921642]   WARN - CPPImporter.plugin.IntentionExecutor - indexOf node 0 
2017-05-08 14:25:47,494 [ 921651]   WARN - CPPImporter.plugin.UpdatePreview - Execute intention Keep 
2017-05-08 14:25:47,495 [ 921652]   WARN - CPPImporter.plugin.IntentionExecutor - indexOf node 0 
2017-05-08 14:25:47,495 [ 921652]   WARN - CPPImporter.plugin.UpdatePreview - Execute intention KeepAsFeature 
2017-05-08 14:25:47,495 [ 921652]   WARN - CPPImporter.plugin.IntentionExecutor - indexOf node 0 
2017-05-08 14:25:47,497 [ 921654]   WARN - CPPImporter.plugin.UpdatePreview - Execute intention KeepAsFeature 
2017-05-08 14:25:47,499 [ 921656]   WARN - CPPImporter.plugin.IntentionExecutor - indexOf node 0 
2017-05-08 14:25:47,502 [ 921659]   WARN - CPPImporter.plugin.UpdatePreview - Execute intention KeepAsFeature 
2017-05-08 14:25:47,503 [ 921660]   WARN - CPPImporter.plugin.IntentionExecutor - indexOf node 0 
2017-05-08 14:25:47,513 [ 921670]   WARN - CPPImporter.plugin.UpdatePreview - Execute intention Remove 
2017-05-08 14:25:47,513 [ 921670]   WARN - CPPImporter.plugin.UpdatePreview - Execute intention Remove 
2017-05-08 14:25:47,514 [ 921671]   WARN - CPPImporter.plugin.UpdatePreview - Execute intention Remove 
2017-05-08 14:25:47,514 [ 921671]   WARN - CPPImporter.plugin.UpdatePreview - Execute intention ChangePC 
2017-05-08 14:25:47,515 [ 921672]   WARN - CPPImporter.plugin.UpdatePreview - Execute intention Keep 
2017-05-08 14:25:47,516 [ 921673]   WARN - CPPImporter.plugin.IntentionExecutor - indexOf node 0 
2017-05-08 14:25:47,518 [ 921675]   WARN - CPPImporter.plugin.UpdatePreview - Execute intention Remove 
2017-05-08 14:25:47,519 [ 921676]   WARN - CPPImporter.plugin.UpdatePreview - Execute intention Keep 
2017-05-08 14:25:47,519 [ 921676]   WARN - CPPImporter.plugin.IntentionExecutor - indexOf node 0 
2017-05-08 14:25:47,519 [ 921676]   WARN - CPPImporter.plugin.UpdatePreview - Execute intention Remove 
2017-05-08 14:25:47,521 [ 921678]   WARN - CPPImporter.plugin.UpdatePreview - Execute intention Keep 
2017-05-08 14:25:47,524 [ 921681]   WARN - CPPImporter.plugin.IntentionExecutor - indexOf node 0 
2017-05-08 14:25:47,525 [ 921682]   WARN - CPPImporter.plugin.UpdatePreview - Execute intention Remove 
2017-05-08 14:25:47,525 [ 921682]   WARN - CPPImporter.plugin.UpdatePreview - Execute intention Keep 
2017-05-08 14:25:47,525 [ 921682]   WARN - CPPImporter.plugin.IntentionExecutor - indexOf node 0 
2017-05-08 14:25:47,526 [ 921683]   WARN - CPPImporter.plugin.UpdatePreview - Execute intention Remove 
2017-05-08 14:25:47,526 [ 921683]   WARN - CPPImporter.plugin.UpdatePreview - Execute intention Keep 
2017-05-08 14:25:47,531 [ 921688]   WARN - CPPImporter.plugin.IntentionExecutor - indexOf node 0 
2017-05-08 14:25:47,533 [ 921690]   WARN - CPPImporter.plugin.UpdatePreview - Execute intention Keep 
2017-05-08 14:25:47,535 [ 921692]   WARN - CPPImporter.plugin.IntentionExecutor - indexOf node 0 
2017-05-08 14:25:47,535 [ 921692]   WARN - CPPImporter.plugin.UpdatePreview - Execute intention Keep 
2017-05-08 14:25:47,536 [ 921693]   WARN - CPPImporter.plugin.IntentionExecutor - indexOf node 0 
2017-05-08 14:25:47,537 [ 921694]   WARN - CPPImporter.plugin.UpdatePreview - Execute intention ChangePC 
2017-05-08 14:25:47,538 [ 921695]   WARN - CPPImporter.plugin.UpdatePreview - Execute intention Keep 
2017-05-08 14:25:47,538 [ 921695]   WARN - CPPImporter.plugin.IntentionExecutor - indexOf node 0 
2017-05-08 14:25:47,538 [ 921695]   WARN - CPPImporter.plugin.UpdatePreview - Execute intention ChangePC 
2017-05-08 14:25:47,545 [ 921702]   WARN - CPPImporter.plugin.UpdatePreview - Execute intention Remove 
2017-05-08 14:25:47,575 [ 921732]   WARN - CPPLanguage.editor.IntentionContainer_Editor - Show 26 intentions. 
2017-05-08 14:26:03,228 [ 937385]   WARN - CPPImporter.plugin.CommitIntentions_Action - Commit Intentions 
2017-05-08 14:26:03,229 [ 937386]   INFO - CPPImporter.plugin.UpdatePreview - Initialize future model 
2017-05-08 14:26:03,230 [ 937387]   INFO - CPPImporter.plugin.UpdatePreview - Create node mapping 
2017-05-08 14:26:03,230 [ 937387]   INFO - CPPImporter.plugin.UpdatePreview - Node mapping done 
2017-05-08 14:26:03,251 [ 937408]   WARN - CPPImporter.plugin.UpdatePreview - Execute intention Keep 
2017-05-08 14:26:03,251 [ 937408]   WARN - CPPImporter.plugin.IntentionExecutor - indexOf node 0 
2017-05-08 14:26:03,253 [ 937410]   WARN - CPPImporter.plugin.UpdatePreview - Execute intention Keep 
2017-05-08 14:26:03,253 [ 937410]   WARN - CPPImporter.plugin.IntentionExecutor - indexOf node 0 
2017-05-08 14:26:03,254 [ 937411]   WARN - CPPImporter.plugin.UpdatePreview - Execute intention Keep 
2017-05-08 14:26:03,255 [ 937412]   WARN - CPPImporter.plugin.IntentionExecutor - indexOf node 0 
2017-05-08 14:26:03,271 [ 937428]   WARN - CPPImporter.plugin.UpdatePreview - Execute intention Keep 
2017-05-08 14:26:03,272 [ 937429]   WARN - CPPImporter.plugin.IntentionExecutor - indexOf node 0 
2017-05-08 14:26:03,273 [ 937430]   WARN - CPPImporter.plugin.UpdatePreview - Execute intention KeepAsFeature 
2017-05-08 14:26:03,273 [ 937430]   WARN - CPPImporter.plugin.IntentionExecutor - indexOf node 0 
2017-05-08 14:26:03,274 [ 937431]   WARN - CPPImporter.plugin.UpdatePreview - Execute intention KeepAsFeature 
2017-05-08 14:26:03,274 [ 937431]   WARN - CPPImporter.plugin.IntentionExecutor - indexOf node 0 
2017-05-08 14:26:03,278 [ 937435]   WARN - CPPImporter.plugin.UpdatePreview - Execute intention KeepAsFeature 
2017-05-08 14:26:03,281 [ 937438]   WARN - CPPImporter.plugin.IntentionExecutor - indexOf node 0 
2017-05-08 14:26:03,285 [ 937442]   WARN - CPPImporter.plugin.UpdatePreview - Execute intention Remove 
2017-05-08 14:26:03,287 [ 937444]   WARN - CPPImporter.plugin.UpdatePreview - Execute intention Remove 
2017-05-08 14:26:03,292 [ 937449]   WARN - CPPImporter.plugin.UpdatePreview - Execute intention Remove 
2017-05-08 14:26:03,292 [ 937449]   WARN - CPPImporter.plugin.UpdatePreview - Execute intention ChangePC 
2017-05-08 14:26:03,295 [ 937452]   WARN - CPPImporter.plugin.UpdatePreview - Execute intention Keep 
2017-05-08 14:26:03,297 [ 937454]   WARN - CPPImporter.plugin.IntentionExecutor - indexOf node 0 
2017-05-08 14:26:03,301 [ 937458]   WARN - CPPImporter.plugin.UpdatePreview - Execute intention Remove 
2017-05-08 14:26:03,302 [ 937459]   WARN - CPPImporter.plugin.UpdatePreview - Execute intention Keep 
2017-05-08 14:26:03,302 [ 937459]   WARN - CPPImporter.plugin.IntentionExecutor - indexOf node 0 
2017-05-08 14:26:03,303 [ 937460]   WARN - CPPImporter.plugin.UpdatePreview - Execute intention Remove 
2017-05-08 14:26:03,304 [ 937461]   WARN - CPPImporter.plugin.UpdatePreview - Execute intention Keep 
2017-05-08 14:26:03,305 [ 937462]   WARN - CPPImporter.plugin.IntentionExecutor - indexOf node 0 
2017-05-08 14:26:03,306 [ 937463]   WARN - CPPImporter.plugin.UpdatePreview - Execute intention Remove 
2017-05-08 14:26:03,307 [ 937464]   WARN - CPPImporter.plugin.UpdatePreview - Execute intention Keep 
2017-05-08 14:26:03,307 [ 937464]   WARN - CPPImporter.plugin.IntentionExecutor - indexOf node 0 
2017-05-08 14:26:03,308 [ 937465]   WARN - CPPImporter.plugin.UpdatePreview - Execute intention Remove 
2017-05-08 14:26:03,310 [ 937467]   WARN - CPPImporter.plugin.UpdatePreview - Execute intention Keep 
2017-05-08 14:26:03,311 [ 937468]   WARN - CPPImporter.plugin.IntentionExecutor - indexOf node 0 
2017-05-08 14:26:03,311 [ 937468]   WARN - CPPImporter.plugin.UpdatePreview - Execute intention Keep 
2017-05-08 14:26:03,312 [ 937469]   WARN - CPPImporter.plugin.IntentionExecutor - indexOf node 0 
2017-05-08 14:26:03,313 [ 937470]   WARN - CPPImporter.plugin.UpdatePreview - Execute intention Keep 
2017-05-08 14:26:03,313 [ 937470]   WARN - CPPImporter.plugin.IntentionExecutor - indexOf node 0 
2017-05-08 14:26:03,316 [ 937473]   WARN - CPPImporter.plugin.UpdatePreview - Execute intention ChangePC 
2017-05-08 14:26:03,318 [ 937475]   WARN - CPPImporter.plugin.UpdatePreview - Execute intention Keep 
2017-05-08 14:26:03,319 [ 937476]   WARN - CPPImporter.plugin.IntentionExecutor - indexOf node 0 
2017-05-08 14:26:03,319 [ 937476]   WARN - CPPImporter.plugin.UpdatePreview - Execute intention ChangePC 
2017-05-08 14:26:03,319 [ 937476]   WARN - CPPImporter.plugin.UpdatePreview - Execute intention Remove 
2017-05-08 14:26:03,370 [ 937527]   WARN - CPPLanguage.editor.IntentionContainer_Editor - Show 0 intentions. 
2017-05-08 14:26:24,435 [ 958592]   INFO - CPPImporter.plugin.Export_Action - [LOG] Export to /home/group1/results/incline.c 
2017-05-08 14:26:33,867 [ 968024]   INFO - jetbrains.mps.extapi.model.EditableSModelBase - Saving model Examples.Imported2 
2017-05-08 14:26:33,972 [ 968129]   INFO - jetbrains.mps.smodel.MPSModuleRepository - Saving of the repository took 0.118 s 
2017-05-08 14:26:34,329 [ 968486]   INFO - jetbrains.mps.plugins.PluginLoaderRegistry - Running Update Task : loaders [toLoad: 0; toUnload:1]; contributors : [toLoad: 0; toUnload:0]; Thread[AWT-EventQueue-0 3.4.4#MPS-162.2317 MPS, eap:false, os:Linux 4.8.0-49-generic, java-version:Oracle Corporation 1.8.0_121-8u121-b13-0ubuntu1.16.04.2-b13,6,main] 
2017-05-08 14:26:34,400 [ 968557]   INFO - jetbrains.mps.plugins.PluginLoaderRegistry - Unloading of 145 plugins took 0.062 s 
2017-05-08 14:26:34,400 [ 968557]   INFO - jetbrains.mps.project.ProjectBase - Project 'CPPLanguage' is closing 
2017-05-08 14:26:34,550 [ 968707]   INFO - jetbrains.mps.classloading.ModuleUpdater - Classloading refresh took 0.047 s 
2017-05-08 14:26:34,560 [ 968717]   INFO - jetbrains.mps.classloading.ModulesWatcher - 0 modules are marked as invalid roots for class loading out of 297 modules [totally in the repository] 
2017-05-08 14:26:34,561 [ 968718]   INFO - jetbrains.mps.classloading.ModulesWatcher - Totally 0 modules are marked invalid for class loading 
2017-05-08 14:26:34,789 [ 968946]   INFO - jetbrains.mps.classloading.ModuleUpdater - Classloading refresh took 0.065 s 
2017-05-08 14:26:34,799 [ 968956]   INFO - jetbrains.mps.classloading.ModulesWatcher - 0 modules are marked as invalid roots for class loading out of 296 modules [totally in the repository] 
2017-05-08 14:26:34,800 [ 968957]   INFO - jetbrains.mps.classloading.ModulesWatcher - Totally 0 modules are marked invalid for class loading 
2017-05-08 14:26:34,920 [ 969077]   INFO - jetbrains.mps.classloading.ModuleUpdater - Classloading refresh took 0.043 s 
2017-05-08 14:26:34,930 [ 969087]   INFO - jetbrains.mps.classloading.ModulesWatcher - 0 modules are marked as invalid roots for class loading out of 295 modules [totally in the repository] 
2017-05-08 14:26:34,930 [ 969087]   INFO - jetbrains.mps.classloading.ModulesWatcher - Totally 0 modules are marked invalid for class loading 
2017-05-08 14:26:34,976 [ 969133]   INFO - jetbrains.mps.library.LibraryInitializer - Removing libraries from ProjectLibraryManager 
2017-05-08 14:26:34,997 [ 969154]   INFO - #org.jetbrains.io.BuiltInServer - web server stopped 
2017-05-08 14:26:35,066 [ 969223]   INFO - jetbrains.mps.library.LibraryInitializer - Removing libraries from AdditionalLibrariesManager 
2017-05-08 14:26:35,089 [ 969246]   INFO - jetbrains.mps.library.LibraryInitializer - Removing libraries from PluginLibraryContributor 
2017-05-08 14:26:35,090 [ 969247]   INFO - jetbrains.mps.library.LibraryInitializer - Removing libraries from BootstrapLibraryContributor 
2017-05-08 14:26:35,090 [ 969247]   INFO - jetbrains.mps.library.LibraryInitializer - Unloading 112 libraries 
2017-05-08 14:26:35,541 [ 969698]   INFO - jetbrains.mps.library.LibraryInitializer - Library update is finished 
2017-05-08 14:26:35,590 [ 969747]   INFO - jetbrains.mps.classloading.ModuleUpdater - Classloading refresh took 0.010 s 
2017-05-08 14:26:35,591 [ 969748]   INFO - jetbrains.mps.classloading.ModulesWatcher - 0 modules are marked as invalid roots for class loading out of 0 modules [totally in the repository] 
2017-05-08 14:26:35,591 [ 969748]   INFO - jetbrains.mps.classloading.ModulesWatcher - Totally 0 modules are marked invalid for class loading 
2017-05-08 14:26:35,664 [ 969821]   INFO - #org.jetbrains.io.BuiltInServer - web server stopped 
