2017-08-11 16:41:06,737 [1133712]  ERROR - #com.intellij.ide.impl.DataManagerImpl - JetBrains MPS 3.4.4  Build #MPS-162.2317 
2017-08-11 16:41:06,737 [1133712]  ERROR - #com.intellij.ide.impl.DataManagerImpl - JDK: 1.8.0_131 
2017-08-11 16:41:06,737 [1133712]  ERROR - #com.intellij.ide.impl.DataManagerImpl - VM: OpenJDK 64-Bit Server VM 
2017-08-11 16:41:06,737 [1133712]  ERROR - #com.intellij.ide.impl.DataManagerImpl - Vendor: Oracle Corporation 
2017-08-11 16:41:06,737 [1133712]  ERROR - #com.intellij.ide.impl.DataManagerImpl - OS: Linux 
2017-08-11 16:41:06,737 [1133712]  ERROR - #com.intellij.ide.impl.DataManagerImpl - Last Action: CPPImporter.plugin.KeepAsFeature_Action 
2017-08-11 16:41:06,737 [1133712]  ERROR - #com.intellij.ide.impl.DataManagerImpl - Current Command: Keep as Feature 
2017-08-11 16:41:06,745 [1133720]  ERROR - #com.intellij.ide.impl.DataManagerImpl - cannot share data context between Swing events; initial event count = 61543; current event count = 61769 
java.lang.Throwable
	at com.intellij.openapi.diagnostic.Logger.error(Logger.java:127)
	at com.intellij.ide.impl.DataManagerImpl$MyDataContext.getData(DataManagerImpl.java:356)
	at com.intellij.openapi.actionSystem.DataContext.getData(DataContext.java:59)
	at com.intellij.openapi.actionSystem.AnActionEvent.getData(AnActionEvent.java:165)
	at CPPImporter.plugin.KeepAsFeature_Action.doExecute(KeepAsFeature_Action.java:186)
	at jetbrains.mps.workbench.action.BaseAction$2.run(BaseAction.java:145)
	at jetbrains.mps.smodel.WorkbenchModelAccess$CommandRunnable$1.run(WorkbenchModelAccess.java:632)
	at jetbrains.mps.smodel.WriteActionDispatcher.run(WriteActionDispatcher.java:39)
	at jetbrains.mps.smodel.WorkbenchModelAccess$3.run(WorkbenchModelAccess.java:136)
	at com.intellij.openapi.application.impl.ApplicationImpl.runWriteAction(ApplicationImpl.java:898)
	at jetbrains.mps.smodel.WorkbenchModelAccess.runWriteAction(WorkbenchModelAccess.java:145)
	at jetbrains.mps.smodel.WorkbenchModelAccess$CommandRunnable.run(WorkbenchModelAccess.java:627)
	at com.intellij.openapi.command.impl.CoreCommandProcessor.executeCommand(CoreCommandProcessor.java:129)
	at com.intellij.openapi.command.impl.CoreCommandProcessor.executeCommand(CoreCommandProcessor.java:100)
	at jetbrains.mps.smodel.WorkbenchModelAccess.runWriteActionInCommand(WorkbenchModelAccess.java:440)
	at jetbrains.mps.smodel.WorkbenchModelAccess.executeCommand(WorkbenchModelAccess.java:403)
	at jetbrains.mps.project.ProjectModelAccess.executeCommand(ProjectModelAccess.java:43)
	at jetbrains.mps.workbench.action.BaseAction.actionPerformed(BaseAction.java:160)
	at com.intellij.openapi.actionSystem.ex.ActionUtil$1.run(ActionUtil.java:197)
	at com.intellij.openapi.application.TransactionGuardImpl.runSyncTransaction(TransactionGuardImpl.java:88)
	at com.intellij.openapi.application.TransactionGuardImpl.submitTransactionAndWait(TransactionGuardImpl.java:156)
	at com.intellij.openapi.actionSystem.ex.ActionUtil.performActionDumbAware(ActionUtil.java:211)
	at com.intellij.openapi.keymap.impl.IdeKeyEventDispatcher$1.performAction(IdeKeyEventDispatcher.java:587)
	at com.intellij.openapi.keymap.impl.IdeKeyEventDispatcher.lambda$processAction$132(IdeKeyEventDispatcher.java:634)
	at com.intellij.openapi.application.TransactionGuardImpl.performUserActivity(TransactionGuardImpl.java:199)
	at com.intellij.openapi.keymap.impl.IdeKeyEventDispatcher.processAction(IdeKeyEventDispatcher.java:633)
	at com.intellij.openapi.keymap.impl.IdeKeyEventDispatcher.inInitState(IdeKeyEventDispatcher.java:477)
	at com.intellij.openapi.keymap.impl.IdeKeyEventDispatcher.dispatchKeyEvent(IdeKeyEventDispatcher.java:211)
	at com.intellij.ide.IdeEventQueue._dispatchEvent(IdeEventQueue.java:609)
	at com.intellij.ide.IdeEventQueue.dispatchEvent(IdeEventQueue.java:387)
	at java.awt.EventDispatchThread.pumpOneEventForFilters(EventDispatchThread.java:201)
	at java.awt.EventDispatchThread.pumpEventsForFilter(EventDispatchThread.java:116)
	at java.awt.EventDispatchThread.pumpEventsForHierarchy(EventDispatchThread.java:105)
	at java.awt.EventDispatchThread.pumpEvents(EventDispatchThread.java:101)
	at java.awt.EventDispatchThread.pumpEvents(EventDispatchThread.java:93)
	at java.awt.EventDispatchThread.run(EventDispatchThread.java:82)
2017-08-11 16:41:06,746 [1133721]  ERROR - #com.intellij.ide.impl.DataManagerImpl - JetBrains MPS 3.4.4  Build #MPS-162.2317 
2017-08-11 16:41:06,746 [1133721]  ERROR - #com.intellij.ide.impl.DataManagerImpl - JDK: 1.8.0_131 
2017-08-11 16:41:06,746 [1133721]  ERROR - #com.intellij.ide.impl.DataManagerImpl - VM: OpenJDK 64-Bit Server VM 
2017-08-11 16:41:06,746 [1133721]  ERROR - #com.intellij.ide.impl.DataManagerImpl - Vendor: Oracle Corporation 
2017-08-11 16:41:06,746 [1133721]  ERROR - #com.intellij.ide.impl.DataManagerImpl - OS: Linux 
2017-08-11 16:41:06,746 [1133721]  ERROR - #com.intellij.ide.impl.DataManagerImpl - Last Action: CPPImporter.plugin.KeepAsFeature_Action 
2017-08-11 16:41:06,746 [1133721]  ERROR - #com.intellij.ide.impl.DataManagerImpl - Current Command: Keep as Feature 
2017-08-11 16:41:06,746 [1133721]   INFO - CPPImporter.plugin.UpdatePreview - Initialize future model 
2017-08-11 16:41:06,746 [1133721]   INFO - CPPImporter.plugin.UpdatePreview - Create node mapping 
2017-08-11 16:41:06,746 [1133721]   INFO - CPPImporter.plugin.UpdatePreview - Node mapping done 
2017-08-11 16:41:06,747 [1133722]   WARN - CPPImporter.plugin.UpdatePreview - Execute intention Remove 
2017-08-11 16:41:06,747 [1133722]   WARN - CPPImporter.plugin.UpdatePreview - Execute intention Exclusive 
2017-08-11 16:41:06,747 [1133722]   WARN - CPPImporter.plugin.IntentionExecutor - true branch. indexOf node 0 
2017-08-11 16:41:06,747 [1133722]   WARN - CPPImporter.plugin.IntentionExecutor - MakeMandatory: node 0 is not in #if/#ifdef 
2017-08-11 16:41:06,747 [1133722]   WARN - CPPImporter.plugin.IntentionExecutor - Action MakeMandatory only possible if all selected nodes are within an #if/#ifdef 
2017-08-11 16:41:06,747 [1133722]  ERROR - CPPImporter.plugin.IntentionExecutor - Failed prerequiste check 
2017-08-11 16:41:06,771 [1133746]   WARN - CPPLanguage.editor.IntentionIndicatorPanel - IntentionContainer_Editor: Could not find editor cell for node TextContent 
2017-08-11 16:41:06,839 [1133814]   WARN - CPPLanguage.editor.IntentionIndicatorPanel - IntentionContainer_Editor: Could not find editor cell for node TextContent 
2017-08-11 16:41:35,148 [1162123]   INFO - CPPImporter.plugin.Export_Action - [LOG] Export to /home/group1/results/incline.c 
2017-08-11 16:41:51,803 [1178778]   WARN - CPPImporter.plugin.CommitIntentions_Action - Commit Intentions 
2017-08-11 16:41:51,811 [1178786]   INFO - CPPImporter.plugin.UpdatePreview - Initialize future model 
2017-08-11 16:41:51,812 [1178787]   INFO - CPPImporter.plugin.UpdatePreview - Create node mapping 
2017-08-11 16:41:51,812 [1178787]   INFO - CPPImporter.plugin.UpdatePreview - Node mapping done 
2017-08-11 16:41:51,812 [1178787]   WARN - CPPImporter.plugin.UpdatePreview - Execute intention Remove 
2017-08-11 16:41:51,813 [1178788]   WARN - CPPImporter.plugin.UpdatePreview - Execute intention Exclusive 
2017-08-11 16:41:51,816 [1178791]   WARN - CPPImporter.plugin.IntentionExecutor - true branch. indexOf node 0 
2017-08-11 16:41:51,820 [1178795]   WARN - CPPImporter.plugin.IntentionExecutor - MakeMandatory: node 0 is not in #if/#ifdef 
2017-08-11 16:41:51,826 [1178801]   WARN - CPPImporter.plugin.IntentionExecutor - Action MakeMandatory only possible if all selected nodes are within an #if/#ifdef 
2017-08-11 16:41:51,826 [1178801]  ERROR - CPPImporter.plugin.IntentionExecutor - Failed prerequiste check 
2017-08-11 16:42:02,162 [1189137]   INFO - CPPImporter.plugin.Export_Action - [LOG] Export to /home/group1/results/incline.c 
2017-08-11 16:42:21,906 [1208881]   INFO - jetbrains.mps.extapi.model.EditableSModelBase - Saving model Examples.Imported2 
2017-08-11 16:42:21,992 [1208967]   INFO - jetbrains.mps.smodel.MPSModuleRepository - Saving of the repository took 0.088 s 
2017-08-11 16:42:22,260 [1209235]   INFO - jetbrains.mps.plugins.PluginLoaderRegistry - Running Update Task : loaders [toLoad: 0; toUnload:1]; contributors : [toLoad: 0; toUnload:0]; Thread[AWT-EventQueue-0 3.4.4#MPS-162.2317 MPS, eap:false, os:Linux 4.10.0-30-generic, java-version:Oracle Corporation 1.8.0_131-8u131-b11-2ubuntu1.16.04.3-b11,6,main] 
2017-08-11 16:42:22,314 [1209289]   INFO - jetbrains.mps.plugins.PluginLoaderRegistry - Unloading of 145 plugins took 0.052 s 
2017-08-11 16:42:22,314 [1209289]   INFO - jetbrains.mps.project.ProjectBase - Project 'CPPLanguage' is closing 
2017-08-11 16:42:22,452 [1209427]   INFO - jetbrains.mps.classloading.ModuleUpdater - Classloading refresh took 0.043 s 
2017-08-11 16:42:22,457 [1209432]   INFO - jetbrains.mps.classloading.ModulesWatcher - 1 modules are marked as invalid roots for class loading out of 297 modules [totally in the repository] 
2017-08-11 16:42:22,465 [1209440]   INFO - jetbrains.mps.classloading.ModulesWatcher - Totally 1 modules are marked invalid for class loading 
2017-08-11 16:42:22,619 [1209594]   INFO - jetbrains.mps.classloading.ModuleUpdater - Classloading refresh took 0.073 s 
2017-08-11 16:42:22,625 [1209600]   INFO - jetbrains.mps.classloading.ModulesWatcher - 0 modules are marked as invalid roots for class loading out of 296 modules [totally in the repository] 
2017-08-11 16:42:22,626 [1209601]   INFO - jetbrains.mps.classloading.ModulesWatcher - Totally 0 modules are marked invalid for class loading 
2017-08-11 16:42:22,722 [1209697]   INFO - jetbrains.mps.classloading.ModuleUpdater - Classloading refresh took 0.051 s 
2017-08-11 16:42:22,727 [1209702]   INFO - jetbrains.mps.classloading.ModulesWatcher - 0 modules are marked as invalid roots for class loading out of 295 modules [totally in the repository] 
2017-08-11 16:42:22,729 [1209704]   INFO - jetbrains.mps.classloading.ModulesWatcher - Totally 0 modules are marked invalid for class loading 
2017-08-11 16:42:22,772 [1209747]   INFO - jetbrains.mps.library.LibraryInitializer - Removing libraries from ProjectLibraryManager 
2017-08-11 16:42:22,785 [1209760]   INFO - #org.jetbrains.io.BuiltInServer - web server stopped 
2017-08-11 16:42:22,833 [1209808]   INFO - jetbrains.mps.library.LibraryInitializer - Removing libraries from AdditionalLibrariesManager 
2017-08-11 16:42:22,871 [1209846]   INFO - jetbrains.mps.library.LibraryInitializer - Removing libraries from PluginLibraryContributor 
2017-08-11 16:42:22,871 [1209846]   INFO - jetbrains.mps.library.LibraryInitializer - Removing libraries from BootstrapLibraryContributor 
2017-08-11 16:42:22,875 [1209850]   INFO - jetbrains.mps.library.LibraryInitializer - Unloading 112 libraries 
2017-08-11 16:42:23,413 [1210388]   INFO - jetbrains.mps.library.LibraryInitializer - Library update is finished 
2017-08-11 16:42:23,439 [1210414]   INFO - jetbrains.mps.classloading.ModuleUpdater - Classloading refresh took 0.003 s 
2017-08-11 16:42:23,445 [1210420]   INFO - jetbrains.mps.classloading.ModulesWatcher - 0 modules are marked as invalid roots for class loading out of 0 modules [totally in the repository] 
2017-08-11 16:42:23,446 [1210421]   INFO - jetbrains.mps.classloading.ModulesWatcher - Totally 0 modules are marked invalid for class loading 
2017-08-11 16:42:23,501 [1210476]   INFO - #org.jetbrains.io.BuiltInServer - web server stopped 
