2017-08-21 15:28:26,855 [ 850536]   INFO - CPPImporter.plugin.UndoAllIntentions_Action - [LOG] Un-declare all intentions
2017-08-21 15:28:26,871 [ 850552]   INFO - CPPImporter.plugin.UpdatePreview - Initialize future model 
2017-08-21 15:28:26,871 [ 850552]   INFO - CPPImporter.plugin.UpdatePreview - Create node mapping 
2017-08-21 15:28:26,871 [ 850552]   INFO - CPPImporter.plugin.UpdatePreview - Node mapping done 
2017-08-21 15:28:34,682 [ 858363]   INFO - CPPImporter.plugin.Keep_Action - [LOG] Intention Keep for 1 nodes. 
2017-08-21 15:28:34,682 [ 858363]   INFO - CPPImporter.plugin.Keep_Action - [LOG] View of Keep Intention is Mainline 
2017-08-21 15:28:34,683 [ 858364]   INFO - CPPImporter.plugin.Keep_Action - Propose anti Intention for else branch 
2017-08-21 15:28:39,289 [ 862970]   INFO - CPPImporter.plugin.Keep_Action - [LOG] Add anti intention 
2017-08-21 15:28:39,295 [ 862976]   INFO - CPPImporter.plugin.Keep_Action - [LOG] Add anti intention 
2017-08-21 15:28:39,295 [ 862976]   INFO - CPPImporter.plugin.Keep_Action - Update Preview 
2017-08-21 15:28:39,295 [ 862976]   INFO - CPPImporter.plugin.UpdatePreview - Initialize future model 
2017-08-21 15:28:39,296 [ 862977]   INFO - CPPImporter.plugin.UpdatePreview - Create node mapping 
2017-08-21 15:28:39,296 [ 862977]   INFO - CPPImporter.plugin.UpdatePreview - Node mapping done 
2017-08-21 15:28:39,296 [ 862977]   WARN - CPPImporter.plugin.UpdatePreview - Execute intention Keep 
2017-08-21 15:28:39,300 [ 862981]   WARN - CPPImporter.plugin.IntentionExecutor - true branch. indexOf node 0 
2017-08-21 15:28:39,300 [ 862981]   WARN - CPPImporter.plugin.UpdatePreview - Execute intention Remove 
2017-08-21 15:28:39,302 [ 862983]   WARN - CPPImporter.plugin.UpdatePreview - Execute intention Remove 
2017-08-21 15:28:39,310 [ 862991]   WARN - CPPLanguage.editor.IntentionIndicatorPanel - IntentionContainer_Editor: Could not find editor cell for node MacroIf 
2017-08-21 15:28:39,314 [ 862995]   WARN - CPPLanguage.editor.IntentionIndicatorPanel - IntentionContainer_Editor: Could not find editor cell for node TextContent 
2017-08-21 15:28:39,411 [ 863092]   WARN - CPPLanguage.editor.IntentionIndicatorPanel - IntentionContainer_Editor: Could not find editor cell for node TextContent 
2017-08-21 15:28:59,410 [ 883091]   INFO - CPPImporter.plugin.Keep_Action - [LOG] Intention Keep for 1 nodes. 
2017-08-21 15:28:59,411 [ 883092]   INFO - CPPImporter.plugin.Keep_Action - [LOG] View of Keep Intention is Clone 
2017-08-21 15:28:59,431 [ 883112]   INFO - CPPImporter.plugin.Keep_Action - No automatic anti Intention, branch is not completly selected 
2017-08-21 15:28:59,431 [ 883112]   INFO - CPPImporter.plugin.Keep_Action - Update Preview 
2017-08-21 15:28:59,431 [ 883112]   INFO - CPPImporter.plugin.UpdatePreview - Initialize future model 
2017-08-21 15:28:59,431 [ 883112]   INFO - CPPImporter.plugin.UpdatePreview - Create node mapping 
2017-08-21 15:28:59,431 [ 883112]   INFO - CPPImporter.plugin.UpdatePreview - Node mapping done 
2017-08-21 15:28:59,432 [ 883113]   WARN - CPPImporter.plugin.UpdatePreview - Execute intention Keep 
2017-08-21 15:28:59,435 [ 883116]   WARN - CPPImporter.plugin.IntentionExecutor - true branch. indexOf node 0 
2017-08-21 15:28:59,436 [ 883117]   WARN - CPPImporter.plugin.UpdatePreview - Execute intention Keep 
2017-08-21 15:28:59,436 [ 883117]   INFO - CPPImporter.plugin.IntentionExecutor - defined(FEAT_CMDL_COMPL)isComplexCondition false 
2017-08-21 15:28:59,436 [ 883117]   WARN - CPPImporter.plugin.IntentionExecutor - else branch. indexOf node 0 
2017-08-21 15:28:59,436 [ 883117]   WARN - CPPImporter.plugin.UpdatePreview - Execute intention Remove 
2017-08-21 15:28:59,455 [ 883136]   WARN - CPPLanguage.editor.IntentionIndicatorPanel - IntentionContainer_Editor: Could not find editor cell for node MacroIf 
2017-08-21 15:28:59,456 [ 883137]   WARN - CPPLanguage.editor.IntentionIndicatorPanel - IntentionContainer_Editor: Could not find editor cell for node TextContent 
2017-08-21 15:28:59,520 [ 883201]   WARN - CPPLanguage.editor.IntentionIndicatorPanel - IntentionContainer_Editor: Could not find editor cell for node TextContent 
2017-08-21 15:29:12,447 [ 896128]   INFO - CPPImporter.plugin.Keep_Action - [LOG] Intention Keep for 1 nodes. 
2017-08-21 15:29:12,447 [ 896128]   INFO - CPPImporter.plugin.Keep_Action - [LOG] View of Keep Intention is Clone 
2017-08-21 15:29:12,447 [ 896128]   INFO - CPPImporter.plugin.Keep_Action - No automatic anti Intention, branch is not completly selected 
2017-08-21 15:29:12,448 [ 896129]   INFO - CPPImporter.plugin.Keep_Action - Update Preview 
2017-08-21 15:29:12,448 [ 896129]   INFO - CPPImporter.plugin.UpdatePreview - Initialize future model 
2017-08-21 15:29:12,476 [ 896157]   INFO - CPPImporter.plugin.UpdatePreview - Create node mapping 
2017-08-21 15:29:12,476 [ 896157]   INFO - CPPImporter.plugin.UpdatePreview - Node mapping done 
2017-08-21 15:29:12,476 [ 896157]   WARN - CPPImporter.plugin.UpdatePreview - Execute intention Keep 
2017-08-21 15:29:12,477 [ 896158]   WARN - CPPImporter.plugin.IntentionExecutor - true branch. indexOf node 0 
2017-08-21 15:29:12,478 [ 896159]   WARN - CPPImporter.plugin.UpdatePreview - Execute intention Keep 
2017-08-21 15:29:12,478 [ 896159]   INFO - CPPImporter.plugin.IntentionExecutor - defined(FEAT_CMDL_COMPL)isComplexCondition false 
2017-08-21 15:29:12,478 [ 896159]   WARN - CPPImporter.plugin.IntentionExecutor - else branch. indexOf node 0 
2017-08-21 15:29:12,478 [ 896159]   WARN - CPPImporter.plugin.UpdatePreview - Execute intention Remove 
2017-08-21 15:29:12,478 [ 896159]   WARN - CPPImporter.plugin.UpdatePreview - Execute intention Keep 
2017-08-21 15:29:12,479 [ 896160]   INFO - CPPImporter.plugin.IntentionExecutor - defined(OS2)isComplexCondition false 
2017-08-21 15:29:12,479 [ 896160]   WARN - CPPImporter.plugin.IntentionExecutor - else branch. indexOf node 0 
2017-08-21 15:29:12,483 [ 896164]   WARN - CPPLanguage.editor.IntentionIndicatorPanel - IntentionContainer_Editor: Could not find editor cell for node MacroIf 
2017-08-21 15:29:12,483 [ 896164]   WARN - CPPLanguage.editor.IntentionIndicatorPanel - IntentionContainer_Editor: Could not find editor cell for node TextContent 
2017-08-21 15:29:12,483 [ 896164]   WARN - CPPLanguage.editor.IntentionIndicatorPanel - IntentionContainer_Editor: Could not find editor cell for node MacroIf 
2017-08-21 15:29:12,551 [ 896232]   WARN - CPPLanguage.editor.IntentionIndicatorPanel - IntentionContainer_Editor: Could not find editor cell for node TextContent 
2017-08-21 15:29:37,704 [ 921385]   INFO - CPPImporter.plugin.Remove_Action - [LOG] Remove Intention for 1 nodes. 
2017-08-21 15:29:37,704 [ 921385]   INFO - CPPImporter.plugin.Remove_Action - [LOG] View of Keep Intention is Mainline 
2017-08-21 15:29:37,718 [ 921399]   INFO - CPPImporter.plugin.Remove_Action - Propose anti Intention for else branch 
2017-08-21 15:29:40,787 [ 924468]   INFO - CPPImporter.plugin.UpdatePreview - Initialize future model 
2017-08-21 15:29:40,788 [ 924469]   INFO - CPPImporter.plugin.UpdatePreview - Create node mapping 
2017-08-21 15:29:40,788 [ 924469]   INFO - CPPImporter.plugin.UpdatePreview - Node mapping done 
2017-08-21 15:29:40,788 [ 924469]   WARN - CPPImporter.plugin.UpdatePreview - Execute intention Keep 
2017-08-21 15:29:40,791 [ 924472]   WARN - CPPImporter.plugin.IntentionExecutor - true branch. indexOf node 0 
2017-08-21 15:29:40,792 [ 924473]   WARN - CPPImporter.plugin.UpdatePreview - Execute intention Keep 
2017-08-21 15:29:40,792 [ 924473]   INFO - CPPImporter.plugin.IntentionExecutor - defined(FEAT_CMDL_COMPL)isComplexCondition false 
2017-08-21 15:29:40,792 [ 924473]   WARN - CPPImporter.plugin.IntentionExecutor - else branch. indexOf node 0 
2017-08-21 15:29:40,793 [ 924474]   WARN - CPPImporter.plugin.UpdatePreview - Execute intention Remove 
2017-08-21 15:29:40,795 [ 924476]   WARN - CPPImporter.plugin.UpdatePreview - Execute intention Keep 
2017-08-21 15:29:40,797 [ 924478]   INFO - CPPImporter.plugin.IntentionExecutor - defined(OS2)isComplexCondition false 
2017-08-21 15:29:40,797 [ 924478]   WARN - CPPImporter.plugin.IntentionExecutor - else branch. indexOf node 0 
2017-08-21 15:29:40,818 [ 924499]   WARN - CPPImporter.plugin.UpdatePreview - Execute intention Remove 
2017-08-21 15:29:40,831 [ 924512]   WARN - CPPLanguage.editor.IntentionIndicatorPanel - IntentionContainer_Editor: Could not find editor cell for node MacroIf 
2017-08-21 15:29:40,832 [ 924513]   WARN - CPPLanguage.editor.IntentionIndicatorPanel - IntentionContainer_Editor: Could not find editor cell for node TextContent 
2017-08-21 15:29:40,832 [ 924513]   WARN - CPPLanguage.editor.IntentionIndicatorPanel - IntentionContainer_Editor: Could not find editor cell for node MacroIf 
2017-08-21 15:29:40,908 [ 924589]   WARN - CPPLanguage.editor.IntentionIndicatorPanel - IntentionContainer_Editor: Could not find editor cell for node TextContent 
2017-08-21 15:29:40,909 [ 924590]   WARN - CPPLanguage.editor.IntentionIndicatorPanel - IntentionContainer_Editor: Could not find editor cell for node TextContent 
2017-08-21 15:29:47,046 [ 930727]   INFO - CPPImporter.plugin.Keep_Action - [LOG] Intention Keep for 1 nodes. 
2017-08-21 15:29:47,046 [ 930727]   INFO - CPPImporter.plugin.Keep_Action - [LOG] View of Keep Intention is Clone 
2017-08-21 15:29:47,046 [ 930727]   INFO - CPPImporter.plugin.Keep_Action - No automatic anti Intention, branch is not completly selected 
2017-08-21 15:29:47,046 [ 930727]   INFO - CPPImporter.plugin.Keep_Action - Update Preview 
2017-08-21 15:29:47,046 [ 930727]   INFO - CPPImporter.plugin.UpdatePreview - Initialize future model 
2017-08-21 15:29:47,046 [ 930727]   INFO - CPPImporter.plugin.UpdatePreview - Create node mapping 
2017-08-21 15:29:47,047 [ 930728]   INFO - CPPImporter.plugin.UpdatePreview - Node mapping done 
2017-08-21 15:29:47,055 [ 930736]   WARN - CPPImporter.plugin.UpdatePreview - Execute intention Keep 
2017-08-21 15:29:47,066 [ 930747]   WARN - CPPImporter.plugin.IntentionExecutor - true branch. indexOf node 0 
2017-08-21 15:29:47,067 [ 930748]   WARN - CPPImporter.plugin.UpdatePreview - Execute intention Keep 
2017-08-21 15:29:47,067 [ 930748]   INFO - CPPImporter.plugin.IntentionExecutor - defined(FEAT_CMDL_COMPL)isComplexCondition false 
2017-08-21 15:29:47,067 [ 930748]   WARN - CPPImporter.plugin.IntentionExecutor - else branch. indexOf node 0 
2017-08-21 15:29:47,067 [ 930748]   WARN - CPPImporter.plugin.UpdatePreview - Execute intention Remove 
2017-08-21 15:29:47,068 [ 930749]   WARN - CPPImporter.plugin.UpdatePreview - Execute intention Keep 
2017-08-21 15:29:47,068 [ 930749]   INFO - CPPImporter.plugin.IntentionExecutor - defined(OS2)isComplexCondition false 
2017-08-21 15:29:47,068 [ 930749]   WARN - CPPImporter.plugin.IntentionExecutor - else branch. indexOf node 0 
2017-08-21 15:29:47,068 [ 930749]   WARN - CPPImporter.plugin.UpdatePreview - Execute intention Remove 
2017-08-21 15:29:47,068 [ 930749]   WARN - CPPImporter.plugin.UpdatePreview - Execute intention Keep 
2017-08-21 15:29:47,069 [ 930750]   WARN - CPPImporter.plugin.IntentionExecutor - MakeMandatory: node 0 is not in #if/#ifdef 
2017-08-21 15:29:47,069 [ 930750]   WARN - CPPImporter.plugin.IntentionExecutor - Action MakeMandatory only possible if all selected nodes are within an #if/#ifdef 
2017-08-21 15:29:47,069 [ 930750]  ERROR - CPPImporter.plugin.IntentionExecutor - Failed prerequiste check 
2017-08-21 15:29:47,076 [ 930757]   WARN - CPPLanguage.editor.IntentionIndicatorPanel - IntentionContainer_Editor: Could not find editor cell for node MacroIf 
2017-08-21 15:29:47,077 [ 930758]   WARN - CPPLanguage.editor.IntentionIndicatorPanel - IntentionContainer_Editor: Could not find editor cell for node TextContent 
2017-08-21 15:29:47,077 [ 930758]   WARN - CPPLanguage.editor.IntentionIndicatorPanel - IntentionContainer_Editor: Could not find editor cell for node MacroIf 
2017-08-21 15:29:47,078 [ 930759]   WARN - CPPLanguage.editor.IntentionIndicatorPanel - IntentionContainer_Editor: Could not find editor cell for node MacroIf 
2017-08-21 15:29:47,142 [ 930823]   WARN - CPPLanguage.editor.IntentionIndicatorPanel - IntentionContainer_Editor: Could not find editor cell for node TextContent 
2017-08-21 15:29:47,143 [ 930824]   WARN - CPPLanguage.editor.IntentionIndicatorPanel - IntentionContainer_Editor: Could not find editor cell for node TextContent 
2017-08-21 15:30:08,180 [ 951861]   INFO - CPPImporter.plugin.KeepAsFeature_Action - [LOG] Intention Keep As Feature for 7 nodes. 
2017-08-21 15:30:15,117 [ 958798]   INFO - CPPImporter.plugin.KeepAsFeature_Action - [LOG] View of Keep Intention is default 
2017-08-21 15:30:15,117 [ 958798]   INFO - CPPImporter.plugin.KeepAsFeature_Action - No automatic Exclusive Intention, branch is not completly selected 
2017-08-21 15:30:15,119 [ 958800]   INFO - CPPImporter.plugin.UpdatePreview - Initialize future model 
2017-08-21 15:30:15,119 [ 958800]   INFO - CPPImporter.plugin.UpdatePreview - Create node mapping 
2017-08-21 15:30:15,119 [ 958800]   INFO - CPPImporter.plugin.UpdatePreview - Node mapping done 
2017-08-21 15:30:15,122 [ 958803]   WARN - CPPImporter.plugin.UpdatePreview - Execute intention Keep 
2017-08-21 15:30:15,124 [ 958805]   WARN - CPPImporter.plugin.IntentionExecutor - true branch. indexOf node 0 
2017-08-21 15:30:15,125 [ 958806]   WARN - CPPImporter.plugin.UpdatePreview - Execute intention Keep 
2017-08-21 15:30:15,125 [ 958806]   INFO - CPPImporter.plugin.IntentionExecutor - defined(FEAT_CMDL_COMPL)isComplexCondition false 
2017-08-21 15:30:15,125 [ 958806]   WARN - CPPImporter.plugin.IntentionExecutor - else branch. indexOf node 0 
2017-08-21 15:30:15,125 [ 958806]   WARN - CPPImporter.plugin.UpdatePreview - Execute intention Remove 
2017-08-21 15:30:15,127 [ 958808]   WARN - CPPImporter.plugin.UpdatePreview - Execute intention Keep 
2017-08-21 15:30:15,127 [ 958808]   INFO - CPPImporter.plugin.IntentionExecutor - defined(OS2)isComplexCondition false 
2017-08-21 15:30:15,127 [ 958808]   WARN - CPPImporter.plugin.IntentionExecutor - else branch. indexOf node 0 
2017-08-21 15:30:15,127 [ 958808]   WARN - CPPImporter.plugin.UpdatePreview - Execute intention Remove 
2017-08-21 15:30:15,128 [ 958809]   WARN - CPPImporter.plugin.UpdatePreview - Execute intention Keep 
2017-08-21 15:30:15,128 [ 958809]   WARN - CPPImporter.plugin.IntentionExecutor - MakeMandatory: node 0 is not in #if/#ifdef 
2017-08-21 15:30:15,128 [ 958809]   WARN - CPPImporter.plugin.IntentionExecutor - Action MakeMandatory only possible if all selected nodes are within an #if/#ifdef 
2017-08-21 15:30:15,128 [ 958809]  ERROR - CPPImporter.plugin.IntentionExecutor - Failed prerequiste check 
2017-08-21 15:30:15,129 [ 958810]   WARN - CPPImporter.plugin.UpdatePreview - Execute intention KeepAsFeature 
2017-08-21 15:30:15,129 [ 958810]   WARN - CPPImporter.plugin.IntentionExecutor - else branch. indexOf node 1 
2017-08-21 15:30:15,129 [ 958810]   WARN - CPPImporter.plugin.UpdatePreview - Execute intention KeepAsFeature 
2017-08-21 15:30:15,129 [ 958810]   WARN - CPPImporter.plugin.IntentionExecutor - else branch. indexOf node 0 
2017-08-21 15:30:15,137 [ 958818]   WARN - CPPImporter.plugin.UpdatePreview - Execute intention KeepAsFeature 
2017-08-21 15:30:15,137 [ 958818]   WARN - CPPImporter.plugin.IntentionExecutor - else branch. indexOf node 0 
2017-08-21 15:30:15,155 [ 958836]   WARN - CPPImporter.plugin.UpdatePreview - Execute intention KeepAsFeature 
2017-08-21 15:30:15,156 [ 958837]   WARN - CPPImporter.plugin.IntentionExecutor - else branch. indexOf node 0 
2017-08-21 15:30:15,156 [ 958837]   WARN - CPPImporter.plugin.UpdatePreview - Execute intention KeepAsFeature 
2017-08-21 15:30:15,156 [ 958837]   WARN - CPPImporter.plugin.IntentionExecutor - else branch. indexOf node 0 
2017-08-21 15:30:15,157 [ 958838]   WARN - CPPImporter.plugin.UpdatePreview - Execute intention KeepAsFeature 
2017-08-21 15:30:15,157 [ 958838]   WARN - CPPImporter.plugin.IntentionExecutor - else branch. indexOf node 0 
2017-08-21 15:30:15,158 [ 958839]   WARN - CPPImporter.plugin.UpdatePreview - Execute intention KeepAsFeature 
2017-08-21 15:30:15,159 [ 958840]   WARN - CPPImporter.plugin.IntentionExecutor - else branch. indexOf node 0 
2017-08-21 15:30:15,183 [ 958864]   WARN - CPPLanguage.editor.IntentionIndicatorPanel - IntentionContainer_Editor: Could not find editor cell for node MacroIf 
2017-08-21 15:30:15,184 [ 958865]   WARN - CPPLanguage.editor.IntentionIndicatorPanel - IntentionContainer_Editor: Could not find editor cell for node TextContent 
2017-08-21 15:30:15,186 [ 958867]   WARN - CPPLanguage.editor.IntentionIndicatorPanel - IntentionContainer_Editor: Could not find editor cell for node MacroIf 
2017-08-21 15:30:15,187 [ 958868]   WARN - CPPLanguage.editor.IntentionIndicatorPanel - IntentionContainer_Editor: Could not find editor cell for node MacroIf 
2017-08-21 15:30:15,187 [ 958868]   WARN - CPPLanguage.editor.IntentionIndicatorPanel - IntentionContainer_Editor: Could not find editor cell for node TextContentComment 
2017-08-21 15:30:15,188 [ 958869]   WARN - CPPLanguage.editor.IntentionIndicatorPanel - IntentionContainer_Editor: Could not find editor cell for node TextContent 
2017-08-21 15:30:15,188 [ 958869]   WARN - CPPLanguage.editor.IntentionIndicatorPanel - IntentionContainer_Editor: Could not find editor cell for node TextContent 
2017-08-21 15:30:15,189 [ 958870]   WARN - CPPLanguage.editor.IntentionIndicatorPanel - IntentionContainer_Editor: Could not find editor cell for node TextContent 
2017-08-21 15:30:15,190 [ 958871]   WARN - CPPLanguage.editor.IntentionIndicatorPanel - IntentionContainer_Editor: Could not find editor cell for node TextContent 
2017-08-21 15:30:15,192 [ 958873]   WARN - CPPLanguage.editor.IntentionIndicatorPanel - IntentionContainer_Editor: Could not find editor cell for node TextContent 
2017-08-21 15:30:15,199 [ 958880]   WARN - CPPLanguage.editor.IntentionIndicatorPanel - IntentionContainer_Editor: Could not find editor cell for node TextContent 
2017-08-21 15:30:15,342 [ 959023]   WARN - CPPLanguage.editor.IntentionIndicatorPanel - IntentionContainer_Editor: Could not find editor cell for node TextContent 
2017-08-21 15:30:15,344 [ 959025]   WARN - CPPLanguage.editor.IntentionIndicatorPanel - IntentionContainer_Editor: Could not find editor cell for node TextContent 
2017-08-21 15:30:42,274 [ 985955]   INFO - CPPImporter.plugin.Keep_Action - [LOG] Intention Keep for 3 nodes. 
2017-08-21 15:30:42,274 [ 985955]   INFO - CPPImporter.plugin.Keep_Action - [LOG] View of Keep Intention is Clone 
2017-08-21 15:30:42,284 [ 985965]   INFO - CPPImporter.plugin.Keep_Action - Update Preview 
2017-08-21 15:30:42,284 [ 985965]   INFO - CPPImporter.plugin.UpdatePreview - Initialize future model 
2017-08-21 15:30:42,322 [ 986003]   INFO - CPPImporter.plugin.UpdatePreview - Create node mapping 
2017-08-21 15:30:42,322 [ 986003]   INFO - CPPImporter.plugin.UpdatePreview - Node mapping done 
2017-08-21 15:30:42,323 [ 986004]   WARN - CPPImporter.plugin.UpdatePreview - Execute intention Keep 
2017-08-21 15:30:42,324 [ 986005]   WARN - CPPImporter.plugin.IntentionExecutor - true branch. indexOf node 0 
2017-08-21 15:30:42,324 [ 986005]   WARN - CPPImporter.plugin.UpdatePreview - Execute intention Keep 
2017-08-21 15:30:42,327 [ 986008]   INFO - CPPImporter.plugin.IntentionExecutor - defined(FEAT_CMDL_COMPL)isComplexCondition false 
2017-08-21 15:30:42,327 [ 986008]   WARN - CPPImporter.plugin.IntentionExecutor - else branch. indexOf node 0 
2017-08-21 15:30:42,327 [ 986008]   WARN - CPPImporter.plugin.UpdatePreview - Execute intention Remove 
2017-08-21 15:30:42,327 [ 986008]   WARN - CPPImporter.plugin.UpdatePreview - Execute intention Keep 
2017-08-21 15:30:42,327 [ 986008]   INFO - CPPImporter.plugin.IntentionExecutor - defined(OS2)isComplexCondition false 
2017-08-21 15:30:42,327 [ 986008]   WARN - CPPImporter.plugin.IntentionExecutor - else branch. indexOf node 0 
2017-08-21 15:30:42,328 [ 986009]   WARN - CPPImporter.plugin.UpdatePreview - Execute intention Remove 
2017-08-21 15:30:42,328 [ 986009]   WARN - CPPImporter.plugin.UpdatePreview - Execute intention Keep 
2017-08-21 15:30:42,328 [ 986009]   WARN - CPPImporter.plugin.IntentionExecutor - MakeMandatory: node 0 is not in #if/#ifdef 
2017-08-21 15:30:42,328 [ 986009]   WARN - CPPImporter.plugin.IntentionExecutor - Action MakeMandatory only possible if all selected nodes are within an #if/#ifdef 
2017-08-21 15:30:42,328 [ 986009]  ERROR - CPPImporter.plugin.IntentionExecutor - Failed prerequiste check 
2017-08-21 15:30:42,328 [ 986009]   WARN - CPPImporter.plugin.UpdatePreview - Execute intention KeepAsFeature 
2017-08-21 15:30:42,328 [ 986009]   WARN - CPPImporter.plugin.IntentionExecutor - else branch. indexOf node 1 
2017-08-21 15:30:42,340 [ 986021]   WARN - CPPImporter.plugin.UpdatePreview - Execute intention KeepAsFeature 
2017-08-21 15:30:42,341 [ 986022]   WARN - CPPImporter.plugin.IntentionExecutor - else branch. indexOf node 0 
2017-08-21 15:30:42,341 [ 986022]   WARN - CPPImporter.plugin.UpdatePreview - Execute intention KeepAsFeature 
2017-08-21 15:30:42,341 [ 986022]   WARN - CPPImporter.plugin.IntentionExecutor - else branch. indexOf node 0 
2017-08-21 15:30:42,342 [ 986023]   WARN - CPPImporter.plugin.UpdatePreview - Execute intention KeepAsFeature 
2017-08-21 15:30:42,342 [ 986023]   WARN - CPPImporter.plugin.IntentionExecutor - else branch. indexOf node 0 
2017-08-21 15:30:42,342 [ 986023]   WARN - CPPImporter.plugin.UpdatePreview - Execute intention KeepAsFeature 
2017-08-21 15:30:42,343 [ 986024]   WARN - CPPImporter.plugin.IntentionExecutor - else branch. indexOf node 0 
2017-08-21 15:30:42,343 [ 986024]   WARN - CPPImporter.plugin.UpdatePreview - Execute intention KeepAsFeature 
2017-08-21 15:30:42,343 [ 986024]   WARN - CPPImporter.plugin.IntentionExecutor - else branch. indexOf node 0 
2017-08-21 15:30:42,344 [ 986025]   WARN - CPPImporter.plugin.UpdatePreview - Execute intention KeepAsFeature 
2017-08-21 15:30:42,344 [ 986025]   WARN - CPPImporter.plugin.IntentionExecutor - else branch. indexOf node 0 
2017-08-21 15:30:42,345 [ 986026]   WARN - CPPImporter.plugin.UpdatePreview - Execute intention Keep 
2017-08-21 15:30:42,345 [ 986026]   INFO - CPPImporter.plugin.IntentionExecutor - defined(FEAT_CMDL_COMPL)isComplexCondition false 
2017-08-21 15:30:42,345 [ 986026]   WARN - CPPImporter.plugin.IntentionExecutor - true branch. indexOf node 0 
2017-08-21 15:30:42,345 [ 986026]   WARN - CPPImporter.plugin.UpdatePreview - Execute intention Keep 
2017-08-21 15:30:42,345 [ 986026]   INFO - CPPImporter.plugin.IntentionExecutor - defined(FEAT_CMDHIST)isComplexCondition false 
2017-08-21 15:30:42,345 [ 986026]   WARN - CPPImporter.plugin.IntentionExecutor - true branch. indexOf node 0 
2017-08-21 15:30:42,346 [ 986027]   WARN - CPPImporter.plugin.UpdatePreview - Execute intention Keep 
2017-08-21 15:30:42,346 [ 986027]   WARN - CPPImporter.plugin.IntentionExecutor - true branch. indexOf node 0 
2017-08-21 15:30:42,350 [ 986031]   WARN - CPPLanguage.editor.IntentionIndicatorPanel - IntentionContainer_Editor: Could not find editor cell for node MacroIf 
2017-08-21 15:30:42,350 [ 986031]   WARN - CPPLanguage.editor.IntentionIndicatorPanel - IntentionContainer_Editor: Could not find editor cell for node TextContent 
2017-08-21 15:30:42,351 [ 986032]   WARN - CPPLanguage.editor.IntentionIndicatorPanel - IntentionContainer_Editor: Could not find editor cell for node MacroIf 
2017-08-21 15:30:42,351 [ 986032]   WARN - CPPLanguage.editor.IntentionIndicatorPanel - IntentionContainer_Editor: Could not find editor cell for node MacroIf 
2017-08-21 15:30:42,351 [ 986032]   WARN - CPPLanguage.editor.IntentionIndicatorPanel - IntentionContainer_Editor: Could not find editor cell for node TextContentComment 
2017-08-21 15:30:42,351 [ 986032]   WARN - CPPLanguage.editor.IntentionIndicatorPanel - IntentionContainer_Editor: Could not find editor cell for node TextContent 
2017-08-21 15:30:42,352 [ 986033]   WARN - CPPLanguage.editor.IntentionIndicatorPanel - IntentionContainer_Editor: Could not find editor cell for node TextContent 
2017-08-21 15:30:42,375 [ 986056]   WARN - CPPLanguage.editor.IntentionIndicatorPanel - IntentionContainer_Editor: Could not find editor cell for node TextContent 
2017-08-21 15:30:42,375 [ 986056]   WARN - CPPLanguage.editor.IntentionIndicatorPanel - IntentionContainer_Editor: Could not find editor cell for node TextContent 
2017-08-21 15:30:42,375 [ 986056]   WARN - CPPLanguage.editor.IntentionIndicatorPanel - IntentionContainer_Editor: Could not find editor cell for node TextContent 
2017-08-21 15:30:42,375 [ 986056]   WARN - CPPLanguage.editor.IntentionIndicatorPanel - IntentionContainer_Editor: Could not find editor cell for node TextContent 
2017-08-21 15:30:42,376 [ 986057]   WARN - CPPLanguage.editor.IntentionIndicatorPanel - IntentionContainer_Editor: Could not find editor cell for node MacroIf 
2017-08-21 15:30:42,376 [ 986057]   WARN - CPPLanguage.editor.IntentionIndicatorPanel - IntentionContainer_Editor: Could not find editor cell for node MacroIf 
2017-08-21 15:30:42,376 [ 986057]   WARN - CPPLanguage.editor.IntentionIndicatorPanel - IntentionContainer_Editor: Could not find editor cell for node TextContent 
2017-08-21 15:30:42,488 [ 986169]   WARN - CPPLanguage.editor.IntentionIndicatorPanel - IntentionContainer_Editor: Could not find editor cell for node TextContent 
2017-08-21 15:30:42,488 [ 986169]   WARN - CPPLanguage.editor.IntentionIndicatorPanel - IntentionContainer_Editor: Could not find editor cell for node TextContent 
2017-08-21 15:31:26,865 [1030546]   INFO - CPPImporter.plugin.Remove_Action - [LOG] Remove Intention for 1 nodes. 
2017-08-21 15:31:26,865 [1030546]   INFO - CPPImporter.plugin.Remove_Action - [LOG] View of Keep Intention is Mainline 
2017-08-21 15:31:26,865 [1030546]   INFO - CPPImporter.plugin.UpdatePreview - Initialize future model 
2017-08-21 15:31:26,865 [1030546]   INFO - CPPImporter.plugin.UpdatePreview - Create node mapping 
2017-08-21 15:31:26,865 [1030546]   INFO - CPPImporter.plugin.UpdatePreview - Node mapping done 
2017-08-21 15:31:26,866 [1030547]   WARN - CPPImporter.plugin.UpdatePreview - Execute intention Keep 
2017-08-21 15:31:26,866 [1030547]   WARN - CPPImporter.plugin.IntentionExecutor - true branch. indexOf node 0 
2017-08-21 15:31:26,866 [1030547]   WARN - CPPImporter.plugin.UpdatePreview - Execute intention Keep 
2017-08-21 15:31:26,867 [1030548]   INFO - CPPImporter.plugin.IntentionExecutor - defined(FEAT_CMDL_COMPL)isComplexCondition false 
2017-08-21 15:31:26,867 [1030548]   WARN - CPPImporter.plugin.IntentionExecutor - else branch. indexOf node 0 
2017-08-21 15:31:26,867 [1030548]   WARN - CPPImporter.plugin.UpdatePreview - Execute intention Remove 
2017-08-21 15:31:26,867 [1030548]   WARN - CPPImporter.plugin.UpdatePreview - Execute intention Keep 
2017-08-21 15:31:26,867 [1030548]   INFO - CPPImporter.plugin.IntentionExecutor - defined(OS2)isComplexCondition false 
2017-08-21 15:31:26,867 [1030548]   WARN - CPPImporter.plugin.IntentionExecutor - else branch. indexOf node 0 
2017-08-21 15:31:26,868 [1030549]   WARN - CPPImporter.plugin.UpdatePreview - Execute intention Remove 
2017-08-21 15:31:26,868 [1030549]   WARN - CPPImporter.plugin.UpdatePreview - Execute intention Keep 
2017-08-21 15:31:26,868 [1030549]   WARN - CPPImporter.plugin.IntentionExecutor - MakeMandatory: node 0 is not in #if/#ifdef 
2017-08-21 15:31:26,868 [1030549]   WARN - CPPImporter.plugin.IntentionExecutor - Action MakeMandatory only possible if all selected nodes are within an #if/#ifdef 
2017-08-21 15:31:26,868 [1030549]  ERROR - CPPImporter.plugin.IntentionExecutor - Failed prerequiste check 
2017-08-21 15:31:26,868 [1030549]   WARN - CPPImporter.plugin.UpdatePreview - Execute intention KeepAsFeature 
2017-08-21 15:31:26,869 [1030550]   WARN - CPPImporter.plugin.IntentionExecutor - else branch. indexOf node 1 
2017-08-21 15:31:26,869 [1030550]   WARN - CPPImporter.plugin.UpdatePreview - Execute intention KeepAsFeature 
2017-08-21 15:31:26,869 [1030550]   WARN - CPPImporter.plugin.IntentionExecutor - else branch. indexOf node 0 
2017-08-21 15:31:26,870 [1030551]   WARN - CPPImporter.plugin.UpdatePreview - Execute intention KeepAsFeature 
2017-08-21 15:31:26,870 [1030551]   WARN - CPPImporter.plugin.IntentionExecutor - else branch. indexOf node 0 
2017-08-21 15:31:26,870 [1030551]   WARN - CPPImporter.plugin.UpdatePreview - Execute intention KeepAsFeature 
2017-08-21 15:31:26,871 [1030552]   WARN - CPPImporter.plugin.IntentionExecutor - else branch. indexOf node 0 
2017-08-21 15:31:26,874 [1030555]   WARN - CPPImporter.plugin.UpdatePreview - Execute intention KeepAsFeature 
2017-08-21 15:31:26,874 [1030555]   WARN - CPPImporter.plugin.IntentionExecutor - else branch. indexOf node 0 
2017-08-21 15:31:26,875 [1030556]   WARN - CPPImporter.plugin.UpdatePreview - Execute intention KeepAsFeature 
2017-08-21 15:31:26,875 [1030556]   WARN - CPPImporter.plugin.IntentionExecutor - else branch. indexOf node 0 
2017-08-21 15:31:26,876 [1030557]   WARN - CPPImporter.plugin.UpdatePreview - Execute intention KeepAsFeature 
2017-08-21 15:31:26,876 [1030557]   WARN - CPPImporter.plugin.IntentionExecutor - else branch. indexOf node 0 
2017-08-21 15:31:26,877 [1030558]   WARN - CPPImporter.plugin.UpdatePreview - Execute intention Keep 
2017-08-21 15:31:26,877 [1030558]   INFO - CPPImporter.plugin.IntentionExecutor - defined(FEAT_CMDL_COMPL)isComplexCondition false 
2017-08-21 15:31:26,877 [1030558]   WARN - CPPImporter.plugin.IntentionExecutor - true branch. indexOf node 0 
2017-08-21 15:31:26,877 [1030558]   WARN - CPPImporter.plugin.UpdatePreview - Execute intention Keep 
2017-08-21 15:31:26,884 [1030565]   INFO - CPPImporter.plugin.IntentionExecutor - defined(FEAT_CMDHIST)isComplexCondition false 
2017-08-21 15:31:26,884 [1030565]   WARN - CPPImporter.plugin.IntentionExecutor - true branch. indexOf node 0 
2017-08-21 15:31:26,885 [1030566]   WARN - CPPImporter.plugin.UpdatePreview - Execute intention Keep 
2017-08-21 15:31:26,887 [1030568]   WARN - CPPImporter.plugin.IntentionExecutor - true branch. indexOf node 0 
2017-08-21 15:31:26,887 [1030568]   WARN - CPPImporter.plugin.UpdatePreview - Execute intention Remove 
2017-08-21 15:31:26,907 [1030588]   WARN - CPPLanguage.editor.IntentionIndicatorPanel - IntentionContainer_Editor: Could not find editor cell for node MacroIf 
2017-08-21 15:31:26,907 [1030588]   WARN - CPPLanguage.editor.IntentionIndicatorPanel - IntentionContainer_Editor: Could not find editor cell for node TextContent 
2017-08-21 15:31:26,908 [1030589]   WARN - CPPLanguage.editor.IntentionIndicatorPanel - IntentionContainer_Editor: Could not find editor cell for node MacroIf 
2017-08-21 15:31:26,908 [1030589]   WARN - CPPLanguage.editor.IntentionIndicatorPanel - IntentionContainer_Editor: Could not find editor cell for node MacroIf 
2017-08-21 15:31:26,908 [1030589]   WARN - CPPLanguage.editor.IntentionIndicatorPanel - IntentionContainer_Editor: Could not find editor cell for node TextContentComment 
2017-08-21 15:31:26,908 [1030589]   WARN - CPPLanguage.editor.IntentionIndicatorPanel - IntentionContainer_Editor: Could not find editor cell for node TextContent 
2017-08-21 15:31:26,909 [1030590]   WARN - CPPLanguage.editor.IntentionIndicatorPanel - IntentionContainer_Editor: Could not find editor cell for node TextContent 
2017-08-21 15:31:26,909 [1030590]   WARN - CPPLanguage.editor.IntentionIndicatorPanel - IntentionContainer_Editor: Could not find editor cell for node TextContent 
2017-08-21 15:31:26,909 [1030590]   WARN - CPPLanguage.editor.IntentionIndicatorPanel - IntentionContainer_Editor: Could not find editor cell for node TextContent 
2017-08-21 15:31:26,909 [1030590]   WARN - CPPLanguage.editor.IntentionIndicatorPanel - IntentionContainer_Editor: Could not find editor cell for node TextContent 
2017-08-21 15:31:26,909 [1030590]   WARN - CPPLanguage.editor.IntentionIndicatorPanel - IntentionContainer_Editor: Could not find editor cell for node TextContent 
2017-08-21 15:31:26,910 [1030591]   WARN - CPPLanguage.editor.IntentionIndicatorPanel - IntentionContainer_Editor: Could not find editor cell for node MacroIf 
2017-08-21 15:31:26,910 [1030591]   WARN - CPPLanguage.editor.IntentionIndicatorPanel - IntentionContainer_Editor: Could not find editor cell for node MacroIf 
2017-08-21 15:31:26,910 [1030591]   WARN - CPPLanguage.editor.IntentionIndicatorPanel - IntentionContainer_Editor: Could not find editor cell for node TextContent 
2017-08-21 15:31:26,956 [1030637]   WARN - CPPLanguage.editor.IntentionIndicatorPanel - IntentionContainer_Editor: Could not find editor cell for node TextContent 
2017-08-21 15:31:26,956 [1030637]   WARN - CPPLanguage.editor.IntentionIndicatorPanel - IntentionContainer_Editor: Could not find editor cell for node TextContent 
2017-08-21 15:33:11,382 [1135063]   WARN - CPPImporter.plugin.CommitIntentions_Action - Commit Intentions 
2017-08-21 15:33:11,384 [1135065]   INFO - CPPImporter.plugin.UpdatePreview - Initialize future model 
2017-08-21 15:33:11,384 [1135065]   INFO - CPPImporter.plugin.UpdatePreview - Create node mapping 
2017-08-21 15:33:11,384 [1135065]   INFO - CPPImporter.plugin.UpdatePreview - Node mapping done 
2017-08-21 15:33:11,385 [1135066]   WARN - CPPImporter.plugin.UpdatePreview - Execute intention Keep 
2017-08-21 15:33:11,394 [1135075]   WARN - CPPImporter.plugin.IntentionExecutor - true branch. indexOf node 0 
2017-08-21 15:33:11,400 [1135081]   WARN - CPPImporter.plugin.UpdatePreview - Execute intention Keep 
2017-08-21 15:33:11,400 [1135081]   INFO - CPPImporter.plugin.IntentionExecutor - defined(FEAT_CMDL_COMPL)isComplexCondition false 
2017-08-21 15:33:11,401 [1135082]   WARN - CPPImporter.plugin.IntentionExecutor - else branch. indexOf node 0 
2017-08-21 15:33:11,405 [1135086]   WARN - CPPImporter.plugin.UpdatePreview - Execute intention Remove 
2017-08-21 15:33:11,421 [1135102]   WARN - CPPImporter.plugin.UpdatePreview - Execute intention Keep 
2017-08-21 15:33:11,421 [1135102]   INFO - CPPImporter.plugin.IntentionExecutor - defined(OS2)isComplexCondition false 
2017-08-21 15:33:11,421 [1135102]   WARN - CPPImporter.plugin.IntentionExecutor - else branch. indexOf node 0 
2017-08-21 15:33:11,422 [1135103]   WARN - CPPImporter.plugin.UpdatePreview - Execute intention Remove 
2017-08-21 15:33:11,422 [1135103]   WARN - CPPImporter.plugin.UpdatePreview - Execute intention Keep 
2017-08-21 15:33:11,422 [1135103]   WARN - CPPImporter.plugin.IntentionExecutor - MakeMandatory: node 0 is not in #if/#ifdef 
2017-08-21 15:33:11,422 [1135103]   WARN - CPPImporter.plugin.IntentionExecutor - Action MakeMandatory only possible if all selected nodes are within an #if/#ifdef 
2017-08-21 15:33:11,423 [1135104]  ERROR - CPPImporter.plugin.IntentionExecutor - Failed prerequiste check 
2017-08-21 15:33:11,423 [1135104]   WARN - CPPImporter.plugin.UpdatePreview - Execute intention KeepAsFeature 
2017-08-21 15:33:11,423 [1135104]   WARN - CPPImporter.plugin.IntentionExecutor - else branch. indexOf node 1 
2017-08-21 15:33:11,444 [1135125]   WARN - CPPImporter.plugin.UpdatePreview - Execute intention KeepAsFeature 
2017-08-21 15:33:11,446 [1135127]   WARN - CPPImporter.plugin.IntentionExecutor - else branch. indexOf node 0 
2017-08-21 15:33:11,447 [1135128]   WARN - CPPImporter.plugin.UpdatePreview - Execute intention KeepAsFeature 
2017-08-21 15:33:11,447 [1135128]   WARN - CPPImporter.plugin.IntentionExecutor - else branch. indexOf node 0 
2017-08-21 15:33:11,450 [1135131]   WARN - CPPImporter.plugin.UpdatePreview - Execute intention KeepAsFeature 
2017-08-21 15:33:11,450 [1135131]   WARN - CPPImporter.plugin.IntentionExecutor - else branch. indexOf node 0 
2017-08-21 15:33:11,450 [1135131]   WARN - CPPImporter.plugin.UpdatePreview - Execute intention KeepAsFeature 
2017-08-21 15:33:11,450 [1135131]   WARN - CPPImporter.plugin.IntentionExecutor - else branch. indexOf node 0 
2017-08-21 15:33:11,450 [1135131]   WARN - CPPImporter.plugin.UpdatePreview - Execute intention KeepAsFeature 
2017-08-21 15:33:11,450 [1135131]   WARN - CPPImporter.plugin.IntentionExecutor - else branch. indexOf node 0 
2017-08-21 15:33:11,451 [1135132]   WARN - CPPImporter.plugin.UpdatePreview - Execute intention KeepAsFeature 
2017-08-21 15:33:11,451 [1135132]   WARN - CPPImporter.plugin.IntentionExecutor - else branch. indexOf node 0 
2017-08-21 15:33:11,451 [1135132]   WARN - CPPImporter.plugin.UpdatePreview - Execute intention Keep 
2017-08-21 15:33:11,451 [1135132]   INFO - CPPImporter.plugin.IntentionExecutor - defined(FEAT_CMDL_COMPL)isComplexCondition false 
2017-08-21 15:33:11,451 [1135132]   WARN - CPPImporter.plugin.IntentionExecutor - true branch. indexOf node 0 
2017-08-21 15:33:11,451 [1135132]   WARN - CPPImporter.plugin.UpdatePreview - Execute intention Keep 
2017-08-21 15:33:11,451 [1135132]   INFO - CPPImporter.plugin.IntentionExecutor - defined(FEAT_CMDHIST)isComplexCondition false 
2017-08-21 15:33:11,451 [1135132]   WARN - CPPImporter.plugin.IntentionExecutor - true branch. indexOf node 0 
2017-08-21 15:33:11,451 [1135132]   WARN - CPPImporter.plugin.UpdatePreview - Execute intention Keep 
2017-08-21 15:33:11,451 [1135132]   WARN - CPPImporter.plugin.IntentionExecutor - true branch. indexOf node 0 
2017-08-21 15:33:11,451 [1135132]   WARN - CPPImporter.plugin.UpdatePreview - Execute intention Remove 
2017-08-21 15:33:55,062 [1178743]   INFO - CPPImporter.plugin.Export_Action - [LOG] Export to /home/group2/results/incline.c 
2017-08-21 15:34:03,961 [1187642]   INFO - jetbrains.mps.extapi.model.EditableSModelBase - Saving model Examples.Imported2 
2017-08-21 15:34:04,043 [1187724]   INFO - jetbrains.mps.smodel.MPSModuleRepository - Saving of the repository took 0.093 s 
2017-08-21 15:34:04,588 [1188269]   INFO - jetbrains.mps.plugins.PluginLoaderRegistry - Running Update Task : loaders [toLoad: 0; toUnload:1]; contributors : [toLoad: 0; toUnload:0]; Thread[AWT-EventQueue-0 3.4.4#MPS-162.2317 MPS, eap:false, os:Linux 4.10.0-32-generic, java-version:Oracle Corporation 1.8.0_131-8u131-b11-2ubuntu1.16.04.3-b11,6,main] 
2017-08-21 15:34:04,626 [1188307]   INFO - jetbrains.mps.plugins.PluginLoaderRegistry - Unloading of 145 plugins took 0.035 s 
2017-08-21 15:34:04,627 [1188308]   INFO - jetbrains.mps.project.ProjectBase - Project 'CPPLanguage' is closing 
2017-08-21 15:34:04,764 [1188445]   INFO - jetbrains.mps.classloading.ModuleUpdater - Classloading refresh took 0.039 s 
2017-08-21 15:34:04,769 [1188450]   INFO - jetbrains.mps.classloading.ModulesWatcher - 1 modules are marked as invalid roots for class loading out of 297 modules [totally in the repository] 
2017-08-21 15:34:04,769 [1188450]   INFO - jetbrains.mps.classloading.ModulesWatcher - Totally 1 modules are marked invalid for class loading 
2017-08-21 15:34:04,948 [1188629]   INFO - jetbrains.mps.classloading.ModuleUpdater - Classloading refresh took 0.071 s 
2017-08-21 15:34:04,953 [1188634]   INFO - jetbrains.mps.classloading.ModulesWatcher - 0 modules are marked as invalid roots for class loading out of 296 modules [totally in the repository] 
2017-08-21 15:34:04,953 [1188634]   INFO - jetbrains.mps.classloading.ModulesWatcher - Totally 0 modules are marked invalid for class loading 
2017-08-21 15:34:05,067 [1188748]   INFO - jetbrains.mps.classloading.ModuleUpdater - Classloading refresh took 0.047 s 
2017-08-21 15:34:05,077 [1188758]   INFO - jetbrains.mps.classloading.ModulesWatcher - 0 modules are marked as invalid roots for class loading out of 295 modules [totally in the repository] 
2017-08-21 15:34:05,077 [1188758]   INFO - jetbrains.mps.classloading.ModulesWatcher - Totally 0 modules are marked invalid for class loading 
2017-08-21 15:34:05,118 [1188799]   INFO - jetbrains.mps.library.LibraryInitializer - Removing libraries from ProjectLibraryManager 
2017-08-21 15:34:05,138 [1188819]   INFO - #org.jetbrains.io.BuiltInServer - web server stopped 
2017-08-21 15:34:05,194 [1188875]   INFO - jetbrains.mps.library.LibraryInitializer - Removing libraries from AdditionalLibrariesManager 
2017-08-21 15:34:05,214 [1188895]   INFO - jetbrains.mps.library.LibraryInitializer - Removing libraries from PluginLibraryContributor 
2017-08-21 15:34:05,214 [1188895]   INFO - jetbrains.mps.library.LibraryInitializer - Removing libraries from BootstrapLibraryContributor 
2017-08-21 15:34:05,215 [1188896]   INFO - jetbrains.mps.library.LibraryInitializer - Unloading 112 libraries 
2017-08-21 15:34:05,752 [1189433]   INFO - jetbrains.mps.library.LibraryInitializer - Library update is finished 
2017-08-21 15:34:05,780 [1189461]   INFO - jetbrains.mps.classloading.ModuleUpdater - Classloading refresh took 0.003 s 
2017-08-21 15:34:05,803 [1189484]   INFO - jetbrains.mps.classloading.ModulesWatcher - 0 modules are marked as invalid roots for class loading out of 0 modules [totally in the repository] 
2017-08-21 15:34:05,803 [1189484]   INFO - jetbrains.mps.classloading.ModulesWatcher - Totally 0 modules are marked invalid for class loading 
2017-08-21 15:34:05,896 [1189577]   INFO - #org.jetbrains.io.BuiltInServer - web server stopped 
