
2017-05-15 17:42:53,871 [1520581]   INFO - CPPImporter.plugin.ArrangeViews_Action - [LOG] Arrange Views
2017-05-15 17:43:39,679 [1566389]   INFO - CPPImporter.plugin.Keep_Action - [LOG] Intention Keep for 1 nodes. 
2017-05-15 17:43:39,691 [1566401]   INFO - CPPImporter.plugin.Keep_Action - [LOG] View of Keep Intention is Mainline 
2017-05-15 17:43:39,697 [1566407]   INFO - CPPImporter.plugin.Keep_Action - Propose anti Intention for else branch 
2017-05-15 17:43:41,901 [1568611]   INFO - CPPImporter.plugin.Keep_Action - [LOG] Add anti intention 
2017-05-15 17:43:41,902 [1568612]   INFO - CPPImporter.plugin.Keep_Action - [LOG] Add anti intention 
2017-05-15 17:43:41,908 [1568618]   INFO - CPPImporter.plugin.Keep_Action - Update Preview 
2017-05-15 17:43:41,908 [1568618]   INFO - CPPImporter.plugin.UpdatePreview - Initialize future model 
2017-05-15 17:43:41,908 [1568618]   INFO - CPPImporter.plugin.UpdatePreview - Create node mapping 
2017-05-15 17:43:41,909 [1568619]   INFO - CPPImporter.plugin.UpdatePreview - Node mapping done 
2017-05-15 17:43:41,909 [1568619]   WARN - CPPImporter.plugin.UpdatePreview - Execute intention Keep 
2017-05-15 17:43:41,910 [1568620]   WARN - CPPImporter.plugin.IntentionExecutor - indexOf node 0 
2017-05-15 17:43:41,912 [1568622]   WARN - CPPImporter.plugin.UpdatePreview - Execute intention Remove 
2017-05-15 17:43:41,913 [1568623]   WARN - CPPImporter.plugin.UpdatePreview - Execute intention Remove 
2017-05-15 17:43:41,949 [1568659]   WARN - CPPLanguage.editor.IntentionContainer_Editor - Show 3 intentions. 
2017-05-15 17:44:27,013 [1613723]   INFO - CPPImporter.plugin.Keep_Action - [LOG] Intention Keep for 1 nodes. 
2017-05-15 17:44:27,016 [1613726]   INFO - CPPImporter.plugin.Keep_Action - [LOG] View of Keep Intention is Clone 
2017-05-15 17:44:27,016 [1613726]   INFO - CPPImporter.plugin.Keep_Action - No automatic anti Intention, branch is not completly selected 
2017-05-15 17:44:27,016 [1613726]   INFO - CPPImporter.plugin.Keep_Action - Update Preview 
2017-05-15 17:44:27,016 [1613726]   INFO - CPPImporter.plugin.UpdatePreview - Initialize future model 
2017-05-15 17:44:27,017 [1613727]   INFO - CPPImporter.plugin.UpdatePreview - Create node mapping 
2017-05-15 17:44:27,017 [1613727]   INFO - CPPImporter.plugin.UpdatePreview - Node mapping done 
2017-05-15 17:44:27,017 [1613727]   WARN - CPPImporter.plugin.UpdatePreview - Execute intention Keep 
2017-05-15 17:44:27,017 [1613727]   WARN - CPPImporter.plugin.IntentionExecutor - indexOf node 0 
2017-05-15 17:44:27,022 [1613732]   WARN - CPPImporter.plugin.UpdatePreview - Execute intention Remove 
2017-05-15 17:44:27,032 [1613742]   WARN - CPPImporter.plugin.UpdatePreview - Execute intention Keep 
2017-05-15 17:44:27,034 [1613744]   INFO - CPPImporter.plugin.IntentionExecutor - defined(FEAT_CMDL_COMPL)isComplexCondition false 
2017-05-15 17:44:27,034 [1613744]   WARN - CPPImporter.plugin.IntentionExecutor - MakeMandatory: node 0 is not in #if/#ifdef 
2017-05-15 17:44:27,038 [1613748]   WARN - CPPImporter.plugin.IntentionExecutor - Action MakeMandatory only possible if all selected nodes are within an #if/#ifdef 
2017-05-15 17:44:27,044 [1613754]  ERROR - CPPImporter.plugin.IntentionExecutor - Failed prerequiste check 
2017-05-15 17:44:27,044 [1613754]   WARN - CPPImporter.plugin.UpdatePreview - Execute intention Remove 
2017-05-15 17:44:27,078 [1613788]   WARN - CPPLanguage.editor.IntentionContainer_Editor - Show 4 intentions. 
2017-05-15 17:44:45,688 [1632398]   INFO - CPPImporter.plugin.KeepAsFeature_Action - [LOG] Intention Keep As Feature for 1 nodes. 
2017-05-15 17:45:25,857 [1672567]   INFO - CPPImporter.plugin.UndoIntention_Action - [LOG] Un-declare an intention 
2017-05-15 17:45:25,858 [1672568]   INFO - CPPImporter.plugin.UndoIntention_Action - [LOG] Undeclare Remove of view Mainline 
2017-05-15 17:45:25,858 [1672568]   INFO - CPPImporter.plugin.UndoIntention_Action - [LOG] Undeclare Keep of view Clone 
2017-05-15 17:45:25,859 [1672569]   INFO - CPPImporter.plugin.UpdatePreview - Initialize future model 
2017-05-15 17:45:25,859 [1672569]   INFO - CPPImporter.plugin.UpdatePreview - Create node mapping 
2017-05-15 17:45:25,859 [1672569]   INFO - CPPImporter.plugin.UpdatePreview - Node mapping done 
2017-05-15 17:45:25,866 [1672576]   WARN - CPPImporter.plugin.UpdatePreview - Execute intention Keep 
2017-05-15 17:45:25,867 [1672577]   WARN - CPPImporter.plugin.IntentionExecutor - indexOf node 0 
2017-05-15 17:45:25,868 [1672578]   WARN - CPPImporter.plugin.UpdatePreview - Execute intention Remove 
2017-05-15 17:45:25,917 [1672627]   WARN - CPPLanguage.editor.IntentionContainer_Editor - Show 2 intentions. 
2017-05-15 17:45:35,725 [1682435]   INFO - CPPImporter.plugin.Keep_Action - [LOG] Intention Keep for 1 nodes. 
2017-05-15 17:45:35,725 [1682435]   INFO - CPPImporter.plugin.Keep_Action - [LOG] View of Keep Intention is default 
2017-05-15 17:45:35,725 [1682435]   INFO - CPPImporter.plugin.Keep_Action - No automatic anti Intention, branch is not completly selected 
2017-05-15 17:45:35,726 [1682436]   INFO - CPPImporter.plugin.Keep_Action - Update Preview 
2017-05-15 17:45:35,726 [1682436]   INFO - CPPImporter.plugin.UpdatePreview - Initialize future model 
2017-05-15 17:45:35,726 [1682436]   INFO - CPPImporter.plugin.UpdatePreview - Create node mapping 
2017-05-15 17:45:35,726 [1682436]   INFO - CPPImporter.plugin.UpdatePreview - Node mapping done 
2017-05-15 17:45:35,726 [1682436]   WARN - CPPImporter.plugin.UpdatePreview - Execute intention Keep 
2017-05-15 17:45:35,762 [1682472]   WARN - CPPImporter.plugin.IntentionExecutor - indexOf node 0 
2017-05-15 17:45:35,762 [1682472]   WARN - CPPImporter.plugin.UpdatePreview - Execute intention Keep 
2017-05-15 17:45:35,762 [1682472]   WARN - CPPImporter.plugin.IntentionExecutor - indexOf node 0 
2017-05-15 17:45:35,763 [1682473]   WARN - CPPImporter.plugin.UpdatePreview - Execute intention Remove 
2017-05-15 17:45:35,849 [1682559]   WARN - CPPLanguage.editor.IntentionContainer_Editor - Show 3 intentions. 
2017-05-15 17:46:44,193 [1750903]   INFO - CPPImporter.plugin.Keep_Action - [LOG] Intention Keep for 1 nodes. 
2017-05-15 17:46:44,194 [1750904]   INFO - CPPImporter.plugin.Keep_Action - [LOG] View of Keep Intention is Clone 
2017-05-15 17:46:44,196 [1750906]   INFO - CPPImporter.plugin.Keep_Action - No automatic anti Intention, branch is not completly selected 
2017-05-15 17:46:44,196 [1750906]   INFO - CPPImporter.plugin.Keep_Action - Update Preview 
2017-05-15 17:46:44,196 [1750906]   INFO - CPPImporter.plugin.UpdatePreview - Initialize future model 
2017-05-15 17:46:44,214 [1750924]   INFO - CPPImporter.plugin.UpdatePreview - Create node mapping 
2017-05-15 17:46:44,214 [1750924]   INFO - CPPImporter.plugin.UpdatePreview - Node mapping done 
2017-05-15 17:46:44,215 [1750925]   WARN - CPPImporter.plugin.UpdatePreview - Execute intention Keep 
2017-05-15 17:46:44,216 [1750926]   WARN - CPPImporter.plugin.IntentionExecutor - indexOf node 0 
2017-05-15 17:46:44,219 [1750929]   WARN - CPPImporter.plugin.UpdatePreview - Execute intention Keep 
2017-05-15 17:46:44,222 [1750932]   WARN - CPPImporter.plugin.IntentionExecutor - indexOf node 0 
2017-05-15 17:46:44,224 [1750934]   WARN - CPPImporter.plugin.UpdatePreview - Execute intention Remove 
2017-05-15 17:46:44,227 [1750937]   WARN - CPPImporter.plugin.UpdatePreview - Execute intention Keep 
2017-05-15 17:46:44,247 [1750957]   INFO - CPPImporter.plugin.IntentionExecutor - defined(OS2)isComplexCondition false 
2017-05-15 17:46:44,247 [1750957]   WARN - CPPImporter.plugin.IntentionExecutor - indexOf node 0 
2017-05-15 17:46:44,259 [1750969]   WARN - CPPLanguage.editor.IntentionContainer_Editor - Show 4 intentions. 
2017-05-15 17:47:13,543 [1780253]   INFO - CPPImporter.plugin.Remove_Action - [LOG] Remove Intention for 1 nodes. 
2017-05-15 17:47:13,565 [1780275]   INFO - CPPImporter.plugin.Remove_Action - [LOG] View of Keep Intention is default 
2017-05-15 17:47:13,588 [1780298]   INFO - CPPImporter.plugin.Remove_Action - Propose anti Intention for else branch 
2017-05-15 17:47:15,254 [1781964]   INFO - CPPImporter.plugin.UpdatePreview - Initialize future model 
2017-05-15 17:47:15,255 [1781965]   INFO - CPPImporter.plugin.UpdatePreview - Create node mapping 
2017-05-15 17:47:15,255 [1781965]   INFO - CPPImporter.plugin.UpdatePreview - Node mapping done 
2017-05-15 17:47:15,255 [1781965]   WARN - CPPImporter.plugin.UpdatePreview - Execute intention Keep 
2017-05-15 17:47:15,256 [1781966]   WARN - CPPImporter.plugin.IntentionExecutor - indexOf node 0 
2017-05-15 17:47:15,256 [1781966]   WARN - CPPImporter.plugin.UpdatePreview - Execute intention Keep 
2017-05-15 17:47:15,256 [1781966]   WARN - CPPImporter.plugin.IntentionExecutor - indexOf node 0 
2017-05-15 17:47:15,267 [1781977]   WARN - CPPImporter.plugin.UpdatePreview - Execute intention Remove 
2017-05-15 17:47:15,268 [1781978]   WARN - CPPImporter.plugin.UpdatePreview - Execute intention Keep 
2017-05-15 17:47:15,270 [1781980]   INFO - CPPImporter.plugin.IntentionExecutor - defined(OS2)isComplexCondition false 
2017-05-15 17:47:15,274 [1781984]   WARN - CPPImporter.plugin.IntentionExecutor - indexOf node 0 
2017-05-15 17:47:15,279 [1781989]   WARN - CPPImporter.plugin.UpdatePreview - Execute intention Remove 
2017-05-15 17:47:15,281 [1781991]   WARN - CPPImporter.plugin.UpdatePreview - Execute intention Keep 
2017-05-15 17:47:15,282 [1781992]   WARN - CPPImporter.plugin.IntentionExecutor - MakeMandatory: node 0 is not in #if/#ifdef 
2017-05-15 17:47:15,282 [1781992]   WARN - CPPImporter.plugin.IntentionExecutor - Action MakeMandatory only possible if all selected nodes are within an #if/#ifdef 
2017-05-15 17:47:15,282 [1781992]  ERROR - CPPImporter.plugin.IntentionExecutor - Failed prerequiste check 
2017-05-15 17:47:15,283 [1781993]   WARN - CPPImporter.plugin.UpdatePreview - Execute intention Keep 
2017-05-15 17:47:15,283 [1781993]   WARN - CPPImporter.plugin.IntentionExecutor - indexOf node 0 
2017-05-15 17:47:15,290 [1782000]   WARN - CPPImporter.plugin.UpdatePreview - Execute intention Keep 
2017-05-15 17:47:15,293 [1782003]   WARN - CPPImporter.plugin.IntentionExecutor - indexOf node 0 
2017-05-15 17:47:15,294 [1782004]   WARN - CPPImporter.plugin.UpdatePreview - Execute intention Keep 
2017-05-15 17:47:15,295 [1782005]   WARN - CPPImporter.plugin.IntentionExecutor - indexOf node 0 
2017-05-15 17:47:15,301 [1782011]   WARN - CPPImporter.plugin.UpdatePreview - Execute intention Keep 
2017-05-15 17:47:15,303 [1782013]   WARN - CPPImporter.plugin.IntentionExecutor - indexOf node 0 
2017-05-15 17:47:15,304 [1782014]   WARN - CPPImporter.plugin.UpdatePreview - Execute intention Keep 
2017-05-15 17:47:15,304 [1782014]   WARN - CPPImporter.plugin.IntentionExecutor - indexOf node 0 
2017-05-15 17:47:15,305 [1782015]   WARN - CPPImporter.plugin.UpdatePreview - Execute intention Keep 
2017-05-15 17:47:15,305 [1782015]   WARN - CPPImporter.plugin.IntentionExecutor - indexOf node 0 
2017-05-15 17:47:15,305 [1782015]   WARN - CPPImporter.plugin.UpdatePreview - Execute intention Keep 
2017-05-15 17:47:15,306 [1782016]   WARN - CPPImporter.plugin.IntentionExecutor - indexOf node 0 
2017-05-15 17:47:15,306 [1782016]   WARN - CPPImporter.plugin.UpdatePreview - Execute intention Keep 
2017-05-15 17:47:15,306 [1782016]   WARN - CPPImporter.plugin.IntentionExecutor - indexOf node 0 
2017-05-15 17:47:15,339 [1782049]   WARN - CPPLanguage.editor.IntentionContainer_Editor - Show 14 intentions. 
2017-05-15 17:47:20,979 [1787689]   INFO - CPPImporter.plugin.UndoIntention_Action - [LOG] Un-declare an intention 
2017-05-15 17:47:20,979 [1787689]   INFO - CPPImporter.plugin.UndoIntention_Action - [LOG] Undeclare Remove of view default 
2017-05-15 17:47:20,979 [1787689]   INFO - CPPImporter.plugin.UpdatePreview - Initialize future model 
2017-05-15 17:47:20,980 [1787690]   INFO - CPPImporter.plugin.UpdatePreview - Create node mapping 
2017-05-15 17:47:20,980 [1787690]   INFO - CPPImporter.plugin.UpdatePreview - Node mapping done 
2017-05-15 17:47:20,989 [1787699]   WARN - CPPImporter.plugin.UpdatePreview - Execute intention Keep 
2017-05-15 17:47:20,999 [1787709]   WARN - CPPImporter.plugin.IntentionExecutor - indexOf node 0 
2017-05-15 17:47:21,000 [1787710]   WARN - CPPImporter.plugin.UpdatePreview - Execute intention Keep 
2017-05-15 17:47:21,001 [1787711]   WARN - CPPImporter.plugin.IntentionExecutor - indexOf node 0 
2017-05-15 17:47:21,002 [1787712]   WARN - CPPImporter.plugin.UpdatePreview - Execute intention Remove 
2017-05-15 17:47:21,009 [1787719]   WARN - CPPImporter.plugin.UpdatePreview - Execute intention Keep 
2017-05-15 17:47:21,010 [1787720]   INFO - CPPImporter.plugin.IntentionExecutor - defined(OS2)isComplexCondition false 
2017-05-15 17:47:21,010 [1787720]   WARN - CPPImporter.plugin.IntentionExecutor - indexOf node 0 
2017-05-15 17:47:21,024 [1787734]   WARN - CPPImporter.plugin.UpdatePreview - Execute intention Keep 
2017-05-15 17:47:21,025 [1787735]   WARN - CPPImporter.plugin.IntentionExecutor - MakeMandatory: node 0 is not in #if/#ifdef 
2017-05-15 17:47:21,026 [1787736]   WARN - CPPImporter.plugin.IntentionExecutor - Action MakeMandatory only possible if all selected nodes are within an #if/#ifdef 
2017-05-15 17:47:21,027 [1787737]  ERROR - CPPImporter.plugin.IntentionExecutor - Failed prerequiste check 
2017-05-15 17:47:21,027 [1787737]   WARN - CPPImporter.plugin.UpdatePreview - Execute intention Keep 
2017-05-15 17:47:21,028 [1787738]   WARN - CPPImporter.plugin.IntentionExecutor - indexOf node 0 
2017-05-15 17:47:21,037 [1787747]   WARN - CPPImporter.plugin.UpdatePreview - Execute intention Keep 
2017-05-15 17:47:21,038 [1787748]   WARN - CPPImporter.plugin.IntentionExecutor - indexOf node 0 
2017-05-15 17:47:21,038 [1787748]   WARN - CPPImporter.plugin.UpdatePreview - Execute intention Keep 
2017-05-15 17:47:21,039 [1787749]   WARN - CPPImporter.plugin.IntentionExecutor - indexOf node 0 
2017-05-15 17:47:21,039 [1787749]   WARN - CPPImporter.plugin.UpdatePreview - Execute intention Keep 
2017-05-15 17:47:21,040 [1787750]   WARN - CPPImporter.plugin.IntentionExecutor - indexOf node 0 
2017-05-15 17:47:21,044 [1787754]   WARN - CPPImporter.plugin.UpdatePreview - Execute intention Keep 
2017-05-15 17:47:21,044 [1787754]   WARN - CPPImporter.plugin.IntentionExecutor - indexOf node 0 
2017-05-15 17:47:21,045 [1787755]   WARN - CPPImporter.plugin.UpdatePreview - Execute intention Keep 
2017-05-15 17:47:21,047 [1787757]   WARN - CPPImporter.plugin.IntentionExecutor - indexOf node 0 
2017-05-15 17:47:21,051 [1787761]   WARN - CPPImporter.plugin.UpdatePreview - Execute intention Keep 
2017-05-15 17:47:21,055 [1787765]   WARN - CPPImporter.plugin.IntentionExecutor - indexOf node 0 
2017-05-15 17:47:21,056 [1787766]   WARN - CPPImporter.plugin.UpdatePreview - Execute intention Keep 
2017-05-15 17:47:21,066 [1787776]   WARN - CPPImporter.plugin.IntentionExecutor - indexOf node 0 
2017-05-15 17:47:21,094 [1787804]   WARN - CPPLanguage.editor.IntentionContainer_Editor - Show 13 intentions. 
2017-05-15 17:47:25,166 [1791876]   WARN - CPPLanguage.editor.IntentionContainer_Editor - Show 14 intentions. 
2017-05-15 17:47:26,748 [1793458]   WARN - CPPLanguage.editor.IntentionContainer_Editor - Show 4 intentions. 
2017-05-15 17:47:37,220 [1803930]   INFO - CPPImporter.plugin.Remove_Action - [LOG] Remove Intention for 1 nodes. 
2017-05-15 17:47:37,220 [1803930]   INFO - CPPImporter.plugin.Remove_Action - [LOG] View of Keep Intention is default 
2017-05-15 17:47:37,221 [1803931]   INFO - CPPImporter.plugin.Remove_Action - Propose anti Intention for else branch 
2017-05-15 17:47:39,194 [1805904]   INFO - CPPImporter.plugin.UpdatePreview - Initialize future model 
2017-05-15 17:47:39,194 [1805904]   INFO - CPPImporter.plugin.UpdatePreview - Create node mapping 
2017-05-15 17:47:39,195 [1805905]   INFO - CPPImporter.plugin.UpdatePreview - Node mapping done 
2017-05-15 17:47:39,195 [1805905]   WARN - CPPImporter.plugin.UpdatePreview - Execute intention Keep 
2017-05-15 17:47:39,196 [1805906]   WARN - CPPImporter.plugin.IntentionExecutor - indexOf node 0 
2017-05-15 17:47:39,198 [1805908]   WARN - CPPImporter.plugin.UpdatePreview - Execute intention Keep 
2017-05-15 17:47:39,201 [1805911]   WARN - CPPImporter.plugin.IntentionExecutor - indexOf node 0 
2017-05-15 17:47:39,206 [1805916]   WARN - CPPImporter.plugin.UpdatePreview - Execute intention Remove 
2017-05-15 17:47:39,209 [1805919]   WARN - CPPImporter.plugin.UpdatePreview - Execute intention Keep 
2017-05-15 17:47:39,211 [1805921]   INFO - CPPImporter.plugin.IntentionExecutor - defined(OS2)isComplexCondition false 
2017-05-15 17:47:39,211 [1805921]   WARN - CPPImporter.plugin.IntentionExecutor - indexOf node 0 
2017-05-15 17:47:39,214 [1805924]   WARN - CPPImporter.plugin.UpdatePreview - Execute intention Remove 
2017-05-15 17:47:39,267 [1805977]   WARN - CPPLanguage.editor.IntentionContainer_Editor - Show 5 intentions. 
2017-05-15 17:48:58,841 [1885551]   INFO - CPPImporter.plugin.KeepAsFeature_Action - [LOG] Intention Keep As Feature for 6 nodes. 
2017-05-15 17:49:19,650 [1906360]   INFO - CPPImporter.plugin.KeepAsFeature_Action - [LOG] View of Keep Intention is Clone 
2017-05-15 17:49:19,652 [1906362]   INFO - CPPImporter.plugin.UpdatePreview - Initialize future model 
2017-05-15 17:49:19,652 [1906362]   INFO - CPPImporter.plugin.UpdatePreview - Create node mapping 
2017-05-15 17:49:19,652 [1906362]   INFO - CPPImporter.plugin.UpdatePreview - Node mapping done 
2017-05-15 17:49:19,673 [1906383]   WARN - CPPImporter.plugin.UpdatePreview - Execute intention Keep 
2017-05-15 17:49:19,674 [1906384]   WARN - CPPImporter.plugin.IntentionExecutor - indexOf node 0 
2017-05-15 17:49:19,675 [1906385]   WARN - CPPImporter.plugin.UpdatePreview - Execute intention Keep 
2017-05-15 17:49:19,675 [1906385]   WARN - CPPImporter.plugin.IntentionExecutor - indexOf node 0 
2017-05-15 17:49:19,676 [1906386]   WARN - CPPImporter.plugin.UpdatePreview - Execute intention Remove 
2017-05-15 17:49:19,676 [1906386]   WARN - CPPImporter.plugin.UpdatePreview - Execute intention Keep 
2017-05-15 17:49:19,679 [1906389]   INFO - CPPImporter.plugin.IntentionExecutor - defined(OS2)isComplexCondition false 
2017-05-15 17:49:19,679 [1906389]   WARN - CPPImporter.plugin.IntentionExecutor - indexOf node 0 
2017-05-15 17:49:19,680 [1906390]   WARN - CPPImporter.plugin.UpdatePreview - Execute intention Remove 
2017-05-15 17:49:19,685 [1906395]   WARN - CPPImporter.plugin.UpdatePreview - Execute intention KeepAsFeature 
2017-05-15 17:49:19,700 [1906410]   WARN - CPPImporter.plugin.IntentionExecutor - indexOf node 2 
2017-05-15 17:49:19,717 [1906427]   WARN - CPPImporter.plugin.UpdatePreview - Execute intention KeepAsFeature 
2017-05-15 17:49:19,718 [1906428]   WARN - CPPImporter.plugin.IntentionExecutor - indexOf node 0 
2017-05-15 17:49:19,719 [1906429]   WARN - CPPImporter.plugin.UpdatePreview - Execute intention KeepAsFeature 
2017-05-15 17:49:19,721 [1906431]   WARN - CPPImporter.plugin.IntentionExecutor - indexOf node 0 
2017-05-15 17:49:19,728 [1906438]   WARN - CPPImporter.plugin.UpdatePreview - Execute intention KeepAsFeature 
2017-05-15 17:49:19,735 [1906445]   WARN - CPPImporter.plugin.IntentionExecutor - indexOf node 0 
2017-05-15 17:49:19,741 [1906451]   WARN - CPPImporter.plugin.UpdatePreview - Execute intention KeepAsFeature 
2017-05-15 17:49:19,741 [1906451]   WARN - CPPImporter.plugin.IntentionExecutor - indexOf node 0 
2017-05-15 17:49:19,752 [1906462]   WARN - CPPImporter.plugin.UpdatePreview - Execute intention KeepAsFeature 
2017-05-15 17:49:19,752 [1906462]   WARN - CPPImporter.plugin.IntentionExecutor - indexOf node 0 
2017-05-15 17:49:19,805 [1906515]   WARN - CPPLanguage.editor.IntentionContainer_Editor - Show 11 intentions. 
2017-05-15 17:51:11,971 [2018681]   INFO - CPPImporter.plugin.KeepAsFeature_Action - [LOG] Intention Keep As Feature for 2 nodes. 
2017-05-15 17:51:27,924 [2034634]   INFO - CPPImporter.plugin.KeepAsFeature_Action - [LOG] View of Keep Intention is Clone 
2017-05-15 17:51:27,925 [2034635]   INFO - CPPImporter.plugin.UpdatePreview - Initialize future model 
2017-05-15 17:51:27,925 [2034635]   INFO - CPPImporter.plugin.UpdatePreview - Create node mapping 
2017-05-15 17:51:27,925 [2034635]   INFO - CPPImporter.plugin.UpdatePreview - Node mapping done 
2017-05-15 17:51:27,937 [2034647]   WARN - CPPImporter.plugin.UpdatePreview - Execute intention Keep 
2017-05-15 17:51:27,942 [2034652]   WARN - CPPImporter.plugin.IntentionExecutor - indexOf node 0 
2017-05-15 17:51:27,948 [2034658]   WARN - CPPImporter.plugin.UpdatePreview - Execute intention Keep 
2017-05-15 17:51:27,948 [2034658]   WARN - CPPImporter.plugin.IntentionExecutor - indexOf node 0 
2017-05-15 17:51:27,949 [2034659]   WARN - CPPImporter.plugin.UpdatePreview - Execute intention Remove 
2017-05-15 17:51:27,950 [2034660]   WARN - CPPImporter.plugin.UpdatePreview - Execute intention Keep 
2017-05-15 17:51:27,951 [2034661]   INFO - CPPImporter.plugin.IntentionExecutor - defined(OS2)isComplexCondition false 
2017-05-15 17:51:27,951 [2034661]   WARN - CPPImporter.plugin.IntentionExecutor - indexOf node 0 
2017-05-15 17:51:27,959 [2034669]   WARN - CPPImporter.plugin.UpdatePreview - Execute intention Remove 
2017-05-15 17:51:27,967 [2034677]   WARN - CPPImporter.plugin.UpdatePreview - Execute intention KeepAsFeature 
2017-05-15 17:51:27,967 [2034677]   WARN - CPPImporter.plugin.IntentionExecutor - indexOf node 0 
2017-05-15 17:51:27,989 [2034699]   WARN - CPPImporter.plugin.UpdatePreview - Execute intention KeepAsFeature 
2017-05-15 17:51:27,989 [2034699]   WARN - CPPImporter.plugin.IntentionExecutor - indexOf node 0 
2017-05-15 17:51:27,990 [2034700]   WARN - CPPImporter.plugin.UpdatePreview - Execute intention KeepAsFeature 
2017-05-15 17:51:27,990 [2034700]   WARN - CPPImporter.plugin.IntentionExecutor - indexOf node 0 
2017-05-15 17:51:27,991 [2034701]   WARN - CPPImporter.plugin.UpdatePreview - Execute intention KeepAsFeature 
2017-05-15 17:51:27,991 [2034701]   WARN - CPPImporter.plugin.IntentionExecutor - indexOf node 0 
2017-05-15 17:51:27,992 [2034702]   WARN - CPPImporter.plugin.UpdatePreview - Execute intention KeepAsFeature 
2017-05-15 17:51:27,993 [2034703]   WARN - CPPImporter.plugin.IntentionExecutor - indexOf node 0 
2017-05-15 17:51:27,993 [2034703]   WARN - CPPImporter.plugin.UpdatePreview - Execute intention KeepAsFeature 
2017-05-15 17:51:27,993 [2034703]   WARN - CPPImporter.plugin.IntentionExecutor - indexOf node 0 
2017-05-15 17:51:27,994 [2034704]   WARN - CPPImporter.plugin.UpdatePreview - Execute intention KeepAsFeature 
2017-05-15 17:51:27,994 [2034704]   WARN - CPPImporter.plugin.IntentionExecutor - indexOf node 0 
2017-05-15 17:51:27,994 [2034704]   WARN - CPPImporter.plugin.UpdatePreview - Execute intention KeepAsFeature 
2017-05-15 17:51:27,995 [2034705]   WARN - CPPImporter.plugin.IntentionExecutor - indexOf node 0 
2017-05-15 17:51:28,010 [2034720]   WARN - CPPLanguage.editor.IntentionContainer_Editor - Show 13 intentions. 
2017-05-15 17:52:25,956 [2092666]   INFO - CPPImporter.plugin.Keep_Action - [LOG] Intention Keep for 2 nodes. 
2017-05-15 17:52:25,957 [2092667]   INFO - CPPImporter.plugin.Keep_Action - [LOG] View of Keep Intention is Clone 
2017-05-15 17:52:25,957 [2092667]   INFO - CPPImporter.plugin.Keep_Action - Update Preview 
2017-05-15 17:52:25,957 [2092667]   INFO - CPPImporter.plugin.UpdatePreview - Initialize future model 
2017-05-15 17:52:25,958 [2092668]   INFO - CPPImporter.plugin.UpdatePreview - Create node mapping 
2017-05-15 17:52:25,958 [2092668]   INFO - CPPImporter.plugin.UpdatePreview - Node mapping done 
2017-05-15 17:52:25,986 [2092696]   WARN - CPPImporter.plugin.UpdatePreview - Execute intention Keep 
2017-05-15 17:52:25,988 [2092698]   WARN - CPPImporter.plugin.IntentionExecutor - indexOf node 0 
2017-05-15 17:52:25,990 [2092700]   WARN - CPPImporter.plugin.UpdatePreview - Execute intention Keep 
2017-05-15 17:52:25,990 [2092700]   WARN - CPPImporter.plugin.IntentionExecutor - indexOf node 0 
2017-05-15 17:52:25,991 [2092701]   WARN - CPPImporter.plugin.UpdatePreview - Execute intention Remove 
2017-05-15 17:52:25,995 [2092705]   WARN - CPPImporter.plugin.UpdatePreview - Execute intention Keep 
2017-05-15 17:52:25,995 [2092705]   INFO - CPPImporter.plugin.IntentionExecutor - defined(OS2)isComplexCondition false 
2017-05-15 17:52:25,995 [2092705]   WARN - CPPImporter.plugin.IntentionExecutor - indexOf node 0 
2017-05-15 17:52:25,997 [2092707]   WARN - CPPImporter.plugin.UpdatePreview - Execute intention Remove 
2017-05-15 17:52:26,003 [2092713]   WARN - CPPImporter.plugin.UpdatePreview - Execute intention KeepAsFeature 
2017-05-15 17:52:26,010 [2092720]   WARN - CPPImporter.plugin.IntentionExecutor - indexOf node 0 
2017-05-15 17:52:26,016 [2092726]   WARN - CPPImporter.plugin.UpdatePreview - Execute intention KeepAsFeature 
2017-05-15 17:52:26,017 [2092727]   WARN - CPPImporter.plugin.IntentionExecutor - indexOf node 0 
2017-05-15 17:52:26,017 [2092727]   WARN - CPPImporter.plugin.UpdatePreview - Execute intention KeepAsFeature 
2017-05-15 17:52:26,018 [2092728]   WARN - CPPImporter.plugin.IntentionExecutor - indexOf node 0 
2017-05-15 17:52:26,019 [2092729]   WARN - CPPImporter.plugin.UpdatePreview - Execute intention KeepAsFeature 
2017-05-15 17:52:26,023 [2092733]   WARN - CPPImporter.plugin.IntentionExecutor - indexOf node 0 
2017-05-15 17:52:26,028 [2092738]   WARN - CPPImporter.plugin.UpdatePreview - Execute intention KeepAsFeature 
2017-05-15 17:52:26,037 [2092747]   WARN - CPPImporter.plugin.IntentionExecutor - indexOf node 0 
2017-05-15 17:52:26,043 [2092753]   WARN - CPPImporter.plugin.UpdatePreview - Execute intention KeepAsFeature 
2017-05-15 17:52:26,044 [2092754]   WARN - CPPImporter.plugin.IntentionExecutor - indexOf node 0 
2017-05-15 17:52:26,045 [2092755]   WARN - CPPImporter.plugin.UpdatePreview - Execute intention KeepAsFeature 
2017-05-15 17:52:26,046 [2092756]   WARN - CPPImporter.plugin.IntentionExecutor - indexOf node 0 
2017-05-15 17:52:26,053 [2092763]   WARN - CPPImporter.plugin.UpdatePreview - Execute intention KeepAsFeature 
2017-05-15 17:52:26,076 [2092786]   WARN - CPPImporter.plugin.IntentionExecutor - indexOf node 0 
2017-05-15 17:52:26,077 [2092787]   WARN - CPPImporter.plugin.UpdatePreview - Execute intention Keep 
2017-05-15 17:52:26,077 [2092787]   WARN - CPPImporter.plugin.IntentionExecutor - indexOf node 0 
2017-05-15 17:52:26,078 [2092788]   WARN - CPPImporter.plugin.UpdatePreview - Execute intention Keep 
2017-05-15 17:52:26,078 [2092788]   INFO - CPPImporter.plugin.IntentionExecutor - !defined(FORK)isComplexCondition false 
2017-05-15 17:52:26,078 [2092788]   WARN - CPPImporter.plugin.IntentionExecutor - indexOf node 0 
2017-05-15 17:52:26,123 [2092833]   WARN - CPPLanguage.editor.IntentionContainer_Editor - Show 15 intentions. 
2017-05-15 17:52:56,459 [2123169]   INFO - CPPImporter.plugin.Keep_Action - [LOG] Intention Keep for 1 nodes. 
2017-05-15 17:52:56,460 [2123170]   INFO - CPPImporter.plugin.Keep_Action - [LOG] View of Keep Intention is Clone 
2017-05-15 17:52:56,477 [2123187]   INFO - CPPImporter.plugin.Keep_Action - No automatic anti Intention, branch is not completly selected 
2017-05-15 17:52:56,477 [2123187]   INFO - CPPImporter.plugin.Keep_Action - Update Preview 
2017-05-15 17:52:56,477 [2123187]   INFO - CPPImporter.plugin.UpdatePreview - Initialize future model 
2017-05-15 17:52:56,478 [2123188]   INFO - CPPImporter.plugin.UpdatePreview - Create node mapping 
2017-05-15 17:52:56,479 [2123189]   INFO - CPPImporter.plugin.UpdatePreview - Node mapping done 
2017-05-15 17:52:56,491 [2123201]   WARN - CPPImporter.plugin.UpdatePreview - Execute intention Keep 
2017-05-15 17:52:56,500 [2123210]   WARN - CPPImporter.plugin.IntentionExecutor - indexOf node 0 
2017-05-15 17:52:56,501 [2123211]   WARN - CPPImporter.plugin.UpdatePreview - Execute intention Keep 
2017-05-15 17:52:56,504 [2123214]   WARN - CPPImporter.plugin.IntentionExecutor - indexOf node 0 
2017-05-15 17:52:56,506 [2123216]   WARN - CPPImporter.plugin.UpdatePreview - Execute intention Remove 
2017-05-15 17:52:56,509 [2123219]   WARN - CPPImporter.plugin.UpdatePreview - Execute intention Keep 
2017-05-15 17:52:56,511 [2123221]   INFO - CPPImporter.plugin.IntentionExecutor - defined(OS2)isComplexCondition false 
2017-05-15 17:52:56,512 [2123222]   WARN - CPPImporter.plugin.IntentionExecutor - indexOf node 0 
2017-05-15 17:52:56,525 [2123235]   WARN - CPPImporter.plugin.UpdatePreview - Execute intention Remove 
2017-05-15 17:52:56,563 [2123273]   WARN - CPPImporter.plugin.UpdatePreview - Execute intention KeepAsFeature 
2017-05-15 17:52:56,564 [2123274]   WARN - CPPImporter.plugin.IntentionExecutor - indexOf node 0 
2017-05-15 17:52:56,571 [2123281]   WARN - CPPImporter.plugin.UpdatePreview - Execute intention KeepAsFeature 
2017-05-15 17:52:56,572 [2123282]   WARN - CPPImporter.plugin.IntentionExecutor - indexOf node 0 
2017-05-15 17:52:56,574 [2123284]   WARN - CPPImporter.plugin.UpdatePreview - Execute intention KeepAsFeature 
2017-05-15 17:52:56,575 [2123285]   WARN - CPPImporter.plugin.IntentionExecutor - indexOf node 0 
2017-05-15 17:52:56,584 [2123294]   WARN - CPPImporter.plugin.UpdatePreview - Execute intention KeepAsFeature 
2017-05-15 17:52:56,592 [2123302]   WARN - CPPImporter.plugin.IntentionExecutor - indexOf node 0 
2017-05-15 17:52:56,593 [2123303]   WARN - CPPImporter.plugin.UpdatePreview - Execute intention KeepAsFeature 
2017-05-15 17:52:56,595 [2123305]   WARN - CPPImporter.plugin.IntentionExecutor - indexOf node 0 
2017-05-15 17:52:56,596 [2123306]   WARN - CPPImporter.plugin.UpdatePreview - Execute intention KeepAsFeature 
2017-05-15 17:52:56,597 [2123307]   WARN - CPPImporter.plugin.IntentionExecutor - indexOf node 0 
2017-05-15 17:52:56,598 [2123308]   WARN - CPPImporter.plugin.UpdatePreview - Execute intention KeepAsFeature 
2017-05-15 17:52:56,599 [2123309]   WARN - CPPImporter.plugin.IntentionExecutor - indexOf node 0 
2017-05-15 17:52:56,608 [2123318]   WARN - CPPImporter.plugin.UpdatePreview - Execute intention KeepAsFeature 
2017-05-15 17:52:56,615 [2123325]   WARN - CPPImporter.plugin.IntentionExecutor - indexOf node 0 
2017-05-15 17:52:56,623 [2123333]   WARN - CPPImporter.plugin.UpdatePreview - Execute intention Keep 
2017-05-15 17:52:56,633 [2123343]   WARN - CPPImporter.plugin.IntentionExecutor - indexOf node 0 
2017-05-15 17:52:56,635 [2123345]   WARN - CPPImporter.plugin.UpdatePreview - Execute intention Keep 
2017-05-15 17:52:56,637 [2123347]   INFO - CPPImporter.plugin.IntentionExecutor - !defined(FORK)isComplexCondition false 
2017-05-15 17:52:56,637 [2123347]   WARN - CPPImporter.plugin.IntentionExecutor - indexOf node 0 
2017-05-15 17:52:56,648 [2123358]   WARN - CPPImporter.plugin.UpdatePreview - Execute intention Keep 
2017-05-15 17:52:56,650 [2123360]   INFO - CPPImporter.plugin.IntentionExecutor - defined(FEAT_CMDL_COMPL)isComplexCondition false 
2017-05-15 17:52:56,651 [2123361]   WARN - CPPImporter.plugin.IntentionExecutor - indexOf node 0 
2017-05-15 17:52:56,664 [2123374]   WARN - CPPLanguage.editor.IntentionContainer_Editor - Show 16 intentions. 
2017-05-15 17:53:16,937 [2143647]   INFO - CPPImporter.plugin.Remove_Action - [LOG] Remove Intention for 1 nodes. 
2017-05-15 17:53:16,937 [2143647]   INFO - CPPImporter.plugin.Remove_Action - [LOG] View of Keep Intention is Mainline 
2017-05-15 17:53:16,938 [2143648]   INFO - CPPImporter.plugin.UpdatePreview - Initialize future model 
2017-05-15 17:53:16,947 [2143657]   INFO - CPPImporter.plugin.UpdatePreview - Create node mapping 
2017-05-15 17:53:16,947 [2143657]   INFO - CPPImporter.plugin.UpdatePreview - Node mapping done 
2017-05-15 17:53:16,947 [2143657]   WARN - CPPImporter.plugin.UpdatePreview - Execute intention Keep 
2017-05-15 17:53:16,953 [2143663]   WARN - CPPImporter.plugin.IntentionExecutor - indexOf node 0 
2017-05-15 17:53:16,954 [2143664]   WARN - CPPImporter.plugin.UpdatePreview - Execute intention Keep 
2017-05-15 17:53:16,964 [2143674]   WARN - CPPImporter.plugin.IntentionExecutor - indexOf node 0 
2017-05-15 17:53:16,965 [2143675]   WARN - CPPImporter.plugin.UpdatePreview - Execute intention Remove 
2017-05-15 17:53:16,966 [2143676]   WARN - CPPImporter.plugin.UpdatePreview - Execute intention Keep 
2017-05-15 17:53:16,967 [2143677]   INFO - CPPImporter.plugin.IntentionExecutor - defined(OS2)isComplexCondition false 
2017-05-15 17:53:16,967 [2143677]   WARN - CPPImporter.plugin.IntentionExecutor - indexOf node 0 
2017-05-15 17:53:16,968 [2143678]   WARN - CPPImporter.plugin.UpdatePreview - Execute intention Remove 
2017-05-15 17:53:16,980 [2143690]   WARN - CPPImporter.plugin.UpdatePreview - Execute intention KeepAsFeature 
2017-05-15 17:53:16,981 [2143691]   WARN - CPPImporter.plugin.IntentionExecutor - indexOf node 0 
2017-05-15 17:53:16,996 [2143706]   WARN - CPPImporter.plugin.UpdatePreview - Execute intention KeepAsFeature 
2017-05-15 17:53:17,002 [2143712]   WARN - CPPImporter.plugin.IntentionExecutor - indexOf node 0 
2017-05-15 17:53:17,017 [2143727]   WARN - CPPImporter.plugin.UpdatePreview - Execute intention KeepAsFeature 
2017-05-15 17:53:17,020 [2143730]   WARN - CPPImporter.plugin.IntentionExecutor - indexOf node 0 
2017-05-15 17:53:17,030 [2143740]   WARN - CPPImporter.plugin.UpdatePreview - Execute intention KeepAsFeature 
2017-05-15 17:53:17,031 [2143741]   WARN - CPPImporter.plugin.IntentionExecutor - indexOf node 0 
2017-05-15 17:53:17,037 [2143747]   WARN - CPPImporter.plugin.UpdatePreview - Execute intention KeepAsFeature 
2017-05-15 17:53:17,038 [2143748]   WARN - CPPImporter.plugin.IntentionExecutor - indexOf node 0 
2017-05-15 17:53:17,039 [2143749]   WARN - CPPImporter.plugin.UpdatePreview - Execute intention KeepAsFeature 
2017-05-15 17:53:17,048 [2143758]   WARN - CPPImporter.plugin.IntentionExecutor - indexOf node 0 
2017-05-15 17:53:17,050 [2143760]   WARN - CPPImporter.plugin.UpdatePreview - Execute intention KeepAsFeature 
2017-05-15 17:53:17,056 [2143766]   WARN - CPPImporter.plugin.IntentionExecutor - indexOf node 0 
2017-05-15 17:53:17,057 [2143767]   WARN - CPPImporter.plugin.UpdatePreview - Execute intention KeepAsFeature 
2017-05-15 17:53:17,058 [2143768]   WARN - CPPImporter.plugin.IntentionExecutor - indexOf node 0 
2017-05-15 17:53:17,061 [2143771]   WARN - CPPImporter.plugin.UpdatePreview - Execute intention Remove 
2017-05-15 17:53:17,069 [2143779]   WARN - CPPImporter.plugin.UpdatePreview - Execute intention Keep 
2017-05-15 17:53:17,101 [2143811]   WARN - CPPImporter.plugin.IntentionExecutor - indexOf node 0 
2017-05-15 17:53:17,102 [2143812]   WARN - CPPImporter.plugin.UpdatePreview - Execute intention Keep 
2017-05-15 17:53:17,103 [2143813]   INFO - CPPImporter.plugin.IntentionExecutor - !defined(FORK)isComplexCondition false 
2017-05-15 17:53:17,103 [2143813]   WARN - CPPImporter.plugin.IntentionExecutor - indexOf node 0 
2017-05-15 17:53:17,107 [2143817]   WARN - CPPImporter.plugin.UpdatePreview - Execute intention Keep 
2017-05-15 17:53:17,107 [2143817]   INFO - CPPImporter.plugin.IntentionExecutor - defined(FEAT_CMDL_COMPL)isComplexCondition false 
2017-05-15 17:53:17,107 [2143817]   WARN - CPPImporter.plugin.IntentionExecutor - indexOf node 0 
2017-05-15 17:53:17,137 [2143847]   WARN - CPPLanguage.editor.IntentionContainer_Editor - Show 17 intentions. 
2017-05-15 17:53:39,888 [2166598]   INFO - CPPImporter.plugin.Keep_Action - [LOG] Intention Keep for 2 nodes. 
2017-05-15 17:53:39,889 [2166599]   INFO - CPPImporter.plugin.Keep_Action - [LOG] View of Keep Intention is Clone 
2017-05-15 17:53:39,890 [2166600]   INFO - CPPImporter.plugin.Keep_Action - No automatic anti Intention, branch is not completly selected 
2017-05-15 17:53:39,890 [2166600]   INFO - CPPImporter.plugin.Keep_Action - Update Preview 
2017-05-15 17:53:39,890 [2166600]   INFO - CPPImporter.plugin.UpdatePreview - Initialize future model 
2017-05-15 17:53:39,890 [2166600]   INFO - CPPImporter.plugin.UpdatePreview - Create node mapping 
2017-05-15 17:53:39,891 [2166601]   INFO - CPPImporter.plugin.UpdatePreview - Node mapping done 
2017-05-15 17:53:39,891 [2166601]   WARN - CPPImporter.plugin.UpdatePreview - Execute intention Keep 
2017-05-15 17:53:39,896 [2166606]   WARN - CPPImporter.plugin.IntentionExecutor - indexOf node 0 
2017-05-15 17:53:39,897 [2166607]   WARN - CPPImporter.plugin.UpdatePreview - Execute intention Keep 
2017-05-15 17:53:39,898 [2166608]   WARN - CPPImporter.plugin.IntentionExecutor - indexOf node 0 
2017-05-15 17:53:39,907 [2166617]   WARN - CPPImporter.plugin.UpdatePreview - Execute intention Remove 
2017-05-15 17:53:39,909 [2166619]   WARN - CPPImporter.plugin.UpdatePreview - Execute intention Keep 
2017-05-15 17:53:39,910 [2166620]   INFO - CPPImporter.plugin.IntentionExecutor - defined(OS2)isComplexCondition false 
2017-05-15 17:53:39,910 [2166620]   WARN - CPPImporter.plugin.IntentionExecutor - indexOf node 0 
2017-05-15 17:53:39,928 [2166638]   WARN - CPPImporter.plugin.UpdatePreview - Execute intention Remove 
2017-05-15 17:53:39,928 [2166638]   WARN - CPPImporter.plugin.UpdatePreview - Execute intention KeepAsFeature 
2017-05-15 17:53:39,928 [2166638]   WARN - CPPImporter.plugin.IntentionExecutor - indexOf node 0 
2017-05-15 17:53:39,932 [2166642]   WARN - CPPImporter.plugin.UpdatePreview - Execute intention KeepAsFeature 
2017-05-15 17:53:39,933 [2166643]   WARN - CPPImporter.plugin.IntentionExecutor - indexOf node 0 
2017-05-15 17:53:39,933 [2166643]   WARN - CPPImporter.plugin.UpdatePreview - Execute intention KeepAsFeature 
2017-05-15 17:53:39,938 [2166648]   WARN - CPPImporter.plugin.IntentionExecutor - indexOf node 0 
2017-05-15 17:53:39,963 [2166673]   WARN - CPPImporter.plugin.UpdatePreview - Execute intention KeepAsFeature 
2017-05-15 17:53:39,967 [2166677]   WARN - CPPImporter.plugin.IntentionExecutor - indexOf node 0 
2017-05-15 17:53:39,969 [2166679]   WARN - CPPImporter.plugin.UpdatePreview - Execute intention KeepAsFeature 
2017-05-15 17:53:39,971 [2166681]   WARN - CPPImporter.plugin.IntentionExecutor - indexOf node 0 
2017-05-15 17:53:40,008 [2166718]   WARN - CPPImporter.plugin.UpdatePreview - Execute intention KeepAsFeature 
2017-05-15 17:53:40,009 [2166719]   WARN - CPPImporter.plugin.IntentionExecutor - indexOf node 0 
2017-05-15 17:53:40,014 [2166724]   WARN - CPPImporter.plugin.UpdatePreview - Execute intention KeepAsFeature 
2017-05-15 17:53:40,015 [2166725]   WARN - CPPImporter.plugin.IntentionExecutor - indexOf node 0 
2017-05-15 17:53:40,015 [2166725]   WARN - CPPImporter.plugin.UpdatePreview - Execute intention KeepAsFeature 
2017-05-15 17:53:40,016 [2166726]   WARN - CPPImporter.plugin.IntentionExecutor - indexOf node 0 
2017-05-15 17:53:40,016 [2166726]   WARN - CPPImporter.plugin.UpdatePreview - Execute intention Remove 
2017-05-15 17:53:40,017 [2166727]   WARN - CPPImporter.plugin.UpdatePreview - Execute intention Keep 
2017-05-15 17:53:40,017 [2166727]   WARN - CPPImporter.plugin.IntentionExecutor - indexOf node 0 
2017-05-15 17:53:40,018 [2166728]   WARN - CPPImporter.plugin.UpdatePreview - Execute intention Keep 
2017-05-15 17:53:40,019 [2166729]   INFO - CPPImporter.plugin.IntentionExecutor - !defined(FORK)isComplexCondition false 
2017-05-15 17:53:40,032 [2166742]   WARN - CPPImporter.plugin.IntentionExecutor - indexOf node 0 
2017-05-15 17:53:40,036 [2166746]   WARN - CPPImporter.plugin.UpdatePreview - Execute intention Keep 
2017-05-15 17:53:40,037 [2166747]   INFO - CPPImporter.plugin.IntentionExecutor - defined(FEAT_CMDL_COMPL)isComplexCondition false 
2017-05-15 17:53:40,037 [2166747]   WARN - CPPImporter.plugin.IntentionExecutor - indexOf node 0 
2017-05-15 17:53:40,044 [2166754]   WARN - CPPImporter.plugin.UpdatePreview - Execute intention Keep 
2017-05-15 17:53:40,045 [2166755]   INFO - CPPImporter.plugin.IntentionExecutor - defined(FEAT_CMDHIST)isComplexCondition false 
2017-05-15 17:53:40,046 [2166756]   WARN - CPPImporter.plugin.IntentionExecutor - indexOf node 0 
2017-05-15 17:53:40,047 [2166757]   WARN - CPPImporter.plugin.UpdatePreview - Execute intention Keep 
2017-05-15 17:53:40,047 [2166757]   WARN - CPPImporter.plugin.IntentionExecutor - indexOf node 0 
2017-05-15 17:53:40,094 [2166804]   WARN - CPPLanguage.editor.IntentionContainer_Editor - Show 19 intentions. 
2017-05-15 17:53:53,258 [2179968]   WARN - CPPImporter.plugin.CommitIntentions_Action - Commit Intentions 
2017-05-15 17:53:53,258 [2179968]   INFO - CPPImporter.plugin.UpdatePreview - Initialize future model 
2017-05-15 17:53:53,263 [2179973]   INFO - CPPImporter.plugin.UpdatePreview - Create node mapping 
2017-05-15 17:53:53,265 [2179975]   INFO - CPPImporter.plugin.UpdatePreview - Node mapping done 
2017-05-15 17:53:53,267 [2179977]   WARN - CPPImporter.plugin.UpdatePreview - Execute intention Keep 
2017-05-15 17:53:53,271 [2179981]   WARN - CPPImporter.plugin.IntentionExecutor - indexOf node 0 
2017-05-15 17:53:53,280 [2179990]   WARN - CPPImporter.plugin.UpdatePreview - Execute intention Keep 
2017-05-15 17:53:53,281 [2179991]   WARN - CPPImporter.plugin.IntentionExecutor - indexOf node 0 
2017-05-15 17:53:53,282 [2179992]   WARN - CPPImporter.plugin.UpdatePreview - Execute intention Remove 
2017-05-15 17:53:53,283 [2179993]   WARN - CPPImporter.plugin.UpdatePreview - Execute intention Keep 
2017-05-15 17:53:53,283 [2179993]   INFO - CPPImporter.plugin.IntentionExecutor - defined(OS2)isComplexCondition false 
2017-05-15 17:53:53,283 [2179993]   WARN - CPPImporter.plugin.IntentionExecutor - indexOf node 0 
2017-05-15 17:53:53,287 [2179997]   WARN - CPPImporter.plugin.UpdatePreview - Execute intention Remove 
2017-05-15 17:53:53,288 [2179998]   WARN - CPPImporter.plugin.UpdatePreview - Execute intention KeepAsFeature 
2017-05-15 17:53:53,289 [2179999]   WARN - CPPImporter.plugin.IntentionExecutor - indexOf node 0 
2017-05-15 17:53:53,291 [2180001]   WARN - CPPImporter.plugin.UpdatePreview - Execute intention KeepAsFeature 
2017-05-15 17:53:53,293 [2180003]   WARN - CPPImporter.plugin.IntentionExecutor - indexOf node 0 
2017-05-15 17:53:53,310 [2180020]   WARN - CPPImporter.plugin.UpdatePreview - Execute intention KeepAsFeature 
2017-05-15 17:53:53,311 [2180021]   WARN - CPPImporter.plugin.IntentionExecutor - indexOf node 0 
2017-05-15 17:53:53,323 [2180033]   WARN - CPPImporter.plugin.UpdatePreview - Execute intention KeepAsFeature 
2017-05-15 17:53:53,324 [2180034]   WARN - CPPImporter.plugin.IntentionExecutor - indexOf node 0 
2017-05-15 17:53:53,324 [2180034]   WARN - CPPImporter.plugin.UpdatePreview - Execute intention KeepAsFeature 
2017-05-15 17:53:53,325 [2180035]   WARN - CPPImporter.plugin.IntentionExecutor - indexOf node 0 
2017-05-15 17:53:53,325 [2180035]   WARN - CPPImporter.plugin.UpdatePreview - Execute intention KeepAsFeature 
2017-05-15 17:53:53,326 [2180036]   WARN - CPPImporter.plugin.IntentionExecutor - indexOf node 0 
2017-05-15 17:53:53,328 [2180038]   WARN - CPPImporter.plugin.UpdatePreview - Execute intention KeepAsFeature 
2017-05-15 17:53:53,333 [2180043]   WARN - CPPImporter.plugin.IntentionExecutor - indexOf node 0 
2017-05-15 17:53:53,336 [2180046]   WARN - CPPImporter.plugin.UpdatePreview - Execute intention KeepAsFeature 
2017-05-15 17:53:53,341 [2180051]   WARN - CPPImporter.plugin.IntentionExecutor - indexOf node 0 
2017-05-15 17:53:53,343 [2180053]   WARN - CPPImporter.plugin.UpdatePreview - Execute intention Remove 
2017-05-15 17:53:53,353 [2180063]   WARN - CPPImporter.plugin.UpdatePreview - Execute intention Keep 
2017-05-15 17:53:53,355 [2180065]   WARN - CPPImporter.plugin.IntentionExecutor - indexOf node 0 
2017-05-15 17:53:53,357 [2180067]   WARN - CPPImporter.plugin.UpdatePreview - Execute intention Keep 
2017-05-15 17:53:53,374 [2180084]   INFO - CPPImporter.plugin.IntentionExecutor - !defined(FORK)isComplexCondition false 
2017-05-15 17:53:53,374 [2180084]   WARN - CPPImporter.plugin.IntentionExecutor - indexOf node 0 
2017-05-15 17:53:53,376 [2180086]   WARN - CPPImporter.plugin.UpdatePreview - Execute intention Keep 
2017-05-15 17:53:53,378 [2180088]   INFO - CPPImporter.plugin.IntentionExecutor - defined(FEAT_CMDL_COMPL)isComplexCondition false 
2017-05-15 17:53:53,378 [2180088]   WARN - CPPImporter.plugin.IntentionExecutor - indexOf node 0 
2017-05-15 17:53:53,383 [2180093]   WARN - CPPImporter.plugin.UpdatePreview - Execute intention Keep 
2017-05-15 17:53:53,384 [2180094]   INFO - CPPImporter.plugin.IntentionExecutor - defined(FEAT_CMDHIST)isComplexCondition false 
2017-05-15 17:53:53,384 [2180094]   WARN - CPPImporter.plugin.IntentionExecutor - indexOf node 0 
2017-05-15 17:53:53,385 [2180095]   WARN - CPPImporter.plugin.UpdatePreview - Execute intention Keep 
2017-05-15 17:53:53,395 [2180105]   WARN - CPPImporter.plugin.IntentionExecutor - indexOf node 0 
2017-05-15 17:53:53,507 [2180217]   WARN - CPPLanguage.editor.IntentionContainer_Editor - Show 0 intentions. 
2017-05-15 17:54:26,702 [2213412]   INFO - CPPImporter.plugin.Export_Action - [LOG] Export to /home/group2/results/integrated-vim.c 
2017-05-15 17:54:53,548 [2240258]   INFO - CPPImporter.plugin.Export_Action - [LOG] Export to /home/group2/results/integrated-vim.c 
2017-05-15 17:55:06,276 [2252986]   INFO - jetbrains.mps.extapi.model.EditableSModelBase - Saving model Examples.Imported2 
2017-05-15 17:55:06,372 [2253082]   INFO - jetbrains.mps.smodel.MPSModuleRepository - Saving of the repository took 0.096 s 
2017-05-15 17:55:15,887 [2262597]   INFO - jetbrains.mps.smodel.MPSModuleRepository - Saving of the repository took 0.001 s 
2017-05-15 18:01:22,733 [2629443]   INFO - jetbrains.mps.smodel.MPSModuleRepository - Saving of the repository took 0.001 s 
2017-05-15 18:01:23,044 [2629754]   INFO - jetbrains.mps.plugins.PluginLoaderRegistry - Running Update Task : loaders [toLoad: 0; toUnload:1]; contributors : [toLoad: 0; toUnload:0]; Thread[AWT-EventQueue-0 3.4.4#MPS-162.2317 MPS, eap:false, os:Linux 4.8.0-49-generic, java-version:Oracle Corporation 1.8.0_121-8u121-b13-0ubuntu1.16.04.2-b13,6,main] 
2017-05-15 18:01:23,091 [2629801]   INFO - jetbrains.mps.plugins.PluginLoaderRegistry - Unloading of 145 plugins took 0.043 s 
2017-05-15 18:01:23,094 [2629804]   INFO - jetbrains.mps.project.ProjectBase - Project 'CPPLanguage' is closing 
2017-05-15 18:01:23,239 [2629949]   INFO - jetbrains.mps.classloading.ModuleUpdater - Classloading refresh took 0.039 s 
2017-05-15 18:01:23,244 [2629954]   INFO - jetbrains.mps.classloading.ModulesWatcher - 0 modules are marked as invalid roots for class loading out of 297 modules [totally in the repository] 
2017-05-15 18:01:23,245 [2629955]   INFO - jetbrains.mps.classloading.ModulesWatcher - Totally 0 modules are marked invalid for class loading 
2017-05-15 18:01:23,487 [2630197]   INFO - jetbrains.mps.classloading.ModuleUpdater - Classloading refresh took 0.095 s 
2017-05-15 18:01:23,490 [2630200]   INFO - jetbrains.mps.classloading.ModulesWatcher - 0 modules are marked as invalid roots for class loading out of 296 modules [totally in the repository] 
2017-05-15 18:01:23,496 [2630206]   INFO - jetbrains.mps.classloading.ModulesWatcher - Totally 0 modules are marked invalid for class loading 
2017-05-15 18:01:23,589 [2630299]   INFO - jetbrains.mps.classloading.ModuleUpdater - Classloading refresh took 0.043 s 
2017-05-15 18:01:23,596 [2630306]   INFO - jetbrains.mps.classloading.ModulesWatcher - 0 modules are marked as invalid roots for class loading out of 295 modules [totally in the repository] 
2017-05-15 18:01:23,599 [2630309]   INFO - jetbrains.mps.classloading.ModulesWatcher - Totally 0 modules are marked invalid for class loading 
2017-05-15 18:01:23,638 [2630348]   INFO - jetbrains.mps.library.LibraryInitializer - Removing libraries from ProjectLibraryManager 
2017-05-15 18:01:23,654 [2630364]   INFO - #org.jetbrains.io.BuiltInServer - web server stopped 
2017-05-15 18:01:23,732 [2630442]   INFO - jetbrains.mps.library.LibraryInitializer - Removing libraries from AdditionalLibrariesManager 
2017-05-15 18:01:23,737 [2630447]   INFO - jetbrains.mps.library.LibraryInitializer - Removing libraries from PluginLibraryContributor 
2017-05-15 18:01:23,738 [2630448]   INFO - jetbrains.mps.library.LibraryInitializer - Removing libraries from BootstrapLibraryContributor 
2017-05-15 18:01:23,749 [2630459]   INFO - jetbrains.mps.library.LibraryInitializer - Unloading 112 libraries 
2017-05-15 18:01:24,294 [2631004]   INFO - jetbrains.mps.library.LibraryInitializer - Library update is finished 
2017-05-15 18:01:24,384 [2631094]   INFO - jetbrains.mps.classloading.ModuleUpdater - Classloading refresh took 0.012 s 
2017-05-15 18:01:24,389 [2631099]   INFO - jetbrains.mps.classloading.ModulesWatcher - 0 modules are marked as invalid roots for class loading out of 0 modules [totally in the repository] 
2017-05-15 18:01:24,390 [2631100]   INFO - jetbrains.mps.classloading.ModulesWatcher - Totally 0 modules are marked invalid for class loading 
2017-05-15 18:01:24,469 [2631179]   INFO - #org.jetbrains.io.BuiltInServer - web server stopped 
