2017-05-04 17:13:04,427 [ 508525]   INFO - CPPImporter.plugin.ArrangeViews_Action - [LOG] Arrange Views
2017-05-04 17:14:34,980 [ 599078]   INFO - CPPImporter.plugin.Keep_Action - [LOG] Intention Keep for 1 nodes. 
2017-05-04 17:14:34,983 [ 599081]   INFO - CPPImporter.plugin.Keep_Action - [LOG] View of Keep Intention is default 
2017-05-04 17:14:34,984 [ 599082]   INFO - CPPImporter.plugin.Keep_Action - Propose anti Intention for else branch 
2017-05-04 17:14:52,962 [ 617060]   INFO - CPPImporter.plugin.Keep_Action - [LOG] No anti intention 
2017-05-04 17:14:52,962 [ 617060]   INFO - CPPImporter.plugin.Keep_Action - Update Preview 
2017-05-04 17:14:52,965 [ 617063]   INFO - CPPImporter.plugin.UpdatePreview - Initialize future model 
2017-05-04 17:14:52,966 [ 617064]   INFO - CPPImporter.plugin.UpdatePreview - Create node mapping 
2017-05-04 17:14:52,966 [ 617064]   INFO - CPPImporter.plugin.UpdatePreview - Node mapping done 
2017-05-04 17:14:52,972 [ 617070]   WARN - CPPImporter.plugin.UpdatePreview - Execute intention Keep 
2017-05-04 17:14:52,979 [ 617077]   WARN - CPPImporter.plugin.IntentionExecutor - indexOf node 0 
2017-05-04 17:14:53,011 [ 617109]   WARN - CPPLanguage.editor.IntentionContainer_Editor - Show 1 intentions. 
2017-05-04 17:15:07,768 [ 631866]   INFO - CPPImporter.plugin.Keep_Action - [LOG] Intention Keep for 1 nodes. 
2017-05-04 17:15:07,768 [ 631866]   INFO - CPPImporter.plugin.Keep_Action - [LOG] View of Keep Intention is default 
2017-05-04 17:15:07,769 [ 631867]   INFO - CPPImporter.plugin.Keep_Action - Propose anti Intention for else branch 
2017-05-04 17:15:08,640 [ 632738]   INFO - CPPImporter.plugin.Keep_Action - [LOG] Add anti intention 
2017-05-04 17:15:08,641 [ 632739]   INFO - CPPImporter.plugin.Keep_Action - [LOG] Add anti intention 
2017-05-04 17:15:08,641 [ 632739]   INFO - CPPImporter.plugin.Keep_Action - Update Preview 
2017-05-04 17:15:08,641 [ 632739]   INFO - CPPImporter.plugin.UpdatePreview - Initialize future model 
2017-05-04 17:15:08,641 [ 632739]   INFO - CPPImporter.plugin.UpdatePreview - Create node mapping 
2017-05-04 17:15:08,641 [ 632739]   INFO - CPPImporter.plugin.UpdatePreview - Node mapping done 
2017-05-04 17:15:08,642 [ 632740]   WARN - CPPImporter.plugin.UpdatePreview - Execute intention Keep 
2017-05-04 17:15:08,647 [ 632745]   WARN - CPPImporter.plugin.IntentionExecutor - indexOf node 0 
2017-05-04 17:15:08,649 [ 632747]   WARN - CPPImporter.plugin.UpdatePreview - Execute intention Remove 
2017-05-04 17:15:08,650 [ 632748]   WARN - CPPImporter.plugin.UpdatePreview - Execute intention Remove 
2017-05-04 17:15:08,726 [ 632824]   WARN - CPPLanguage.editor.IntentionContainer_Editor - Show 3 intentions. 
2017-05-04 17:15:28,537 [ 652635]   INFO - CPPImporter.plugin.Remove_Action - [LOG] Remove Intention for 1 nodes. 
2017-05-04 17:15:28,765 [ 652863]   INFO - CPPImporter.plugin.Remove_Action - [LOG] View of Keep Intention is default 
2017-05-04 17:15:28,783 [ 652881]   INFO - CPPImporter.plugin.Remove_Action - No automatic anti Intention, branch is not completly selected 
2017-05-04 17:15:28,783 [ 652881]   INFO - CPPImporter.plugin.UpdatePreview - Initialize future model 
2017-05-04 17:15:28,783 [ 652881]   INFO - CPPImporter.plugin.UpdatePreview - Create node mapping 
2017-05-04 17:15:28,784 [ 652882]   INFO - CPPImporter.plugin.UpdatePreview - Node mapping done 
2017-05-04 17:15:28,784 [ 652882]   WARN - CPPImporter.plugin.UpdatePreview - Execute intention Remove 
2017-05-04 17:15:28,807 [ 652905]   WARN - CPPLanguage.editor.IntentionContainer_Editor - Show 1 intentions. 
2017-05-04 17:15:46,248 [ 670346]   INFO - CPPImporter.plugin.Keep_Action - [LOG] Intention Keep for 1 nodes. 
2017-05-04 17:15:46,248 [ 670346]   INFO - CPPImporter.plugin.Keep_Action - [LOG] View of Keep Intention is default 
2017-05-04 17:15:46,249 [ 670347]   INFO - CPPImporter.plugin.Keep_Action - No automatic anti Intention, branch is not completly selected 
2017-05-04 17:15:46,249 [ 670347]   INFO - CPPImporter.plugin.Keep_Action - Update Preview 
2017-05-04 17:15:46,249 [ 670347]   INFO - CPPImporter.plugin.UpdatePreview - Initialize future model 
2017-05-04 17:15:46,249 [ 670347]   INFO - CPPImporter.plugin.UpdatePreview - Create node mapping 
2017-05-04 17:15:46,249 [ 670347]   INFO - CPPImporter.plugin.UpdatePreview - Node mapping done 
2017-05-04 17:15:46,262 [ 670360]   WARN - CPPImporter.plugin.UpdatePreview - Execute intention Keep 
2017-05-04 17:15:46,263 [ 670361]   WARN - CPPImporter.plugin.IntentionExecutor - indexOf node 0 
2017-05-04 17:15:46,264 [ 670362]   WARN - CPPImporter.plugin.UpdatePreview - Execute intention Remove 
2017-05-04 17:15:46,271 [ 670369]   WARN - CPPLanguage.editor.IntentionContainer_Editor - Show 2 intentions. 
2017-05-04 17:16:01,296 [ 685394]   INFO - CPPImporter.plugin.Keep_Action - [LOG] Intention Keep for 1 nodes. 
2017-05-04 17:16:01,296 [ 685394]   INFO - CPPImporter.plugin.Keep_Action - [LOG] View of Keep Intention is default 
2017-05-04 17:16:01,297 [ 685395]   INFO - CPPImporter.plugin.Keep_Action - Propose anti Intention for else branch 
2017-05-04 17:16:02,882 [ 686980]   INFO - CPPImporter.plugin.Keep_Action - [LOG] Add anti intention 
2017-05-04 17:16:02,883 [ 686981]   INFO - CPPImporter.plugin.Keep_Action - [LOG] Add anti intention 
2017-05-04 17:16:02,883 [ 686981]  ERROR - #com.intellij.ide.impl.DataManagerImpl - cannot share data context between Swing events; initial event count = 45569; current event count = 45635 
java.lang.Throwable
	at com.intellij.openapi.diagnostic.Logger.error(Logger.java:127)
	at com.intellij.ide.impl.DataManagerImpl$MyDataContext.getData(DataManagerImpl.java:356)
	at com.intellij.openapi.actionSystem.DataContext.getData(DataContext.java:59)
	at com.intellij.openapi.actionSystem.AnActionEvent.getData(AnActionEvent.java:165)
	at CPPImporter.plugin.Keep_Action.doExecute(Keep_Action.java:189)
	at jetbrains.mps.workbench.action.BaseAction$2.run(BaseAction.java:145)
	at jetbrains.mps.smodel.WorkbenchModelAccess$CommandRunnable$1.run(WorkbenchModelAccess.java:632)
	at jetbrains.mps.smodel.WriteActionDispatcher.run(WriteActionDispatcher.java:39)
	at jetbrains.mps.smodel.WorkbenchModelAccess$3.run(WorkbenchModelAccess.java:136)
	at com.intellij.openapi.application.impl.ApplicationImpl.runWriteAction(ApplicationImpl.java:898)
	at jetbrains.mps.smodel.WorkbenchModelAccess.runWriteAction(WorkbenchModelAccess.java:145)
	at jetbrains.mps.smodel.WorkbenchModelAccess$CommandRunnable.run(WorkbenchModelAccess.java:627)
	at com.intellij.openapi.command.impl.CoreCommandProcessor.executeCommand(CoreCommandProcessor.java:129)
	at com.intellij.openapi.command.impl.CoreCommandProcessor.executeCommand(CoreCommandProcessor.java:100)
	at jetbrains.mps.smodel.WorkbenchModelAccess.runWriteActionInCommand(WorkbenchModelAccess.java:440)
	at jetbrains.mps.smodel.WorkbenchModelAccess.executeCommand(WorkbenchModelAccess.java:403)
	at jetbrains.mps.project.ProjectModelAccess.executeCommand(ProjectModelAccess.java:43)
	at jetbrains.mps.workbench.action.BaseAction.actionPerformed(BaseAction.java:160)
	at com.intellij.openapi.actionSystem.ex.ActionUtil$1.run(ActionUtil.java:197)
	at com.intellij.openapi.application.TransactionGuardImpl.runSyncTransaction(TransactionGuardImpl.java:88)
	at com.intellij.openapi.application.TransactionGuardImpl.submitTransactionAndWait(TransactionGuardImpl.java:156)
	at com.intellij.openapi.actionSystem.ex.ActionUtil.performActionDumbAware(ActionUtil.java:211)
	at com.intellij.openapi.keymap.impl.IdeKeyEventDispatcher$1.performAction(IdeKeyEventDispatcher.java:587)
	at com.intellij.openapi.keymap.impl.IdeKeyEventDispatcher.lambda$processAction$132(IdeKeyEventDispatcher.java:634)
	at com.intellij.openapi.application.TransactionGuardImpl.performUserActivity(TransactionGuardImpl.java:199)
	at com.intellij.openapi.keymap.impl.IdeKeyEventDispatcher.processAction(IdeKeyEventDispatcher.java:633)
	at com.intellij.openapi.keymap.impl.IdeKeyEventDispatcher.inInitState(IdeKeyEventDispatcher.java:477)
	at com.intellij.openapi.keymap.impl.IdeKeyEventDispatcher.dispatchKeyEvent(IdeKeyEventDispatcher.java:211)
	at com.intellij.ide.IdeEventQueue._dispatchEvent(IdeEventQueue.java:609)
	at com.intellij.ide.IdeEventQueue.dispatchEvent(IdeEventQueue.java:387)
	at java.awt.EventDispatchThread.pumpOneEventForFilters(EventDispatchThread.java:201)
	at java.awt.EventDispatchThread.pumpEventsForFilter(EventDispatchThread.java:116)
	at java.awt.EventDispatchThread.pumpEventsForHierarchy(EventDispatchThread.java:105)
	at java.awt.EventDispatchThread.pumpEvents(EventDispatchThread.java:101)
	at java.awt.EventDispatchThread.pumpEvents(EventDispatchThread.java:93)
	at java.awt.EventDispatchThread.run(EventDispatchThread.java:82)
2017-05-04 17:16:02,892 [ 686990]  ERROR - #com.intellij.ide.impl.DataManagerImpl - JetBrains MPS 3.4.4  Build #MPS-162.2317 
2017-05-04 17:16:02,892 [ 686990]  ERROR - #com.intellij.ide.impl.DataManagerImpl - JDK: 1.8.0_121 
2017-05-04 17:16:02,892 [ 686990]  ERROR - #com.intellij.ide.impl.DataManagerImpl - VM: OpenJDK 64-Bit Server VM 
2017-05-04 17:16:02,892 [ 686990]  ERROR - #com.intellij.ide.impl.DataManagerImpl - Vendor: Oracle Corporation 
2017-05-04 17:16:02,892 [ 686990]  ERROR - #com.intellij.ide.impl.DataManagerImpl - OS: Linux 
2017-05-04 17:16:02,892 [ 686990]  ERROR - #com.intellij.ide.impl.DataManagerImpl - Last Action: CPPImporter.plugin.Keep_Action 
2017-05-04 17:16:02,892 [ 686990]  ERROR - #com.intellij.ide.impl.DataManagerImpl - Current Command: Keep Intention 
2017-05-04 17:16:02,892 [ 686990]   INFO - CPPImporter.plugin.Keep_Action - Update Preview 
2017-05-04 17:16:02,892 [ 686990]   INFO - CPPImporter.plugin.UpdatePreview - Initialize future model 
2017-05-04 17:16:02,893 [ 686991]   INFO - CPPImporter.plugin.UpdatePreview - Create node mapping 
2017-05-04 17:16:02,893 [ 686991]   INFO - CPPImporter.plugin.UpdatePreview - Node mapping done 
2017-05-04 17:16:02,898 [ 686996]   WARN - CPPImporter.plugin.UpdatePreview - Execute intention Keep 
2017-05-04 17:16:02,902 [ 687000]   WARN - CPPImporter.plugin.IntentionExecutor - indexOf node 0 
2017-05-04 17:16:02,903 [ 687001]   WARN - CPPImporter.plugin.UpdatePreview - Execute intention Keep 
2017-05-04 17:16:02,904 [ 687002]   WARN - CPPImporter.plugin.IntentionExecutor - indexOf node 0 
2017-05-04 17:16:02,919 [ 687017]   WARN - CPPImporter.plugin.UpdatePreview - Execute intention Remove 
2017-05-04 17:16:02,923 [ 687021]   WARN - CPPImporter.plugin.UpdatePreview - Execute intention Remove 
2017-05-04 17:16:02,928 [ 687026]   WARN - CPPImporter.plugin.UpdatePreview - Execute intention Remove 
2017-05-04 17:16:02,990 [ 687088]   WARN - CPPLanguage.editor.IntentionContainer_Editor - Show 5 intentions. 
2017-05-04 17:16:04,244 [ 688342]   WARN - CPPLanguage.editor.IntentionContainer_Editor - Show 2 intentions. 
2017-05-04 17:16:05,910 [ 690008]   INFO - CPPImporter.plugin.Keep_Action - [LOG] Intention Keep for 1 nodes. 
2017-05-04 17:16:05,910 [ 690008]   INFO - CPPImporter.plugin.Keep_Action - [LOG] View of Keep Intention is default 
2017-05-04 17:16:05,915 [ 690013]   INFO - CPPImporter.plugin.Keep_Action - Propose anti Intention for else branch 
2017-05-04 17:16:08,164 [ 692262]   INFO - CPPImporter.plugin.Keep_Action - [LOG] No anti intention 
2017-05-04 17:16:08,164 [ 692262]  ERROR - #com.intellij.ide.impl.DataManagerImpl - cannot share data context between Swing events; initial event count = 45859; current event count = 45990 
java.lang.Throwable
	at com.intellij.openapi.diagnostic.Logger.error(Logger.java:127)
	at com.intellij.ide.impl.DataManagerImpl$MyDataContext.getData(DataManagerImpl.java:356)
	at com.intellij.openapi.actionSystem.DataContext.getData(DataContext.java:59)
	at com.intellij.openapi.actionSystem.AnActionEvent.getData(AnActionEvent.java:165)
	at CPPImporter.plugin.Keep_Action.doExecute(Keep_Action.java:189)
	at jetbrains.mps.workbench.action.BaseAction$2.run(BaseAction.java:145)
	at jetbrains.mps.smodel.WorkbenchModelAccess$CommandRunnable$1.run(WorkbenchModelAccess.java:632)
	at jetbrains.mps.smodel.WriteActionDispatcher.run(WriteActionDispatcher.java:39)
	at jetbrains.mps.smodel.WorkbenchModelAccess$3.run(WorkbenchModelAccess.java:136)
	at com.intellij.openapi.application.impl.ApplicationImpl.runWriteAction(ApplicationImpl.java:898)
	at jetbrains.mps.smodel.WorkbenchModelAccess.runWriteAction(WorkbenchModelAccess.java:145)
	at jetbrains.mps.smodel.WorkbenchModelAccess$CommandRunnable.run(WorkbenchModelAccess.java:627)
	at com.intellij.openapi.command.impl.CoreCommandProcessor.executeCommand(CoreCommandProcessor.java:129)
	at com.intellij.openapi.command.impl.CoreCommandProcessor.executeCommand(CoreCommandProcessor.java:100)
	at jetbrains.mps.smodel.WorkbenchModelAccess.runWriteActionInCommand(WorkbenchModelAccess.java:440)
	at jetbrains.mps.smodel.WorkbenchModelAccess.executeCommand(WorkbenchModelAccess.java:403)
	at jetbrains.mps.project.ProjectModelAccess.executeCommand(ProjectModelAccess.java:43)
	at jetbrains.mps.workbench.action.BaseAction.actionPerformed(BaseAction.java:160)
	at com.intellij.openapi.actionSystem.ex.ActionUtil$1.run(ActionUtil.java:197)
	at com.intellij.openapi.application.TransactionGuardImpl.runSyncTransaction(TransactionGuardImpl.java:88)
	at com.intellij.openapi.application.TransactionGuardImpl.submitTransactionAndWait(TransactionGuardImpl.java:156)
	at com.intellij.openapi.actionSystem.ex.ActionUtil.performActionDumbAware(ActionUtil.java:211)
	at com.intellij.openapi.keymap.impl.IdeKeyEventDispatcher$1.performAction(IdeKeyEventDispatcher.java:587)
	at com.intellij.openapi.keymap.impl.IdeKeyEventDispatcher.lambda$processAction$132(IdeKeyEventDispatcher.java:634)
	at com.intellij.openapi.application.TransactionGuardImpl.performUserActivity(TransactionGuardImpl.java:199)
	at com.intellij.openapi.keymap.impl.IdeKeyEventDispatcher.processAction(IdeKeyEventDispatcher.java:633)
	at com.intellij.openapi.keymap.impl.IdeKeyEventDispatcher.inInitState(IdeKeyEventDispatcher.java:477)
	at com.intellij.openapi.keymap.impl.IdeKeyEventDispatcher.dispatchKeyEvent(IdeKeyEventDispatcher.java:211)
	at com.intellij.ide.IdeEventQueue._dispatchEvent(IdeEventQueue.java:609)
	at com.intellij.ide.IdeEventQueue.dispatchEvent(IdeEventQueue.java:387)
	at java.awt.EventDispatchThread.pumpOneEventForFilters(EventDispatchThread.java:201)
	at java.awt.EventDispatchThread.pumpEventsForFilter(EventDispatchThread.java:116)
	at java.awt.EventDispatchThread.pumpEventsForHierarchy(EventDispatchThread.java:105)
	at java.awt.EventDispatchThread.pumpEvents(EventDispatchThread.java:101)
	at java.awt.EventDispatchThread.pumpEvents(EventDispatchThread.java:93)
	at java.awt.EventDispatchThread.run(EventDispatchThread.java:82)
2017-05-04 17:16:08,171 [ 692269]  ERROR - #com.intellij.ide.impl.DataManagerImpl - JetBrains MPS 3.4.4  Build #MPS-162.2317 
2017-05-04 17:16:08,171 [ 692269]  ERROR - #com.intellij.ide.impl.DataManagerImpl - JDK: 1.8.0_121 
2017-05-04 17:16:08,171 [ 692269]  ERROR - #com.intellij.ide.impl.DataManagerImpl - VM: OpenJDK 64-Bit Server VM 
2017-05-04 17:16:08,171 [ 692269]  ERROR - #com.intellij.ide.impl.DataManagerImpl - Vendor: Oracle Corporation 
2017-05-04 17:16:08,171 [ 692269]  ERROR - #com.intellij.ide.impl.DataManagerImpl - OS: Linux 
2017-05-04 17:16:08,171 [ 692269]  ERROR - #com.intellij.ide.impl.DataManagerImpl - Last Action: CPPImporter.plugin.Keep_Action 
2017-05-04 17:16:08,171 [ 692269]  ERROR - #com.intellij.ide.impl.DataManagerImpl - Current Command: Keep Intention 
2017-05-04 17:16:08,172 [ 692270]   INFO - CPPImporter.plugin.Keep_Action - Update Preview 
2017-05-04 17:16:08,172 [ 692270]   INFO - CPPImporter.plugin.UpdatePreview - Initialize future model 
2017-05-04 17:16:08,172 [ 692270]   INFO - CPPImporter.plugin.UpdatePreview - Create node mapping 
2017-05-04 17:16:08,172 [ 692270]   INFO - CPPImporter.plugin.UpdatePreview - Node mapping done 
2017-05-04 17:16:08,175 [ 692273]   WARN - CPPImporter.plugin.UpdatePreview - Execute intention Keep 
2017-05-04 17:16:08,176 [ 692274]   WARN - CPPImporter.plugin.IntentionExecutor - indexOf node 0 
2017-05-04 17:16:08,176 [ 692274]   WARN - CPPImporter.plugin.UpdatePreview - Execute intention Keep 
2017-05-04 17:16:08,176 [ 692274]   WARN - CPPImporter.plugin.IntentionExecutor - indexOf node 0 
2017-05-04 17:16:08,176 [ 692274]   WARN - CPPImporter.plugin.UpdatePreview - Execute intention Remove 
2017-05-04 17:16:08,196 [ 692294]   WARN - CPPLanguage.editor.IntentionContainer_Editor - Show 3 intentions. 
2017-05-04 17:17:21,053 [ 765151]   INFO - CPPImporter.plugin.Keep_Action - [LOG] Intention Keep for 1 nodes. 
2017-05-04 17:17:21,053 [ 765151]   INFO - CPPImporter.plugin.Keep_Action - [LOG] View of Keep Intention is default 
2017-05-04 17:17:21,066 [ 765164]   INFO - CPPImporter.plugin.Keep_Action - No automatic anti Intention, branch is not completly selected 
2017-05-04 17:17:21,067 [ 765165]   INFO - CPPImporter.plugin.Keep_Action - Update Preview 
2017-05-04 17:17:21,067 [ 765165]   INFO - CPPImporter.plugin.UpdatePreview - Initialize future model 
2017-05-04 17:17:21,067 [ 765165]   INFO - CPPImporter.plugin.UpdatePreview - Create node mapping 
2017-05-04 17:17:21,082 [ 765180]   INFO - CPPImporter.plugin.UpdatePreview - Node mapping done 
2017-05-04 17:17:21,083 [ 765181]   WARN - CPPImporter.plugin.UpdatePreview - Execute intention Keep 
2017-05-04 17:17:21,090 [ 765188]   WARN - CPPImporter.plugin.IntentionExecutor - indexOf node 0 
2017-05-04 17:17:21,091 [ 765189]   WARN - CPPImporter.plugin.UpdatePreview - Execute intention Keep 
2017-05-04 17:17:21,091 [ 765189]   WARN - CPPImporter.plugin.IntentionExecutor - indexOf node 0 
2017-05-04 17:17:21,092 [ 765190]   WARN - CPPImporter.plugin.UpdatePreview - Execute intention Remove 
2017-05-04 17:17:21,092 [ 765190]   WARN - CPPImporter.plugin.UpdatePreview - Execute intention Keep 
2017-05-04 17:17:21,092 [ 765190]   WARN - CPPImporter.plugin.IntentionExecutor - indexOf node 0 
2017-05-04 17:17:21,171 [ 765269]   WARN - CPPLanguage.editor.IntentionContainer_Editor - Show 4 intentions. 
2017-05-04 17:17:26,372 [ 770470]   INFO - CPPImporter.plugin.Remove_Action - [LOG] Remove Intention for 1 nodes. 
2017-05-04 17:17:26,373 [ 770471]   INFO - CPPImporter.plugin.Remove_Action - [LOG] View of Keep Intention is default 
2017-05-04 17:17:26,376 [ 770474]   INFO - CPPImporter.plugin.Remove_Action - Propose anti Intention for else branch 
2017-05-04 17:17:29,893 [ 773991]  ERROR - #com.intellij.ide.impl.DataManagerImpl - cannot share data context between Swing events; initial event count = 50650; current event count = 50748 
java.lang.Throwable
	at com.intellij.openapi.diagnostic.Logger.error(Logger.java:127)
	at com.intellij.ide.impl.DataManagerImpl$MyDataContext.getData(DataManagerImpl.java:356)
	at com.intellij.openapi.actionSystem.DataContext.getData(DataContext.java:59)
	at com.intellij.openapi.actionSystem.AnActionEvent.getData(AnActionEvent.java:165)
	at CPPImporter.plugin.Remove_Action.doExecute(Remove_Action.java:176)
	at jetbrains.mps.workbench.action.BaseAction$2.run(BaseAction.java:145)
	at jetbrains.mps.smodel.WorkbenchModelAccess$CommandRunnable$1.run(WorkbenchModelAccess.java:632)
	at jetbrains.mps.smodel.WriteActionDispatcher.run(WriteActionDispatcher.java:39)
	at jetbrains.mps.smodel.WorkbenchModelAccess$3.run(WorkbenchModelAccess.java:136)
	at com.intellij.openapi.application.impl.ApplicationImpl.runWriteAction(ApplicationImpl.java:898)
	at jetbrains.mps.smodel.WorkbenchModelAccess.runWriteAction(WorkbenchModelAccess.java:145)
	at jetbrains.mps.smodel.WorkbenchModelAccess$CommandRunnable.run(WorkbenchModelAccess.java:627)
	at com.intellij.openapi.command.impl.CoreCommandProcessor.executeCommand(CoreCommandProcessor.java:129)
	at com.intellij.openapi.command.impl.CoreCommandProcessor.executeCommand(CoreCommandProcessor.java:100)
	at jetbrains.mps.smodel.WorkbenchModelAccess.runWriteActionInCommand(WorkbenchModelAccess.java:440)
	at jetbrains.mps.smodel.WorkbenchModelAccess.executeCommand(WorkbenchModelAccess.java:403)
	at jetbrains.mps.project.ProjectModelAccess.executeCommand(ProjectModelAccess.java:43)
	at jetbrains.mps.workbench.action.BaseAction.actionPerformed(BaseAction.java:160)
	at com.intellij.openapi.actionSystem.ex.ActionUtil$1.run(ActionUtil.java:197)
	at com.intellij.openapi.application.TransactionGuardImpl.runSyncTransaction(TransactionGuardImpl.java:88)
	at com.intellij.openapi.application.TransactionGuardImpl.submitTransactionAndWait(TransactionGuardImpl.java:156)
	at com.intellij.openapi.actionSystem.ex.ActionUtil.performActionDumbAware(ActionUtil.java:211)
	at com.intellij.openapi.keymap.impl.IdeKeyEventDispatcher$1.performAction(IdeKeyEventDispatcher.java:587)
	at com.intellij.openapi.keymap.impl.IdeKeyEventDispatcher.lambda$processAction$132(IdeKeyEventDispatcher.java:634)
	at com.intellij.openapi.application.TransactionGuardImpl.performUserActivity(TransactionGuardImpl.java:199)
	at com.intellij.openapi.keymap.impl.IdeKeyEventDispatcher.processAction(IdeKeyEventDispatcher.java:633)
	at com.intellij.openapi.keymap.impl.IdeKeyEventDispatcher.inInitState(IdeKeyEventDispatcher.java:477)
	at com.intellij.openapi.keymap.impl.IdeKeyEventDispatcher.dispatchKeyEvent(IdeKeyEventDispatcher.java:211)
	at com.intellij.ide.IdeEventQueue._dispatchEvent(IdeEventQueue.java:609)
	at com.intellij.ide.IdeEventQueue.dispatchEvent(IdeEventQueue.java:387)
	at java.awt.EventDispatchThread.pumpOneEventForFilters(EventDispatchThread.java:201)
	at java.awt.EventDispatchThread.pumpEventsForFilter(EventDispatchThread.java:116)
	at java.awt.EventDispatchThread.pumpEventsForHierarchy(EventDispatchThread.java:105)
	at java.awt.EventDispatchThread.pumpEvents(EventDispatchThread.java:101)
	at java.awt.EventDispatchThread.pumpEvents(EventDispatchThread.java:93)
	at java.awt.EventDispatchThread.run(EventDispatchThread.java:82)
2017-05-04 17:17:29,902 [ 774000]  ERROR - #com.intellij.ide.impl.DataManagerImpl - JetBrains MPS 3.4.4  Build #MPS-162.2317 
2017-05-04 17:17:29,902 [ 774000]  ERROR - #com.intellij.ide.impl.DataManagerImpl - JDK: 1.8.0_121 
2017-05-04 17:17:29,902 [ 774000]  ERROR - #com.intellij.ide.impl.DataManagerImpl - VM: OpenJDK 64-Bit Server VM 
2017-05-04 17:17:29,903 [ 774001]  ERROR - #com.intellij.ide.impl.DataManagerImpl - Vendor: Oracle Corporation 
2017-05-04 17:17:29,903 [ 774001]  ERROR - #com.intellij.ide.impl.DataManagerImpl - OS: Linux 
2017-05-04 17:17:29,903 [ 774001]  ERROR - #com.intellij.ide.impl.DataManagerImpl - Last Action: CPPImporter.plugin.Remove_Action 
2017-05-04 17:17:29,903 [ 774001]  ERROR - #com.intellij.ide.impl.DataManagerImpl - Current Command: Remove Intention 
2017-05-04 17:17:29,903 [ 774001]   INFO - CPPImporter.plugin.UpdatePreview - Initialize future model 
2017-05-04 17:17:29,903 [ 774001]   INFO - CPPImporter.plugin.UpdatePreview - Create node mapping 
2017-05-04 17:17:29,903 [ 774001]   INFO - CPPImporter.plugin.UpdatePreview - Node mapping done 
2017-05-04 17:17:29,934 [ 774032]   WARN - CPPImporter.plugin.UpdatePreview - Execute intention Keep 
2017-05-04 17:17:29,942 [ 774040]   WARN - CPPImporter.plugin.IntentionExecutor - indexOf node 0 
2017-05-04 17:17:29,943 [ 774041]   WARN - CPPImporter.plugin.UpdatePreview - Execute intention Keep 
2017-05-04 17:17:29,943 [ 774041]   WARN - CPPImporter.plugin.IntentionExecutor - indexOf node 0 
2017-05-04 17:17:29,944 [ 774042]   WARN - CPPImporter.plugin.UpdatePreview - Execute intention Remove 
2017-05-04 17:17:29,944 [ 774042]   WARN - CPPImporter.plugin.UpdatePreview - Execute intention Keep 
2017-05-04 17:17:29,945 [ 774043]   WARN - CPPImporter.plugin.IntentionExecutor - indexOf node 0 
2017-05-04 17:17:29,946 [ 774044]   WARN - CPPImporter.plugin.UpdatePreview - Execute intention Remove 
2017-05-04 17:17:29,946 [ 774044]   WARN - CPPImporter.plugin.UpdatePreview - Execute intention Keep 
2017-05-04 17:17:29,947 [ 774045]   WARN - CPPImporter.plugin.IntentionExecutor - MakeMandatory: node 0 is not in #if/#ifdef 
2017-05-04 17:17:29,947 [ 774045]   WARN - CPPImporter.plugin.IntentionExecutor - Action MakeMandatory only possible if all selected nodes are within an #if/#ifdef 
2017-05-04 17:17:29,948 [ 774046]  ERROR - CPPImporter.plugin.IntentionExecutor - Failed prerequiste check 
2017-05-04 17:17:29,948 [ 774046]   WARN - CPPImporter.plugin.UpdatePreview - Execute intention Keep 
2017-05-04 17:17:29,948 [ 774046]   WARN - CPPImporter.plugin.IntentionExecutor - indexOf node 0 
2017-05-04 17:17:29,949 [ 774047]   WARN - CPPImporter.plugin.UpdatePreview - Execute intention Keep 
2017-05-04 17:17:29,950 [ 774048]   WARN - CPPImporter.plugin.IntentionExecutor - indexOf node 0 
2017-05-04 17:17:29,959 [ 774057]   WARN - CPPImporter.plugin.UpdatePreview - Execute intention Keep 
2017-05-04 17:17:29,960 [ 774058]   WARN - CPPImporter.plugin.IntentionExecutor - indexOf node 0 
2017-05-04 17:17:29,963 [ 774061]   WARN - CPPImporter.plugin.UpdatePreview - Execute intention Keep 
2017-05-04 17:17:29,989 [ 774087]   WARN - CPPImporter.plugin.IntentionExecutor - indexOf node 0 
2017-05-04 17:17:29,990 [ 774088]   WARN - CPPImporter.plugin.UpdatePreview - Execute intention Keep 
2017-05-04 17:17:30,002 [ 774100]   WARN - CPPImporter.plugin.IntentionExecutor - indexOf node 0 
2017-05-04 17:17:30,004 [ 774102]   WARN - CPPImporter.plugin.UpdatePreview - Execute intention Keep 
2017-05-04 17:17:30,004 [ 774102]   WARN - CPPImporter.plugin.IntentionExecutor - indexOf node 0 
2017-05-04 17:17:30,007 [ 774105]   WARN - CPPImporter.plugin.UpdatePreview - Execute intention Keep 
2017-05-04 17:17:30,008 [ 774106]   WARN - CPPImporter.plugin.IntentionExecutor - indexOf node 0 
2017-05-04 17:17:30,008 [ 774106]   WARN - CPPImporter.plugin.UpdatePreview - Execute intention Keep 
2017-05-04 17:17:30,016 [ 774114]   WARN - CPPImporter.plugin.IntentionExecutor - indexOf node 0 
2017-05-04 17:17:30,058 [ 774156]   WARN - CPPLanguage.editor.IntentionContainer_Editor - Show 14 intentions. 
2017-05-04 17:18:08,979 [ 813077]   INFO - CPPImporter.plugin.KeepAsFeature_Action - [LOG] Intention Keep As Feature for 7 nodes. 
2017-05-04 17:18:25,121 [ 829219]   INFO - CPPImporter.plugin.KeepAsFeature_Action - [LOG] View of Keep Intention is default 
2017-05-04 17:18:25,126 [ 829224]   INFO - CPPImporter.plugin.UpdatePreview - Initialize future model 
2017-05-04 17:18:25,146 [ 829244]   INFO - CPPImporter.plugin.UpdatePreview - Create node mapping 
2017-05-04 17:18:25,146 [ 829244]   INFO - CPPImporter.plugin.UpdatePreview - Node mapping done 
2017-05-04 17:18:25,199 [ 829297]   WARN - CPPImporter.plugin.UpdatePreview - Execute intention Keep 
2017-05-04 17:18:25,201 [ 829299]   WARN - CPPImporter.plugin.IntentionExecutor - indexOf node 0 
2017-05-04 17:18:25,203 [ 829301]   WARN - CPPImporter.plugin.UpdatePreview - Execute intention Keep 
2017-05-04 17:18:25,206 [ 829304]   WARN - CPPImporter.plugin.IntentionExecutor - indexOf node 0 
2017-05-04 17:18:25,213 [ 829311]   WARN - CPPImporter.plugin.UpdatePreview - Execute intention Remove 
2017-05-04 17:18:25,213 [ 829311]   WARN - CPPImporter.plugin.UpdatePreview - Execute intention Keep 
2017-05-04 17:18:25,214 [ 829312]   WARN - CPPImporter.plugin.IntentionExecutor - indexOf node 0 
2017-05-04 17:18:25,218 [ 829316]   WARN - CPPImporter.plugin.UpdatePreview - Execute intention Remove 
2017-05-04 17:18:25,229 [ 829327]   WARN - CPPImporter.plugin.UpdatePreview - Execute intention Keep 
2017-05-04 17:18:25,230 [ 829328]   WARN - CPPImporter.plugin.IntentionExecutor - MakeMandatory: node 0 is not in #if/#ifdef 
2017-05-04 17:18:25,231 [ 829329]   WARN - CPPImporter.plugin.IntentionExecutor - Action MakeMandatory only possible if all selected nodes are within an #if/#ifdef 
2017-05-04 17:18:25,232 [ 829330]  ERROR - CPPImporter.plugin.IntentionExecutor - Failed prerequiste check 
2017-05-04 17:18:25,232 [ 829330]   WARN - CPPImporter.plugin.UpdatePreview - Execute intention Keep 
2017-05-04 17:18:25,232 [ 829330]   WARN - CPPImporter.plugin.IntentionExecutor - indexOf node 0 
2017-05-04 17:18:25,235 [ 829333]   WARN - CPPImporter.plugin.UpdatePreview - Execute intention Keep 
2017-05-04 17:18:25,235 [ 829333]   WARN - CPPImporter.plugin.IntentionExecutor - indexOf node 0 
2017-05-04 17:18:25,239 [ 829337]   WARN - CPPImporter.plugin.UpdatePreview - Execute intention KeepAsFeature 
2017-05-04 17:18:25,239 [ 829337]   WARN - CPPImporter.plugin.IntentionExecutor - MakeMandatory: node 0 is not in #if/#ifdef 
2017-05-04 17:18:25,240 [ 829338]   WARN - CPPImporter.plugin.IntentionExecutor - Action MakeMandatory only possible if all selected nodes are within an #if/#ifdef 
2017-05-04 17:18:25,240 [ 829338]  ERROR - CPPImporter.plugin.IntentionExecutor - Failed prerequiste check 
2017-05-04 17:18:25,240 [ 829338]   WARN - CPPImporter.plugin.UpdatePreview - Execute intention Keep 
2017-05-04 17:18:25,245 [ 829343]   WARN - CPPImporter.plugin.IntentionExecutor - indexOf node 0 
2017-05-04 17:18:25,246 [ 829344]   WARN - CPPImporter.plugin.UpdatePreview - Execute intention KeepAsFeature 
2017-05-04 17:18:25,246 [ 829344]   WARN - CPPImporter.plugin.IntentionExecutor - MakeMandatory: node 0 is not in #if/#ifdef 
2017-05-04 17:18:25,246 [ 829344]   WARN - CPPImporter.plugin.IntentionExecutor - Action MakeMandatory only possible if all selected nodes are within an #if/#ifdef 
2017-05-04 17:18:25,246 [ 829344]  ERROR - CPPImporter.plugin.IntentionExecutor - Failed prerequiste check 
2017-05-04 17:18:25,247 [ 829345]   WARN - CPPImporter.plugin.UpdatePreview - Execute intention Keep 
2017-05-04 17:18:25,247 [ 829345]   WARN - CPPImporter.plugin.IntentionExecutor - indexOf node 0 
2017-05-04 17:18:25,249 [ 829347]   WARN - CPPImporter.plugin.UpdatePreview - Execute intention KeepAsFeature 
2017-05-04 17:18:25,249 [ 829347]   WARN - CPPImporter.plugin.IntentionExecutor - MakeMandatory: node 0 is not in #if/#ifdef 
2017-05-04 17:18:25,250 [ 829348]   WARN - CPPImporter.plugin.IntentionExecutor - Action MakeMandatory only possible if all selected nodes are within an #if/#ifdef 
2017-05-04 17:18:25,250 [ 829348]  ERROR - CPPImporter.plugin.IntentionExecutor - Failed prerequiste check 
2017-05-04 17:18:25,250 [ 829348]   WARN - CPPImporter.plugin.UpdatePreview - Execute intention Keep 
2017-05-04 17:18:25,258 [ 829356]   WARN - CPPImporter.plugin.IntentionExecutor - indexOf node 0 
2017-05-04 17:18:25,261 [ 829359]   WARN - CPPImporter.plugin.UpdatePreview - Execute intention KeepAsFeature 
2017-05-04 17:18:25,262 [ 829360]   WARN - CPPImporter.plugin.IntentionExecutor - MakeMandatory: node 0 is not in #if/#ifdef 
2017-05-04 17:18:25,262 [ 829360]   WARN - CPPImporter.plugin.IntentionExecutor - Action MakeMandatory only possible if all selected nodes are within an #if/#ifdef 
2017-05-04 17:18:25,263 [ 829361]  ERROR - CPPImporter.plugin.IntentionExecutor - Failed prerequiste check 
2017-05-04 17:18:25,263 [ 829361]   WARN - CPPImporter.plugin.UpdatePreview - Execute intention Keep 
2017-05-04 17:18:25,264 [ 829362]   WARN - CPPImporter.plugin.IntentionExecutor - indexOf node 0 
2017-05-04 17:18:25,264 [ 829362]   WARN - CPPImporter.plugin.UpdatePreview - Execute intention KeepAsFeature 
2017-05-04 17:18:25,270 [ 829368]   WARN - CPPImporter.plugin.IntentionExecutor - MakeMandatory: node 0 is not in #if/#ifdef 
2017-05-04 17:18:25,288 [ 829386]   WARN - CPPImporter.plugin.IntentionExecutor - Action MakeMandatory only possible if all selected nodes are within an #if/#ifdef 
2017-05-04 17:18:25,289 [ 829387]  ERROR - CPPImporter.plugin.IntentionExecutor - Failed prerequiste check 
2017-05-04 17:18:25,289 [ 829387]   WARN - CPPImporter.plugin.UpdatePreview - Execute intention Keep 
2017-05-04 17:18:25,290 [ 829388]   WARN - CPPImporter.plugin.IntentionExecutor - indexOf node 0 
2017-05-04 17:18:25,300 [ 829398]   WARN - CPPImporter.plugin.UpdatePreview - Execute intention KeepAsFeature 
2017-05-04 17:18:25,300 [ 829398]   WARN - CPPImporter.plugin.IntentionExecutor - MakeMandatory: node 0 is not in #if/#ifdef 
2017-05-04 17:18:25,301 [ 829399]   WARN - CPPImporter.plugin.IntentionExecutor - Action MakeMandatory only possible if all selected nodes are within an #if/#ifdef 
2017-05-04 17:18:25,301 [ 829399]  ERROR - CPPImporter.plugin.IntentionExecutor - Failed prerequiste check 
2017-05-04 17:18:25,301 [ 829399]   WARN - CPPImporter.plugin.UpdatePreview - Execute intention Keep 
2017-05-04 17:18:25,301 [ 829399]   WARN - CPPImporter.plugin.IntentionExecutor - indexOf node 0 
2017-05-04 17:18:25,302 [ 829400]   WARN - CPPImporter.plugin.UpdatePreview - Execute intention KeepAsFeature 
2017-05-04 17:18:25,302 [ 829400]   WARN - CPPImporter.plugin.IntentionExecutor - MakeMandatory: node 0 is not in #if/#ifdef 
2017-05-04 17:18:25,303 [ 829401]   WARN - CPPImporter.plugin.IntentionExecutor - Action MakeMandatory only possible if all selected nodes are within an #if/#ifdef 
2017-05-04 17:18:25,303 [ 829401]  ERROR - CPPImporter.plugin.IntentionExecutor - Failed prerequiste check 
2017-05-04 17:18:25,316 [ 829414]   WARN - CPPLanguage.editor.IntentionContainer_Editor - Show 21 intentions. 
2017-05-04 17:18:52,665 [ 856763]   WARN - CPPLanguage.editor.IntentionContainer_Editor - Show 14 intentions. 
2017-05-04 17:19:27,146 [ 891244]   INFO - CPPImporter.plugin.KeepAsFeature_Action - [LOG] Intention Keep As Feature for 7 nodes. 
2017-05-04 17:19:41,821 [ 905919]   INFO - CPPImporter.plugin.Remove_Action - [LOG] Remove Intention for 7 nodes. 
2017-05-04 17:19:41,822 [ 905920]   INFO - CPPImporter.plugin.Remove_Action - [LOG] View of Keep Intention is default 
2017-05-04 17:19:41,827 [ 905925]   INFO - CPPImporter.plugin.Remove_Action - No automatic anti Intention, branch is not completly selected 
2017-05-04 17:19:41,828 [ 905926]   INFO - CPPImporter.plugin.UpdatePreview - Initialize future model 
2017-05-04 17:19:41,853 [ 905951]   INFO - CPPImporter.plugin.UpdatePreview - Create node mapping 
2017-05-04 17:19:41,853 [ 905951]   INFO - CPPImporter.plugin.UpdatePreview - Node mapping done 
2017-05-04 17:19:41,860 [ 905958]   WARN - CPPImporter.plugin.UpdatePreview - Execute intention Keep 
2017-05-04 17:19:41,861 [ 905959]   WARN - CPPImporter.plugin.IntentionExecutor - indexOf node 0 
2017-05-04 17:19:41,861 [ 905959]   WARN - CPPImporter.plugin.UpdatePreview - Execute intention Keep 
2017-05-04 17:19:41,862 [ 905960]   WARN - CPPImporter.plugin.IntentionExecutor - indexOf node 0 
2017-05-04 17:19:41,862 [ 905960]   WARN - CPPImporter.plugin.UpdatePreview - Execute intention Remove 
2017-05-04 17:19:41,863 [ 905961]   WARN - CPPImporter.plugin.UpdatePreview - Execute intention Keep 
2017-05-04 17:19:41,863 [ 905961]   WARN - CPPImporter.plugin.IntentionExecutor - indexOf node 0 
2017-05-04 17:19:41,864 [ 905962]   WARN - CPPImporter.plugin.UpdatePreview - Execute intention Remove 
2017-05-04 17:19:41,875 [ 905973]   WARN - CPPImporter.plugin.UpdatePreview - Execute intention Keep 
2017-05-04 17:19:41,876 [ 905974]   WARN - CPPImporter.plugin.IntentionExecutor - MakeMandatory: node 0 is not in #if/#ifdef 
2017-05-04 17:19:41,876 [ 905974]   WARN - CPPImporter.plugin.IntentionExecutor - Action MakeMandatory only possible if all selected nodes are within an #if/#ifdef 
2017-05-04 17:19:41,876 [ 905974]  ERROR - CPPImporter.plugin.IntentionExecutor - Failed prerequiste check 
2017-05-04 17:19:41,876 [ 905974]   WARN - CPPImporter.plugin.UpdatePreview - Execute intention Keep 
2017-05-04 17:19:41,877 [ 905975]   WARN - CPPImporter.plugin.IntentionExecutor - indexOf node 0 
2017-05-04 17:19:41,878 [ 905976]   WARN - CPPImporter.plugin.UpdatePreview - Execute intention Keep 
2017-05-04 17:19:41,878 [ 905976]   WARN - CPPImporter.plugin.IntentionExecutor - indexOf node 0 
2017-05-04 17:19:41,879 [ 905977]   WARN - CPPImporter.plugin.UpdatePreview - Execute intention Remove 
2017-05-04 17:19:41,881 [ 905979]   WARN - CPPImporter.plugin.UpdatePreview - Execute intention Keep 
2017-05-04 17:19:41,881 [ 905979]   WARN - CPPImporter.plugin.IntentionExecutor - indexOf node 0 
2017-05-04 17:19:41,883 [ 905981]   WARN - CPPImporter.plugin.UpdatePreview - Execute intention Remove 
2017-05-04 17:19:41,883 [ 905981]   WARN - CPPImporter.plugin.UpdatePreview - Execute intention Keep 
2017-05-04 17:19:41,884 [ 905982]   WARN - CPPImporter.plugin.IntentionExecutor - indexOf node 0 
2017-05-04 17:19:41,886 [ 905984]   WARN - CPPImporter.plugin.UpdatePreview - Execute intention Remove 
2017-05-04 17:19:41,895 [ 905993]   WARN - CPPImporter.plugin.UpdatePreview - Execute intention Keep 
2017-05-04 17:19:41,896 [ 905994]   WARN - CPPImporter.plugin.IntentionExecutor - indexOf node 0 
2017-05-04 17:19:41,897 [ 905995]   WARN - CPPImporter.plugin.UpdatePreview - Execute intention Remove 
2017-05-04 17:19:41,897 [ 905995]   WARN - CPPImporter.plugin.UpdatePreview - Execute intention Keep 
2017-05-04 17:19:41,898 [ 905996]   WARN - CPPImporter.plugin.IntentionExecutor - indexOf node 0 
2017-05-04 17:19:41,902 [ 906000]   WARN - CPPImporter.plugin.UpdatePreview - Execute intention Remove 
2017-05-04 17:19:41,903 [ 906001]   WARN - CPPImporter.plugin.UpdatePreview - Execute intention Keep 
2017-05-04 17:19:41,904 [ 906002]   WARN - CPPImporter.plugin.IntentionExecutor - indexOf node 0 
2017-05-04 17:19:41,905 [ 906003]   WARN - CPPImporter.plugin.UpdatePreview - Execute intention Remove 
2017-05-04 17:19:41,907 [ 906005]   WARN - CPPImporter.plugin.UpdatePreview - Execute intention Keep 
2017-05-04 17:19:41,908 [ 906006]   WARN - CPPImporter.plugin.IntentionExecutor - indexOf node 0 
2017-05-04 17:19:41,909 [ 906007]   WARN - CPPImporter.plugin.UpdatePreview - Execute intention Remove 
2017-05-04 17:19:41,928 [ 906026]   WARN - CPPLanguage.editor.IntentionContainer_Editor - Show 21 intentions. 
2017-05-04 17:19:45,609 [ 909707]   WARN - CPPLanguage.editor.IntentionContainer_Editor - Show 14 intentions. 
2017-05-04 17:19:46,350 [ 910448]   WARN - CPPLanguage.editor.IntentionContainer_Editor - Show 4 intentions. 
2017-05-04 17:20:07,970 [ 932068]   INFO - CPPImporter.plugin.Remove_Action - [LOG] Remove Intention for 1 nodes. 
2017-05-04 17:20:07,970 [ 932068]   INFO - CPPImporter.plugin.Remove_Action - [LOG] View of Keep Intention is default 
2017-05-04 17:20:07,971 [ 932069]   INFO - CPPImporter.plugin.Remove_Action - Propose anti Intention for else branch 
2017-05-04 17:20:10,093 [ 934191]  ERROR - #com.intellij.ide.impl.DataManagerImpl - cannot share data context between Swing events; initial event count = 61767; current event count = 61844 
java.lang.Throwable
	at com.intellij.openapi.diagnostic.Logger.error(Logger.java:127)
	at com.intellij.ide.impl.DataManagerImpl$MyDataContext.getData(DataManagerImpl.java:356)
	at com.intellij.openapi.actionSystem.DataContext.getData(DataContext.java:59)
	at com.intellij.openapi.actionSystem.AnActionEvent.getData(AnActionEvent.java:165)
	at CPPImporter.plugin.Remove_Action.doExecute(Remove_Action.java:176)
	at jetbrains.mps.workbench.action.BaseAction$2.run(BaseAction.java:145)
	at jetbrains.mps.smodel.WorkbenchModelAccess$CommandRunnable$1.run(WorkbenchModelAccess.java:632)
	at jetbrains.mps.smodel.WriteActionDispatcher.run(WriteActionDispatcher.java:39)
	at jetbrains.mps.smodel.WorkbenchModelAccess$3.run(WorkbenchModelAccess.java:136)
	at com.intellij.openapi.application.impl.ApplicationImpl.runWriteAction(ApplicationImpl.java:898)
	at jetbrains.mps.smodel.WorkbenchModelAccess.runWriteAction(WorkbenchModelAccess.java:145)
	at jetbrains.mps.smodel.WorkbenchModelAccess$CommandRunnable.run(WorkbenchModelAccess.java:627)
	at com.intellij.openapi.command.impl.CoreCommandProcessor.executeCommand(CoreCommandProcessor.java:129)
	at com.intellij.openapi.command.impl.CoreCommandProcessor.executeCommand(CoreCommandProcessor.java:100)
	at jetbrains.mps.smodel.WorkbenchModelAccess.runWriteActionInCommand(WorkbenchModelAccess.java:440)
	at jetbrains.mps.smodel.WorkbenchModelAccess.executeCommand(WorkbenchModelAccess.java:403)
	at jetbrains.mps.project.ProjectModelAccess.executeCommand(ProjectModelAccess.java:43)
	at jetbrains.mps.workbench.action.BaseAction.actionPerformed(BaseAction.java:160)
	at com.intellij.openapi.actionSystem.ex.ActionUtil$1.run(ActionUtil.java:197)
	at com.intellij.openapi.application.TransactionGuardImpl.runSyncTransaction(TransactionGuardImpl.java:88)
	at com.intellij.openapi.application.TransactionGuardImpl.submitTransactionAndWait(TransactionGuardImpl.java:156)
	at com.intellij.openapi.actionSystem.ex.ActionUtil.performActionDumbAware(ActionUtil.java:211)
	at com.intellij.openapi.keymap.impl.IdeKeyEventDispatcher$1.performAction(IdeKeyEventDispatcher.java:587)
	at com.intellij.openapi.keymap.impl.IdeKeyEventDispatcher.lambda$processAction$132(IdeKeyEventDispatcher.java:634)
	at com.intellij.openapi.application.TransactionGuardImpl.performUserActivity(TransactionGuardImpl.java:199)
	at com.intellij.openapi.keymap.impl.IdeKeyEventDispatcher.processAction(IdeKeyEventDispatcher.java:633)
	at com.intellij.openapi.keymap.impl.IdeKeyEventDispatcher.inInitState(IdeKeyEventDispatcher.java:477)
	at com.intellij.openapi.keymap.impl.IdeKeyEventDispatcher.dispatchKeyEvent(IdeKeyEventDispatcher.java:211)
	at com.intellij.ide.IdeEventQueue._dispatchEvent(IdeEventQueue.java:609)
	at com.intellij.ide.IdeEventQueue.dispatchEvent(IdeEventQueue.java:387)
	at java.awt.EventDispatchThread.pumpOneEventForFilters(EventDispatchThread.java:201)
	at java.awt.EventDispatchThread.pumpEventsForFilter(EventDispatchThread.java:116)
	at java.awt.EventDispatchThread.pumpEventsForHierarchy(EventDispatchThread.java:105)
	at java.awt.EventDispatchThread.pumpEvents(EventDispatchThread.java:101)
	at java.awt.EventDispatchThread.pumpEvents(EventDispatchThread.java:93)
	at java.awt.EventDispatchThread.run(EventDispatchThread.java:82)
2017-05-04 17:20:10,116 [ 934214]  ERROR - #com.intellij.ide.impl.DataManagerImpl - JetBrains MPS 3.4.4  Build #MPS-162.2317 
2017-05-04 17:20:10,116 [ 934214]  ERROR - #com.intellij.ide.impl.DataManagerImpl - JDK: 1.8.0_121 
2017-05-04 17:20:10,116 [ 934214]  ERROR - #com.intellij.ide.impl.DataManagerImpl - VM: OpenJDK 64-Bit Server VM 
2017-05-04 17:20:10,116 [ 934214]  ERROR - #com.intellij.ide.impl.DataManagerImpl - Vendor: Oracle Corporation 
2017-05-04 17:20:10,116 [ 934214]  ERROR - #com.intellij.ide.impl.DataManagerImpl - OS: Linux 
2017-05-04 17:20:10,116 [ 934214]  ERROR - #com.intellij.ide.impl.DataManagerImpl - Last Action: CPPImporter.plugin.Remove_Action 
2017-05-04 17:20:10,116 [ 934214]  ERROR - #com.intellij.ide.impl.DataManagerImpl - Current Command: Remove Intention 
2017-05-04 17:20:10,116 [ 934214]   INFO - CPPImporter.plugin.UpdatePreview - Initialize future model 
2017-05-04 17:20:10,120 [ 934218]   INFO - CPPImporter.plugin.UpdatePreview - Create node mapping 
2017-05-04 17:20:10,120 [ 934218]   INFO - CPPImporter.plugin.UpdatePreview - Node mapping done 
2017-05-04 17:20:10,121 [ 934219]   WARN - CPPImporter.plugin.UpdatePreview - Execute intention Keep 
2017-05-04 17:20:10,125 [ 934223]   WARN - CPPImporter.plugin.IntentionExecutor - indexOf node 0 
2017-05-04 17:20:10,127 [ 934225]   WARN - CPPImporter.plugin.UpdatePreview - Execute intention Keep 
2017-05-04 17:20:10,130 [ 934228]   WARN - CPPImporter.plugin.IntentionExecutor - indexOf node 0 
2017-05-04 17:20:10,131 [ 934229]   WARN - CPPImporter.plugin.UpdatePreview - Execute intention Remove 
2017-05-04 17:20:10,134 [ 934232]   WARN - CPPImporter.plugin.UpdatePreview - Execute intention Keep 
2017-05-04 17:20:10,147 [ 934245]   WARN - CPPImporter.plugin.IntentionExecutor - indexOf node 0 
2017-05-04 17:20:10,168 [ 934266]   WARN - CPPImporter.plugin.UpdatePreview - Execute intention Remove 
2017-05-04 17:20:10,170 [ 934268]   WARN - CPPImporter.plugin.UpdatePreview - Execute intention Keep 
2017-05-04 17:20:10,172 [ 934270]   WARN - CPPImporter.plugin.IntentionExecutor - MakeMandatory: node 0 is not in #if/#ifdef 
2017-05-04 17:20:10,172 [ 934270]   WARN - CPPImporter.plugin.IntentionExecutor - Action MakeMandatory only possible if all selected nodes are within an #if/#ifdef 
2017-05-04 17:20:10,173 [ 934271]  ERROR - CPPImporter.plugin.IntentionExecutor - Failed prerequiste check 
2017-05-04 17:20:10,173 [ 934271]   WARN - CPPImporter.plugin.UpdatePreview - Execute intention Keep 
2017-05-04 17:20:10,174 [ 934272]   WARN - CPPImporter.plugin.IntentionExecutor - indexOf node 0 
2017-05-04 17:20:10,181 [ 934279]   WARN - CPPImporter.plugin.UpdatePreview - Execute intention Keep 
2017-05-04 17:20:10,182 [ 934280]   WARN - CPPImporter.plugin.IntentionExecutor - indexOf node 0 
2017-05-04 17:20:10,183 [ 934281]   WARN - CPPImporter.plugin.UpdatePreview - Execute intention Keep 
2017-05-04 17:20:10,196 [ 934294]   WARN - CPPImporter.plugin.IntentionExecutor - indexOf node 0 
2017-05-04 17:20:10,198 [ 934296]   WARN - CPPImporter.plugin.UpdatePreview - Execute intention Keep 
2017-05-04 17:20:10,199 [ 934297]   WARN - CPPImporter.plugin.IntentionExecutor - indexOf node 0 
2017-05-04 17:20:10,200 [ 934298]   WARN - CPPImporter.plugin.UpdatePreview - Execute intention Keep 
2017-05-04 17:20:10,201 [ 934299]   WARN - CPPImporter.plugin.IntentionExecutor - indexOf node 0 
2017-05-04 17:20:10,204 [ 934302]   WARN - CPPImporter.plugin.UpdatePreview - Execute intention Keep 
2017-05-04 17:20:10,204 [ 934302]   WARN - CPPImporter.plugin.IntentionExecutor - indexOf node 0 
2017-05-04 17:20:10,205 [ 934303]   WARN - CPPImporter.plugin.UpdatePreview - Execute intention Keep 
2017-05-04 17:20:10,205 [ 934303]   WARN - CPPImporter.plugin.IntentionExecutor - indexOf node 0 
2017-05-04 17:20:10,206 [ 934304]   WARN - CPPImporter.plugin.UpdatePreview - Execute intention Keep 
2017-05-04 17:20:10,206 [ 934304]   WARN - CPPImporter.plugin.IntentionExecutor - indexOf node 0 
2017-05-04 17:20:10,269 [ 934367]   WARN - CPPLanguage.editor.IntentionContainer_Editor - Show 14 intentions. 
2017-05-04 17:20:26,182 [ 950280]   INFO - CPPImporter.plugin.UndoIntention_Action - [LOG] Un-declare an intention 
2017-05-04 17:20:26,196 [ 950294]   INFO - CPPImporter.plugin.UndoIntention_Action - [LOG] Undeclare Keep of view default 
2017-05-04 17:20:26,196 [ 950294]   INFO - CPPImporter.plugin.UndoIntention_Action - [LOG] Undeclare Keep of view default 
2017-05-04 17:20:26,196 [ 950294]   INFO - CPPImporter.plugin.UndoIntention_Action - [LOG] Undeclare Keep of view default 
2017-05-04 17:20:26,196 [ 950294]   INFO - CPPImporter.plugin.UndoIntention_Action - [LOG] Undeclare Keep of view default 
2017-05-04 17:20:26,196 [ 950294]   INFO - CPPImporter.plugin.UndoIntention_Action - [LOG] Undeclare Keep of view default 
2017-05-04 17:20:26,196 [ 950294]   INFO - CPPImporter.plugin.UndoIntention_Action - [LOG] Undeclare Keep of view default 
2017-05-04 17:20:26,196 [ 950294]   INFO - CPPImporter.plugin.UndoIntention_Action - [LOG] Undeclare Keep of view default 
2017-05-04 17:20:26,206 [ 950304]   INFO - CPPImporter.plugin.UpdatePreview - Initialize future model 
2017-05-04 17:20:26,206 [ 950304]   INFO - CPPImporter.plugin.UpdatePreview - Create node mapping 
2017-05-04 17:20:26,206 [ 950304]   INFO - CPPImporter.plugin.UpdatePreview - Node mapping done 
2017-05-04 17:20:26,222 [ 950320]   WARN - CPPImporter.plugin.UpdatePreview - Execute intention Keep 
2017-05-04 17:20:26,223 [ 950321]   WARN - CPPImporter.plugin.IntentionExecutor - indexOf node 0 
2017-05-04 17:20:26,224 [ 950322]   WARN - CPPImporter.plugin.UpdatePreview - Execute intention Keep 
2017-05-04 17:20:26,224 [ 950322]   WARN - CPPImporter.plugin.IntentionExecutor - indexOf node 0 
2017-05-04 17:20:26,225 [ 950323]   WARN - CPPImporter.plugin.UpdatePreview - Execute intention Remove 
2017-05-04 17:20:26,225 [ 950323]   WARN - CPPImporter.plugin.UpdatePreview - Execute intention Keep 
2017-05-04 17:20:26,226 [ 950324]   WARN - CPPImporter.plugin.IntentionExecutor - indexOf node 0 
2017-05-04 17:20:26,227 [ 950325]   WARN - CPPImporter.plugin.UpdatePreview - Execute intention Remove 
2017-05-04 17:20:26,238 [ 950336]   WARN - CPPImporter.plugin.UpdatePreview - Execute intention Keep 
2017-05-04 17:20:26,239 [ 950337]   WARN - CPPImporter.plugin.IntentionExecutor - MakeMandatory: node 0 is not in #if/#ifdef 
2017-05-04 17:20:26,240 [ 950338]   WARN - CPPImporter.plugin.IntentionExecutor - Action MakeMandatory only possible if all selected nodes are within an #if/#ifdef 
2017-05-04 17:20:26,240 [ 950338]  ERROR - CPPImporter.plugin.IntentionExecutor - Failed prerequiste check 
2017-05-04 17:20:26,241 [ 950339]   WARN - CPPImporter.plugin.UpdatePreview - Execute intention Keep 
2017-05-04 17:20:26,241 [ 950339]   WARN - CPPImporter.plugin.IntentionExecutor - indexOf node 0 
2017-05-04 17:20:26,256 [ 950354]   WARN - CPPLanguage.editor.IntentionContainer_Editor - Show 7 intentions. 
2017-05-04 17:20:32,193 [ 956291]   INFO - CPPImporter.plugin.KeepAsFeature_Action - [LOG] Intention Keep As Feature for 7 nodes. 
2017-05-04 17:20:45,687 [ 969785]   INFO - CPPImporter.plugin.KeepAsFeature_Action - [LOG] View of Keep Intention is default 
2017-05-04 17:20:45,699 [ 969797]   INFO - CPPImporter.plugin.UpdatePreview - Initialize future model 
2017-05-04 17:20:45,699 [ 969797]   INFO - CPPImporter.plugin.UpdatePreview - Create node mapping 
2017-05-04 17:20:45,699 [ 969797]   INFO - CPPImporter.plugin.UpdatePreview - Node mapping done 
2017-05-04 17:20:45,700 [ 969798]   WARN - CPPImporter.plugin.UpdatePreview - Execute intention Keep 
2017-05-04 17:20:45,718 [ 969816]   WARN - CPPImporter.plugin.IntentionExecutor - indexOf node 0 
2017-05-04 17:20:45,719 [ 969817]   WARN - CPPImporter.plugin.UpdatePreview - Execute intention Keep 
2017-05-04 17:20:45,721 [ 969819]   WARN - CPPImporter.plugin.IntentionExecutor - indexOf node 0 
2017-05-04 17:20:45,722 [ 969820]   WARN - CPPImporter.plugin.UpdatePreview - Execute intention Remove 
2017-05-04 17:20:45,730 [ 969828]   WARN - CPPImporter.plugin.UpdatePreview - Execute intention Keep 
2017-05-04 17:20:45,731 [ 969829]   WARN - CPPImporter.plugin.IntentionExecutor - indexOf node 0 
2017-05-04 17:20:45,755 [ 969853]   WARN - CPPImporter.plugin.UpdatePreview - Execute intention Remove 
2017-05-04 17:20:45,756 [ 969854]   WARN - CPPImporter.plugin.UpdatePreview - Execute intention Keep 
2017-05-04 17:20:45,757 [ 969855]   WARN - CPPImporter.plugin.IntentionExecutor - MakeMandatory: node 0 is not in #if/#ifdef 
2017-05-04 17:20:45,757 [ 969855]   WARN - CPPImporter.plugin.IntentionExecutor - Action MakeMandatory only possible if all selected nodes are within an #if/#ifdef 
2017-05-04 17:20:45,757 [ 969855]  ERROR - CPPImporter.plugin.IntentionExecutor - Failed prerequiste check 
2017-05-04 17:20:45,758 [ 969856]   WARN - CPPImporter.plugin.UpdatePreview - Execute intention Keep 
2017-05-04 17:20:45,758 [ 969856]   WARN - CPPImporter.plugin.IntentionExecutor - indexOf node 0 
2017-05-04 17:20:45,759 [ 969857]   WARN - CPPImporter.plugin.UpdatePreview - Execute intention KeepAsFeature 
2017-05-04 17:20:45,759 [ 969857]   WARN - CPPImporter.plugin.IntentionExecutor - indexOf node 0 
2017-05-04 17:20:45,760 [ 969858]   WARN - CPPImporter.plugin.UpdatePreview - Execute intention KeepAsFeature 
2017-05-04 17:20:45,761 [ 969859]   WARN - CPPImporter.plugin.IntentionExecutor - indexOf node 0 
2017-05-04 17:20:45,761 [ 969859]   WARN - CPPImporter.plugin.UpdatePreview - Execute intention KeepAsFeature 
2017-05-04 17:20:45,764 [ 969862]   WARN - CPPImporter.plugin.IntentionExecutor - indexOf node 0 
2017-05-04 17:20:45,766 [ 969864]   WARN - CPPImporter.plugin.UpdatePreview - Execute intention KeepAsFeature 
2017-05-04 17:20:45,769 [ 969867]   WARN - CPPImporter.plugin.IntentionExecutor - indexOf node 0 
2017-05-04 17:20:45,770 [ 969868]   WARN - CPPImporter.plugin.UpdatePreview - Execute intention KeepAsFeature 
2017-05-04 17:20:45,771 [ 969869]   WARN - CPPImporter.plugin.IntentionExecutor - indexOf node 0 
2017-05-04 17:20:45,771 [ 969869]   WARN - CPPImporter.plugin.UpdatePreview - Execute intention KeepAsFeature 
2017-05-04 17:20:45,772 [ 969870]   WARN - CPPImporter.plugin.IntentionExecutor - indexOf node 0 
2017-05-04 17:20:45,772 [ 969870]   WARN - CPPImporter.plugin.UpdatePreview - Execute intention KeepAsFeature 
2017-05-04 17:20:45,773 [ 969871]   WARN - CPPImporter.plugin.IntentionExecutor - indexOf node 0 
2017-05-04 17:20:45,833 [ 969931]   WARN - CPPLanguage.editor.IntentionContainer_Editor - Show 14 intentions. 
2017-05-04 17:22:13,968 [1058066]   INFO - CPPImporter.plugin.Keep_Action - [LOG] Intention Keep for 1 nodes. 
2017-05-04 17:22:13,969 [1058067]   INFO - CPPImporter.plugin.Keep_Action - [LOG] View of Keep Intention is default 
2017-05-04 17:22:13,970 [1058068]   INFO - CPPImporter.plugin.Keep_Action - No automatic anti Intention, branch is not completly selected 
2017-05-04 17:22:13,970 [1058068]   INFO - CPPImporter.plugin.Keep_Action - Update Preview 
2017-05-04 17:22:13,970 [1058068]   INFO - CPPImporter.plugin.UpdatePreview - Initialize future model 
2017-05-04 17:22:13,971 [1058069]   INFO - CPPImporter.plugin.UpdatePreview - Create node mapping 
2017-05-04 17:22:13,971 [1058069]   INFO - CPPImporter.plugin.UpdatePreview - Node mapping done 
2017-05-04 17:22:13,975 [1058073]   WARN - CPPImporter.plugin.UpdatePreview - Execute intention Keep 
2017-05-04 17:22:13,976 [1058074]   WARN - CPPImporter.plugin.IntentionExecutor - indexOf node 0 
2017-05-04 17:22:13,976 [1058074]   WARN - CPPImporter.plugin.UpdatePreview - Execute intention Keep 
2017-05-04 17:22:13,977 [1058075]   WARN - CPPImporter.plugin.IntentionExecutor - indexOf node 0 
2017-05-04 17:22:13,978 [1058076]   WARN - CPPImporter.plugin.UpdatePreview - Execute intention Remove 
2017-05-04 17:22:13,980 [1058078]   WARN - CPPImporter.plugin.UpdatePreview - Execute intention Keep 
2017-05-04 17:22:13,981 [1058079]   WARN - CPPImporter.plugin.IntentionExecutor - indexOf node 0 
2017-05-04 17:22:13,982 [1058080]   WARN - CPPImporter.plugin.UpdatePreview - Execute intention Remove 
2017-05-04 17:22:13,982 [1058080]   WARN - CPPImporter.plugin.UpdatePreview - Execute intention Keep 
2017-05-04 17:22:13,982 [1058080]   WARN - CPPImporter.plugin.IntentionExecutor - MakeMandatory: node 0 is not in #if/#ifdef 
2017-05-04 17:22:13,983 [1058081]   WARN - CPPImporter.plugin.IntentionExecutor - Action MakeMandatory only possible if all selected nodes are within an #if/#ifdef 
2017-05-04 17:22:13,983 [1058081]  ERROR - CPPImporter.plugin.IntentionExecutor - Failed prerequiste check 
2017-05-04 17:22:13,983 [1058081]   WARN - CPPImporter.plugin.UpdatePreview - Execute intention Keep 
2017-05-04 17:22:13,984 [1058082]   WARN - CPPImporter.plugin.IntentionExecutor - indexOf node 0 
2017-05-04 17:22:13,989 [1058087]   WARN - CPPImporter.plugin.UpdatePreview - Execute intention KeepAsFeature 
2017-05-04 17:22:13,989 [1058087]   WARN - CPPImporter.plugin.IntentionExecutor - indexOf node 0 
2017-05-04 17:22:13,990 [1058088]   WARN - CPPImporter.plugin.UpdatePreview - Execute intention KeepAsFeature 
2017-05-04 17:22:13,991 [1058089]   WARN - CPPImporter.plugin.IntentionExecutor - indexOf node 0 
2017-05-04 17:22:13,992 [1058090]   WARN - CPPImporter.plugin.UpdatePreview - Execute intention KeepAsFeature 
2017-05-04 17:22:13,992 [1058090]   WARN - CPPImporter.plugin.IntentionExecutor - indexOf node 0 
2017-05-04 17:22:13,994 [1058092]   WARN - CPPImporter.plugin.UpdatePreview - Execute intention KeepAsFeature 
2017-05-04 17:22:13,996 [1058094]   WARN - CPPImporter.plugin.IntentionExecutor - indexOf node 0 
2017-05-04 17:22:14,002 [1058100]   WARN - CPPImporter.plugin.UpdatePreview - Execute intention KeepAsFeature 
2017-05-04 17:22:14,002 [1058100]   WARN - CPPImporter.plugin.IntentionExecutor - indexOf node 0 
2017-05-04 17:22:14,006 [1058104]   WARN - CPPImporter.plugin.UpdatePreview - Execute intention KeepAsFeature 
2017-05-04 17:22:14,007 [1058105]   WARN - CPPImporter.plugin.IntentionExecutor - indexOf node 0 
2017-05-04 17:22:14,009 [1058107]   WARN - CPPImporter.plugin.UpdatePreview - Execute intention KeepAsFeature 
2017-05-04 17:22:14,009 [1058107]   WARN - CPPImporter.plugin.IntentionExecutor - indexOf node 0 
2017-05-04 17:22:14,010 [1058108]   WARN - CPPImporter.plugin.UpdatePreview - Execute intention Keep 
2017-05-04 17:22:14,010 [1058108]   WARN - CPPImporter.plugin.IntentionExecutor - indexOf node 0 
2017-05-04 17:22:14,021 [1058119]   WARN - CPPLanguage.editor.IntentionContainer_Editor - Show 15 intentions. 
2017-05-04 17:22:34,107 [1078205]   INFO - CPPImporter.plugin.Remove_Action - [LOG] Remove Intention for 1 nodes. 
2017-05-04 17:22:34,107 [1078205]   INFO - CPPImporter.plugin.Remove_Action - [LOG] View of Keep Intention is default 
2017-05-04 17:22:34,116 [1078214]   INFO - CPPImporter.plugin.Remove_Action - No automatic anti Intention, branch is not completly selected 
2017-05-04 17:22:34,116 [1078214]   INFO - CPPImporter.plugin.UpdatePreview - Initialize future model 
2017-05-04 17:22:34,116 [1078214]   INFO - CPPImporter.plugin.UpdatePreview - Create node mapping 
2017-05-04 17:22:34,116 [1078214]   INFO - CPPImporter.plugin.UpdatePreview - Node mapping done 
2017-05-04 17:22:34,118 [1078216]   WARN - CPPImporter.plugin.UpdatePreview - Execute intention Keep 
2017-05-04 17:22:34,125 [1078223]   WARN - CPPImporter.plugin.IntentionExecutor - indexOf node 0 
2017-05-04 17:22:34,135 [1078233]   WARN - CPPImporter.plugin.UpdatePreview - Execute intention Keep 
2017-05-04 17:22:34,135 [1078233]   WARN - CPPImporter.plugin.IntentionExecutor - indexOf node 0 
2017-05-04 17:22:34,136 [1078234]   WARN - CPPImporter.plugin.UpdatePreview - Execute intention Remove 
2017-05-04 17:22:34,145 [1078243]   WARN - CPPImporter.plugin.UpdatePreview - Execute intention Keep 
2017-05-04 17:22:34,145 [1078243]   WARN - CPPImporter.plugin.IntentionExecutor - indexOf node 0 
2017-05-04 17:22:34,146 [1078244]   WARN - CPPImporter.plugin.UpdatePreview - Execute intention Remove 
2017-05-04 17:22:34,147 [1078245]   WARN - CPPImporter.plugin.UpdatePreview - Execute intention Keep 
2017-05-04 17:22:34,147 [1078245]   WARN - CPPImporter.plugin.IntentionExecutor - MakeMandatory: node 0 is not in #if/#ifdef 
2017-05-04 17:22:34,147 [1078245]   WARN - CPPImporter.plugin.IntentionExecutor - Action MakeMandatory only possible if all selected nodes are within an #if/#ifdef 
2017-05-04 17:22:34,148 [1078246]  ERROR - CPPImporter.plugin.IntentionExecutor - Failed prerequiste check 
2017-05-04 17:22:34,148 [1078246]   WARN - CPPImporter.plugin.UpdatePreview - Execute intention Keep 
2017-05-04 17:22:34,148 [1078246]   WARN - CPPImporter.plugin.IntentionExecutor - indexOf node 0 
2017-05-04 17:22:34,149 [1078247]   WARN - CPPImporter.plugin.UpdatePreview - Execute intention KeepAsFeature 
2017-05-04 17:22:34,150 [1078248]   WARN - CPPImporter.plugin.IntentionExecutor - indexOf node 0 
2017-05-04 17:22:34,150 [1078248]   WARN - CPPImporter.plugin.UpdatePreview - Execute intention KeepAsFeature 
2017-05-04 17:22:34,151 [1078249]   WARN - CPPImporter.plugin.IntentionExecutor - indexOf node 0 
2017-05-04 17:22:34,152 [1078250]   WARN - CPPImporter.plugin.UpdatePreview - Execute intention KeepAsFeature 
2017-05-04 17:22:34,152 [1078250]   WARN - CPPImporter.plugin.IntentionExecutor - indexOf node 0 
2017-05-04 17:22:34,153 [1078251]   WARN - CPPImporter.plugin.UpdatePreview - Execute intention KeepAsFeature 
2017-05-04 17:22:34,178 [1078276]   WARN - CPPImporter.plugin.IntentionExecutor - indexOf node 0 
2017-05-04 17:22:34,181 [1078279]   WARN - CPPImporter.plugin.UpdatePreview - Execute intention KeepAsFeature 
2017-05-04 17:22:34,184 [1078282]   WARN - CPPImporter.plugin.IntentionExecutor - indexOf node 0 
2017-05-04 17:22:34,186 [1078284]   WARN - CPPImporter.plugin.UpdatePreview - Execute intention KeepAsFeature 
2017-05-04 17:22:34,187 [1078285]   WARN - CPPImporter.plugin.IntentionExecutor - indexOf node 0 
2017-05-04 17:22:34,188 [1078286]   WARN - CPPImporter.plugin.UpdatePreview - Execute intention KeepAsFeature 
2017-05-04 17:22:34,188 [1078286]   WARN - CPPImporter.plugin.IntentionExecutor - indexOf node 0 
2017-05-04 17:22:34,189 [1078287]   WARN - CPPImporter.plugin.UpdatePreview - Execute intention Keep 
2017-05-04 17:22:34,189 [1078287]   WARN - CPPImporter.plugin.IntentionExecutor - indexOf node 0 
2017-05-04 17:22:34,190 [1078288]   WARN - CPPImporter.plugin.UpdatePreview - Execute intention Remove 
2017-05-04 17:22:34,224 [1078322]   WARN - CPPLanguage.editor.IntentionContainer_Editor - Show 16 intentions. 
2017-05-04 17:23:16,243 [1120341]   INFO - CPPImporter.plugin.Keep_Action - [LOG] Intention Keep for 3 nodes. 
2017-05-04 17:23:16,246 [1120344]   INFO - CPPImporter.plugin.Keep_Action - [LOG] View of Keep Intention is default 
2017-05-04 17:23:16,247 [1120345]   INFO - CPPImporter.plugin.Keep_Action - Update Preview 
2017-05-04 17:23:16,247 [1120345]   INFO - CPPImporter.plugin.UpdatePreview - Initialize future model 
2017-05-04 17:23:16,247 [1120345]   INFO - CPPImporter.plugin.UpdatePreview - Create node mapping 
2017-05-04 17:23:16,247 [1120345]   INFO - CPPImporter.plugin.UpdatePreview - Node mapping done 
2017-05-04 17:23:16,253 [1120351]   WARN - CPPImporter.plugin.UpdatePreview - Execute intention Keep 
2017-05-04 17:23:16,254 [1120352]   WARN - CPPImporter.plugin.IntentionExecutor - indexOf node 0 
2017-05-04 17:23:16,256 [1120354]   WARN - CPPImporter.plugin.UpdatePreview - Execute intention Keep 
2017-05-04 17:23:16,256 [1120354]   WARN - CPPImporter.plugin.IntentionExecutor - indexOf node 0 
2017-05-04 17:23:16,257 [1120355]   WARN - CPPImporter.plugin.UpdatePreview - Execute intention Remove 
2017-05-04 17:23:16,257 [1120355]   WARN - CPPImporter.plugin.UpdatePreview - Execute intention Keep 
2017-05-04 17:23:16,257 [1120355]   WARN - CPPImporter.plugin.IntentionExecutor - indexOf node 0 
2017-05-04 17:23:16,258 [1120356]   WARN - CPPImporter.plugin.UpdatePreview - Execute intention Remove 
2017-05-04 17:23:16,259 [1120357]   WARN - CPPImporter.plugin.UpdatePreview - Execute intention Keep 
2017-05-04 17:23:16,259 [1120357]   WARN - CPPImporter.plugin.IntentionExecutor - MakeMandatory: node 0 is not in #if/#ifdef 
2017-05-04 17:23:16,259 [1120357]   WARN - CPPImporter.plugin.IntentionExecutor - Action MakeMandatory only possible if all selected nodes are within an #if/#ifdef 
2017-05-04 17:23:16,260 [1120358]  ERROR - CPPImporter.plugin.IntentionExecutor - Failed prerequiste check 
2017-05-04 17:23:16,260 [1120358]   WARN - CPPImporter.plugin.UpdatePreview - Execute intention Keep 
2017-05-04 17:23:16,260 [1120358]   WARN - CPPImporter.plugin.IntentionExecutor - indexOf node 0 
2017-05-04 17:23:16,274 [1120372]   WARN - CPPImporter.plugin.UpdatePreview - Execute intention KeepAsFeature 
2017-05-04 17:23:16,275 [1120373]   WARN - CPPImporter.plugin.IntentionExecutor - indexOf node 0 
2017-05-04 17:23:16,276 [1120374]   WARN - CPPImporter.plugin.UpdatePreview - Execute intention KeepAsFeature 
2017-05-04 17:23:16,276 [1120374]   WARN - CPPImporter.plugin.IntentionExecutor - indexOf node 0 
2017-05-04 17:23:16,277 [1120375]   WARN - CPPImporter.plugin.UpdatePreview - Execute intention KeepAsFeature 
2017-05-04 17:23:16,283 [1120381]   WARN - CPPImporter.plugin.IntentionExecutor - indexOf node 0 
2017-05-04 17:23:16,285 [1120383]   WARN - CPPImporter.plugin.UpdatePreview - Execute intention KeepAsFeature 
2017-05-04 17:23:16,286 [1120384]   WARN - CPPImporter.plugin.IntentionExecutor - indexOf node 0 
2017-05-04 17:23:16,286 [1120384]   WARN - CPPImporter.plugin.UpdatePreview - Execute intention KeepAsFeature 
2017-05-04 17:23:16,287 [1120385]   WARN - CPPImporter.plugin.IntentionExecutor - indexOf node 0 
2017-05-04 17:23:16,287 [1120385]   WARN - CPPImporter.plugin.UpdatePreview - Execute intention KeepAsFeature 
2017-05-04 17:23:16,288 [1120386]   WARN - CPPImporter.plugin.IntentionExecutor - indexOf node 0 
2017-05-04 17:23:16,288 [1120386]   WARN - CPPImporter.plugin.UpdatePreview - Execute intention KeepAsFeature 
2017-05-04 17:23:16,289 [1120387]   WARN - CPPImporter.plugin.IntentionExecutor - indexOf node 0 
2017-05-04 17:23:16,289 [1120387]   WARN - CPPImporter.plugin.UpdatePreview - Execute intention Keep 
2017-05-04 17:23:16,290 [1120388]   WARN - CPPImporter.plugin.IntentionExecutor - indexOf node 0 
2017-05-04 17:23:16,290 [1120388]   WARN - CPPImporter.plugin.UpdatePreview - Execute intention Remove 
2017-05-04 17:23:16,291 [1120389]   WARN - CPPImporter.plugin.UpdatePreview - Execute intention Keep 
2017-05-04 17:23:16,291 [1120389]   WARN - CPPImporter.plugin.IntentionExecutor - indexOf node 0 
2017-05-04 17:23:16,291 [1120389]   WARN - CPPImporter.plugin.UpdatePreview - Execute intention Keep 
2017-05-04 17:23:16,292 [1120390]   WARN - CPPImporter.plugin.IntentionExecutor - indexOf node 0 
2017-05-04 17:23:16,292 [1120390]   WARN - CPPImporter.plugin.UpdatePreview - Execute intention Keep 
2017-05-04 17:23:16,292 [1120390]   WARN - CPPImporter.plugin.IntentionExecutor - indexOf node 0 
2017-05-04 17:23:16,313 [1120411]   WARN - CPPLanguage.editor.IntentionContainer_Editor - Show 19 intentions. 
2017-05-04 17:23:45,783 [1149881]   WARN - CPPImporter.plugin.CommitIntentions_Action - Commit Intentions 
2017-05-04 17:23:45,784 [1149882]   INFO - CPPImporter.plugin.UpdatePreview - Initialize future model 
2017-05-04 17:23:45,785 [1149883]   INFO - CPPImporter.plugin.UpdatePreview - Create node mapping 
2017-05-04 17:23:45,785 [1149883]   INFO - CPPImporter.plugin.UpdatePreview - Node mapping done 
2017-05-04 17:23:45,792 [1149890]   WARN - CPPImporter.plugin.UpdatePreview - Execute intention Keep 
2017-05-04 17:23:45,793 [1149891]   WARN - CPPImporter.plugin.IntentionExecutor - indexOf node 0 
2017-05-04 17:23:45,808 [1149906]   WARN - CPPImporter.plugin.UpdatePreview - Execute intention Keep 
2017-05-04 17:23:45,809 [1149907]   WARN - CPPImporter.plugin.IntentionExecutor - indexOf node 0 
2017-05-04 17:23:45,811 [1149909]   WARN - CPPImporter.plugin.UpdatePreview - Execute intention Remove 
2017-05-04 17:23:45,815 [1149913]   WARN - CPPImporter.plugin.UpdatePreview - Execute intention Keep 
2017-05-04 17:23:45,818 [1149916]   WARN - CPPImporter.plugin.IntentionExecutor - indexOf node 0 
2017-05-04 17:23:45,819 [1149917]   WARN - CPPImporter.plugin.UpdatePreview - Execute intention Remove 
2017-05-04 17:23:45,825 [1149923]   WARN - CPPImporter.plugin.UpdatePreview - Execute intention Keep 
2017-05-04 17:23:45,826 [1149924]   WARN - CPPImporter.plugin.IntentionExecutor - MakeMandatory: node 0 is not in #if/#ifdef 
2017-05-04 17:23:45,826 [1149924]   WARN - CPPImporter.plugin.IntentionExecutor - Action MakeMandatory only possible if all selected nodes are within an #if/#ifdef 
2017-05-04 17:23:45,826 [1149924]  ERROR - CPPImporter.plugin.IntentionExecutor - Failed prerequiste check 
2017-05-04 17:23:45,827 [1149925]   WARN - CPPImporter.plugin.UpdatePreview - Execute intention Keep 
2017-05-04 17:23:45,827 [1149925]   WARN - CPPImporter.plugin.IntentionExecutor - indexOf node 0 
2017-05-04 17:23:45,832 [1149930]   WARN - CPPImporter.plugin.UpdatePreview - Execute intention KeepAsFeature 
2017-05-04 17:23:45,837 [1149935]   WARN - CPPImporter.plugin.IntentionExecutor - indexOf node 0 
2017-05-04 17:23:45,839 [1149937]   WARN - CPPImporter.plugin.UpdatePreview - Execute intention KeepAsFeature 
2017-05-04 17:23:45,839 [1149937]   WARN - CPPImporter.plugin.IntentionExecutor - indexOf node 0 
2017-05-04 17:23:45,840 [1149938]   WARN - CPPImporter.plugin.UpdatePreview - Execute intention KeepAsFeature 
2017-05-04 17:23:45,840 [1149938]   WARN - CPPImporter.plugin.IntentionExecutor - indexOf node 0 
2017-05-04 17:23:45,841 [1149939]   WARN - CPPImporter.plugin.UpdatePreview - Execute intention KeepAsFeature 
2017-05-04 17:23:45,841 [1149939]   WARN - CPPImporter.plugin.IntentionExecutor - indexOf node 0 
2017-05-04 17:23:45,842 [1149940]   WARN - CPPImporter.plugin.UpdatePreview - Execute intention KeepAsFeature 
2017-05-04 17:23:45,843 [1149941]   WARN - CPPImporter.plugin.IntentionExecutor - indexOf node 0 
2017-05-04 17:23:45,843 [1149941]   WARN - CPPImporter.plugin.UpdatePreview - Execute intention KeepAsFeature 
2017-05-04 17:23:45,844 [1149942]   WARN - CPPImporter.plugin.IntentionExecutor - indexOf node 0 
2017-05-04 17:23:45,845 [1149943]   WARN - CPPImporter.plugin.UpdatePreview - Execute intention KeepAsFeature 
2017-05-04 17:23:45,845 [1149943]   WARN - CPPImporter.plugin.IntentionExecutor - indexOf node 0 
2017-05-04 17:23:45,846 [1149944]   WARN - CPPImporter.plugin.UpdatePreview - Execute intention Keep 
2017-05-04 17:23:45,846 [1149944]   WARN - CPPImporter.plugin.IntentionExecutor - indexOf node 0 
2017-05-04 17:23:45,847 [1149945]   WARN - CPPImporter.plugin.UpdatePreview - Execute intention Remove 
2017-05-04 17:23:45,848 [1149946]   WARN - CPPImporter.plugin.UpdatePreview - Execute intention Keep 
2017-05-04 17:23:45,850 [1149948]   WARN - CPPImporter.plugin.IntentionExecutor - indexOf node 0 
2017-05-04 17:23:45,852 [1149950]   WARN - CPPImporter.plugin.UpdatePreview - Execute intention Keep 
2017-05-04 17:23:45,852 [1149950]   WARN - CPPImporter.plugin.IntentionExecutor - indexOf node 0 
2017-05-04 17:23:45,853 [1149951]   WARN - CPPImporter.plugin.UpdatePreview - Execute intention Keep 
2017-05-04 17:23:45,853 [1149951]   WARN - CPPImporter.plugin.IntentionExecutor - indexOf node 0 
2017-05-04 17:23:45,892 [1149990]   WARN - CPPLanguage.editor.IntentionContainer_Editor - Show 0 intentions. 
2017-05-04 17:24:39,319 [1203417]   INFO - CPPImporter.plugin.Export_Action - [LOG] Export to /home/group2/results/incline.c 
2017-05-04 17:29:54,631 [1518729]   INFO - jetbrains.mps.extapi.model.EditableSModelBase - Saving model Examples.Imported2 
2017-05-04 17:29:54,736 [1518834]   INFO - jetbrains.mps.smodel.MPSModuleRepository - Saving of the repository took 0.108 s 
2017-05-04 17:29:55,008 [1519106]   INFO - jetbrains.mps.plugins.PluginLoaderRegistry - Running Update Task : loaders [toLoad: 0; toUnload:1]; contributors : [toLoad: 0; toUnload:0]; Thread[AWT-EventQueue-0 3.4.4#MPS-162.2317 MPS, eap:false, os:Linux 4.8.0-49-generic, java-version:Oracle Corporation 1.8.0_121-8u121-b13-0ubuntu1.16.04.2-b13,6,main] 
2017-05-04 17:29:55,042 [1519140]   INFO - jetbrains.mps.plugins.PluginLoaderRegistry - Unloading of 145 plugins took 0.033 s 
2017-05-04 17:29:55,043 [1519141]   INFO - jetbrains.mps.project.ProjectBase - Project 'CPPLanguage' is closing 
2017-05-04 17:29:55,213 [1519311]   INFO - jetbrains.mps.classloading.ModuleUpdater - Classloading refresh took 0.054 s 
2017-05-04 17:29:55,232 [1519330]   INFO - jetbrains.mps.classloading.ModulesWatcher - 0 modules are marked as invalid roots for class loading out of 297 modules [totally in the repository] 
2017-05-04 17:29:55,233 [1519331]   INFO - jetbrains.mps.classloading.ModulesWatcher - Totally 0 modules are marked invalid for class loading 
2017-05-04 17:29:55,460 [1519558]   INFO - jetbrains.mps.classloading.ModuleUpdater - Classloading refresh took 0.066 s 
2017-05-04 17:29:55,477 [1519575]   INFO - jetbrains.mps.classloading.ModulesWatcher - 0 modules are marked as invalid roots for class loading out of 296 modules [totally in the repository] 
2017-05-04 17:29:55,478 [1519576]   INFO - jetbrains.mps.classloading.ModulesWatcher - Totally 0 modules are marked invalid for class loading 
2017-05-04 17:29:55,600 [1519698]   INFO - jetbrains.mps.classloading.ModuleUpdater - Classloading refresh took 0.067 s 
2017-05-04 17:29:55,609 [1519707]   INFO - jetbrains.mps.classloading.ModulesWatcher - 0 modules are marked as invalid roots for class loading out of 295 modules [totally in the repository] 
2017-05-04 17:29:55,618 [1519716]   INFO - jetbrains.mps.classloading.ModulesWatcher - Totally 0 modules are marked invalid for class loading 
2017-05-04 17:29:55,663 [1519761]   INFO - jetbrains.mps.library.LibraryInitializer - Removing libraries from ProjectLibraryManager 
2017-05-04 17:29:55,683 [1519781]   INFO - #org.jetbrains.io.BuiltInServer - web server stopped 
2017-05-04 17:29:55,795 [1519893]   INFO - jetbrains.mps.library.LibraryInitializer - Removing libraries from AdditionalLibrariesManager 
2017-05-04 17:29:55,799 [1519897]   INFO - jetbrains.mps.library.LibraryInitializer - Removing libraries from PluginLibraryContributor 
2017-05-04 17:29:55,800 [1519898]   INFO - jetbrains.mps.library.LibraryInitializer - Removing libraries from BootstrapLibraryContributor 
2017-05-04 17:29:55,801 [1519899]   INFO - jetbrains.mps.library.LibraryInitializer - Unloading 112 libraries 
2017-05-04 17:29:56,234 [1520332]   INFO - jetbrains.mps.library.LibraryInitializer - Library update is finished 
2017-05-04 17:29:56,270 [1520368]   INFO - jetbrains.mps.classloading.ModuleUpdater - Classloading refresh took 0.005 s 
2017-05-04 17:29:56,270 [1520368]   INFO - jetbrains.mps.classloading.ModulesWatcher - 0 modules are marked as invalid roots for class loading out of 0 modules [totally in the repository] 
2017-05-04 17:29:56,271 [1520369]   INFO - jetbrains.mps.classloading.ModulesWatcher - Totally 0 modules are marked invalid for class loading 
2017-05-04 17:29:56,344 [1520442]   INFO - #org.jetbrains.io.BuiltInServer - web server stopped 
