
2017-05-15 17:42:50,654 [  45628]   INFO - CPPImporter.plugin.ArrangeViews_Action - [LOG] Arrange Views 
2017-05-15 17:43:45,805 [ 100779]   INFO - CPPImporter.plugin.Keep_Action - [LOG] Intention Keep for 1 nodes. 
2017-05-15 17:43:45,845 [ 100819]   INFO - CPPImporter.plugin.Keep_Action - [LOG] View of Keep Intention is default 
2017-05-15 17:43:45,880 [ 100854]   INFO - CPPImporter.plugin.Keep_Action - Propose anti Intention for else branch 
2017-05-15 17:43:47,641 [ 102615]   INFO - CPPImporter.plugin.Keep_Action - [LOG] Add anti intention 
2017-05-15 17:43:47,686 [ 102660]   INFO - CPPImporter.plugin.Keep_Action - [LOG] Add anti intention 
2017-05-15 17:43:47,692 [ 102666]   INFO - CPPImporter.plugin.Keep_Action - Update Preview 
2017-05-15 17:43:47,699 [ 102673]   INFO - CPPImporter.plugin.UpdatePreview - Initialize future model 
2017-05-15 17:43:47,704 [ 102678]   INFO - CPPImporter.plugin.UpdatePreview - Create node mapping 
2017-05-15 17:43:47,708 [ 102682]   INFO - CPPImporter.plugin.UpdatePreview - Node mapping done 
2017-05-15 17:43:47,724 [ 102698]   WARN - CPPImporter.plugin.UpdatePreview - Execute intention Keep 
2017-05-15 17:43:47,725 [ 102699]   WARN - CPPImporter.plugin.IntentionExecutor - indexOf node 0 
2017-05-15 17:43:47,727 [ 102701]   WARN - CPPImporter.plugin.UpdatePreview - Execute intention Remove 
2017-05-15 17:43:47,728 [ 102702]   WARN - CPPImporter.plugin.UpdatePreview - Execute intention Remove 
2017-05-15 17:43:47,790 [ 102764]   WARN - CPPLanguage.editor.IntentionContainer_Editor - Show 3 intentions. 
2017-05-15 17:44:12,871 [ 127845]   INFO - CPPImporter.plugin.UndoIntention_Action - [LOG] Un-declare an intention 
2017-05-15 17:44:12,882 [ 127856]   INFO - CPPImporter.plugin.UndoIntention_Action - [LOG] Undeclare Keep of view default 
2017-05-15 17:44:12,896 [ 127870]   INFO - CPPImporter.plugin.UpdatePreview - Initialize future model 
2017-05-15 17:44:12,897 [ 127871]   INFO - CPPImporter.plugin.UpdatePreview - Create node mapping 
2017-05-15 17:44:12,897 [ 127871]   INFO - CPPImporter.plugin.UpdatePreview - Node mapping done 
2017-05-15 17:44:12,898 [ 127872]   WARN - CPPImporter.plugin.UpdatePreview - Execute intention Remove 
2017-05-15 17:44:12,899 [ 127873]   WARN - CPPImporter.plugin.UpdatePreview - Execute intention Remove 
2017-05-15 17:44:12,937 [ 127911]   WARN - CPPLanguage.editor.IntentionContainer_Editor - Show 2 intentions. 
2017-05-15 17:44:51,381 [ 166355]   INFO - CPPImporter.plugin.Keep_Action - [LOG] Intention Keep for 2 nodes. 
2017-05-15 17:44:51,383 [ 166357]   INFO - CPPImporter.plugin.Keep_Action - [LOG] View of Keep Intention is Clone 
2017-05-15 17:44:51,386 [ 166360]   INFO - CPPImporter.plugin.Keep_Action - Propose anti Intention for true branch 
2017-05-15 17:44:52,944 [ 167918]   INFO - CPPImporter.plugin.Keep_Action - [LOG] Add anti intention 
2017-05-15 17:44:52,947 [ 167921]   INFO - CPPImporter.plugin.Keep_Action - Update Preview 
2017-05-15 17:44:52,947 [ 167921]   INFO - CPPImporter.plugin.UpdatePreview - Initialize future model 
2017-05-15 17:44:52,972 [ 167946]   INFO - CPPImporter.plugin.UpdatePreview - Create node mapping 
2017-05-15 17:44:52,973 [ 167947]   INFO - CPPImporter.plugin.UpdatePreview - Node mapping done 
2017-05-15 17:44:52,985 [ 167959]   WARN - CPPImporter.plugin.UpdatePreview - Execute intention Remove 
2017-05-15 17:44:52,986 [ 167960]   WARN - CPPImporter.plugin.UpdatePreview - Execute intention Keep 
2017-05-15 17:44:53,005 [ 167979]   INFO - CPPImporter.plugin.IntentionExecutor - defined(FEAT_CMDL_COMPL)isComplexCondition false 
2017-05-15 17:44:53,005 [ 167979]   WARN - CPPImporter.plugin.IntentionExecutor - MakeMandatory: node 0 is not in #if/#ifdef 
2017-05-15 17:44:53,005 [ 167979]   WARN - CPPImporter.plugin.IntentionExecutor - Action MakeMandatory only possible if all selected nodes are within an #if/#ifdef 
2017-05-15 17:44:53,005 [ 167979]  ERROR - CPPImporter.plugin.IntentionExecutor - Failed prerequiste check 
2017-05-15 17:44:53,005 [ 167979]   WARN - CPPImporter.plugin.UpdatePreview - Execute intention Remove 
2017-05-15 17:44:53,006 [ 167980]   WARN - CPPImporter.plugin.UpdatePreview - Execute intention Remove 
2017-05-15 17:44:53,008 [ 167982]   WARN - CPPImporter.plugin.UpdatePreview - Execute intention Keep 
2017-05-15 17:44:53,008 [ 167982]   WARN - CPPImporter.plugin.IntentionExecutor - MakeMandatory: node 0 is not in #if/#ifdef 
2017-05-15 17:44:53,009 [ 167983]   WARN - CPPImporter.plugin.IntentionExecutor - Action MakeMandatory only possible if all selected nodes are within an #if/#ifdef 
2017-05-15 17:44:53,009 [ 167983]  ERROR - CPPImporter.plugin.IntentionExecutor - Failed prerequiste check 
2017-05-15 17:44:53,015 [ 167989]   WARN - CPPLanguage.editor.IntentionContainer_Editor - Show 5 intentions. 
2017-05-15 17:44:58,407 [ 173381]   INFO - CPPImporter.plugin.UndoIntention_Action - [LOG] Un-declare an intention 
2017-05-15 17:44:58,408 [ 173382]   INFO - CPPImporter.plugin.UndoIntention_Action - [LOG] Undeclare Remove of view default 
2017-05-15 17:44:58,408 [ 173382]   INFO - CPPImporter.plugin.UndoIntention_Action - [LOG] Undeclare Remove of view default 
2017-05-15 17:44:58,408 [ 173382]   INFO - CPPImporter.plugin.UndoIntention_Action - [LOG] Undeclare Keep of view Clone 
2017-05-15 17:44:58,408 [ 173382]   INFO - CPPImporter.plugin.UndoIntention_Action - [LOG] Undeclare Keep of view Clone 
2017-05-15 17:44:58,422 [ 173396]   INFO - CPPImporter.plugin.UpdatePreview - Initialize future model 
2017-05-15 17:44:58,426 [ 173400]   INFO - CPPImporter.plugin.UpdatePreview - Create node mapping 
2017-05-15 17:44:58,426 [ 173400]   INFO - CPPImporter.plugin.UpdatePreview - Node mapping done 
2017-05-15 17:44:58,427 [ 173401]   WARN - CPPImporter.plugin.UpdatePreview - Execute intention Remove 
2017-05-15 17:44:58,454 [ 173428]   WARN - CPPLanguage.editor.IntentionContainer_Editor - Show 1 intentions. 
2017-05-15 17:45:23,545 [ 198519]   WARN - CPPLanguage.editor.IntentionContainer_Editor - Show 1 intentions. 
2017-05-15 17:45:23,548 [ 198522]   WARN - CPPLanguage.editor.IntentionContainer_Editor - IntentionContainer_Editor: Could not find editor cell for node TextContent 
2017-05-15 17:45:26,600 [ 201574]   INFO - CPPImporter.plugin.ArrangeViews_Action - [LOG] Arrange Views 
2017-05-15 17:45:26,618 [ 201592]   WARN - CPPLanguage.editor.IntentionContainer_Editor - Show 1 intentions. 
2017-05-15 17:45:26,619 [ 201593]   WARN - CPPLanguage.editor.IntentionContainer_Editor - IntentionContainer_Editor: Could not find editor cell for node TextContent 
2017-05-15 17:45:26,700 [ 201674]   WARN - CPPLanguage.editor.IntentionContainer_Editor - Show 1 intentions. 
2017-05-15 17:45:26,701 [ 201675]   WARN - CPPLanguage.editor.IntentionContainer_Editor - IntentionContainer_Editor: Could not find editor cell for node TextContent 
2017-05-15 17:45:26,778 [ 201752]   WARN - CPPLanguage.editor.IntentionContainer_Editor - Show 1 intentions. 
2017-05-15 17:45:26,780 [ 201754]   WARN - CPPLanguage.editor.IntentionContainer_Editor - IntentionContainer_Editor: Could not find editor cell for node TextContent 
2017-05-15 17:45:53,160 [ 228134]   INFO - CPPImporter.plugin.Keep_Action - [LOG] Intention Keep for 2 nodes. 
2017-05-15 17:45:53,160 [ 228134]   INFO - CPPImporter.plugin.Keep_Action - [LOG] View of Keep Intention is Clone 
2017-05-15 17:45:53,162 [ 228136]   INFO - CPPImporter.plugin.Keep_Action - Propose anti Intention for true branch 
2017-05-15 17:45:54,223 [ 229197]   INFO - CPPImporter.plugin.Keep_Action - [LOG] Add anti intention 
2017-05-15 17:45:54,224 [ 229198]   INFO - CPPImporter.plugin.Keep_Action - Update Preview 
2017-05-15 17:45:54,224 [ 229198]   INFO - CPPImporter.plugin.UpdatePreview - Initialize future model 
2017-05-15 17:45:54,225 [ 229199]   INFO - CPPImporter.plugin.UpdatePreview - Create node mapping 
2017-05-15 17:45:54,225 [ 229199]   INFO - CPPImporter.plugin.UpdatePreview - Node mapping done 
2017-05-15 17:45:54,225 [ 229199]   WARN - CPPImporter.plugin.UpdatePreview - Execute intention Remove 
2017-05-15 17:45:54,226 [ 229200]   WARN - CPPImporter.plugin.UpdatePreview - Execute intention Keep 
2017-05-15 17:45:54,226 [ 229200]   INFO - CPPImporter.plugin.IntentionExecutor - defined(FEAT_CMDL_COMPL)isComplexCondition false 
2017-05-15 17:45:54,226 [ 229200]   WARN - CPPImporter.plugin.IntentionExecutor - indexOf node 0 
2017-05-15 17:45:54,232 [ 229206]   WARN - CPPImporter.plugin.UpdatePreview - Execute intention Remove 
2017-05-15 17:45:54,233 [ 229207]   WARN - CPPImporter.plugin.UpdatePreview - Execute intention Keep 
2017-05-15 17:45:54,234 [ 229208]   WARN - CPPImporter.plugin.IntentionExecutor - indexOf node 0 
2017-05-15 17:47:03,869 [ 298843]   INFO - CPPImporter.plugin.Keep_Action - [LOG] Intention Keep for 1 nodes. 
2017-05-15 17:47:03,870 [ 298844]   INFO - CPPImporter.plugin.Keep_Action - [LOG] View of Keep Intention is Clone 
2017-05-15 17:47:03,877 [ 298851]   INFO - CPPImporter.plugin.Keep_Action - No automatic anti Intention, branch is not completly selected 
2017-05-15 17:47:03,877 [ 298851]   INFO - CPPImporter.plugin.Keep_Action - Update Preview 
2017-05-15 17:47:03,877 [ 298851]   INFO - CPPImporter.plugin.UpdatePreview - Initialize future model 
2017-05-15 17:47:03,879 [ 298853]   INFO - CPPImporter.plugin.UpdatePreview - Create node mapping 
2017-05-15 17:47:03,884 [ 298858]   INFO - CPPImporter.plugin.UpdatePreview - Node mapping done 
2017-05-15 17:47:03,886 [ 298860]   WARN - CPPImporter.plugin.UpdatePreview - Execute intention Remove 
2017-05-15 17:47:03,886 [ 298860]   WARN - CPPImporter.plugin.UpdatePreview - Execute intention Keep 
2017-05-15 17:47:03,887 [ 298861]   INFO - CPPImporter.plugin.IntentionExecutor - defined(FEAT_CMDL_COMPL)isComplexCondition false 
2017-05-15 17:47:03,887 [ 298861]   WARN - CPPImporter.plugin.IntentionExecutor - indexOf node 0 
2017-05-15 17:47:03,890 [ 298864]   WARN - CPPImporter.plugin.UpdatePreview - Execute intention Remove 
2017-05-15 17:47:03,894 [ 298868]   WARN - CPPImporter.plugin.UpdatePreview - Execute intention Keep 
2017-05-15 17:47:03,901 [ 298875]   WARN - CPPImporter.plugin.IntentionExecutor - indexOf node 0 
2017-05-15 17:47:03,903 [ 298877]   WARN - CPPImporter.plugin.UpdatePreview - Execute intention Keep 
2017-05-15 17:47:03,904 [ 298878]   INFO - CPPImporter.plugin.IntentionExecutor - defined(OS2)isComplexCondition false 
2017-05-15 17:47:03,904 [ 298878]   WARN - CPPImporter.plugin.IntentionExecutor - indexOf node 0 
2017-05-15 17:47:10,344 [ 305318]   INFO - CPPImporter.plugin.UndoIntention_Action - [LOG] Un-declare an intention 
2017-05-15 17:47:10,346 [ 305320]   INFO - CPPImporter.plugin.UndoIntention_Action - [LOG] Undeclare Keep of view Clone 
2017-05-15 17:47:10,348 [ 305322]   INFO - CPPImporter.plugin.UpdatePreview - Initialize future model 
2017-05-15 17:47:10,350 [ 305324]   INFO - CPPImporter.plugin.UpdatePreview - Create node mapping 
2017-05-15 17:47:10,350 [ 305324]   INFO - CPPImporter.plugin.UpdatePreview - Node mapping done 
2017-05-15 17:47:10,350 [ 305324]   WARN - CPPImporter.plugin.UpdatePreview - Execute intention Remove 
2017-05-15 17:47:10,357 [ 305331]   WARN - CPPImporter.plugin.UpdatePreview - Execute intention Keep 
2017-05-15 17:47:10,357 [ 305331]   INFO - CPPImporter.plugin.IntentionExecutor - defined(FEAT_CMDL_COMPL)isComplexCondition false 
2017-05-15 17:47:10,357 [ 305331]   WARN - CPPImporter.plugin.IntentionExecutor - indexOf node 0 
2017-05-15 17:47:10,360 [ 305334]   WARN - CPPImporter.plugin.UpdatePreview - Execute intention Remove 
2017-05-15 17:47:10,363 [ 305337]   WARN - CPPImporter.plugin.UpdatePreview - Execute intention Keep 
2017-05-15 17:47:10,363 [ 305337]   WARN - CPPImporter.plugin.IntentionExecutor - indexOf node 0 
2017-05-15 17:47:51,559 [ 346533]   INFO - CPPImporter.plugin.Keep_Action - [LOG] Intention Keep for 1 nodes. 
2017-05-15 17:47:51,559 [ 346533]   INFO - CPPImporter.plugin.Keep_Action - [LOG] View of Keep Intention is Clone 
2017-05-15 17:47:51,560 [ 346534]   INFO - CPPImporter.plugin.Keep_Action - No automatic anti Intention, branch is not completly selected 
2017-05-15 17:47:51,560 [ 346534]   INFO - CPPImporter.plugin.Keep_Action - Update Preview 
2017-05-15 17:47:51,560 [ 346534]   INFO - CPPImporter.plugin.UpdatePreview - Initialize future model 
2017-05-15 17:47:51,562 [ 346536]   INFO - CPPImporter.plugin.UpdatePreview - Create node mapping 
2017-05-15 17:47:51,562 [ 346536]   INFO - CPPImporter.plugin.UpdatePreview - Node mapping done 
2017-05-15 17:47:51,572 [ 346546]   WARN - CPPImporter.plugin.UpdatePreview - Execute intention Remove 
2017-05-15 17:47:51,576 [ 346550]   WARN - CPPImporter.plugin.UpdatePreview - Execute intention Keep 
2017-05-15 17:47:51,576 [ 346550]   INFO - CPPImporter.plugin.IntentionExecutor - defined(FEAT_CMDL_COMPL)isComplexCondition false 
2017-05-15 17:47:51,576 [ 346550]   WARN - CPPImporter.plugin.IntentionExecutor - indexOf node 0 
2017-05-15 17:47:51,577 [ 346551]   WARN - CPPImporter.plugin.UpdatePreview - Execute intention Remove 
2017-05-15 17:47:51,577 [ 346551]   WARN - CPPImporter.plugin.UpdatePreview - Execute intention Keep 
2017-05-15 17:47:51,578 [ 346552]   WARN - CPPImporter.plugin.IntentionExecutor - indexOf node 0 
2017-05-15 17:47:51,578 [ 346552]   WARN - CPPImporter.plugin.UpdatePreview - Execute intention Keep 
2017-05-15 17:47:51,579 [ 346553]   INFO - CPPImporter.plugin.IntentionExecutor - defined(OS2)isComplexCondition false 
2017-05-15 17:47:51,579 [ 346553]   WARN - CPPImporter.plugin.IntentionExecutor - indexOf node 0 
2017-05-15 17:48:09,105 [ 364079]   INFO - CPPImporter.plugin.Remove_Action - [LOG] Remove Intention for 1 nodes. 
2017-05-15 17:48:09,114 [ 364088]   INFO - CPPImporter.plugin.Remove_Action - [LOG] View of Keep Intention is Mainline 
2017-05-15 17:48:09,131 [ 364105]   INFO - CPPImporter.plugin.Remove_Action - Propose anti Intention for else branch 
2017-05-15 17:48:11,758 [ 366732]   INFO - CPPImporter.plugin.UpdatePreview - Initialize future model 
2017-05-15 17:48:11,759 [ 366733]   INFO - CPPImporter.plugin.UpdatePreview - Create node mapping 
2017-05-15 17:48:11,759 [ 366733]   INFO - CPPImporter.plugin.UpdatePreview - Node mapping done 
2017-05-15 17:48:11,760 [ 366734]   WARN - CPPImporter.plugin.UpdatePreview - Execute intention Remove 
2017-05-15 17:48:11,761 [ 366735]   WARN - CPPImporter.plugin.UpdatePreview - Execute intention Keep 
2017-05-15 17:48:11,761 [ 366735]   INFO - CPPImporter.plugin.IntentionExecutor - defined(FEAT_CMDL_COMPL)isComplexCondition false 
2017-05-15 17:48:11,761 [ 366735]   WARN - CPPImporter.plugin.IntentionExecutor - indexOf node 0 
2017-05-15 17:48:11,776 [ 366750]   WARN - CPPImporter.plugin.UpdatePreview - Execute intention Remove 
2017-05-15 17:48:11,777 [ 366751]   WARN - CPPImporter.plugin.UpdatePreview - Execute intention Keep 
2017-05-15 17:48:11,779 [ 366753]   WARN - CPPImporter.plugin.IntentionExecutor - indexOf node 0 
2017-05-15 17:48:11,785 [ 366759]   WARN - CPPImporter.plugin.UpdatePreview - Execute intention Keep 
2017-05-15 17:48:11,787 [ 366761]   INFO - CPPImporter.plugin.IntentionExecutor - defined(OS2)isComplexCondition false 
2017-05-15 17:48:11,787 [ 366761]   WARN - CPPImporter.plugin.IntentionExecutor - indexOf node 0 
2017-05-15 17:48:11,803 [ 366777]   WARN - CPPImporter.plugin.UpdatePreview - Execute intention Remove 
2017-05-15 17:48:11,812 [ 366786]   WARN - CPPImporter.plugin.UpdatePreview - Execute intention Keep 
2017-05-15 17:48:11,813 [ 366787]   INFO - CPPImporter.plugin.IntentionExecutor - defined(OS2)isComplexCondition false 
2017-05-15 17:48:11,813 [ 366787]   WARN - CPPImporter.plugin.IntentionExecutor - MakeMandatory: node 0 is not in #if/#ifdef 
2017-05-15 17:48:11,813 [ 366787]   WARN - CPPImporter.plugin.IntentionExecutor - Action MakeMandatory only possible if all selected nodes are within an #if/#ifdef 
2017-05-15 17:48:11,815 [ 366789]  ERROR - CPPImporter.plugin.IntentionExecutor - Failed prerequiste check 
2017-05-15 17:48:11,819 [ 366793]   WARN - CPPImporter.plugin.UpdatePreview - Execute intention Keep 
2017-05-15 17:48:11,822 [ 366796]   WARN - CPPImporter.plugin.IntentionExecutor - indexOf node 0 
2017-05-15 17:48:11,825 [ 366799]   WARN - CPPImporter.plugin.UpdatePreview - Execute intention Keep 
2017-05-15 17:48:11,826 [ 366800]   WARN - CPPImporter.plugin.IntentionExecutor - indexOf node 0 
2017-05-15 17:48:11,827 [ 366801]   WARN - CPPImporter.plugin.UpdatePreview - Execute intention Keep 
2017-05-15 17:48:11,828 [ 366802]   WARN - CPPImporter.plugin.IntentionExecutor - indexOf node 0 
2017-05-15 17:48:11,829 [ 366803]   WARN - CPPImporter.plugin.UpdatePreview - Execute intention Keep 
2017-05-15 17:48:11,829 [ 366803]   WARN - CPPImporter.plugin.IntentionExecutor - indexOf node 0 
2017-05-15 17:48:11,832 [ 366806]   WARN - CPPImporter.plugin.UpdatePreview - Execute intention Keep 
2017-05-15 17:48:11,832 [ 366806]   WARN - CPPImporter.plugin.IntentionExecutor - indexOf node 0 
2017-05-15 17:48:11,846 [ 366820]   WARN - CPPImporter.plugin.UpdatePreview - Execute intention Keep 
2017-05-15 17:48:11,847 [ 366821]   WARN - CPPImporter.plugin.IntentionExecutor - indexOf node 0 
2017-05-15 17:48:11,849 [ 366823]   WARN - CPPImporter.plugin.UpdatePreview - Execute intention Keep 
2017-05-15 17:48:11,852 [ 366826]   WARN - CPPImporter.plugin.IntentionExecutor - indexOf node 0 
2017-05-15 17:48:11,855 [ 366829]   WARN - CPPImporter.plugin.UpdatePreview - Execute intention Keep 
2017-05-15 17:48:11,856 [ 366830]   WARN - CPPImporter.plugin.IntentionExecutor - indexOf node 0 
2017-05-15 17:48:23,470 [ 378444]   INFO - CPPImporter.plugin.KeepAsFeature_Action - [LOG] Intention Keep As Feature for 7 nodes. 
2017-05-15 17:48:35,694 [ 390668]   INFO - CPPImporter.plugin.KeepAsFeature_Action - [LOG] View of Keep Intention is Clone 
2017-05-15 17:48:35,710 [ 390684]   INFO - CPPImporter.plugin.UpdatePreview - Initialize future model 
2017-05-15 17:48:35,716 [ 390690]   INFO - CPPImporter.plugin.UpdatePreview - Create node mapping 
2017-05-15 17:48:35,716 [ 390690]   INFO - CPPImporter.plugin.UpdatePreview - Node mapping done 
2017-05-15 17:48:35,721 [ 390695]   WARN - CPPImporter.plugin.UpdatePreview - Execute intention Remove 
2017-05-15 17:48:35,725 [ 390699]   WARN - CPPImporter.plugin.UpdatePreview - Execute intention Keep 
2017-05-15 17:48:35,725 [ 390699]   INFO - CPPImporter.plugin.IntentionExecutor - defined(FEAT_CMDL_COMPL)isComplexCondition false 
2017-05-15 17:48:35,727 [ 390701]   WARN - CPPImporter.plugin.IntentionExecutor - indexOf node 0 
2017-05-15 17:48:35,729 [ 390703]   WARN - CPPImporter.plugin.UpdatePreview - Execute intention Remove 
2017-05-15 17:48:35,729 [ 390703]   WARN - CPPImporter.plugin.UpdatePreview - Execute intention Keep 
2017-05-15 17:48:35,730 [ 390704]   WARN - CPPImporter.plugin.IntentionExecutor - indexOf node 0 
2017-05-15 17:48:35,731 [ 390705]   WARN - CPPImporter.plugin.UpdatePreview - Execute intention Keep 
2017-05-15 17:48:35,732 [ 390706]   INFO - CPPImporter.plugin.IntentionExecutor - defined(OS2)isComplexCondition false 
2017-05-15 17:48:35,732 [ 390706]   WARN - CPPImporter.plugin.IntentionExecutor - indexOf node 0 
2017-05-15 17:48:35,737 [ 390711]   WARN - CPPImporter.plugin.UpdatePreview - Execute intention Remove 
2017-05-15 17:48:35,742 [ 390716]   WARN - CPPImporter.plugin.UpdatePreview - Execute intention Keep 
2017-05-15 17:48:35,743 [ 390717]   INFO - CPPImporter.plugin.IntentionExecutor - defined(OS2)isComplexCondition false 
2017-05-15 17:48:35,743 [ 390717]   WARN - CPPImporter.plugin.IntentionExecutor - MakeMandatory: node 0 is not in #if/#ifdef 
2017-05-15 17:48:35,744 [ 390718]   WARN - CPPImporter.plugin.IntentionExecutor - Action MakeMandatory only possible if all selected nodes are within an #if/#ifdef 
2017-05-15 17:48:35,744 [ 390718]  ERROR - CPPImporter.plugin.IntentionExecutor - Failed prerequiste check 
2017-05-15 17:48:35,745 [ 390719]   WARN - CPPImporter.plugin.UpdatePreview - Execute intention Keep 
2017-05-15 17:48:35,746 [ 390720]   WARN - CPPImporter.plugin.IntentionExecutor - indexOf node 0 
2017-05-15 17:48:35,761 [ 390735]   WARN - CPPImporter.plugin.UpdatePreview - Execute intention Keep 
2017-05-15 17:48:35,762 [ 390736]   WARN - CPPImporter.plugin.IntentionExecutor - indexOf node 0 
2017-05-15 17:48:35,766 [ 390740]   WARN - CPPImporter.plugin.UpdatePreview - Execute intention KeepAsFeature 
2017-05-15 17:48:35,768 [ 390742]   WARN - CPPImporter.plugin.IntentionExecutor - MakeMandatory: node 0 is not in #if/#ifdef 
2017-05-15 17:48:35,769 [ 390743]   WARN - CPPImporter.plugin.IntentionExecutor - Action MakeMandatory only possible if all selected nodes are within an #if/#ifdef 
2017-05-15 17:48:35,770 [ 390744]  ERROR - CPPImporter.plugin.IntentionExecutor - Failed prerequiste check 
2017-05-15 17:48:35,772 [ 390746]   WARN - CPPImporter.plugin.UpdatePreview - Execute intention Keep 
2017-05-15 17:48:35,776 [ 390750]   WARN - CPPImporter.plugin.IntentionExecutor - indexOf node 0 
2017-05-15 17:48:35,779 [ 390753]   WARN - CPPImporter.plugin.UpdatePreview - Execute intention KeepAsFeature 
2017-05-15 17:48:35,780 [ 390754]   WARN - CPPImporter.plugin.IntentionExecutor - MakeMandatory: node 0 is not in #if/#ifdef 
2017-05-15 17:48:35,782 [ 390756]   WARN - CPPImporter.plugin.IntentionExecutor - Action MakeMandatory only possible if all selected nodes are within an #if/#ifdef 
2017-05-15 17:48:35,782 [ 390756]  ERROR - CPPImporter.plugin.IntentionExecutor - Failed prerequiste check 
2017-05-15 17:48:35,783 [ 390757]   WARN - CPPImporter.plugin.UpdatePreview - Execute intention Keep 
2017-05-15 17:48:35,783 [ 390757]   WARN - CPPImporter.plugin.IntentionExecutor - indexOf node 0 
2017-05-15 17:48:35,788 [ 390762]   WARN - CPPImporter.plugin.UpdatePreview - Execute intention KeepAsFeature 
2017-05-15 17:48:35,790 [ 390764]   WARN - CPPImporter.plugin.IntentionExecutor - MakeMandatory: node 0 is not in #if/#ifdef 
2017-05-15 17:48:35,790 [ 390764]   WARN - CPPImporter.plugin.IntentionExecutor - Action MakeMandatory only possible if all selected nodes are within an #if/#ifdef 
2017-05-15 17:48:35,791 [ 390765]  ERROR - CPPImporter.plugin.IntentionExecutor - Failed prerequiste check 
2017-05-15 17:48:35,791 [ 390765]   WARN - CPPImporter.plugin.UpdatePreview - Execute intention Keep 
2017-05-15 17:48:35,794 [ 390768]   WARN - CPPImporter.plugin.IntentionExecutor - indexOf node 0 
2017-05-15 17:48:35,796 [ 390770]   WARN - CPPImporter.plugin.UpdatePreview - Execute intention KeepAsFeature 
2017-05-15 17:48:35,796 [ 390770]   WARN - CPPImporter.plugin.IntentionExecutor - MakeMandatory: node 0 is not in #if/#ifdef 
2017-05-15 17:48:35,796 [ 390770]   WARN - CPPImporter.plugin.IntentionExecutor - Action MakeMandatory only possible if all selected nodes are within an #if/#ifdef 
2017-05-15 17:48:35,797 [ 390771]  ERROR - CPPImporter.plugin.IntentionExecutor - Failed prerequiste check 
2017-05-15 17:48:35,797 [ 390771]   WARN - CPPImporter.plugin.UpdatePreview - Execute intention Keep 
2017-05-15 17:48:35,797 [ 390771]   WARN - CPPImporter.plugin.IntentionExecutor - indexOf node 0 
2017-05-15 17:48:35,803 [ 390777]   WARN - CPPImporter.plugin.UpdatePreview - Execute intention KeepAsFeature 
2017-05-15 17:48:35,803 [ 390777]   WARN - CPPImporter.plugin.IntentionExecutor - MakeMandatory: node 0 is not in #if/#ifdef 
2017-05-15 17:48:35,803 [ 390777]   WARN - CPPImporter.plugin.IntentionExecutor - Action MakeMandatory only possible if all selected nodes are within an #if/#ifdef 
2017-05-15 17:48:35,803 [ 390777]  ERROR - CPPImporter.plugin.IntentionExecutor - Failed prerequiste check 
2017-05-15 17:48:35,803 [ 390777]   WARN - CPPImporter.plugin.UpdatePreview - Execute intention Keep 
2017-05-15 17:48:35,803 [ 390777]   WARN - CPPImporter.plugin.IntentionExecutor - indexOf node 0 
2017-05-15 17:48:35,810 [ 390784]   WARN - CPPImporter.plugin.UpdatePreview - Execute intention KeepAsFeature 
2017-05-15 17:48:35,810 [ 390784]   WARN - CPPImporter.plugin.IntentionExecutor - MakeMandatory: node 0 is not in #if/#ifdef 
2017-05-15 17:48:35,810 [ 390784]   WARN - CPPImporter.plugin.IntentionExecutor - Action MakeMandatory only possible if all selected nodes are within an #if/#ifdef 
2017-05-15 17:48:35,811 [ 390785]  ERROR - CPPImporter.plugin.IntentionExecutor - Failed prerequiste check 
2017-05-15 17:48:35,811 [ 390785]   WARN - CPPImporter.plugin.UpdatePreview - Execute intention Keep 
2017-05-15 17:48:35,811 [ 390785]   WARN - CPPImporter.plugin.IntentionExecutor - indexOf node 0 
2017-05-15 17:48:35,812 [ 390786]   WARN - CPPImporter.plugin.UpdatePreview - Execute intention KeepAsFeature 
2017-05-15 17:48:35,812 [ 390786]   WARN - CPPImporter.plugin.IntentionExecutor - MakeMandatory: node 0 is not in #if/#ifdef 
2017-05-15 17:48:35,813 [ 390787]   WARN - CPPImporter.plugin.IntentionExecutor - Action MakeMandatory only possible if all selected nodes are within an #if/#ifdef 
2017-05-15 17:48:35,813 [ 390787]  ERROR - CPPImporter.plugin.IntentionExecutor - Failed prerequiste check 
2017-05-15 17:49:11,006 [ 425980]   WARN - CPPLanguage.editor.IntentionContainer_Editor - Show 22 intentions. 
2017-05-15 17:49:11,009 [ 425983]   WARN - CPPLanguage.editor.IntentionContainer_Editor - IntentionContainer_Editor: Could not find editor cell for node MacroIf 
2017-05-15 17:49:11,011 [ 425985]   WARN - CPPLanguage.editor.IntentionContainer_Editor - IntentionContainer_Editor: Could not find editor cell for node TextContent 
2017-05-15 17:49:11,012 [ 425986]   WARN - CPPLanguage.editor.IntentionContainer_Editor - IntentionContainer_Editor: Could not find editor cell for node MacroIf 
2017-05-15 17:49:11,012 [ 425986]   WARN - CPPLanguage.editor.IntentionContainer_Editor - IntentionContainer_Editor: Could not find editor cell for node MacroIf 
2017-05-15 17:49:11,012 [ 425986]   WARN - CPPLanguage.editor.IntentionContainer_Editor - IntentionContainer_Editor: Could not find editor cell for node TextContent 
2017-05-15 17:49:11,013 [ 425987]   WARN - CPPLanguage.editor.IntentionContainer_Editor - IntentionContainer_Editor: Could not find editor cell for node TextContentComment 
2017-05-15 17:49:11,014 [ 425988]   WARN - CPPLanguage.editor.IntentionContainer_Editor - IntentionContainer_Editor: Could not find editor cell for node TextContentComment 
2017-05-15 17:49:11,015 [ 425989]   WARN - CPPLanguage.editor.IntentionContainer_Editor - IntentionContainer_Editor: Could not find editor cell for node TextContent 
2017-05-15 17:49:11,016 [ 425990]   WARN - CPPLanguage.editor.IntentionContainer_Editor - IntentionContainer_Editor: Could not find editor cell for node TextContent 
2017-05-15 17:49:11,018 [ 425992]   WARN - CPPLanguage.editor.IntentionContainer_Editor - IntentionContainer_Editor: Could not find editor cell for node TextContent 
2017-05-15 17:49:11,018 [ 425992]   WARN - CPPLanguage.editor.IntentionContainer_Editor - IntentionContainer_Editor: Could not find editor cell for node TextContent 
2017-05-15 17:49:11,019 [ 425993]   WARN - CPPLanguage.editor.IntentionContainer_Editor - IntentionContainer_Editor: Could not find editor cell for node TextContent 
2017-05-15 17:49:11,020 [ 425994]   WARN - CPPLanguage.editor.IntentionContainer_Editor - IntentionContainer_Editor: Could not find editor cell for node TextContent 
2017-05-15 17:49:11,020 [ 425994]   WARN - CPPLanguage.editor.IntentionContainer_Editor - IntentionContainer_Editor: Could not find editor cell for node TextContent 
2017-05-15 17:49:11,021 [ 425995]   WARN - CPPLanguage.editor.IntentionContainer_Editor - IntentionContainer_Editor: Could not find editor cell for node TextContent 
2017-05-15 17:49:11,022 [ 425996]   WARN - CPPLanguage.editor.IntentionContainer_Editor - IntentionContainer_Editor: Could not find editor cell for node TextContent 
2017-05-15 17:49:11,024 [ 425998]   WARN - CPPLanguage.editor.IntentionContainer_Editor - IntentionContainer_Editor: Could not find editor cell for node TextContent 
2017-05-15 17:49:11,026 [ 426000]   WARN - CPPLanguage.editor.IntentionContainer_Editor - IntentionContainer_Editor: Could not find editor cell for node TextContent 
2017-05-15 17:49:11,027 [ 426001]   WARN - CPPLanguage.editor.IntentionContainer_Editor - IntentionContainer_Editor: Could not find editor cell for node TextContent 
2017-05-15 17:49:33,998 [ 448972]   INFO - CPPImporter.plugin.KeepAsFeature_Action - [LOG] Intention Keep As Feature for 7 nodes. 
2017-05-15 17:49:43,966 [ 458940]   INFO - CPPImporter.plugin.KeepAsFeature_Action - [LOG] View of Keep Intention is Clone 
2017-05-15 17:49:43,976 [ 458950]   INFO - CPPImporter.plugin.UpdatePreview - Initialize future model 
2017-05-15 17:49:43,983 [ 458957]   INFO - CPPImporter.plugin.UpdatePreview - Create node mapping 
2017-05-15 17:49:43,984 [ 458958]   INFO - CPPImporter.plugin.UpdatePreview - Node mapping done 
2017-05-15 17:49:43,990 [ 458964]   WARN - CPPImporter.plugin.UpdatePreview - Execute intention Remove 
2017-05-15 17:49:43,990 [ 458964]   WARN - CPPImporter.plugin.UpdatePreview - Execute intention Keep 
2017-05-15 17:49:43,990 [ 458964]   INFO - CPPImporter.plugin.IntentionExecutor - defined(FEAT_CMDL_COMPL)isComplexCondition false 
2017-05-15 17:49:43,990 [ 458964]   WARN - CPPImporter.plugin.IntentionExecutor - indexOf node 0 
2017-05-15 17:49:43,991 [ 458965]   WARN - CPPImporter.plugin.UpdatePreview - Execute intention Remove 
2017-05-15 17:49:43,991 [ 458965]   WARN - CPPImporter.plugin.UpdatePreview - Execute intention Keep 
2017-05-15 17:49:43,991 [ 458965]   WARN - CPPImporter.plugin.IntentionExecutor - indexOf node 0 
2017-05-15 17:49:43,992 [ 458966]   WARN - CPPImporter.plugin.UpdatePreview - Execute intention Keep 
2017-05-15 17:49:43,994 [ 458968]   INFO - CPPImporter.plugin.IntentionExecutor - defined(OS2)isComplexCondition false 
2017-05-15 17:49:43,994 [ 458968]   WARN - CPPImporter.plugin.IntentionExecutor - indexOf node 0 
2017-05-15 17:49:43,996 [ 458970]   WARN - CPPImporter.plugin.UpdatePreview - Execute intention Remove 
2017-05-15 17:49:44,000 [ 458974]   WARN - CPPImporter.plugin.UpdatePreview - Execute intention Keep 
2017-05-15 17:49:44,001 [ 458975]   INFO - CPPImporter.plugin.IntentionExecutor - defined(OS2)isComplexCondition false 
2017-05-15 17:49:44,001 [ 458975]   WARN - CPPImporter.plugin.IntentionExecutor - MakeMandatory: node 0 is not in #if/#ifdef 
2017-05-15 17:49:44,002 [ 458976]   WARN - CPPImporter.plugin.IntentionExecutor - Action MakeMandatory only possible if all selected nodes are within an #if/#ifdef 
2017-05-15 17:49:44,002 [ 458976]  ERROR - CPPImporter.plugin.IntentionExecutor - Failed prerequiste check 
2017-05-15 17:49:44,003 [ 458977]   WARN - CPPImporter.plugin.UpdatePreview - Execute intention Keep 
2017-05-15 17:49:44,004 [ 458978]   WARN - CPPImporter.plugin.IntentionExecutor - indexOf node 0 
2017-05-15 17:49:44,006 [ 458980]   WARN - CPPImporter.plugin.UpdatePreview - Execute intention Keep 
2017-05-15 17:49:44,007 [ 458981]   WARN - CPPImporter.plugin.IntentionExecutor - indexOf node 0 
2017-05-15 17:49:44,010 [ 458984]   WARN - CPPImporter.plugin.UpdatePreview - Execute intention KeepAsFeature 
2017-05-15 17:49:44,013 [ 458987]   WARN - CPPImporter.plugin.IntentionExecutor - MakeMandatory: node 0 is not in #if/#ifdef 
2017-05-15 17:49:44,014 [ 458988]   WARN - CPPImporter.plugin.IntentionExecutor - Action MakeMandatory only possible if all selected nodes are within an #if/#ifdef 
2017-05-15 17:49:44,014 [ 458988]  ERROR - CPPImporter.plugin.IntentionExecutor - Failed prerequiste check 
2017-05-15 17:49:44,015 [ 458989]   WARN - CPPImporter.plugin.UpdatePreview - Execute intention KeepAsFeature 
2017-05-15 17:49:44,015 [ 458989]   WARN - CPPImporter.plugin.IntentionExecutor - MakeMandatory: node 0 is not in #if/#ifdef 
2017-05-15 17:49:44,016 [ 458990]   WARN - CPPImporter.plugin.IntentionExecutor - Action MakeMandatory only possible if all selected nodes are within an #if/#ifdef 
2017-05-15 17:49:44,016 [ 458990]  ERROR - CPPImporter.plugin.IntentionExecutor - Failed prerequiste check 
2017-05-15 17:49:44,017 [ 458991]   WARN - CPPImporter.plugin.UpdatePreview - Execute intention Keep 
2017-05-15 17:49:44,018 [ 458992]   WARN - CPPImporter.plugin.IntentionExecutor - indexOf node 0 
2017-05-15 17:49:44,031 [ 459005]   WARN - CPPImporter.plugin.UpdatePreview - Execute intention KeepAsFeature 
2017-05-15 17:49:44,034 [ 459008]   WARN - CPPImporter.plugin.IntentionExecutor - MakeMandatory: node 0 is not in #if/#ifdef 
2017-05-15 17:49:44,034 [ 459008]   WARN - CPPImporter.plugin.IntentionExecutor - Action MakeMandatory only possible if all selected nodes are within an #if/#ifdef 
2017-05-15 17:49:44,035 [ 459009]  ERROR - CPPImporter.plugin.IntentionExecutor - Failed prerequiste check 
2017-05-15 17:49:44,035 [ 459009]   WARN - CPPImporter.plugin.UpdatePreview - Execute intention KeepAsFeature 
2017-05-15 17:49:44,035 [ 459009]   WARN - CPPImporter.plugin.IntentionExecutor - MakeMandatory: node 0 is not in #if/#ifdef 
2017-05-15 17:49:44,035 [ 459009]   WARN - CPPImporter.plugin.IntentionExecutor - Action MakeMandatory only possible if all selected nodes are within an #if/#ifdef 
2017-05-15 17:49:44,036 [ 459010]  ERROR - CPPImporter.plugin.IntentionExecutor - Failed prerequiste check 
2017-05-15 17:49:44,036 [ 459010]   WARN - CPPImporter.plugin.UpdatePreview - Execute intention Keep 
2017-05-15 17:49:44,036 [ 459010]   WARN - CPPImporter.plugin.IntentionExecutor - indexOf node 0 
2017-05-15 17:49:44,040 [ 459014]   WARN - CPPImporter.plugin.UpdatePreview - Execute intention KeepAsFeature 
2017-05-15 17:49:44,043 [ 459017]   WARN - CPPImporter.plugin.IntentionExecutor - MakeMandatory: node 0 is not in #if/#ifdef 
2017-05-15 17:49:44,046 [ 459020]   WARN - CPPImporter.plugin.IntentionExecutor - Action MakeMandatory only possible if all selected nodes are within an #if/#ifdef 
2017-05-15 17:49:44,047 [ 459021]  ERROR - CPPImporter.plugin.IntentionExecutor - Failed prerequiste check 
2017-05-15 17:49:44,047 [ 459021]   WARN - CPPImporter.plugin.UpdatePreview - Execute intention KeepAsFeature 
2017-05-15 17:49:44,048 [ 459022]   WARN - CPPImporter.plugin.IntentionExecutor - MakeMandatory: node 0 is not in #if/#ifdef 
2017-05-15 17:49:44,049 [ 459023]   WARN - CPPImporter.plugin.IntentionExecutor - Action MakeMandatory only possible if all selected nodes are within an #if/#ifdef 
2017-05-15 17:49:44,049 [ 459023]  ERROR - CPPImporter.plugin.IntentionExecutor - Failed prerequiste check 
2017-05-15 17:49:44,049 [ 459023]   WARN - CPPImporter.plugin.UpdatePreview - Execute intention Keep 
2017-05-15 17:49:44,050 [ 459024]   WARN - CPPImporter.plugin.IntentionExecutor - indexOf node 0 
2017-05-15 17:49:44,051 [ 459025]   WARN - CPPImporter.plugin.UpdatePreview - Execute intention KeepAsFeature 
2017-05-15 17:49:44,052 [ 459026]   WARN - CPPImporter.plugin.IntentionExecutor - MakeMandatory: node 0 is not in #if/#ifdef 
2017-05-15 17:49:44,052 [ 459026]   WARN - CPPImporter.plugin.IntentionExecutor - Action MakeMandatory only possible if all selected nodes are within an #if/#ifdef 
2017-05-15 17:49:44,052 [ 459026]  ERROR - CPPImporter.plugin.IntentionExecutor - Failed prerequiste check 
2017-05-15 17:49:44,052 [ 459026]   WARN - CPPImporter.plugin.UpdatePreview - Execute intention KeepAsFeature 
2017-05-15 17:49:44,053 [ 459027]   WARN - CPPImporter.plugin.IntentionExecutor - MakeMandatory: node 0 is not in #if/#ifdef 
2017-05-15 17:49:44,053 [ 459027]   WARN - CPPImporter.plugin.IntentionExecutor - Action MakeMandatory only possible if all selected nodes are within an #if/#ifdef 
2017-05-15 17:49:44,053 [ 459027]  ERROR - CPPImporter.plugin.IntentionExecutor - Failed prerequiste check 
2017-05-15 17:49:44,053 [ 459027]   WARN - CPPImporter.plugin.UpdatePreview - Execute intention Keep 
2017-05-15 17:49:44,053 [ 459027]   WARN - CPPImporter.plugin.IntentionExecutor - indexOf node 0 
2017-05-15 17:49:44,054 [ 459028]   WARN - CPPImporter.plugin.UpdatePreview - Execute intention KeepAsFeature 
2017-05-15 17:49:44,055 [ 459029]   WARN - CPPImporter.plugin.IntentionExecutor - MakeMandatory: node 0 is not in #if/#ifdef 
2017-05-15 17:49:44,055 [ 459029]   WARN - CPPImporter.plugin.IntentionExecutor - Action MakeMandatory only possible if all selected nodes are within an #if/#ifdef 
2017-05-15 17:49:44,055 [ 459029]  ERROR - CPPImporter.plugin.IntentionExecutor - Failed prerequiste check 
2017-05-15 17:49:44,056 [ 459030]   WARN - CPPImporter.plugin.UpdatePreview - Execute intention KeepAsFeature 
2017-05-15 17:49:44,056 [ 459030]   WARN - CPPImporter.plugin.IntentionExecutor - MakeMandatory: node 0 is not in #if/#ifdef 
2017-05-15 17:49:44,056 [ 459030]   WARN - CPPImporter.plugin.IntentionExecutor - Action MakeMandatory only possible if all selected nodes are within an #if/#ifdef 
2017-05-15 17:49:44,056 [ 459030]  ERROR - CPPImporter.plugin.IntentionExecutor - Failed prerequiste check 
2017-05-15 17:49:44,057 [ 459031]   WARN - CPPImporter.plugin.UpdatePreview - Execute intention Keep 
2017-05-15 17:49:44,057 [ 459031]   WARN - CPPImporter.plugin.IntentionExecutor - indexOf node 0 
2017-05-15 17:49:44,058 [ 459032]   WARN - CPPImporter.plugin.UpdatePreview - Execute intention KeepAsFeature 
2017-05-15 17:49:44,059 [ 459033]   WARN - CPPImporter.plugin.IntentionExecutor - MakeMandatory: node 0 is not in #if/#ifdef 
2017-05-15 17:49:44,059 [ 459033]   WARN - CPPImporter.plugin.IntentionExecutor - Action MakeMandatory only possible if all selected nodes are within an #if/#ifdef 
2017-05-15 17:49:44,060 [ 459034]  ERROR - CPPImporter.plugin.IntentionExecutor - Failed prerequiste check 
2017-05-15 17:49:44,062 [ 459036]   WARN - CPPImporter.plugin.UpdatePreview - Execute intention KeepAsFeature 
2017-05-15 17:49:44,063 [ 459037]   WARN - CPPImporter.plugin.IntentionExecutor - MakeMandatory: node 0 is not in #if/#ifdef 
2017-05-15 17:49:44,064 [ 459038]   WARN - CPPImporter.plugin.IntentionExecutor - Action MakeMandatory only possible if all selected nodes are within an #if/#ifdef 
2017-05-15 17:49:44,065 [ 459039]  ERROR - CPPImporter.plugin.IntentionExecutor - Failed prerequiste check 
2017-05-15 17:49:44,066 [ 459040]   WARN - CPPImporter.plugin.UpdatePreview - Execute intention Keep 
2017-05-15 17:49:44,066 [ 459040]   WARN - CPPImporter.plugin.IntentionExecutor - indexOf node 0 
2017-05-15 17:49:44,068 [ 459042]   WARN - CPPImporter.plugin.UpdatePreview - Execute intention KeepAsFeature 
2017-05-15 17:49:44,069 [ 459043]   WARN - CPPImporter.plugin.IntentionExecutor - MakeMandatory: node 0 is not in #if/#ifdef 
2017-05-15 17:49:44,071 [ 459045]   WARN - CPPImporter.plugin.IntentionExecutor - Action MakeMandatory only possible if all selected nodes are within an #if/#ifdef 
2017-05-15 17:49:44,071 [ 459045]  ERROR - CPPImporter.plugin.IntentionExecutor - Failed prerequiste check 
2017-05-15 17:49:44,071 [ 459045]   WARN - CPPImporter.plugin.UpdatePreview - Execute intention KeepAsFeature 
2017-05-15 17:49:44,072 [ 459046]   WARN - CPPImporter.plugin.IntentionExecutor - MakeMandatory: node 0 is not in #if/#ifdef 
2017-05-15 17:49:44,072 [ 459046]   WARN - CPPImporter.plugin.IntentionExecutor - Action MakeMandatory only possible if all selected nodes are within an #if/#ifdef 
2017-05-15 17:49:44,072 [ 459046]  ERROR - CPPImporter.plugin.IntentionExecutor - Failed prerequiste check 
2017-05-15 17:49:44,086 [ 459060]   WARN - CPPLanguage.editor.IntentionContainer_Editor - Show 29 intentions. 
2017-05-15 17:50:04,766 [ 479740]   INFO - CPPImporter.plugin.UndoIntention_Action - [LOG] Un-declare an intention 
2017-05-15 17:50:04,768 [ 479742]   INFO - CPPImporter.plugin.UndoIntention_Action - [LOG] Undeclare Keep of view Mainline 
2017-05-15 17:50:04,768 [ 479742]   INFO - CPPImporter.plugin.UndoIntention_Action - [LOG] Undeclare Keep of view Mainline 
2017-05-15 17:50:04,768 [ 479742]   INFO - CPPImporter.plugin.UndoIntention_Action - [LOG] Undeclare Keep of view Mainline 
2017-05-15 17:50:04,768 [ 479742]   INFO - CPPImporter.plugin.UndoIntention_Action - [LOG] Undeclare Keep of view Mainline 
2017-05-15 17:50:04,768 [ 479742]   INFO - CPPImporter.plugin.UndoIntention_Action - [LOG] Undeclare Keep of view Mainline 
2017-05-15 17:50:04,768 [ 479742]   INFO - CPPImporter.plugin.UndoIntention_Action - [LOG] Undeclare Keep of view Mainline 
2017-05-15 17:50:04,768 [ 479742]   INFO - CPPImporter.plugin.UndoIntention_Action - [LOG] Undeclare Keep of view Mainline 
2017-05-15 17:50:04,768 [ 479742]   INFO - CPPImporter.plugin.UndoIntention_Action - [LOG] Undeclare KeepAsFeature of view Clone 
2017-05-15 17:50:04,768 [ 479742]   INFO - CPPImporter.plugin.UndoIntention_Action - [LOG] Undeclare KeepAsFeature of view Clone 
2017-05-15 17:50:04,768 [ 479742]   INFO - CPPImporter.plugin.UndoIntention_Action - [LOG] Undeclare KeepAsFeature of view Clone 
2017-05-15 17:50:04,768 [ 479742]   INFO - CPPImporter.plugin.UndoIntention_Action - [LOG] Undeclare KeepAsFeature of view Clone 
2017-05-15 17:50:04,768 [ 479742]   INFO - CPPImporter.plugin.UndoIntention_Action - [LOG] Undeclare KeepAsFeature of view Clone 
2017-05-15 17:50:04,768 [ 479742]   INFO - CPPImporter.plugin.UndoIntention_Action - [LOG] Undeclare KeepAsFeature of view Clone 
2017-05-15 17:50:04,768 [ 479742]   INFO - CPPImporter.plugin.UndoIntention_Action - [LOG] Undeclare KeepAsFeature of view Clone 
2017-05-15 17:50:04,768 [ 479742]   INFO - CPPImporter.plugin.UndoIntention_Action - [LOG] Undeclare KeepAsFeature of view Clone 
2017-05-15 17:50:04,768 [ 479742]   INFO - CPPImporter.plugin.UndoIntention_Action - [LOG] Undeclare KeepAsFeature of view Clone 
2017-05-15 17:50:04,768 [ 479742]   INFO - CPPImporter.plugin.UndoIntention_Action - [LOG] Undeclare KeepAsFeature of view Clone 
2017-05-15 17:50:04,768 [ 479742]   INFO - CPPImporter.plugin.UndoIntention_Action - [LOG] Undeclare KeepAsFeature of view Clone 
2017-05-15 17:50:04,768 [ 479742]   INFO - CPPImporter.plugin.UndoIntention_Action - [LOG] Undeclare KeepAsFeature of view Clone 
2017-05-15 17:50:04,768 [ 479742]   INFO - CPPImporter.plugin.UndoIntention_Action - [LOG] Undeclare KeepAsFeature of view Clone 
2017-05-15 17:50:04,768 [ 479742]   INFO - CPPImporter.plugin.UndoIntention_Action - [LOG] Undeclare KeepAsFeature of view Clone 
2017-05-15 17:50:04,774 [ 479748]   INFO - CPPImporter.plugin.UpdatePreview - Initialize future model 
2017-05-15 17:50:04,775 [ 479749]   INFO - CPPImporter.plugin.UpdatePreview - Create node mapping 
2017-05-15 17:50:04,775 [ 479749]   INFO - CPPImporter.plugin.UpdatePreview - Node mapping done 
2017-05-15 17:50:04,776 [ 479750]   WARN - CPPImporter.plugin.UpdatePreview - Execute intention Remove 
2017-05-15 17:50:04,776 [ 479750]   WARN - CPPImporter.plugin.UpdatePreview - Execute intention Keep 
2017-05-15 17:50:04,776 [ 479750]   INFO - CPPImporter.plugin.IntentionExecutor - defined(FEAT_CMDL_COMPL)isComplexCondition false 
2017-05-15 17:50:04,776 [ 479750]   WARN - CPPImporter.plugin.IntentionExecutor - indexOf node 0 
2017-05-15 17:50:04,777 [ 479751]   WARN - CPPImporter.plugin.UpdatePreview - Execute intention Remove 
2017-05-15 17:50:04,777 [ 479751]   WARN - CPPImporter.plugin.UpdatePreview - Execute intention Keep 
2017-05-15 17:50:04,778 [ 479752]   WARN - CPPImporter.plugin.IntentionExecutor - indexOf node 0 
2017-05-15 17:50:04,791 [ 479765]   WARN - CPPImporter.plugin.UpdatePreview - Execute intention Keep 
2017-05-15 17:50:04,793 [ 479767]   INFO - CPPImporter.plugin.IntentionExecutor - defined(OS2)isComplexCondition false 
2017-05-15 17:50:04,793 [ 479767]   WARN - CPPImporter.plugin.IntentionExecutor - indexOf node 0 
2017-05-15 17:50:04,795 [ 479769]   WARN - CPPImporter.plugin.UpdatePreview - Execute intention Remove 
2017-05-15 17:50:04,796 [ 479770]   WARN - CPPImporter.plugin.UpdatePreview - Execute intention Keep 
2017-05-15 17:50:04,797 [ 479771]   INFO - CPPImporter.plugin.IntentionExecutor - defined(OS2)isComplexCondition false 
2017-05-15 17:50:04,797 [ 479771]   WARN - CPPImporter.plugin.IntentionExecutor - MakeMandatory: node 0 is not in #if/#ifdef 
2017-05-15 17:50:04,798 [ 479772]   WARN - CPPImporter.plugin.IntentionExecutor - Action MakeMandatory only possible if all selected nodes are within an #if/#ifdef 
2017-05-15 17:50:04,801 [ 479775]  ERROR - CPPImporter.plugin.IntentionExecutor - Failed prerequiste check 
2017-05-15 17:50:04,803 [ 479777]   WARN - CPPImporter.plugin.UpdatePreview - Execute intention Keep 
2017-05-15 17:50:04,804 [ 479778]   WARN - CPPImporter.plugin.IntentionExecutor - indexOf node 0 
2017-05-15 17:50:04,831 [ 479805]   WARN - CPPLanguage.editor.IntentionContainer_Editor - Show 8 intentions. 
2017-05-15 17:50:11,954 [ 486928]   INFO - CPPImporter.plugin.KeepAsFeature_Action - [LOG] Intention Keep As Feature for 7 nodes. 
2017-05-15 17:50:17,337 [ 492311]   INFO - jetbrains.mps.extapi.model.EditableSModelBase - Saving model Examples.Imported2 
2017-05-15 17:50:17,796 [ 492770]   INFO - jetbrains.mps.smodel.MPSModuleRepository - Saving of the repository took 0.480 s 
2017-05-15 17:50:27,380 [ 502354]   INFO - CPPImporter.plugin.KeepAsFeature_Action - [LOG] View of Keep Intention is Clone 
2017-05-15 17:50:27,388 [ 502362]   INFO - CPPImporter.plugin.UpdatePreview - Initialize future model 
2017-05-15 17:50:27,421 [ 502395]   INFO - CPPImporter.plugin.UpdatePreview - Create node mapping 
2017-05-15 17:50:27,427 [ 502401]   INFO - CPPImporter.plugin.UpdatePreview - Node mapping done 
2017-05-15 17:50:27,434 [ 502408]   WARN - CPPImporter.plugin.UpdatePreview - Execute intention Remove 
2017-05-15 17:50:27,435 [ 502409]   WARN - CPPImporter.plugin.UpdatePreview - Execute intention Keep 
2017-05-15 17:50:27,438 [ 502412]   INFO - CPPImporter.plugin.IntentionExecutor - defined(FEAT_CMDL_COMPL)isComplexCondition false 
2017-05-15 17:50:27,438 [ 502412]   WARN - CPPImporter.plugin.IntentionExecutor - indexOf node 0 
2017-05-15 17:50:27,440 [ 502414]   WARN - CPPImporter.plugin.UpdatePreview - Execute intention Remove 
2017-05-15 17:50:27,441 [ 502415]   WARN - CPPImporter.plugin.UpdatePreview - Execute intention Keep 
2017-05-15 17:50:27,441 [ 502415]   WARN - CPPImporter.plugin.IntentionExecutor - indexOf node 0 
2017-05-15 17:50:27,444 [ 502418]   WARN - CPPImporter.plugin.UpdatePreview - Execute intention Keep 
2017-05-15 17:50:27,445 [ 502419]   INFO - CPPImporter.plugin.IntentionExecutor - defined(OS2)isComplexCondition false 
2017-05-15 17:50:27,447 [ 502421]   WARN - CPPImporter.plugin.IntentionExecutor - indexOf node 0 
2017-05-15 17:50:27,454 [ 502428]   WARN - CPPImporter.plugin.UpdatePreview - Execute intention Remove 
2017-05-15 17:50:27,455 [ 502429]   WARN - CPPImporter.plugin.UpdatePreview - Execute intention Keep 
2017-05-15 17:50:27,455 [ 502429]   INFO - CPPImporter.plugin.IntentionExecutor - defined(OS2)isComplexCondition false 
2017-05-15 17:50:27,455 [ 502429]   WARN - CPPImporter.plugin.IntentionExecutor - MakeMandatory: node 0 is not in #if/#ifdef 
2017-05-15 17:50:27,455 [ 502429]   WARN - CPPImporter.plugin.IntentionExecutor - Action MakeMandatory only possible if all selected nodes are within an #if/#ifdef 
2017-05-15 17:50:27,455 [ 502429]  ERROR - CPPImporter.plugin.IntentionExecutor - Failed prerequiste check 
2017-05-15 17:50:27,456 [ 502430]   WARN - CPPImporter.plugin.UpdatePreview - Execute intention Keep 
2017-05-15 17:50:27,456 [ 502430]   WARN - CPPImporter.plugin.IntentionExecutor - indexOf node 0 
2017-05-15 17:50:27,457 [ 502431]   WARN - CPPImporter.plugin.UpdatePreview - Execute intention KeepAsFeature 
2017-05-15 17:50:27,458 [ 502432]   WARN - CPPImporter.plugin.IntentionExecutor - indexOf node 0 
2017-05-15 17:50:27,464 [ 502438]   WARN - CPPImporter.plugin.UpdatePreview - Execute intention KeepAsFeature 
2017-05-15 17:50:27,465 [ 502439]   WARN - CPPImporter.plugin.IntentionExecutor - indexOf node 0 
2017-05-15 17:50:27,471 [ 502445]   WARN - CPPImporter.plugin.UpdatePreview - Execute intention KeepAsFeature 
2017-05-15 17:50:27,471 [ 502445]   WARN - CPPImporter.plugin.IntentionExecutor - indexOf node 0 
2017-05-15 17:50:27,476 [ 502450]   WARN - CPPImporter.plugin.UpdatePreview - Execute intention KeepAsFeature 
2017-05-15 17:50:27,477 [ 502451]   WARN - CPPImporter.plugin.IntentionExecutor - indexOf node 0 
2017-05-15 17:50:27,480 [ 502454]   WARN - CPPImporter.plugin.UpdatePreview - Execute intention KeepAsFeature 
2017-05-15 17:50:27,481 [ 502455]   WARN - CPPImporter.plugin.IntentionExecutor - indexOf node 0 
2017-05-15 17:50:27,487 [ 502461]   WARN - CPPImporter.plugin.UpdatePreview - Execute intention KeepAsFeature 
2017-05-15 17:50:27,488 [ 502462]   WARN - CPPImporter.plugin.IntentionExecutor - indexOf node 0 
2017-05-15 17:50:27,491 [ 502465]   WARN - CPPImporter.plugin.UpdatePreview - Execute intention KeepAsFeature 
2017-05-15 17:50:27,492 [ 502466]   WARN - CPPImporter.plugin.IntentionExecutor - indexOf node 0 
2017-05-15 17:50:27,517 [ 502491]   WARN - CPPLanguage.editor.IntentionContainer_Editor - Show 15 intentions. 
2017-05-15 17:51:32,720 [ 567694]   INFO - CPPImporter.plugin.Keep_Action - [LOG] Intention Keep for 4 nodes. 
2017-05-15 17:51:32,720 [ 567694]   INFO - CPPImporter.plugin.Keep_Action - [LOG] View of Keep Intention is Clone 
2017-05-15 17:51:32,730 [ 567704]   INFO - CPPImporter.plugin.Keep_Action - Update Preview 
2017-05-15 17:51:32,730 [ 567704]   INFO - CPPImporter.plugin.UpdatePreview - Initialize future model 
2017-05-15 17:51:32,731 [ 567705]   INFO - CPPImporter.plugin.UpdatePreview - Create node mapping 
2017-05-15 17:51:32,731 [ 567705]   INFO - CPPImporter.plugin.UpdatePreview - Node mapping done 
2017-05-15 17:51:32,739 [ 567713]   WARN - CPPImporter.plugin.UpdatePreview - Execute intention Remove 
2017-05-15 17:51:32,740 [ 567714]   WARN - CPPImporter.plugin.UpdatePreview - Execute intention Keep 
2017-05-15 17:51:32,741 [ 567715]   INFO - CPPImporter.plugin.IntentionExecutor - defined(FEAT_CMDL_COMPL)isComplexCondition false 
2017-05-15 17:51:32,741 [ 567715]   WARN - CPPImporter.plugin.IntentionExecutor - indexOf node 0 
2017-05-15 17:51:32,742 [ 567716]   WARN - CPPImporter.plugin.UpdatePreview - Execute intention Remove 
2017-05-15 17:51:32,742 [ 567716]   WARN - CPPImporter.plugin.UpdatePreview - Execute intention Keep 
2017-05-15 17:51:32,743 [ 567717]   WARN - CPPImporter.plugin.IntentionExecutor - indexOf node 0 
2017-05-15 17:51:32,743 [ 567717]   WARN - CPPImporter.plugin.UpdatePreview - Execute intention Keep 
2017-05-15 17:51:32,744 [ 567718]   INFO - CPPImporter.plugin.IntentionExecutor - defined(OS2)isComplexCondition false 
2017-05-15 17:51:32,744 [ 567718]   WARN - CPPImporter.plugin.IntentionExecutor - indexOf node 0 
2017-05-15 17:51:32,748 [ 567722]   WARN - CPPImporter.plugin.UpdatePreview - Execute intention Remove 
2017-05-15 17:51:32,751 [ 567725]   WARN - CPPImporter.plugin.UpdatePreview - Execute intention Keep 
2017-05-15 17:51:32,752 [ 567726]   INFO - CPPImporter.plugin.IntentionExecutor - defined(OS2)isComplexCondition false 
2017-05-15 17:51:32,753 [ 567727]   WARN - CPPImporter.plugin.IntentionExecutor - MakeMandatory: node 0 is not in #if/#ifdef 
2017-05-15 17:51:32,754 [ 567728]   WARN - CPPImporter.plugin.IntentionExecutor - Action MakeMandatory only possible if all selected nodes are within an #if/#ifdef 
2017-05-15 17:51:32,755 [ 567729]  ERROR - CPPImporter.plugin.IntentionExecutor - Failed prerequiste check 
2017-05-15 17:51:32,755 [ 567729]   WARN - CPPImporter.plugin.UpdatePreview - Execute intention Keep 
2017-05-15 17:51:32,756 [ 567730]   WARN - CPPImporter.plugin.IntentionExecutor - indexOf node 0 
2017-05-15 17:51:32,759 [ 567733]   WARN - CPPImporter.plugin.UpdatePreview - Execute intention KeepAsFeature 
2017-05-15 17:51:32,761 [ 567735]   WARN - CPPImporter.plugin.IntentionExecutor - indexOf node 0 
2017-05-15 17:51:32,765 [ 567739]   WARN - CPPImporter.plugin.UpdatePreview - Execute intention KeepAsFeature 
2017-05-15 17:51:32,766 [ 567740]   WARN - CPPImporter.plugin.IntentionExecutor - indexOf node 0 
2017-05-15 17:51:32,768 [ 567742]   WARN - CPPImporter.plugin.UpdatePreview - Execute intention KeepAsFeature 
2017-05-15 17:51:32,769 [ 567743]   WARN - CPPImporter.plugin.IntentionExecutor - indexOf node 0 
2017-05-15 17:51:32,771 [ 567745]   WARN - CPPImporter.plugin.UpdatePreview - Execute intention KeepAsFeature 
2017-05-15 17:51:32,771 [ 567745]   WARN - CPPImporter.plugin.IntentionExecutor - indexOf node 0 
2017-05-15 17:51:32,772 [ 567746]   WARN - CPPImporter.plugin.UpdatePreview - Execute intention KeepAsFeature 
2017-05-15 17:51:32,773 [ 567747]   WARN - CPPImporter.plugin.IntentionExecutor - indexOf node 0 
2017-05-15 17:51:32,774 [ 567748]   WARN - CPPImporter.plugin.UpdatePreview - Execute intention KeepAsFeature 
2017-05-15 17:51:32,775 [ 567749]   WARN - CPPImporter.plugin.IntentionExecutor - indexOf node 0 
2017-05-15 17:51:32,778 [ 567752]   WARN - CPPImporter.plugin.UpdatePreview - Execute intention KeepAsFeature 
2017-05-15 17:51:32,779 [ 567753]   WARN - CPPImporter.plugin.IntentionExecutor - indexOf node 0 
2017-05-15 17:51:32,787 [ 567761]   WARN - CPPImporter.plugin.UpdatePreview - Execute intention Keep 
2017-05-15 17:51:32,789 [ 567763]   WARN - CPPImporter.plugin.IntentionExecutor - MakeMandatory: node 0 is not in #if/#ifdef 
2017-05-15 17:51:32,792 [ 567766]   WARN - CPPImporter.plugin.IntentionExecutor - Action MakeMandatory only possible if all selected nodes are within an #if/#ifdef 
2017-05-15 17:51:32,793 [ 567767]  ERROR - CPPImporter.plugin.IntentionExecutor - Failed prerequiste check 
2017-05-15 17:51:32,794 [ 567768]   WARN - CPPImporter.plugin.UpdatePreview - Execute intention Keep 
2017-05-15 17:51:32,797 [ 567771]   INFO - CPPImporter.plugin.IntentionExecutor - defined(FORK) || defined(FEAT_CMDHIST)isComplexCondition true 
2017-05-15 17:51:32,798 [ 567772]   WARN - CPPImporter.plugin.UpdatePreview - Execute intention Keep 
2017-05-15 17:51:32,800 [ 567774]   INFO - CPPImporter.plugin.IntentionExecutor - defined(FORK)isComplexCondition false 
2017-05-15 17:51:32,801 [ 567775]   WARN - CPPImporter.plugin.IntentionExecutor - MakeMandatory: node 0 is not in #if/#ifdef 
2017-05-15 17:51:32,802 [ 567776]   WARN - CPPImporter.plugin.IntentionExecutor - Action MakeMandatory only possible if all selected nodes are within an #if/#ifdef 
2017-05-15 17:51:32,802 [ 567776]  ERROR - CPPImporter.plugin.IntentionExecutor - Failed prerequiste check 
2017-05-15 17:51:32,804 [ 567778]   WARN - CPPImporter.plugin.UpdatePreview - Execute intention Keep 
2017-05-15 17:51:32,805 [ 567779]   WARN - CPPImporter.plugin.IntentionExecutor - MakeMandatory: node 0 is not in #if/#ifdef 
2017-05-15 17:51:32,805 [ 567779]   WARN - CPPImporter.plugin.IntentionExecutor - Action MakeMandatory only possible if all selected nodes are within an #if/#ifdef 
2017-05-15 17:51:32,806 [ 567780]  ERROR - CPPImporter.plugin.IntentionExecutor - Failed prerequiste check 
2017-05-15 17:51:32,815 [ 567789]   WARN - CPPLanguage.editor.IntentionContainer_Editor - Show 19 intentions. 
2017-05-15 17:51:39,089 [ 574063]   INFO - CPPImporter.plugin.UndoIntention_Action - [LOG] Un-declare an intention 
2017-05-15 17:51:39,091 [ 574065]   INFO - CPPImporter.plugin.UndoIntention_Action - [LOG] Undeclare Keep of view Clone 
2017-05-15 17:51:39,091 [ 574065]   INFO - CPPImporter.plugin.UndoIntention_Action - [LOG] Undeclare Keep of view Clone 
2017-05-15 17:51:39,091 [ 574065]   INFO - CPPImporter.plugin.UndoIntention_Action - [LOG] Undeclare Keep of view Clone 
2017-05-15 17:51:39,091 [ 574065]   INFO - CPPImporter.plugin.UndoIntention_Action - [LOG] Undeclare Keep of view Clone 
2017-05-15 17:51:39,095 [ 574069]   INFO - CPPImporter.plugin.UpdatePreview - Initialize future model 
2017-05-15 17:51:39,096 [ 574070]   INFO - CPPImporter.plugin.UpdatePreview - Create node mapping 
2017-05-15 17:51:39,097 [ 574071]   INFO - CPPImporter.plugin.UpdatePreview - Node mapping done 
2017-05-15 17:51:39,099 [ 574073]   WARN - CPPImporter.plugin.UpdatePreview - Execute intention Remove 
2017-05-15 17:51:39,099 [ 574073]   WARN - CPPImporter.plugin.UpdatePreview - Execute intention Keep 
2017-05-15 17:51:39,100 [ 574074]   INFO - CPPImporter.plugin.IntentionExecutor - defined(FEAT_CMDL_COMPL)isComplexCondition false 
2017-05-15 17:51:39,100 [ 574074]   WARN - CPPImporter.plugin.IntentionExecutor - indexOf node 0 
2017-05-15 17:51:39,100 [ 574074]   WARN - CPPImporter.plugin.UpdatePreview - Execute intention Remove 
2017-05-15 17:51:39,102 [ 574076]   WARN - CPPImporter.plugin.UpdatePreview - Execute intention Keep 
2017-05-15 17:51:39,102 [ 574076]   WARN - CPPImporter.plugin.IntentionExecutor - indexOf node 0 
2017-05-15 17:51:39,105 [ 574079]   WARN - CPPImporter.plugin.UpdatePreview - Execute intention Keep 
2017-05-15 17:51:39,107 [ 574081]   INFO - CPPImporter.plugin.IntentionExecutor - defined(OS2)isComplexCondition false 
2017-05-15 17:51:39,107 [ 574081]   WARN - CPPImporter.plugin.IntentionExecutor - indexOf node 0 
2017-05-15 17:51:39,111 [ 574085]   WARN - CPPImporter.plugin.UpdatePreview - Execute intention Remove 
2017-05-15 17:51:39,113 [ 574087]   WARN - CPPImporter.plugin.UpdatePreview - Execute intention Keep 
2017-05-15 17:51:39,113 [ 574087]   INFO - CPPImporter.plugin.IntentionExecutor - defined(OS2)isComplexCondition false 
2017-05-15 17:51:39,113 [ 574087]   WARN - CPPImporter.plugin.IntentionExecutor - MakeMandatory: node 0 is not in #if/#ifdef 
2017-05-15 17:51:39,114 [ 574088]   WARN - CPPImporter.plugin.IntentionExecutor - Action MakeMandatory only possible if all selected nodes are within an #if/#ifdef 
2017-05-15 17:51:39,115 [ 574089]  ERROR - CPPImporter.plugin.IntentionExecutor - Failed prerequiste check 
2017-05-15 17:51:39,115 [ 574089]   WARN - CPPImporter.plugin.UpdatePreview - Execute intention Keep 
2017-05-15 17:51:39,116 [ 574090]   WARN - CPPImporter.plugin.IntentionExecutor - indexOf node 0 
2017-05-15 17:51:39,120 [ 574094]   WARN - CPPImporter.plugin.UpdatePreview - Execute intention KeepAsFeature 
2017-05-15 17:51:39,121 [ 574095]   WARN - CPPImporter.plugin.IntentionExecutor - indexOf node 0 
2017-05-15 17:51:39,128 [ 574102]   WARN - CPPImporter.plugin.UpdatePreview - Execute intention KeepAsFeature 
2017-05-15 17:51:39,129 [ 574103]   WARN - CPPImporter.plugin.IntentionExecutor - indexOf node 0 
2017-05-15 17:51:39,132 [ 574106]   WARN - CPPImporter.plugin.UpdatePreview - Execute intention KeepAsFeature 
2017-05-15 17:51:39,133 [ 574107]   WARN - CPPImporter.plugin.IntentionExecutor - indexOf node 0 
2017-05-15 17:51:39,134 [ 574108]   WARN - CPPImporter.plugin.UpdatePreview - Execute intention KeepAsFeature 
2017-05-15 17:51:39,137 [ 574111]   WARN - CPPImporter.plugin.IntentionExecutor - indexOf node 0 
2017-05-15 17:51:39,149 [ 574123]   WARN - CPPImporter.plugin.UpdatePreview - Execute intention KeepAsFeature 
2017-05-15 17:51:39,150 [ 574124]   WARN - CPPImporter.plugin.IntentionExecutor - indexOf node 0 
2017-05-15 17:51:39,157 [ 574131]   WARN - CPPImporter.plugin.UpdatePreview - Execute intention KeepAsFeature 
2017-05-15 17:51:39,157 [ 574131]   WARN - CPPImporter.plugin.IntentionExecutor - indexOf node 0 
2017-05-15 17:51:39,165 [ 574139]   WARN - CPPImporter.plugin.UpdatePreview - Execute intention KeepAsFeature 
2017-05-15 17:51:39,165 [ 574139]   WARN - CPPImporter.plugin.IntentionExecutor - indexOf node 0 
2017-05-15 17:51:39,183 [ 574157]   WARN - CPPLanguage.editor.IntentionContainer_Editor - Show 15 intentions. 
2017-05-15 17:51:41,683 [ 576657]   INFO - CPPImporter.plugin.Keep_Action - [LOG] Intention Keep for 4 nodes. 
2017-05-15 17:51:41,687 [ 576661]   INFO - CPPImporter.plugin.Keep_Action - [LOG] View of Keep Intention is Clone 
2017-05-15 17:51:41,690 [ 576664]   INFO - CPPImporter.plugin.Keep_Action - Update Preview 
2017-05-15 17:51:41,691 [ 576665]   INFO - CPPImporter.plugin.UpdatePreview - Initialize future model 
2017-05-15 17:51:41,694 [ 576668]   INFO - CPPImporter.plugin.UpdatePreview - Create node mapping 
2017-05-15 17:51:41,695 [ 576669]   INFO - CPPImporter.plugin.UpdatePreview - Node mapping done 
2017-05-15 17:51:41,697 [ 576671]   WARN - CPPImporter.plugin.UpdatePreview - Execute intention Remove 
2017-05-15 17:51:41,698 [ 576672]   WARN - CPPImporter.plugin.UpdatePreview - Execute intention Keep 
2017-05-15 17:51:41,702 [ 576676]   INFO - CPPImporter.plugin.IntentionExecutor - defined(FEAT_CMDL_COMPL)isComplexCondition false 
2017-05-15 17:51:41,702 [ 576676]   WARN - CPPImporter.plugin.IntentionExecutor - indexOf node 0 
2017-05-15 17:51:41,709 [ 576683]   WARN - CPPImporter.plugin.UpdatePreview - Execute intention Remove 
2017-05-15 17:51:41,712 [ 576686]   WARN - CPPImporter.plugin.UpdatePreview - Execute intention Keep 
2017-05-15 17:51:41,714 [ 576688]   WARN - CPPImporter.plugin.IntentionExecutor - indexOf node 0 
2017-05-15 17:51:41,715 [ 576689]   WARN - CPPImporter.plugin.UpdatePreview - Execute intention Keep 
2017-05-15 17:51:41,715 [ 576689]   INFO - CPPImporter.plugin.IntentionExecutor - defined(OS2)isComplexCondition false 
2017-05-15 17:51:41,715 [ 576689]   WARN - CPPImporter.plugin.IntentionExecutor - indexOf node 0 
2017-05-15 17:51:41,716 [ 576690]   WARN - CPPImporter.plugin.UpdatePreview - Execute intention Remove 
2017-05-15 17:51:41,723 [ 576697]   WARN - CPPImporter.plugin.UpdatePreview - Execute intention Keep 
2017-05-15 17:51:41,724 [ 576698]   INFO - CPPImporter.plugin.IntentionExecutor - defined(OS2)isComplexCondition false 
2017-05-15 17:51:41,724 [ 576698]   WARN - CPPImporter.plugin.IntentionExecutor - MakeMandatory: node 0 is not in #if/#ifdef 
2017-05-15 17:51:41,724 [ 576698]   WARN - CPPImporter.plugin.IntentionExecutor - Action MakeMandatory only possible if all selected nodes are within an #if/#ifdef 
2017-05-15 17:51:41,724 [ 576698]  ERROR - CPPImporter.plugin.IntentionExecutor - Failed prerequiste check 
2017-05-15 17:51:41,725 [ 576699]   WARN - CPPImporter.plugin.UpdatePreview - Execute intention Keep 
2017-05-15 17:51:41,725 [ 576699]   WARN - CPPImporter.plugin.IntentionExecutor - indexOf node 0 
2017-05-15 17:51:41,728 [ 576702]   WARN - CPPImporter.plugin.UpdatePreview - Execute intention KeepAsFeature 
2017-05-15 17:51:41,728 [ 576702]   WARN - CPPImporter.plugin.IntentionExecutor - indexOf node 0 
2017-05-15 17:51:41,729 [ 576703]   WARN - CPPImporter.plugin.UpdatePreview - Execute intention KeepAsFeature 
2017-05-15 17:51:41,730 [ 576704]   WARN - CPPImporter.plugin.IntentionExecutor - indexOf node 0 
2017-05-15 17:51:41,731 [ 576705]   WARN - CPPImporter.plugin.UpdatePreview - Execute intention KeepAsFeature 
2017-05-15 17:51:41,731 [ 576705]   WARN - CPPImporter.plugin.IntentionExecutor - indexOf node 0 
2017-05-15 17:51:41,732 [ 576706]   WARN - CPPImporter.plugin.UpdatePreview - Execute intention KeepAsFeature 
2017-05-15 17:51:41,732 [ 576706]   WARN - CPPImporter.plugin.IntentionExecutor - indexOf node 0 
2017-05-15 17:51:41,734 [ 576708]   WARN - CPPImporter.plugin.UpdatePreview - Execute intention KeepAsFeature 
2017-05-15 17:51:41,739 [ 576713]   WARN - CPPImporter.plugin.IntentionExecutor - indexOf node 0 
2017-05-15 17:51:41,741 [ 576715]   WARN - CPPImporter.plugin.UpdatePreview - Execute intention KeepAsFeature 
2017-05-15 17:51:41,743 [ 576717]   WARN - CPPImporter.plugin.IntentionExecutor - indexOf node 0 
2017-05-15 17:51:41,745 [ 576719]   WARN - CPPImporter.plugin.UpdatePreview - Execute intention KeepAsFeature 
2017-05-15 17:51:41,747 [ 576721]   WARN - CPPImporter.plugin.IntentionExecutor - indexOf node 0 
2017-05-15 17:51:41,748 [ 576722]   WARN - CPPImporter.plugin.UpdatePreview - Execute intention Keep 
2017-05-15 17:51:41,749 [ 576723]   WARN - CPPImporter.plugin.IntentionExecutor - MakeMandatory: node 0 is not in #if/#ifdef 
2017-05-15 17:51:41,749 [ 576723]   WARN - CPPImporter.plugin.IntentionExecutor - Action MakeMandatory only possible if all selected nodes are within an #if/#ifdef 
2017-05-15 17:51:41,750 [ 576724]  ERROR - CPPImporter.plugin.IntentionExecutor - Failed prerequiste check 
2017-05-15 17:51:41,750 [ 576724]   WARN - CPPImporter.plugin.UpdatePreview - Execute intention Keep 
2017-05-15 17:51:41,753 [ 576727]   INFO - CPPImporter.plugin.IntentionExecutor - defined(FORK) || defined(FEAT_CMDHIST)isComplexCondition true 
2017-05-15 17:51:41,754 [ 576728]   WARN - CPPImporter.plugin.UpdatePreview - Execute intention Keep 
2017-05-15 17:51:41,754 [ 576728]   INFO - CPPImporter.plugin.IntentionExecutor - defined(FORK)isComplexCondition false 
2017-05-15 17:51:41,754 [ 576728]   WARN - CPPImporter.plugin.IntentionExecutor - MakeMandatory: node 0 is not in #if/#ifdef 
2017-05-15 17:51:41,754 [ 576728]   WARN - CPPImporter.plugin.IntentionExecutor - Action MakeMandatory only possible if all selected nodes are within an #if/#ifdef 
2017-05-15 17:51:41,754 [ 576728]  ERROR - CPPImporter.plugin.IntentionExecutor - Failed prerequiste check 
2017-05-15 17:51:41,755 [ 576729]   WARN - CPPImporter.plugin.UpdatePreview - Execute intention Keep 
2017-05-15 17:51:41,755 [ 576729]   WARN - CPPImporter.plugin.IntentionExecutor - MakeMandatory: node 0 is not in #if/#ifdef 
2017-05-15 17:51:41,755 [ 576729]   WARN - CPPImporter.plugin.IntentionExecutor - Action MakeMandatory only possible if all selected nodes are within an #if/#ifdef 
2017-05-15 17:51:41,755 [ 576729]  ERROR - CPPImporter.plugin.IntentionExecutor - Failed prerequiste check 
2017-05-15 17:51:41,765 [ 576739]   WARN - CPPLanguage.editor.IntentionContainer_Editor - Show 19 intentions. 
2017-05-15 17:51:58,678 [ 593652]   INFO - CPPImporter.plugin.UndoIntention_Action - [LOG] Un-declare an intention 
2017-05-15 17:51:58,678 [ 593652]   INFO - CPPImporter.plugin.UndoIntention_Action - [LOG] Undeclare Keep of view Clone 
2017-05-15 17:51:58,678 [ 593652]   INFO - CPPImporter.plugin.UndoIntention_Action - [LOG] Undeclare Keep of view Clone 
2017-05-15 17:51:58,678 [ 593652]   INFO - CPPImporter.plugin.UndoIntention_Action - [LOG] Undeclare Keep of view Clone 
2017-05-15 17:51:58,678 [ 593652]   INFO - CPPImporter.plugin.UndoIntention_Action - [LOG] Undeclare Keep of view Clone 
2017-05-15 17:51:58,678 [ 593652]   INFO - CPPImporter.plugin.UpdatePreview - Initialize future model 
2017-05-15 17:51:58,678 [ 593652]   INFO - CPPImporter.plugin.UpdatePreview - Create node mapping 
2017-05-15 17:51:58,679 [ 593653]   INFO - CPPImporter.plugin.UpdatePreview - Node mapping done 
2017-05-15 17:51:58,680 [ 593654]   WARN - CPPImporter.plugin.UpdatePreview - Execute intention Remove 
2017-05-15 17:51:58,681 [ 593655]   WARN - CPPImporter.plugin.UpdatePreview - Execute intention Keep 
2017-05-15 17:51:58,681 [ 593655]   INFO - CPPImporter.plugin.IntentionExecutor - defined(FEAT_CMDL_COMPL)isComplexCondition false 
2017-05-15 17:51:58,682 [ 593656]   WARN - CPPImporter.plugin.IntentionExecutor - indexOf node 0 
2017-05-15 17:51:58,683 [ 593657]   WARN - CPPImporter.plugin.UpdatePreview - Execute intention Remove 
2017-05-15 17:51:58,683 [ 593657]   WARN - CPPImporter.plugin.UpdatePreview - Execute intention Keep 
2017-05-15 17:51:58,683 [ 593657]   WARN - CPPImporter.plugin.IntentionExecutor - indexOf node 0 
2017-05-15 17:51:58,683 [ 593657]   WARN - CPPImporter.plugin.UpdatePreview - Execute intention Keep 
2017-05-15 17:51:58,684 [ 593658]   INFO - CPPImporter.plugin.IntentionExecutor - defined(OS2)isComplexCondition false 
2017-05-15 17:51:58,684 [ 593658]   WARN - CPPImporter.plugin.IntentionExecutor - indexOf node 0 
2017-05-15 17:51:58,684 [ 593658]   WARN - CPPImporter.plugin.UpdatePreview - Execute intention Remove 
2017-05-15 17:51:58,685 [ 593659]   WARN - CPPImporter.plugin.UpdatePreview - Execute intention Keep 
2017-05-15 17:51:58,685 [ 593659]   INFO - CPPImporter.plugin.IntentionExecutor - defined(OS2)isComplexCondition false 
2017-05-15 17:51:58,685 [ 593659]   WARN - CPPImporter.plugin.IntentionExecutor - MakeMandatory: node 0 is not in #if/#ifdef 
2017-05-15 17:51:58,685 [ 593659]   WARN - CPPImporter.plugin.IntentionExecutor - Action MakeMandatory only possible if all selected nodes are within an #if/#ifdef 
2017-05-15 17:51:58,685 [ 593659]  ERROR - CPPImporter.plugin.IntentionExecutor - Failed prerequiste check 
2017-05-15 17:51:58,685 [ 593659]   WARN - CPPImporter.plugin.UpdatePreview - Execute intention Keep 
2017-05-15 17:51:58,685 [ 593659]   WARN - CPPImporter.plugin.IntentionExecutor - indexOf node 0 
2017-05-15 17:51:58,691 [ 593665]   WARN - CPPImporter.plugin.UpdatePreview - Execute intention KeepAsFeature 
2017-05-15 17:51:58,692 [ 593666]   WARN - CPPImporter.plugin.IntentionExecutor - indexOf node 0 
2017-05-15 17:51:58,700 [ 593674]   WARN - CPPImporter.plugin.UpdatePreview - Execute intention KeepAsFeature 
2017-05-15 17:51:58,701 [ 593675]   WARN - CPPImporter.plugin.IntentionExecutor - indexOf node 0 
2017-05-15 17:51:58,703 [ 593677]   WARN - CPPImporter.plugin.UpdatePreview - Execute intention KeepAsFeature 
2017-05-15 17:51:58,703 [ 593677]   WARN - CPPImporter.plugin.IntentionExecutor - indexOf node 0 
2017-05-15 17:51:58,712 [ 593686]   WARN - CPPImporter.plugin.UpdatePreview - Execute intention KeepAsFeature 
2017-05-15 17:51:58,713 [ 593687]   WARN - CPPImporter.plugin.IntentionExecutor - indexOf node 0 
2017-05-15 17:51:58,719 [ 593693]   WARN - CPPImporter.plugin.UpdatePreview - Execute intention KeepAsFeature 
2017-05-15 17:51:58,720 [ 593694]   WARN - CPPImporter.plugin.IntentionExecutor - indexOf node 0 
2017-05-15 17:51:58,721 [ 593695]   WARN - CPPImporter.plugin.UpdatePreview - Execute intention KeepAsFeature 
2017-05-15 17:51:58,722 [ 593696]   WARN - CPPImporter.plugin.IntentionExecutor - indexOf node 0 
2017-05-15 17:51:58,724 [ 593698]   WARN - CPPImporter.plugin.UpdatePreview - Execute intention KeepAsFeature 
2017-05-15 17:51:58,724 [ 593698]   WARN - CPPImporter.plugin.IntentionExecutor - indexOf node 0 
2017-05-15 17:51:58,759 [ 593733]   WARN - CPPLanguage.editor.IntentionContainer_Editor - Show 15 intentions. 
2017-05-15 17:52:19,201 [ 614175]   INFO - CPPImporter.plugin.Keep_Action - [LOG] Intention Keep for 2 nodes. 
2017-05-15 17:52:19,202 [ 614176]   INFO - CPPImporter.plugin.Keep_Action - [LOG] View of Keep Intention is Clone 
2017-05-15 17:52:19,204 [ 614178]   INFO - CPPImporter.plugin.Keep_Action - Update Preview 
2017-05-15 17:52:19,204 [ 614178]   INFO - CPPImporter.plugin.UpdatePreview - Initialize future model 
2017-05-15 17:52:19,205 [ 614179]   INFO - CPPImporter.plugin.UpdatePreview - Create node mapping 
2017-05-15 17:52:19,205 [ 614179]   INFO - CPPImporter.plugin.UpdatePreview - Node mapping done 
2017-05-15 17:52:19,206 [ 614180]   WARN - CPPImporter.plugin.UpdatePreview - Execute intention Remove 
2017-05-15 17:52:19,208 [ 614182]   WARN - CPPImporter.plugin.UpdatePreview - Execute intention Keep 
2017-05-15 17:52:19,210 [ 614184]   INFO - CPPImporter.plugin.IntentionExecutor - defined(FEAT_CMDL_COMPL)isComplexCondition false 
2017-05-15 17:52:19,210 [ 614184]   WARN - CPPImporter.plugin.IntentionExecutor - indexOf node 0 
2017-05-15 17:52:19,214 [ 614188]   WARN - CPPImporter.plugin.UpdatePreview - Execute intention Remove 
2017-05-15 17:52:19,215 [ 614189]   WARN - CPPImporter.plugin.UpdatePreview - Execute intention Keep 
2017-05-15 17:52:19,216 [ 614190]   WARN - CPPImporter.plugin.IntentionExecutor - indexOf node 0 
2017-05-15 17:52:19,217 [ 614191]   WARN - CPPImporter.plugin.UpdatePreview - Execute intention Keep 
2017-05-15 17:52:19,217 [ 614191]   INFO - CPPImporter.plugin.IntentionExecutor - defined(OS2)isComplexCondition false 
2017-05-15 17:52:19,218 [ 614192]   WARN - CPPImporter.plugin.IntentionExecutor - indexOf node 0 
2017-05-15 17:52:19,219 [ 614193]   WARN - CPPImporter.plugin.UpdatePreview - Execute intention Remove 
2017-05-15 17:52:19,221 [ 614195]   WARN - CPPImporter.plugin.UpdatePreview - Execute intention Keep 
2017-05-15 17:52:19,222 [ 614196]   INFO - CPPImporter.plugin.IntentionExecutor - defined(OS2)isComplexCondition false 
2017-05-15 17:52:19,222 [ 614196]   WARN - CPPImporter.plugin.IntentionExecutor - MakeMandatory: node 0 is not in #if/#ifdef 
2017-05-15 17:52:19,223 [ 614197]   WARN - CPPImporter.plugin.IntentionExecutor - Action MakeMandatory only possible if all selected nodes are within an #if/#ifdef 
2017-05-15 17:52:19,223 [ 614197]  ERROR - CPPImporter.plugin.IntentionExecutor - Failed prerequiste check 
2017-05-15 17:52:19,224 [ 614198]   WARN - CPPImporter.plugin.UpdatePreview - Execute intention Keep 
2017-05-15 17:52:19,225 [ 614199]   WARN - CPPImporter.plugin.IntentionExecutor - indexOf node 0 
2017-05-15 17:52:19,231 [ 614205]   WARN - CPPImporter.plugin.UpdatePreview - Execute intention KeepAsFeature 
2017-05-15 17:52:19,232 [ 614206]   WARN - CPPImporter.plugin.IntentionExecutor - indexOf node 0 
2017-05-15 17:52:19,233 [ 614207]   WARN - CPPImporter.plugin.UpdatePreview - Execute intention KeepAsFeature 
2017-05-15 17:52:19,233 [ 614207]   WARN - CPPImporter.plugin.IntentionExecutor - indexOf node 0 
2017-05-15 17:52:19,234 [ 614208]   WARN - CPPImporter.plugin.UpdatePreview - Execute intention KeepAsFeature 
2017-05-15 17:52:19,234 [ 614208]   WARN - CPPImporter.plugin.IntentionExecutor - indexOf node 0 
2017-05-15 17:52:19,237 [ 614211]   WARN - CPPImporter.plugin.UpdatePreview - Execute intention KeepAsFeature 
2017-05-15 17:52:19,237 [ 614211]   WARN - CPPImporter.plugin.IntentionExecutor - indexOf node 0 
2017-05-15 17:52:19,238 [ 614212]   WARN - CPPImporter.plugin.UpdatePreview - Execute intention KeepAsFeature 
2017-05-15 17:52:19,238 [ 614212]   WARN - CPPImporter.plugin.IntentionExecutor - indexOf node 0 
2017-05-15 17:52:19,239 [ 614213]   WARN - CPPImporter.plugin.UpdatePreview - Execute intention KeepAsFeature 
2017-05-15 17:52:19,240 [ 614214]   WARN - CPPImporter.plugin.IntentionExecutor - indexOf node 0 
2017-05-15 17:52:19,242 [ 614216]   WARN - CPPImporter.plugin.UpdatePreview - Execute intention KeepAsFeature 
2017-05-15 17:52:19,243 [ 614217]   WARN - CPPImporter.plugin.IntentionExecutor - indexOf node 0 
2017-05-15 17:52:19,248 [ 614222]   WARN - CPPImporter.plugin.UpdatePreview - Execute intention Keep 
2017-05-15 17:52:19,249 [ 614223]   WARN - CPPImporter.plugin.IntentionExecutor - indexOf node 0 
2017-05-15 17:52:19,250 [ 614224]   WARN - CPPImporter.plugin.UpdatePreview - Execute intention Keep 
2017-05-15 17:52:19,250 [ 614224]   INFO - CPPImporter.plugin.IntentionExecutor - !defined(FORK)isComplexCondition false 
2017-05-15 17:52:19,250 [ 614224]   WARN - CPPImporter.plugin.IntentionExecutor - indexOf node 0 
2017-05-15 17:52:19,268 [ 614242]   WARN - CPPLanguage.editor.IntentionContainer_Editor - Show 17 intentions. 
2017-05-15 17:52:25,201 [ 620175]   INFO - CPPImporter.plugin.Keep_Action - [LOG] Intention Keep for 3 nodes. 
2017-05-15 17:52:25,201 [ 620175]   INFO - CPPImporter.plugin.Keep_Action - [LOG] View of Keep Intention is Clone 
2017-05-15 17:52:25,209 [ 620183]   INFO - CPPImporter.plugin.Keep_Action - Update Preview 
2017-05-15 17:52:25,209 [ 620183]   INFO - CPPImporter.plugin.UpdatePreview - Initialize future model 
2017-05-15 17:52:25,210 [ 620184]   INFO - CPPImporter.plugin.UpdatePreview - Create node mapping 
2017-05-15 17:52:25,211 [ 620185]   INFO - CPPImporter.plugin.UpdatePreview - Node mapping done 
2017-05-15 17:52:25,214 [ 620188]   WARN - CPPImporter.plugin.UpdatePreview - Execute intention Remove 
2017-05-15 17:52:25,218 [ 620192]   WARN - CPPImporter.plugin.UpdatePreview - Execute intention Keep 
2017-05-15 17:52:25,219 [ 620193]   INFO - CPPImporter.plugin.IntentionExecutor - defined(FEAT_CMDL_COMPL)isComplexCondition false 
2017-05-15 17:52:25,219 [ 620193]   WARN - CPPImporter.plugin.IntentionExecutor - indexOf node 0 
2017-05-15 17:52:25,220 [ 620194]   WARN - CPPImporter.plugin.UpdatePreview - Execute intention Remove 
2017-05-15 17:52:25,221 [ 620195]   WARN - CPPImporter.plugin.UpdatePreview - Execute intention Keep 
2017-05-15 17:52:25,221 [ 620195]   WARN - CPPImporter.plugin.IntentionExecutor - indexOf node 0 
2017-05-15 17:52:25,223 [ 620197]   WARN - CPPImporter.plugin.UpdatePreview - Execute intention Keep 
2017-05-15 17:52:25,224 [ 620198]   INFO - CPPImporter.plugin.IntentionExecutor - defined(OS2)isComplexCondition false 
2017-05-15 17:52:25,224 [ 620198]   WARN - CPPImporter.plugin.IntentionExecutor - indexOf node 0 
2017-05-15 17:52:25,234 [ 620208]   WARN - CPPImporter.plugin.UpdatePreview - Execute intention Remove 
2017-05-15 17:52:25,236 [ 620210]   WARN - CPPImporter.plugin.UpdatePreview - Execute intention Keep 
2017-05-15 17:52:25,237 [ 620211]   INFO - CPPImporter.plugin.IntentionExecutor - defined(OS2)isComplexCondition false 
2017-05-15 17:52:25,237 [ 620211]   WARN - CPPImporter.plugin.IntentionExecutor - MakeMandatory: node 0 is not in #if/#ifdef 
2017-05-15 17:52:25,237 [ 620211]   WARN - CPPImporter.plugin.IntentionExecutor - Action MakeMandatory only possible if all selected nodes are within an #if/#ifdef 
2017-05-15 17:52:25,237 [ 620211]  ERROR - CPPImporter.plugin.IntentionExecutor - Failed prerequiste check 
2017-05-15 17:52:25,237 [ 620211]   WARN - CPPImporter.plugin.UpdatePreview - Execute intention Keep 
2017-05-15 17:52:25,239 [ 620213]   WARN - CPPImporter.plugin.IntentionExecutor - indexOf node 0 
2017-05-15 17:52:25,247 [ 620221]   WARN - CPPImporter.plugin.UpdatePreview - Execute intention KeepAsFeature 
2017-05-15 17:52:25,248 [ 620222]   WARN - CPPImporter.plugin.IntentionExecutor - indexOf node 0 
2017-05-15 17:52:25,253 [ 620227]   WARN - CPPImporter.plugin.UpdatePreview - Execute intention KeepAsFeature 
2017-05-15 17:52:25,254 [ 620228]   WARN - CPPImporter.plugin.IntentionExecutor - indexOf node 0 
2017-05-15 17:52:25,262 [ 620236]   WARN - CPPImporter.plugin.UpdatePreview - Execute intention KeepAsFeature 
2017-05-15 17:52:25,265 [ 620239]   WARN - CPPImporter.plugin.IntentionExecutor - indexOf node 0 
2017-05-15 17:52:25,284 [ 620258]   WARN - CPPImporter.plugin.UpdatePreview - Execute intention KeepAsFeature 
2017-05-15 17:52:25,284 [ 620258]   WARN - CPPImporter.plugin.IntentionExecutor - indexOf node 0 
2017-05-15 17:52:25,288 [ 620262]   WARN - CPPImporter.plugin.UpdatePreview - Execute intention KeepAsFeature 
2017-05-15 17:52:25,288 [ 620262]   WARN - CPPImporter.plugin.IntentionExecutor - indexOf node 0 
2017-05-15 17:52:25,290 [ 620264]   WARN - CPPImporter.plugin.UpdatePreview - Execute intention KeepAsFeature 
2017-05-15 17:52:25,291 [ 620265]   WARN - CPPImporter.plugin.IntentionExecutor - indexOf node 0 
2017-05-15 17:52:25,292 [ 620266]   WARN - CPPImporter.plugin.UpdatePreview - Execute intention KeepAsFeature 
2017-05-15 17:52:25,292 [ 620266]   WARN - CPPImporter.plugin.IntentionExecutor - indexOf node 0 
2017-05-15 17:52:25,293 [ 620267]   WARN - CPPImporter.plugin.UpdatePreview - Execute intention Keep 
2017-05-15 17:52:25,293 [ 620267]   WARN - CPPImporter.plugin.IntentionExecutor - indexOf node 0 
2017-05-15 17:52:25,294 [ 620268]   WARN - CPPImporter.plugin.UpdatePreview - Execute intention Keep 
2017-05-15 17:52:25,295 [ 620269]   INFO - CPPImporter.plugin.IntentionExecutor - !defined(FORK)isComplexCondition false 
2017-05-15 17:52:25,295 [ 620269]   WARN - CPPImporter.plugin.IntentionExecutor - indexOf node 0 
2017-05-15 17:52:25,295 [ 620269]   WARN - CPPImporter.plugin.UpdatePreview - Execute intention Keep 
2017-05-15 17:52:25,296 [ 620270]   INFO - CPPImporter.plugin.IntentionExecutor - defined(FEAT_CMDL_COMPL)isComplexCondition false 
2017-05-15 17:52:25,296 [ 620270]   WARN - CPPImporter.plugin.IntentionExecutor - indexOf node 0 
2017-05-15 17:52:25,297 [ 620271]   WARN - CPPImporter.plugin.UpdatePreview - Execute intention Keep 
2017-05-15 17:52:25,298 [ 620272]   INFO - CPPImporter.plugin.IntentionExecutor - defined(FEAT_CMDHIST)isComplexCondition false 
2017-05-15 17:52:25,298 [ 620272]   WARN - CPPImporter.plugin.IntentionExecutor - indexOf node 0 
2017-05-15 17:52:25,299 [ 620273]   WARN - CPPImporter.plugin.UpdatePreview - Execute intention Keep 
2017-05-15 17:52:25,300 [ 620274]   WARN - CPPImporter.plugin.IntentionExecutor - indexOf node 0 
2017-05-15 17:52:25,311 [ 620285]   WARN - CPPLanguage.editor.IntentionContainer_Editor - Show 20 intentions. 
2017-05-15 17:52:56,802 [ 651776]   INFO - CPPImporter.plugin.Remove_Action - [LOG] Remove Intention for 1 nodes. 
2017-05-15 17:52:56,802 [ 651776]   INFO - CPPImporter.plugin.Remove_Action - [LOG] View of Keep Intention is Mainline 
2017-05-15 17:52:56,803 [ 651777]   INFO - CPPImporter.plugin.UpdatePreview - Initialize future model 
2017-05-15 17:52:56,808 [ 651782]   INFO - CPPImporter.plugin.UpdatePreview - Create node mapping 
2017-05-15 17:52:56,809 [ 651783]   INFO - CPPImporter.plugin.UpdatePreview - Node mapping done 
2017-05-15 17:52:56,820 [ 651794]   WARN - CPPImporter.plugin.UpdatePreview - Execute intention Remove 
2017-05-15 17:52:56,823 [ 651797]   WARN - CPPImporter.plugin.UpdatePreview - Execute intention Keep 
2017-05-15 17:52:56,824 [ 651798]   INFO - CPPImporter.plugin.IntentionExecutor - defined(FEAT_CMDL_COMPL)isComplexCondition false 
2017-05-15 17:52:56,824 [ 651798]   WARN - CPPImporter.plugin.IntentionExecutor - indexOf node 0 
2017-05-15 17:52:56,825 [ 651799]   WARN - CPPImporter.plugin.UpdatePreview - Execute intention Remove 
2017-05-15 17:52:56,826 [ 651800]   WARN - CPPImporter.plugin.UpdatePreview - Execute intention Keep 
2017-05-15 17:52:56,827 [ 651801]   WARN - CPPImporter.plugin.IntentionExecutor - indexOf node 0 
2017-05-15 17:52:56,828 [ 651802]   WARN - CPPImporter.plugin.UpdatePreview - Execute intention Keep 
2017-05-15 17:52:56,829 [ 651803]   INFO - CPPImporter.plugin.IntentionExecutor - defined(OS2)isComplexCondition false 
2017-05-15 17:52:56,829 [ 651803]   WARN - CPPImporter.plugin.IntentionExecutor - indexOf node 0 
2017-05-15 17:52:56,830 [ 651804]   WARN - CPPImporter.plugin.UpdatePreview - Execute intention Remove 
2017-05-15 17:52:56,831 [ 651805]   WARN - CPPImporter.plugin.UpdatePreview - Execute intention Keep 
2017-05-15 17:52:56,832 [ 651806]   INFO - CPPImporter.plugin.IntentionExecutor - defined(OS2)isComplexCondition false 
2017-05-15 17:52:56,833 [ 651807]   WARN - CPPImporter.plugin.IntentionExecutor - MakeMandatory: node 0 is not in #if/#ifdef 
2017-05-15 17:52:56,833 [ 651807]   WARN - CPPImporter.plugin.IntentionExecutor - Action MakeMandatory only possible if all selected nodes are within an #if/#ifdef 
2017-05-15 17:52:56,833 [ 651807]  ERROR - CPPImporter.plugin.IntentionExecutor - Failed prerequiste check 
2017-05-15 17:52:56,833 [ 651807]   WARN - CPPImporter.plugin.UpdatePreview - Execute intention Keep 
2017-05-15 17:52:56,833 [ 651807]   WARN - CPPImporter.plugin.IntentionExecutor - indexOf node 0 
2017-05-15 17:52:56,849 [ 651823]   WARN - CPPImporter.plugin.UpdatePreview - Execute intention KeepAsFeature 
2017-05-15 17:52:56,855 [ 651829]   WARN - CPPImporter.plugin.IntentionExecutor - indexOf node 0 
2017-05-15 17:52:56,860 [ 651834]   WARN - CPPImporter.plugin.UpdatePreview - Execute intention KeepAsFeature 
2017-05-15 17:52:56,862 [ 651836]   WARN - CPPImporter.plugin.IntentionExecutor - indexOf node 0 
2017-05-15 17:52:56,863 [ 651837]   WARN - CPPImporter.plugin.UpdatePreview - Execute intention KeepAsFeature 
2017-05-15 17:52:56,863 [ 651837]   WARN - CPPImporter.plugin.IntentionExecutor - indexOf node 0 
2017-05-15 17:52:56,864 [ 651838]   WARN - CPPImporter.plugin.UpdatePreview - Execute intention KeepAsFeature 
2017-05-15 17:52:56,869 [ 651843]   WARN - CPPImporter.plugin.IntentionExecutor - indexOf node 0 
2017-05-15 17:52:56,872 [ 651846]   WARN - CPPImporter.plugin.UpdatePreview - Execute intention KeepAsFeature 
2017-05-15 17:52:56,873 [ 651847]   WARN - CPPImporter.plugin.IntentionExecutor - indexOf node 0 
2017-05-15 17:52:56,875 [ 651849]   WARN - CPPImporter.plugin.UpdatePreview - Execute intention KeepAsFeature 
2017-05-15 17:52:56,876 [ 651850]   WARN - CPPImporter.plugin.IntentionExecutor - indexOf node 0 
2017-05-15 17:52:56,878 [ 651852]   WARN - CPPImporter.plugin.UpdatePreview - Execute intention KeepAsFeature 
2017-05-15 17:52:56,879 [ 651853]   WARN - CPPImporter.plugin.IntentionExecutor - indexOf node 0 
2017-05-15 17:52:56,879 [ 651853]   WARN - CPPImporter.plugin.UpdatePreview - Execute intention Remove 
2017-05-15 17:52:56,880 [ 651854]   WARN - CPPImporter.plugin.UpdatePreview - Execute intention Keep 
2017-05-15 17:52:56,880 [ 651854]   WARN - CPPImporter.plugin.IntentionExecutor - indexOf node 0 
2017-05-15 17:52:56,881 [ 651855]   WARN - CPPImporter.plugin.UpdatePreview - Execute intention Keep 
2017-05-15 17:52:56,882 [ 651856]   INFO - CPPImporter.plugin.IntentionExecutor - !defined(FORK)isComplexCondition false 
2017-05-15 17:52:56,884 [ 651858]   WARN - CPPImporter.plugin.IntentionExecutor - indexOf node 0 
2017-05-15 17:52:56,887 [ 651861]   WARN - CPPImporter.plugin.UpdatePreview - Execute intention Keep 
2017-05-15 17:52:56,889 [ 651863]   INFO - CPPImporter.plugin.IntentionExecutor - defined(FEAT_CMDL_COMPL)isComplexCondition false 
2017-05-15 17:52:56,889 [ 651863]   WARN - CPPImporter.plugin.IntentionExecutor - indexOf node 0 
2017-05-15 17:52:56,895 [ 651869]   WARN - CPPImporter.plugin.UpdatePreview - Execute intention Keep 
2017-05-15 17:52:56,896 [ 651870]   INFO - CPPImporter.plugin.IntentionExecutor - defined(FEAT_CMDHIST)isComplexCondition false 
2017-05-15 17:52:56,896 [ 651870]   WARN - CPPImporter.plugin.IntentionExecutor - indexOf node 0 
2017-05-15 17:52:56,897 [ 651871]   WARN - CPPImporter.plugin.UpdatePreview - Execute intention Keep 
2017-05-15 17:52:56,897 [ 651871]   WARN - CPPImporter.plugin.IntentionExecutor - indexOf node 0 
2017-05-15 17:52:56,912 [ 651886]   WARN - CPPLanguage.editor.IntentionContainer_Editor - Show 21 intentions. 
2017-05-15 17:53:17,303 [ 672277]   WARN - CPPImporter.plugin.CommitIntentions_Action - Commit Intentions 
2017-05-15 17:53:17,304 [ 672278]   INFO - CPPImporter.plugin.UpdatePreview - Initialize future model 
2017-05-15 17:53:17,308 [ 672282]   INFO - CPPImporter.plugin.UpdatePreview - Create node mapping 
2017-05-15 17:53:17,309 [ 672283]   INFO - CPPImporter.plugin.UpdatePreview - Node mapping done 
2017-05-15 17:53:17,317 [ 672291]   WARN - CPPImporter.plugin.UpdatePreview - Execute intention Remove 
2017-05-15 17:53:17,319 [ 672293]   WARN - CPPImporter.plugin.UpdatePreview - Execute intention Keep 
2017-05-15 17:53:17,320 [ 672294]   INFO - CPPImporter.plugin.IntentionExecutor - defined(FEAT_CMDL_COMPL)isComplexCondition false 
2017-05-15 17:53:17,320 [ 672294]   WARN - CPPImporter.plugin.IntentionExecutor - indexOf node 0 
2017-05-15 17:53:17,322 [ 672296]   WARN - CPPImporter.plugin.UpdatePreview - Execute intention Remove 
2017-05-15 17:53:17,322 [ 672296]   WARN - CPPImporter.plugin.UpdatePreview - Execute intention Keep 
2017-05-15 17:53:17,323 [ 672297]   WARN - CPPImporter.plugin.IntentionExecutor - indexOf node 0 
2017-05-15 17:53:17,324 [ 672298]   WARN - CPPImporter.plugin.UpdatePreview - Execute intention Keep 
2017-05-15 17:53:17,324 [ 672298]   INFO - CPPImporter.plugin.IntentionExecutor - defined(OS2)isComplexCondition false 
2017-05-15 17:53:17,324 [ 672298]   WARN - CPPImporter.plugin.IntentionExecutor - indexOf node 0 
2017-05-15 17:53:17,329 [ 672303]   WARN - CPPImporter.plugin.UpdatePreview - Execute intention Remove 
2017-05-15 17:53:17,330 [ 672304]   WARN - CPPImporter.plugin.UpdatePreview - Execute intention Keep 
2017-05-15 17:53:17,332 [ 672306]   INFO - CPPImporter.plugin.IntentionExecutor - defined(OS2)isComplexCondition false 
2017-05-15 17:53:17,332 [ 672306]   WARN - CPPImporter.plugin.IntentionExecutor - MakeMandatory: node 0 is not in #if/#ifdef 
2017-05-15 17:53:17,332 [ 672306]   WARN - CPPImporter.plugin.IntentionExecutor - Action MakeMandatory only possible if all selected nodes are within an #if/#ifdef 
2017-05-15 17:53:17,332 [ 672306]  ERROR - CPPImporter.plugin.IntentionExecutor - Failed prerequiste check 
2017-05-15 17:53:17,333 [ 672307]   WARN - CPPImporter.plugin.UpdatePreview - Execute intention Keep 
2017-05-15 17:53:17,333 [ 672307]   WARN - CPPImporter.plugin.IntentionExecutor - indexOf node 0 
2017-05-15 17:53:17,340 [ 672314]   WARN - CPPImporter.plugin.UpdatePreview - Execute intention KeepAsFeature 
2017-05-15 17:53:17,340 [ 672314]   WARN - CPPImporter.plugin.IntentionExecutor - indexOf node 0 
2017-05-15 17:53:17,345 [ 672319]   WARN - CPPImporter.plugin.UpdatePreview - Execute intention KeepAsFeature 
2017-05-15 17:53:17,345 [ 672319]   WARN - CPPImporter.plugin.IntentionExecutor - indexOf node 0 
2017-05-15 17:53:17,346 [ 672320]   WARN - CPPImporter.plugin.UpdatePreview - Execute intention KeepAsFeature 
2017-05-15 17:53:17,350 [ 672324]   WARN - CPPImporter.plugin.IntentionExecutor - indexOf node 0 
2017-05-15 17:53:17,357 [ 672331]   WARN - CPPImporter.plugin.UpdatePreview - Execute intention KeepAsFeature 
2017-05-15 17:53:17,358 [ 672332]   WARN - CPPImporter.plugin.IntentionExecutor - indexOf node 0 
2017-05-15 17:53:17,361 [ 672335]   WARN - CPPImporter.plugin.UpdatePreview - Execute intention KeepAsFeature 
2017-05-15 17:53:17,364 [ 672338]   WARN - CPPImporter.plugin.IntentionExecutor - indexOf node 0 
2017-05-15 17:53:17,371 [ 672345]   WARN - CPPImporter.plugin.UpdatePreview - Execute intention KeepAsFeature 
2017-05-15 17:53:17,372 [ 672346]   WARN - CPPImporter.plugin.IntentionExecutor - indexOf node 0 
2017-05-15 17:53:17,381 [ 672355]   WARN - CPPImporter.plugin.UpdatePreview - Execute intention KeepAsFeature 
2017-05-15 17:53:17,381 [ 672355]   WARN - CPPImporter.plugin.IntentionExecutor - indexOf node 0 
2017-05-15 17:53:17,385 [ 672359]   WARN - CPPImporter.plugin.UpdatePreview - Execute intention Remove 
2017-05-15 17:53:17,386 [ 672360]   WARN - CPPImporter.plugin.UpdatePreview - Execute intention Keep 
2017-05-15 17:53:17,386 [ 672360]   WARN - CPPImporter.plugin.IntentionExecutor - indexOf node 0 
2017-05-15 17:53:17,388 [ 672362]   WARN - CPPImporter.plugin.UpdatePreview - Execute intention Keep 
2017-05-15 17:53:17,388 [ 672362]   INFO - CPPImporter.plugin.IntentionExecutor - !defined(FORK)isComplexCondition false 
2017-05-15 17:53:17,388 [ 672362]   WARN - CPPImporter.plugin.IntentionExecutor - indexOf node 0 
2017-05-15 17:53:17,388 [ 672362]   WARN - CPPImporter.plugin.UpdatePreview - Execute intention Keep 
2017-05-15 17:53:17,388 [ 672362]   INFO - CPPImporter.plugin.IntentionExecutor - defined(FEAT_CMDL_COMPL)isComplexCondition false 
2017-05-15 17:53:17,388 [ 672362]   WARN - CPPImporter.plugin.IntentionExecutor - indexOf node 0 
2017-05-15 17:53:17,389 [ 672363]   WARN - CPPImporter.plugin.UpdatePreview - Execute intention Keep 
2017-05-15 17:53:17,389 [ 672363]   INFO - CPPImporter.plugin.IntentionExecutor - defined(FEAT_CMDHIST)isComplexCondition false 
2017-05-15 17:53:17,389 [ 672363]   WARN - CPPImporter.plugin.IntentionExecutor - indexOf node 0 
2017-05-15 17:53:17,389 [ 672363]   WARN - CPPImporter.plugin.UpdatePreview - Execute intention Keep 
2017-05-15 17:53:17,389 [ 672363]   WARN - CPPImporter.plugin.IntentionExecutor - indexOf node 0 
2017-05-15 17:53:17,457 [ 672431]   WARN - CPPLanguage.editor.IntentionContainer_Editor - Show 0 intentions. 
2017-05-15 17:53:41,924 [ 696898]   INFO - CPPImporter.plugin.Export_Action - [LOG] Export to /home/group2/results/incline.c 
2017-05-15 17:55:45,814 [ 820788]   INFO - jetbrains.mps.extapi.model.EditableSModelBase - Saving model Examples.Imported2 
2017-05-15 17:55:45,864 [ 820838]   INFO - jetbrains.mps.smodel.MPSModuleRepository - Saving of the repository took 0.053 s 
2017-05-15 17:55:45,973 [ 820947]   INFO - jetbrains.mps.plugins.PluginLoaderRegistry - Running Update Task : loaders [toLoad: 0; toUnload:1]; contributors : [toLoad: 0; toUnload:0]; Thread[AWT-EventQueue-0 3.4.4#MPS-162.2317 MPS, eap:false, os:Linux 4.8.0-49-generic, java-version:Oracle Corporation 1.8.0_121-8u121-b13-0ubuntu1.16.04.2-b13,6,main] 
2017-05-15 17:55:45,993 [ 820967]   INFO - jetbrains.mps.plugins.PluginLoaderRegistry - Unloading of 145 plugins took 0.020 s 
2017-05-15 17:55:45,994 [ 820968]   INFO - jetbrains.mps.project.ProjectBase - Project 'CPPLanguage' is closing 
2017-05-15 17:55:46,066 [ 821040]   INFO - jetbrains.mps.classloading.ModuleUpdater - Classloading refresh took 0.016 s 
2017-05-15 17:55:46,068 [ 821042]   INFO - jetbrains.mps.classloading.ModulesWatcher - 0 modules are marked as invalid roots for class loading out of 297 modules [totally in the repository] 
2017-05-15 17:55:46,068 [ 821042]   INFO - jetbrains.mps.classloading.ModulesWatcher - Totally 0 modules are marked invalid for class loading 
2017-05-15 17:55:46,158 [ 821132]   INFO - jetbrains.mps.classloading.ModuleUpdater - Classloading refresh took 0.028 s 
2017-05-15 17:55:46,160 [ 821134]   INFO - jetbrains.mps.classloading.ModulesWatcher - 0 modules are marked as invalid roots for class loading out of 296 modules [totally in the repository] 
2017-05-15 17:55:46,161 [ 821135]   INFO - jetbrains.mps.classloading.ModulesWatcher - Totally 0 modules are marked invalid for class loading 
2017-05-15 17:55:46,203 [ 821177]   INFO - jetbrains.mps.classloading.ModuleUpdater - Classloading refresh took 0.019 s 
2017-05-15 17:55:46,205 [ 821179]   INFO - jetbrains.mps.classloading.ModulesWatcher - 0 modules are marked as invalid roots for class loading out of 295 modules [totally in the repository] 
2017-05-15 17:55:46,206 [ 821180]   INFO - jetbrains.mps.classloading.ModulesWatcher - Totally 0 modules are marked invalid for class loading 
2017-05-15 17:55:46,228 [ 821202]   INFO - jetbrains.mps.library.LibraryInitializer - Removing libraries from ProjectLibraryManager 
2017-05-15 17:55:46,241 [ 821215]   INFO - #org.jetbrains.io.BuiltInServer - web server stopped 
2017-05-15 17:55:46,254 [ 821228]   INFO - jetbrains.mps.library.LibraryInitializer - Removing libraries from AdditionalLibrariesManager 
2017-05-15 17:55:46,281 [ 821255]   INFO - jetbrains.mps.library.LibraryInitializer - Removing libraries from PluginLibraryContributor 
2017-05-15 17:55:46,281 [ 821255]   INFO - jetbrains.mps.library.LibraryInitializer - Removing libraries from BootstrapLibraryContributor 
2017-05-15 17:55:46,282 [ 821256]   INFO - jetbrains.mps.library.LibraryInitializer - Unloading 112 libraries 
2017-05-15 17:55:46,493 [ 821467]   INFO - jetbrains.mps.library.LibraryInitializer - Library update is finished 
2017-05-15 17:55:46,515 [ 821489]   INFO - jetbrains.mps.classloading.ModuleUpdater - Classloading refresh took 0.004 s 
2017-05-15 17:55:46,515 [ 821489]   INFO - jetbrains.mps.classloading.ModulesWatcher - 0 modules are marked as invalid roots for class loading out of 0 modules [totally in the repository] 
2017-05-15 17:55:46,516 [ 821490]   INFO - jetbrains.mps.classloading.ModulesWatcher - Totally 0 modules are marked invalid for class loading 
2017-05-15 17:55:46,581 [ 821555]   INFO - #org.jetbrains.io.BuiltInServer - web server stopped 
